

================================================================
== Vitis HLS Report for 'compute_linear_on_stream'
================================================================
* Date:           Wed Jul 31 17:04:31 2024

* Version:        2022.2 (Build 3670227 on Oct 13 2022)
* Project:        Deit_cpp
* Solution:       solution1 (Vivado IP Flow Target)
* Product family: zynquplus
* Target device:  xck26-sfvc784-2LV-c


================================================================
== Performance Estimates
================================================================
+ Timing: 
    * Summary: 
    +--------+----------+----------+------------+
    |  Clock |  Target  | Estimated| Uncertainty|
    +--------+----------+----------+------------+
    |ap_clk  |  10.00 ns|  6.344 ns|     2.70 ns|
    +--------+----------+----------+------------+

+ Latency: 
    * Summary: 
    +---------+---------+----------+----------+-----+-----+---------+
    |  Latency (cycles) |  Latency (absolute) |  Interval | Pipeline|
    |   min   |   max   |    min   |    max   | min | max |   Type  |
    +---------+---------+----------+----------+-----+-----+---------+
    |        ?|        ?|         ?|         ?|    ?|    ?|       no|
    +---------+---------+----------+----------+-----+-----+---------+

    + Detail: 
        * Instance: 
        +--------------------------------------------------------------+----------------------------------------------------+---------+---------+----------+----------+-----+-----+---------+
        |                                                              |                                                    |  Latency (cycles) |  Latency (absolute) |  Interval | Pipeline|
        |                           Instance                           |                       Module                       |   min   |   max   |    min   |    max   | min | max |   Type  |
        +--------------------------------------------------------------+----------------------------------------------------+---------+---------+----------+----------+-----+-----+---------+
        |grp_compute_linear_on_stream_Pipeline_ln290_for_each_i_fu_90  |compute_linear_on_stream_Pipeline_ln290_for_each_i  |        ?|        ?|         ?|         ?|    ?|    ?|       no|
        +--------------------------------------------------------------+----------------------------------------------------+---------+---------+----------+----------+-----+-----+---------+

        * Loop: 
        N/A



================================================================
== Utilization Estimates
================================================================
* Summary: 
+-----------------+---------+------+--------+--------+-----+
|       Name      | BRAM_18K|  DSP |   FF   |   LUT  | URAM|
+-----------------+---------+------+--------+--------+-----+
|DSP              |        -|     -|       -|       -|    -|
|Expression       |        -|     -|       0|      99|    -|
|FIFO             |        -|     -|       -|       -|    -|
|Instance         |       32|   544|   28632|   29485|    0|
|Memory           |        -|     -|       -|       -|    -|
|Multiplexer      |        -|     -|       -|      56|    -|
|Register         |        -|     -|      59|       -|    -|
+-----------------+---------+------+--------+--------+-----+
|Total            |       32|   544|   28691|   29640|    0|
+-----------------+---------+------+--------+--------+-----+
|Available        |      288|  1248|  234240|  117120|   64|
+-----------------+---------+------+--------+--------+-----+
|Utilization (%)  |       11|    43|      12|      25|    0|
+-----------------+---------+------+--------+--------+-----+

+ Detail: 
    * Instance: 
    +--------------------------------------------------------------+----------------------------------------------------+---------+-----+-------+-------+-----+
    |                           Instance                           |                       Module                       | BRAM_18K| DSP |   FF  |  LUT  | URAM|
    +--------------------------------------------------------------+----------------------------------------------------+---------+-----+-------+-------+-----+
    |grp_compute_linear_on_stream_Pipeline_ln290_for_each_i_fu_90  |compute_linear_on_stream_Pipeline_ln290_for_each_i  |       32|  544|  28632|  29455|    0|
    |mul_7ns_7ns_14_1_1_U796                                       |mul_7ns_7ns_14_1_1                                  |        0|    0|      0|     30|    0|
    +--------------------------------------------------------------+----------------------------------------------------+---------+-----+-------+-------+-----+
    |Total                                                         |                                                    |       32|  544|  28632|  29485|    0|
    +--------------------------------------------------------------+----------------------------------------------------+---------+-----+-------+-------+-----+

    * DSP: 
    N/A

    * Memory: 
    N/A

    * FIFO: 
    N/A

    * Expression: 
    +-------------------------------+----------+----+---+----+------------+------------+
    |         Variable Name         | Operation| DSP| FF| LUT| Bitwidth P0| Bitwidth P1|
    +-------------------------------+----------+----+---+----+------------+------------+
    |add_ln70_1_fu_132_p2           |         +|   0|  0|  18|          11|           4|
    |add_ln70_fu_116_p2             |         +|   0|  0|  18|          11|           4|
    |iters_fu_189_p2                |         +|   0|  0|  27|          20|          20|
    |last_in_dim_iter_fu_154_p2     |         +|   0|  0|  14|           7|           2|
    |last_total_dim_iter_fu_174_p2  |         +|   0|  0|  20|          13|           2|
    |ap_block_state1                |        or|   0|  0|   2|           1|           1|
    +-------------------------------+----------+----+---+----+------------+------------+
    |Total                          |          |   0|  0|  99|          63|          33|
    +-------------------------------+----------+----+---+----+------------+------------+

    * Multiplexer: 
    +------------------------+----+-----------+-----+-----------+
    |          Name          | LUT| Input Size| Bits| Total Bits|
    +------------------------+----+-----------+-----+-----------+
    |ap_NS_fsm               |  20|          4|    1|          4|
    |ap_done                 |   9|          2|    1|          2|
    |in_stream_read          |   9|          2|    1|          2|
    |out_dim_offset_c_blk_n  |   9|          2|    1|          2|
    |out_stream_write        |   9|          2|    1|          2|
    +------------------------+----+-----------+-----+-----------+
    |Total                   |  56|         12|    5|         12|
    +------------------------+----+-----------+-----+-----------+

    * Register: 
    +---------------------------------------------------------------------------+----+----+-----+-----------+
    |                                    Name                                   | FF | LUT| Bits| Const Bits|
    +---------------------------------------------------------------------------+----+----+-----+-----------+
    |ap_CS_fsm                                                                  |   3|   0|    3|          0|
    |ap_done_reg                                                                |   1|   0|    1|          0|
    |grp_compute_linear_on_stream_Pipeline_ln290_for_each_i_fu_90_ap_start_reg  |   1|   0|    1|          0|
    |in_dim_iters_i_reg_206                                                     |   7|   0|    7|          0|
    |iters_reg_222                                                              |  20|   0|   20|          0|
    |last_in_dim_iter_reg_212                                                   |   7|   0|    7|          0|
    |last_total_dim_iter_reg_217                                                |  13|   0|   13|          0|
    |out_dim_iters_i_reg_201                                                    |   7|   0|    7|          0|
    +---------------------------------------------------------------------------+----+----+-----+-----------+
    |Total                                                                      |  59|   0|   59|          0|
    +---------------------------------------------------------------------------+----+----+-----+-----------+



================================================================
== Interface
================================================================
* Summary: 
+---------------------------------+-----+------+------------+--------------------------+--------------+
|            RTL Ports            | Dir | Bits |  Protocol  |       Source Object      |    C Type    |
+---------------------------------+-----+------+------------+--------------------------+--------------+
|ap_clk                           |   in|     1|  ap_ctrl_hs|  compute_linear_on_stream|  return value|
|ap_rst                           |   in|     1|  ap_ctrl_hs|  compute_linear_on_stream|  return value|
|ap_start                         |   in|     1|  ap_ctrl_hs|  compute_linear_on_stream|  return value|
|ap_done                          |  out|     1|  ap_ctrl_hs|  compute_linear_on_stream|  return value|
|ap_continue                      |   in|     1|  ap_ctrl_hs|  compute_linear_on_stream|  return value|
|ap_idle                          |  out|     1|  ap_ctrl_hs|  compute_linear_on_stream|  return value|
|ap_ready                         |  out|     1|  ap_ctrl_hs|  compute_linear_on_stream|  return value|
|out_stream_din                   |  out|   512|     ap_fifo|                out_stream|       pointer|
|out_stream_num_data_valid        |   in|     2|     ap_fifo|                out_stream|       pointer|
|out_stream_fifo_cap              |   in|     2|     ap_fifo|                out_stream|       pointer|
|out_stream_full_n                |   in|     1|     ap_fifo|                out_stream|       pointer|
|out_stream_write                 |  out|     1|     ap_fifo|                out_stream|       pointer|
|in_stream_dout                   |   in|   512|     ap_fifo|                 in_stream|       pointer|
|in_stream_num_data_valid         |   in|     7|     ap_fifo|                 in_stream|       pointer|
|in_stream_fifo_cap               |   in|     7|     ap_fifo|                 in_stream|       pointer|
|in_stream_empty_n                |   in|     1|     ap_fifo|                 in_stream|       pointer|
|in_stream_read                   |  out|     1|     ap_fifo|                 in_stream|       pointer|
|weights_address0                 |  out|    10|   ap_memory|                   weights|         array|
|weights_ce0                      |  out|     1|   ap_memory|                   weights|         array|
|weights_q0                       |   in|  4096|   ap_memory|                   weights|         array|
|bias_address0                    |  out|     6|   ap_memory|                      bias|         array|
|bias_ce0                         |  out|     1|   ap_memory|                      bias|         array|
|bias_q0                          |   in|   288|   ap_memory|                      bias|         array|
|out_dim_offset                   |   in|    10|     ap_none|            out_dim_offset|        scalar|
|in_dim_offset                    |   in|    10|     ap_none|             in_dim_offset|        scalar|
|use_gelu_offset                  |   in|     1|     ap_none|           use_gelu_offset|        scalar|
|out_dim_offset_c_din             |  out|    10|     ap_fifo|          out_dim_offset_c|       pointer|
|out_dim_offset_c_num_data_valid  |   in|     2|     ap_fifo|          out_dim_offset_c|       pointer|
|out_dim_offset_c_fifo_cap        |   in|     2|     ap_fifo|          out_dim_offset_c|       pointer|
|out_dim_offset_c_full_n          |   in|     1|     ap_fifo|          out_dim_offset_c|       pointer|
|out_dim_offset_c_write           |  out|     1|     ap_fifo|          out_dim_offset_c|       pointer|
+---------------------------------+-----+------+------------+--------------------------+--------------+

