

================================================================
== Vitis HLS Report for 'compute_attn_matmul_v'
================================================================
* Date:           Wed Jul 31 17:05:54 2024

* Version:        2022.2 (Build 3670227 on Oct 13 2022)
* Project:        Deit_cpp
* Solution:       solution1 (Vivado IP Flow Target)
* Product family: zynquplus
* Target device:  xck26-sfvc784-2LV-c


================================================================
== Performance Estimates
================================================================
+ Timing: 
    * Summary: 
    +--------+----------+----------+------------+
    |  Clock |  Target  | Estimated| Uncertainty|
    +--------+----------+----------+------------+
    |ap_clk  |  10.00 ns|  7.300 ns|     2.70 ns|
    +--------+----------+----------+------------+

+ Latency: 
    * Summary: 
    +---------+---------+----------+----------+--------+--------+----------+
    |  Latency (cycles) |  Latency (absolute) |     Interval    | Pipeline |
    |   min   |   max   |    min   |    max   |   min  |   max  |   Type   |
    +---------+---------+----------+----------+--------+--------+----------+
    |   102188|   102188|  1.022 ms|  1.022 ms|  102180|  102180|  dataflow|
    +---------+---------+----------+----------+--------+--------+----------+

    + Detail: 
        * Instance: 
        +----------------------------+-------------------------+---------+---------+-----------+-----------+--------+--------+---------+
        |                            |                         |  Latency (cycles) |   Latency (absolute)  |     Interval    | Pipeline|
        |          Instance          |          Module         |   min   |   max   |    min    |    max    |   min  |   max  |   Type  |
        +----------------------------+-------------------------+---------+---------+-----------+-----------+--------+--------+---------+
        |read_k_v_6_U0               |read_k_v_6               |   102178|   102178|   1.022 ms|   1.022 ms|  102178|  102178|       no|
        |read_attn_U0                |read_attn                |    17038|    17038|   0.170 ms|   0.170 ms|   17038|   17038|       no|
        |read_attn_softmax_info_U0   |read_attn_softmax_info   |      140|      140|   1.400 us|   1.400 us|     140|     140|       no|
        |prepare_attn_U0             |prepare_attn             |    17030|    17030|   0.170 ms|   0.170 ms|   17030|   17030|       no|
        |compute_attn_matmul_v_7_U0  |compute_attn_matmul_v_7  |   102179|   102179|   1.022 ms|   1.022 ms|  102179|  102179|       no|
        |entry_proc25_U0             |entry_proc25             |        0|        0|       0 ns|       0 ns|       0|       0|       no|
        |write_attn_matmul_v_U0      |write_attn_matmul_v      |     3107|     3107|  31.070 us|  31.070 us|    3107|    3107|       no|
        +----------------------------+-------------------------+---------+---------+-----------+-----------+--------+--------+---------+

        * Loop: 
        N/A



================================================================
== Utilization Estimates
================================================================
* Summary: 
+-----------------+---------+------+--------+--------+-----+
|       Name      | BRAM_18K|  DSP |   FF   |   LUT  | URAM|
+-----------------+---------+------+--------+--------+-----+
|DSP              |        -|     -|       -|       -|    -|
|Expression       |        -|     -|       0|      20|    -|
|FIFO             |        -|     -|     594|     401|    -|
|Instance         |       92|   384|   15499|   17180|    0|
|Memory           |        -|     -|       -|       -|    -|
|Multiplexer      |        -|     -|       -|      36|    -|
|Register         |        -|     -|       4|       -|    -|
+-----------------+---------+------+--------+--------+-----+
|Total            |       92|   384|   16097|   17637|    0|
+-----------------+---------+------+--------+--------+-----+
|Available        |      288|  1248|  234240|  117120|   64|
+-----------------+---------+------+--------+--------+-----+
|Utilization (%)  |       31|    30|       6|      15|    0|
+-----------------+---------+------+--------+--------+-----+

+ Detail: 
    * Instance: 
    +----------------------------+-------------------------+---------+-----+-------+-------+-----+
    |          Instance          |          Module         | BRAM_18K| DSP |   FF  |  LUT  | URAM|
    +----------------------------+-------------------------+---------+-----+-------+-------+-----+
    |compute_attn_matmul_v_7_U0  |compute_attn_matmul_v_7  |       92|  384|  13311|  13990|    0|
    |entry_proc25_U0             |entry_proc25             |        0|    0|      3|     29|    0|
    |prepare_attn_U0             |prepare_attn             |        0|    0|    547|    747|    0|
    |read_attn_U0                |read_attn                |        0|    0|    512|   1483|    0|
    |read_attn_softmax_info_U0   |read_attn_softmax_info   |        0|    0|    340|    301|    0|
    |read_k_v_6_U0               |read_k_v_6               |        0|    0|    442|    290|    0|
    |write_attn_matmul_v_U0      |write_attn_matmul_v      |        0|    0|    344|    340|    0|
    +----------------------------+-------------------------+---------+-----+-------+-------+-----+
    |Total                       |                         |       92|  384|  15499|  17180|    0|
    +----------------------------+-------------------------+---------+-----+-------+-------+-----+

    * DSP: 
    N/A

    * Memory: 
    N/A

    * FIFO: 
    +----------------------------+---------+----+----+-----+------+-----+---------+
    |            Name            | BRAM_18K| FF | LUT| URAM| Depth| Bits| Size:D*B|
    +----------------------------+---------+----+----+-----+------+-----+---------+
    |attn_matmul_v_c_U           |        0|  99|   0|    -|     5|   64|      320|
    |attn_matmul_v_stream_U      |        0|  99|   0|    -|     2|  256|      512|
    |attn_softmax_info_stream_U  |        0|  99|   0|    -|     2|  256|      512|
    |attn_stream_U               |        0|  99|   0|    -|     2|  128|      256|
    |qxk_out_stream_U            |        0|  99|   0|    -|     2|  512|     1024|
    |v_stream_U                  |        0|  99|   0|    -|     2|  256|      512|
    +----------------------------+---------+----+----+-----+------+-----+---------+
    |Total                       |        0| 594|   0|    0|    15| 1472|     3136|
    +----------------------------+---------+----+----+-----+------+-----+---------+

    * Expression: 
    +--------------------------------------------+----------+----+---+----+------------+------------+
    |                Variable Name               | Operation| DSP| FF| LUT| Bitwidth P0| Bitwidth P1|
    +--------------------------------------------+----------+----+---+----+------------+------------+
    |ap_idle                                     |       and|   0|  0|   2|           1|           1|
    |ap_sync_ready                               |       and|   0|  0|   2|           1|           1|
    |entry_proc25_U0_ap_start                    |       and|   0|  0|   2|           1|           1|
    |read_attn_U0_ap_start                       |       and|   0|  0|   2|           1|           1|
    |read_attn_softmax_info_U0_ap_start          |       and|   0|  0|   2|           1|           1|
    |read_k_v_6_U0_ap_start                      |       and|   0|  0|   2|           1|           1|
    |ap_sync_entry_proc25_U0_ap_ready            |        or|   0|  0|   2|           1|           1|
    |ap_sync_read_attn_U0_ap_ready               |        or|   0|  0|   2|           1|           1|
    |ap_sync_read_attn_softmax_info_U0_ap_ready  |        or|   0|  0|   2|           1|           1|
    |ap_sync_read_k_v_6_U0_ap_ready              |        or|   0|  0|   2|           1|           1|
    +--------------------------------------------+----------+----+---+----+------------+------------+
    |Total                                       |          |   0|  0|  20|          10|          10|
    +--------------------------------------------+----------+----+---+----+------------+------------+

    * Multiplexer: 
    +------------------------------------------------+----+-----------+-----+-----------+
    |                      Name                      | LUT| Input Size| Bits| Total Bits|
    +------------------------------------------------+----+-----------+-----+-----------+
    |ap_sync_reg_entry_proc25_U0_ap_ready            |   9|          2|    1|          2|
    |ap_sync_reg_read_attn_U0_ap_ready               |   9|          2|    1|          2|
    |ap_sync_reg_read_attn_softmax_info_U0_ap_ready  |   9|          2|    1|          2|
    |ap_sync_reg_read_k_v_6_U0_ap_ready              |   9|          2|    1|          2|
    +------------------------------------------------+----+-----------+-----+-----------+
    |Total                                           |  36|          8|    4|          8|
    +------------------------------------------------+----+-----------+-----+-----------+

    * Register: 
    +------------------------------------------------+---+----+-----+-----------+
    |                      Name                      | FF| LUT| Bits| Const Bits|
    +------------------------------------------------+---+----+-----+-----------+
    |ap_sync_reg_entry_proc25_U0_ap_ready            |  1|   0|    1|          0|
    |ap_sync_reg_read_attn_U0_ap_ready               |  1|   0|    1|          0|
    |ap_sync_reg_read_attn_softmax_info_U0_ap_ready  |  1|   0|    1|          0|
    |ap_sync_reg_read_k_v_6_U0_ap_ready              |  1|   0|    1|          0|
    +------------------------------------------------+---+----+-----+-----------+
    |Total                                           |  4|   0|    4|          0|
    +------------------------------------------------+---+----+-----+-----------+



================================================================
== Interface
================================================================
* Summary: 
+--------------------------+-----+-----+------------+-----------------------+--------------+
|         RTL Ports        | Dir | Bits|  Protocol  |     Source Object     |    C Type    |
+--------------------------+-----+-----+------------+-----------------------+--------------+
|m_axi_inout2_AWVALID      |  out|    1|       m_axi|                 inout2|       pointer|
|m_axi_inout2_AWREADY      |   in|    1|       m_axi|                 inout2|       pointer|
|m_axi_inout2_AWADDR       |  out|   64|       m_axi|                 inout2|       pointer|
|m_axi_inout2_AWID         |  out|    1|       m_axi|                 inout2|       pointer|
|m_axi_inout2_AWLEN        |  out|   32|       m_axi|                 inout2|       pointer|
|m_axi_inout2_AWSIZE       |  out|    3|       m_axi|                 inout2|       pointer|
|m_axi_inout2_AWBURST      |  out|    2|       m_axi|                 inout2|       pointer|
|m_axi_inout2_AWLOCK       |  out|    2|       m_axi|                 inout2|       pointer|
|m_axi_inout2_AWCACHE      |  out|    4|       m_axi|                 inout2|       pointer|
|m_axi_inout2_AWPROT       |  out|    3|       m_axi|                 inout2|       pointer|
|m_axi_inout2_AWQOS        |  out|    4|       m_axi|                 inout2|       pointer|
|m_axi_inout2_AWREGION     |  out|    4|       m_axi|                 inout2|       pointer|
|m_axi_inout2_AWUSER       |  out|    1|       m_axi|                 inout2|       pointer|
|m_axi_inout2_WVALID       |  out|    1|       m_axi|                 inout2|       pointer|
|m_axi_inout2_WREADY       |   in|    1|       m_axi|                 inout2|       pointer|
|m_axi_inout2_WDATA        |  out|  256|       m_axi|                 inout2|       pointer|
|m_axi_inout2_WSTRB        |  out|   32|       m_axi|                 inout2|       pointer|
|m_axi_inout2_WLAST        |  out|    1|       m_axi|                 inout2|       pointer|
|m_axi_inout2_WID          |  out|    1|       m_axi|                 inout2|       pointer|
|m_axi_inout2_WUSER        |  out|    1|       m_axi|                 inout2|       pointer|
|m_axi_inout2_ARVALID      |  out|    1|       m_axi|                 inout2|       pointer|
|m_axi_inout2_ARREADY      |   in|    1|       m_axi|                 inout2|       pointer|
|m_axi_inout2_ARADDR       |  out|   64|       m_axi|                 inout2|       pointer|
|m_axi_inout2_ARID         |  out|    1|       m_axi|                 inout2|       pointer|
|m_axi_inout2_ARLEN        |  out|   32|       m_axi|                 inout2|       pointer|
|m_axi_inout2_ARSIZE       |  out|    3|       m_axi|                 inout2|       pointer|
|m_axi_inout2_ARBURST      |  out|    2|       m_axi|                 inout2|       pointer|
|m_axi_inout2_ARLOCK       |  out|    2|       m_axi|                 inout2|       pointer|
|m_axi_inout2_ARCACHE      |  out|    4|       m_axi|                 inout2|       pointer|
|m_axi_inout2_ARPROT       |  out|    3|       m_axi|                 inout2|       pointer|
|m_axi_inout2_ARQOS        |  out|    4|       m_axi|                 inout2|       pointer|
|m_axi_inout2_ARREGION     |  out|    4|       m_axi|                 inout2|       pointer|
|m_axi_inout2_ARUSER       |  out|    1|       m_axi|                 inout2|       pointer|
|m_axi_inout2_RVALID       |   in|    1|       m_axi|                 inout2|       pointer|
|m_axi_inout2_RREADY       |  out|    1|       m_axi|                 inout2|       pointer|
|m_axi_inout2_RDATA        |   in|  256|       m_axi|                 inout2|       pointer|
|m_axi_inout2_RLAST        |   in|    1|       m_axi|                 inout2|       pointer|
|m_axi_inout2_RID          |   in|    1|       m_axi|                 inout2|       pointer|
|m_axi_inout2_RFIFONUM     |   in|    9|       m_axi|                 inout2|       pointer|
|m_axi_inout2_RUSER        |   in|    1|       m_axi|                 inout2|       pointer|
|m_axi_inout2_RRESP        |   in|    2|       m_axi|                 inout2|       pointer|
|m_axi_inout2_BVALID       |   in|    1|       m_axi|                 inout2|       pointer|
|m_axi_inout2_BREADY       |  out|    1|       m_axi|                 inout2|       pointer|
|m_axi_inout2_BRESP        |   in|    2|       m_axi|                 inout2|       pointer|
|m_axi_inout2_BID          |   in|    1|       m_axi|                 inout2|       pointer|
|m_axi_inout2_BUSER        |   in|    1|       m_axi|                 inout2|       pointer|
|v                         |   in|   64|     ap_none|                      v|        scalar|
|v_ap_vld                  |   in|    1|     ap_none|                      v|        scalar|
|m_axi_inout1_AWVALID      |  out|    1|       m_axi|                 inout1|       pointer|
|m_axi_inout1_AWREADY      |   in|    1|       m_axi|                 inout1|       pointer|
|m_axi_inout1_AWADDR       |  out|   64|       m_axi|                 inout1|       pointer|
|m_axi_inout1_AWID         |  out|    1|       m_axi|                 inout1|       pointer|
|m_axi_inout1_AWLEN        |  out|   32|       m_axi|                 inout1|       pointer|
|m_axi_inout1_AWSIZE       |  out|    3|       m_axi|                 inout1|       pointer|
|m_axi_inout1_AWBURST      |  out|    2|       m_axi|                 inout1|       pointer|
|m_axi_inout1_AWLOCK       |  out|    2|       m_axi|                 inout1|       pointer|
|m_axi_inout1_AWCACHE      |  out|    4|       m_axi|                 inout1|       pointer|
|m_axi_inout1_AWPROT       |  out|    3|       m_axi|                 inout1|       pointer|
|m_axi_inout1_AWQOS        |  out|    4|       m_axi|                 inout1|       pointer|
|m_axi_inout1_AWREGION     |  out|    4|       m_axi|                 inout1|       pointer|
|m_axi_inout1_AWUSER       |  out|    1|       m_axi|                 inout1|       pointer|
|m_axi_inout1_WVALID       |  out|    1|       m_axi|                 inout1|       pointer|
|m_axi_inout1_WREADY       |   in|    1|       m_axi|                 inout1|       pointer|
|m_axi_inout1_WDATA        |  out|  256|       m_axi|                 inout1|       pointer|
|m_axi_inout1_WSTRB        |  out|   32|       m_axi|                 inout1|       pointer|
|m_axi_inout1_WLAST        |  out|    1|       m_axi|                 inout1|       pointer|
|m_axi_inout1_WID          |  out|    1|       m_axi|                 inout1|       pointer|
|m_axi_inout1_WUSER        |  out|    1|       m_axi|                 inout1|       pointer|
|m_axi_inout1_ARVALID      |  out|    1|       m_axi|                 inout1|       pointer|
|m_axi_inout1_ARREADY      |   in|    1|       m_axi|                 inout1|       pointer|
|m_axi_inout1_ARADDR       |  out|   64|       m_axi|                 inout1|       pointer|
|m_axi_inout1_ARID         |  out|    1|       m_axi|                 inout1|       pointer|
|m_axi_inout1_ARLEN        |  out|   32|       m_axi|                 inout1|       pointer|
|m_axi_inout1_ARSIZE       |  out|    3|       m_axi|                 inout1|       pointer|
|m_axi_inout1_ARBURST      |  out|    2|       m_axi|                 inout1|       pointer|
|m_axi_inout1_ARLOCK       |  out|    2|       m_axi|                 inout1|       pointer|
|m_axi_inout1_ARCACHE      |  out|    4|       m_axi|                 inout1|       pointer|
|m_axi_inout1_ARPROT       |  out|    3|       m_axi|                 inout1|       pointer|
|m_axi_inout1_ARQOS        |  out|    4|       m_axi|                 inout1|       pointer|
|m_axi_inout1_ARREGION     |  out|    4|       m_axi|                 inout1|       pointer|
|m_axi_inout1_ARUSER       |  out|    1|       m_axi|                 inout1|       pointer|
|m_axi_inout1_RVALID       |   in|    1|       m_axi|                 inout1|       pointer|
|m_axi_inout1_RREADY       |  out|    1|       m_axi|                 inout1|       pointer|
|m_axi_inout1_RDATA        |   in|  256|       m_axi|                 inout1|       pointer|
|m_axi_inout1_RLAST        |   in|    1|       m_axi|                 inout1|       pointer|
|m_axi_inout1_RID          |   in|    1|       m_axi|                 inout1|       pointer|
|m_axi_inout1_RFIFONUM     |   in|    9|       m_axi|                 inout1|       pointer|
|m_axi_inout1_RUSER        |   in|    1|       m_axi|                 inout1|       pointer|
|m_axi_inout1_RRESP        |   in|    2|       m_axi|                 inout1|       pointer|
|m_axi_inout1_BVALID       |   in|    1|       m_axi|                 inout1|       pointer|
|m_axi_inout1_BREADY       |  out|    1|       m_axi|                 inout1|       pointer|
|m_axi_inout1_BRESP        |   in|    2|       m_axi|                 inout1|       pointer|
|m_axi_inout1_BID          |   in|    1|       m_axi|                 inout1|       pointer|
|m_axi_inout1_BUSER        |   in|    1|       m_axi|                 inout1|       pointer|
|attn                      |   in|   64|     ap_none|                   attn|        scalar|
|attn_ap_vld               |   in|    1|     ap_none|                   attn|        scalar|
|m_axi_inout4_AWVALID      |  out|    1|       m_axi|                 inout4|       pointer|
|m_axi_inout4_AWREADY      |   in|    1|       m_axi|                 inout4|       pointer|
|m_axi_inout4_AWADDR       |  out|   64|       m_axi|                 inout4|       pointer|
|m_axi_inout4_AWID         |  out|    1|       m_axi|                 inout4|       pointer|
|m_axi_inout4_AWLEN        |  out|   32|       m_axi|                 inout4|       pointer|
|m_axi_inout4_AWSIZE       |  out|    3|       m_axi|                 inout4|       pointer|
|m_axi_inout4_AWBURST      |  out|    2|       m_axi|                 inout4|       pointer|
|m_axi_inout4_AWLOCK       |  out|    2|       m_axi|                 inout4|       pointer|
|m_axi_inout4_AWCACHE      |  out|    4|       m_axi|                 inout4|       pointer|
|m_axi_inout4_AWPROT       |  out|    3|       m_axi|                 inout4|       pointer|
|m_axi_inout4_AWQOS        |  out|    4|       m_axi|                 inout4|       pointer|
|m_axi_inout4_AWREGION     |  out|    4|       m_axi|                 inout4|       pointer|
|m_axi_inout4_AWUSER       |  out|    1|       m_axi|                 inout4|       pointer|
|m_axi_inout4_WVALID       |  out|    1|       m_axi|                 inout4|       pointer|
|m_axi_inout4_WREADY       |   in|    1|       m_axi|                 inout4|       pointer|
|m_axi_inout4_WDATA        |  out|  256|       m_axi|                 inout4|       pointer|
|m_axi_inout4_WSTRB        |  out|   32|       m_axi|                 inout4|       pointer|
|m_axi_inout4_WLAST        |  out|    1|       m_axi|                 inout4|       pointer|
|m_axi_inout4_WID          |  out|    1|       m_axi|                 inout4|       pointer|
|m_axi_inout4_WUSER        |  out|    1|       m_axi|                 inout4|       pointer|
|m_axi_inout4_ARVALID      |  out|    1|       m_axi|                 inout4|       pointer|
|m_axi_inout4_ARREADY      |   in|    1|       m_axi|                 inout4|       pointer|
|m_axi_inout4_ARADDR       |  out|   64|       m_axi|                 inout4|       pointer|
|m_axi_inout4_ARID         |  out|    1|       m_axi|                 inout4|       pointer|
|m_axi_inout4_ARLEN        |  out|   32|       m_axi|                 inout4|       pointer|
|m_axi_inout4_ARSIZE       |  out|    3|       m_axi|                 inout4|       pointer|
|m_axi_inout4_ARBURST      |  out|    2|       m_axi|                 inout4|       pointer|
|m_axi_inout4_ARLOCK       |  out|    2|       m_axi|                 inout4|       pointer|
|m_axi_inout4_ARCACHE      |  out|    4|       m_axi|                 inout4|       pointer|
|m_axi_inout4_ARPROT       |  out|    3|       m_axi|                 inout4|       pointer|
|m_axi_inout4_ARQOS        |  out|    4|       m_axi|                 inout4|       pointer|
|m_axi_inout4_ARREGION     |  out|    4|       m_axi|                 inout4|       pointer|
|m_axi_inout4_ARUSER       |  out|    1|       m_axi|                 inout4|       pointer|
|m_axi_inout4_RVALID       |   in|    1|       m_axi|                 inout4|       pointer|
|m_axi_inout4_RREADY       |  out|    1|       m_axi|                 inout4|       pointer|
|m_axi_inout4_RDATA        |   in|  256|       m_axi|                 inout4|       pointer|
|m_axi_inout4_RLAST        |   in|    1|       m_axi|                 inout4|       pointer|
|m_axi_inout4_RID          |   in|    1|       m_axi|                 inout4|       pointer|
|m_axi_inout4_RFIFONUM     |   in|    9|       m_axi|                 inout4|       pointer|
|m_axi_inout4_RUSER        |   in|    1|       m_axi|                 inout4|       pointer|
|m_axi_inout4_RRESP        |   in|    2|       m_axi|                 inout4|       pointer|
|m_axi_inout4_BVALID       |   in|    1|       m_axi|                 inout4|       pointer|
|m_axi_inout4_BREADY       |  out|    1|       m_axi|                 inout4|       pointer|
|m_axi_inout4_BRESP        |   in|    2|       m_axi|                 inout4|       pointer|
|m_axi_inout4_BID          |   in|    1|       m_axi|                 inout4|       pointer|
|m_axi_inout4_BUSER        |   in|    1|       m_axi|                 inout4|       pointer|
|attn_softmax_info         |   in|   64|     ap_none|      attn_softmax_info|        scalar|
|attn_softmax_info_ap_vld  |   in|    1|     ap_none|      attn_softmax_info|        scalar|
|attn_matmul_v             |   in|   64|     ap_none|          attn_matmul_v|        scalar|
|attn_matmul_v_ap_vld      |   in|    1|     ap_none|          attn_matmul_v|        scalar|
|ap_clk                    |   in|    1|  ap_ctrl_hs|  compute_attn_matmul_v|  return value|
|ap_rst                    |   in|    1|  ap_ctrl_hs|  compute_attn_matmul_v|  return value|
|ap_start                  |   in|    1|  ap_ctrl_hs|  compute_attn_matmul_v|  return value|
|ap_done                   |  out|    1|  ap_ctrl_hs|  compute_attn_matmul_v|  return value|
|ap_ready                  |  out|    1|  ap_ctrl_hs|  compute_attn_matmul_v|  return value|
|ap_idle                   |  out|    1|  ap_ctrl_hs|  compute_attn_matmul_v|  return value|
|ap_continue               |   in|    1|  ap_ctrl_hs|  compute_attn_matmul_v|  return value|
+--------------------------+-----+-----+------------+-----------------------+--------------+

