

================================================================
== Vitis HLS Report for 'compute_patch_embed'
================================================================
* Date:           Wed Jul 31 17:02:52 2024

* Version:        2022.2 (Build 3670227 on Oct 13 2022)
* Project:        Deit_cpp
* Solution:       solution1 (Vivado IP Flow Target)
* Product family: zynquplus
* Target device:  xck26-sfvc784-2LV-c


================================================================
== Performance Estimates
================================================================
+ Timing: 
    * Summary: 
    +--------+----------+----------+------------+
    |  Clock |  Target  | Estimated| Uncertainty|
    +--------+----------+----------+------------+
    |ap_clk  |  10.00 ns|  7.300 ns|     2.70 ns|
    +--------+----------+----------+------------+

+ Latency: 
    * Summary: 
    +---------+---------+----------+----------+--------+--------+---------+
    |  Latency (cycles) |  Latency (absolute) |     Interval    | Pipeline|
    |   min   |   max   |    min   |    max   |   min  |   max  |   Type  |
    +---------+---------+----------+----------+--------+--------+---------+
    |   221469|   221469|  2.215 ms|  2.215 ms|  221469|  221469|       no|
    +---------+---------+----------+----------+--------+--------+---------+

    + Detail: 
        * Instance: 
        +-------------------------------------------------------------+--------------------------------------------------+---------+---------+----------+----------+--------+--------+---------+
        |                                                             |                                                  |  Latency (cycles) |  Latency (absolute) |     Interval    | Pipeline|
        |                           Instance                          |                      Module                      |   min   |   max   |    min   |    max   |   min  |   max  |   Type  |
        +-------------------------------------------------------------+--------------------------------------------------+---------+---------+----------+----------+--------+--------+---------+
        |grp_dataflow_parent_loop_proc_fu_91                          |dataflow_parent_loop_proc                         |   221427|   221427|  2.214 ms|  2.214 ms|  221427|  221427|       no|
        |grp_compute_patch_embed_Pipeline_ln184_for_block_dim_fu_111  |compute_patch_embed_Pipeline_ln184_for_block_dim  |       27|       27|  0.270 us|  0.270 us|      27|      27|       no|
        +-------------------------------------------------------------+--------------------------------------------------+---------+---------+----------+----------+--------+--------+---------+

        * Loop: 
        N/A



================================================================
== Utilization Estimates
================================================================
* Summary: 
+-----------------+---------+------+--------+--------+-----+
|       Name      | BRAM_18K|  DSP |   FF   |   LUT  | URAM|
+-----------------+---------+------+--------+--------+-----+
|DSP              |        -|     -|       -|       -|    -|
|Expression       |        -|     -|       0|       4|    -|
|FIFO             |        -|     -|       -|       -|    -|
|Instance         |       58|   256|   27924|   47740|    0|
|Memory           |        -|     -|       -|       -|    -|
|Multiplexer      |        -|     -|       -|     616|    -|
|Register         |        -|     -|     138|       -|    -|
+-----------------+---------+------+--------+--------+-----+
|Total            |       58|   256|   28062|   48360|    0|
+-----------------+---------+------+--------+--------+-----+
|Available        |      288|  1248|  234240|  117120|   64|
+-----------------+---------+------+--------+--------+-----+
|Utilization (%)  |       20|    20|      11|      41|    0|
+-----------------+---------+------+--------+--------+-----+

+ Detail: 
    * Instance: 
    +-------------------------------------------------------------+--------------------------------------------------+---------+-----+-------+-------+-----+
    |                           Instance                          |                      Module                      | BRAM_18K| DSP |   FF  |  LUT  | URAM|
    +-------------------------------------------------------------+--------------------------------------------------+---------+-----+-------+-------+-----+
    |grp_compute_patch_embed_Pipeline_ln184_for_block_dim_fu_111  |compute_patch_embed_Pipeline_ln184_for_block_dim  |        0|    0|    267|     83|    0|
    |grp_dataflow_parent_loop_proc_fu_91                          |dataflow_parent_loop_proc                         |       58|  256|  27657|  47657|    0|
    +-------------------------------------------------------------+--------------------------------------------------+---------+-----+-------+-------+-----+
    |Total                                                        |                                                  |       58|  256|  27924|  47740|    0|
    +-------------------------------------------------------------+--------------------------------------------------+---------+-----+-------+-------+-----+

    * DSP: 
    N/A

    * Memory: 
    N/A

    * FIFO: 
    N/A

    * Expression: 
    +------------------------------------------------------+----------+----+---+----+------------+------------+
    |                     Variable Name                    | Operation| DSP| FF| LUT| Bitwidth P0| Bitwidth P1|
    +------------------------------------------------------+----------+----+---+----+------------+------------+
    |ap_sync_grp_dataflow_parent_loop_proc_fu_91_ap_done   |        or|   0|  0|   2|           1|           1|
    |ap_sync_grp_dataflow_parent_loop_proc_fu_91_ap_ready  |        or|   0|  0|   2|           1|           1|
    +------------------------------------------------------+----------+----+---+----+------------+------------+
    |Total                                                 |          |   0|  0|   4|           2|           2|
    +------------------------------------------------------+----------+----+---+----+------------+------------+

    * Multiplexer: 
    +------------------------+----+-----------+-----+-----------+
    |          Name          | LUT| Input Size| Bits| Total Bits|
    +------------------------+----+-----------+-----+-----------+
    |ap_NS_fsm               |  81|         17|    1|         17|
    |inout2_blk_n_AW         |   9|          2|    1|          2|
    |inout2_blk_n_B          |   9|          2|    1|          2|
    |m_axi_inout1_ARVALID    |   9|          2|    1|          2|
    |m_axi_inout1_RREADY     |   9|          2|    1|          2|
    |m_axi_inout2_AWADDR     |  20|          4|   64|        256|
    |m_axi_inout2_AWBURST    |  14|          3|    2|          6|
    |m_axi_inout2_AWCACHE    |  14|          3|    4|         12|
    |m_axi_inout2_AWID       |  14|          3|    1|          3|
    |m_axi_inout2_AWLEN      |  20|          4|   32|        128|
    |m_axi_inout2_AWLOCK     |  14|          3|    2|          6|
    |m_axi_inout2_AWPROT     |  14|          3|    3|          9|
    |m_axi_inout2_AWQOS      |  14|          3|    4|         12|
    |m_axi_inout2_AWREGION   |  14|          3|    4|         12|
    |m_axi_inout2_AWSIZE     |  14|          3|    3|          9|
    |m_axi_inout2_AWUSER     |  14|          3|    1|          3|
    |m_axi_inout2_AWVALID    |  20|          4|    1|          4|
    |m_axi_inout2_BREADY     |  20|          4|    1|          4|
    |m_axi_inout2_WDATA      |  14|          3|  256|        768|
    |m_axi_inout2_WID        |  14|          3|    1|          3|
    |m_axi_inout2_WLAST      |  14|          3|    1|          3|
    |m_axi_inout2_WSTRB      |  14|          3|   32|         96|
    |m_axi_inout2_WUSER      |  14|          3|    1|          3|
    |m_axi_inout2_WVALID     |  14|          3|    1|          3|
    |m_axi_weights_ARADDR    |  20|          4|   64|        256|
    |m_axi_weights_ARBURST   |  14|          3|    2|          6|
    |m_axi_weights_ARCACHE   |  14|          3|    4|         12|
    |m_axi_weights_ARID      |  14|          3|    1|          3|
    |m_axi_weights_ARLEN     |  20|          4|   32|        128|
    |m_axi_weights_ARLOCK    |  14|          3|    2|          6|
    |m_axi_weights_ARPROT    |  14|          3|    3|          9|
    |m_axi_weights_ARQOS     |  14|          3|    4|         12|
    |m_axi_weights_ARREGION  |  14|          3|    4|         12|
    |m_axi_weights_ARSIZE    |  14|          3|    3|          9|
    |m_axi_weights_ARUSER    |  14|          3|    1|          3|
    |m_axi_weights_ARVALID   |  20|          4|    1|          4|
    |m_axi_weights_RREADY    |  14|          3|    1|          3|
    |weights_blk_n_AR        |   9|          2|    1|          2|
    +------------------------+----+-----------+-----+-----------+
    |Total                   | 616|        130|  542|       1830|
    +------------------------+----+-----------+-----+-----------+

    * Register: 
    +--------------------------------------------------------------------------+----+----+-----+-----------+
    |                                   Name                                   | FF | LUT| Bits| Const Bits|
    +--------------------------------------------------------------------------+----+----+-----+-----------+
    |ap_CS_fsm                                                                 |  16|   0|   16|          0|
    |ap_sync_reg_grp_dataflow_parent_loop_proc_fu_91_ap_done                   |   1|   0|    1|          0|
    |ap_sync_reg_grp_dataflow_parent_loop_proc_fu_91_ap_ready                  |   1|   0|    1|          0|
    |grp_compute_patch_embed_Pipeline_ln184_for_block_dim_fu_111_ap_start_reg  |   1|   0|    1|          0|
    |grp_dataflow_parent_loop_proc_fu_91_ap_start_reg                          |   1|   0|    1|          0|
    |trunc_ln184_1_reg_182                                                     |  59|   0|   59|          0|
    |trunc_ln_reg_176                                                          |  59|   0|   59|          0|
    +--------------------------------------------------------------------------+----+----+-----+-----------+
    |Total                                                                     | 138|   0|  138|          0|
    +--------------------------------------------------------------------------+----+----+-----+-----------+



================================================================
== Interface
================================================================
* Summary: 
+------------------------------+-----+------+------------+---------------------+--------------+
|           RTL Ports          | Dir | Bits |  Protocol  |    Source Object    |    C Type    |
+------------------------------+-----+------+------------+---------------------+--------------+
|ap_clk                        |   in|     1|  ap_ctrl_hs|  compute_patch_embed|  return value|
|ap_rst                        |   in|     1|  ap_ctrl_hs|  compute_patch_embed|  return value|
|ap_start                      |   in|     1|  ap_ctrl_hs|  compute_patch_embed|  return value|
|ap_done                       |  out|     1|  ap_ctrl_hs|  compute_patch_embed|  return value|
|ap_idle                       |  out|     1|  ap_ctrl_hs|  compute_patch_embed|  return value|
|ap_ready                      |  out|     1|  ap_ctrl_hs|  compute_patch_embed|  return value|
|m_axi_inout1_AWVALID          |  out|     1|       m_axi|               inout1|       pointer|
|m_axi_inout1_AWREADY          |   in|     1|       m_axi|               inout1|       pointer|
|m_axi_inout1_AWADDR           |  out|    64|       m_axi|               inout1|       pointer|
|m_axi_inout1_AWID             |  out|     1|       m_axi|               inout1|       pointer|
|m_axi_inout1_AWLEN            |  out|    32|       m_axi|               inout1|       pointer|
|m_axi_inout1_AWSIZE           |  out|     3|       m_axi|               inout1|       pointer|
|m_axi_inout1_AWBURST          |  out|     2|       m_axi|               inout1|       pointer|
|m_axi_inout1_AWLOCK           |  out|     2|       m_axi|               inout1|       pointer|
|m_axi_inout1_AWCACHE          |  out|     4|       m_axi|               inout1|       pointer|
|m_axi_inout1_AWPROT           |  out|     3|       m_axi|               inout1|       pointer|
|m_axi_inout1_AWQOS            |  out|     4|       m_axi|               inout1|       pointer|
|m_axi_inout1_AWREGION         |  out|     4|       m_axi|               inout1|       pointer|
|m_axi_inout1_AWUSER           |  out|     1|       m_axi|               inout1|       pointer|
|m_axi_inout1_WVALID           |  out|     1|       m_axi|               inout1|       pointer|
|m_axi_inout1_WREADY           |   in|     1|       m_axi|               inout1|       pointer|
|m_axi_inout1_WDATA            |  out|   256|       m_axi|               inout1|       pointer|
|m_axi_inout1_WSTRB            |  out|    32|       m_axi|               inout1|       pointer|
|m_axi_inout1_WLAST            |  out|     1|       m_axi|               inout1|       pointer|
|m_axi_inout1_WID              |  out|     1|       m_axi|               inout1|       pointer|
|m_axi_inout1_WUSER            |  out|     1|       m_axi|               inout1|       pointer|
|m_axi_inout1_ARVALID          |  out|     1|       m_axi|               inout1|       pointer|
|m_axi_inout1_ARREADY          |   in|     1|       m_axi|               inout1|       pointer|
|m_axi_inout1_ARADDR           |  out|    64|       m_axi|               inout1|       pointer|
|m_axi_inout1_ARID             |  out|     1|       m_axi|               inout1|       pointer|
|m_axi_inout1_ARLEN            |  out|    32|       m_axi|               inout1|       pointer|
|m_axi_inout1_ARSIZE           |  out|     3|       m_axi|               inout1|       pointer|
|m_axi_inout1_ARBURST          |  out|     2|       m_axi|               inout1|       pointer|
|m_axi_inout1_ARLOCK           |  out|     2|       m_axi|               inout1|       pointer|
|m_axi_inout1_ARCACHE          |  out|     4|       m_axi|               inout1|       pointer|
|m_axi_inout1_ARPROT           |  out|     3|       m_axi|               inout1|       pointer|
|m_axi_inout1_ARQOS            |  out|     4|       m_axi|               inout1|       pointer|
|m_axi_inout1_ARREGION         |  out|     4|       m_axi|               inout1|       pointer|
|m_axi_inout1_ARUSER           |  out|     1|       m_axi|               inout1|       pointer|
|m_axi_inout1_RVALID           |   in|     1|       m_axi|               inout1|       pointer|
|m_axi_inout1_RREADY           |  out|     1|       m_axi|               inout1|       pointer|
|m_axi_inout1_RDATA            |   in|   256|       m_axi|               inout1|       pointer|
|m_axi_inout1_RLAST            |   in|     1|       m_axi|               inout1|       pointer|
|m_axi_inout1_RID              |   in|     1|       m_axi|               inout1|       pointer|
|m_axi_inout1_RFIFONUM         |   in|     9|       m_axi|               inout1|       pointer|
|m_axi_inout1_RUSER            |   in|     1|       m_axi|               inout1|       pointer|
|m_axi_inout1_RRESP            |   in|     2|       m_axi|               inout1|       pointer|
|m_axi_inout1_BVALID           |   in|     1|       m_axi|               inout1|       pointer|
|m_axi_inout1_BREADY           |  out|     1|       m_axi|               inout1|       pointer|
|m_axi_inout1_BRESP            |   in|     2|       m_axi|               inout1|       pointer|
|m_axi_inout1_BID              |   in|     1|       m_axi|               inout1|       pointer|
|m_axi_inout1_BUSER            |   in|     1|       m_axi|               inout1|       pointer|
|x                             |   in|    64|     ap_none|                    x|        scalar|
|m_axi_inout2_AWVALID          |  out|     1|       m_axi|               inout2|       pointer|
|m_axi_inout2_AWREADY          |   in|     1|       m_axi|               inout2|       pointer|
|m_axi_inout2_AWADDR           |  out|    64|       m_axi|               inout2|       pointer|
|m_axi_inout2_AWID             |  out|     1|       m_axi|               inout2|       pointer|
|m_axi_inout2_AWLEN            |  out|    32|       m_axi|               inout2|       pointer|
|m_axi_inout2_AWSIZE           |  out|     3|       m_axi|               inout2|       pointer|
|m_axi_inout2_AWBURST          |  out|     2|       m_axi|               inout2|       pointer|
|m_axi_inout2_AWLOCK           |  out|     2|       m_axi|               inout2|       pointer|
|m_axi_inout2_AWCACHE          |  out|     4|       m_axi|               inout2|       pointer|
|m_axi_inout2_AWPROT           |  out|     3|       m_axi|               inout2|       pointer|
|m_axi_inout2_AWQOS            |  out|     4|       m_axi|               inout2|       pointer|
|m_axi_inout2_AWREGION         |  out|     4|       m_axi|               inout2|       pointer|
|m_axi_inout2_AWUSER           |  out|     1|       m_axi|               inout2|       pointer|
|m_axi_inout2_WVALID           |  out|     1|       m_axi|               inout2|       pointer|
|m_axi_inout2_WREADY           |   in|     1|       m_axi|               inout2|       pointer|
|m_axi_inout2_WDATA            |  out|   256|       m_axi|               inout2|       pointer|
|m_axi_inout2_WSTRB            |  out|    32|       m_axi|               inout2|       pointer|
|m_axi_inout2_WLAST            |  out|     1|       m_axi|               inout2|       pointer|
|m_axi_inout2_WID              |  out|     1|       m_axi|               inout2|       pointer|
|m_axi_inout2_WUSER            |  out|     1|       m_axi|               inout2|       pointer|
|m_axi_inout2_ARVALID          |  out|     1|       m_axi|               inout2|       pointer|
|m_axi_inout2_ARREADY          |   in|     1|       m_axi|               inout2|       pointer|
|m_axi_inout2_ARADDR           |  out|    64|       m_axi|               inout2|       pointer|
|m_axi_inout2_ARID             |  out|     1|       m_axi|               inout2|       pointer|
|m_axi_inout2_ARLEN            |  out|    32|       m_axi|               inout2|       pointer|
|m_axi_inout2_ARSIZE           |  out|     3|       m_axi|               inout2|       pointer|
|m_axi_inout2_ARBURST          |  out|     2|       m_axi|               inout2|       pointer|
|m_axi_inout2_ARLOCK           |  out|     2|       m_axi|               inout2|       pointer|
|m_axi_inout2_ARCACHE          |  out|     4|       m_axi|               inout2|       pointer|
|m_axi_inout2_ARPROT           |  out|     3|       m_axi|               inout2|       pointer|
|m_axi_inout2_ARQOS            |  out|     4|       m_axi|               inout2|       pointer|
|m_axi_inout2_ARREGION         |  out|     4|       m_axi|               inout2|       pointer|
|m_axi_inout2_ARUSER           |  out|     1|       m_axi|               inout2|       pointer|
|m_axi_inout2_RVALID           |   in|     1|       m_axi|               inout2|       pointer|
|m_axi_inout2_RREADY           |  out|     1|       m_axi|               inout2|       pointer|
|m_axi_inout2_RDATA            |   in|   256|       m_axi|               inout2|       pointer|
|m_axi_inout2_RLAST            |   in|     1|       m_axi|               inout2|       pointer|
|m_axi_inout2_RID              |   in|     1|       m_axi|               inout2|       pointer|
|m_axi_inout2_RFIFONUM         |   in|     9|       m_axi|               inout2|       pointer|
|m_axi_inout2_RUSER            |   in|     1|       m_axi|               inout2|       pointer|
|m_axi_inout2_RRESP            |   in|     2|       m_axi|               inout2|       pointer|
|m_axi_inout2_BVALID           |   in|     1|       m_axi|               inout2|       pointer|
|m_axi_inout2_BREADY           |  out|     1|       m_axi|               inout2|       pointer|
|m_axi_inout2_BRESP            |   in|     2|       m_axi|               inout2|       pointer|
|m_axi_inout2_BID              |   in|     1|       m_axi|               inout2|       pointer|
|m_axi_inout2_BUSER            |   in|     1|       m_axi|               inout2|       pointer|
|out_r                         |   in|    64|     ap_none|                out_r|        scalar|
|m_axi_weights_AWVALID         |  out|     1|       m_axi|              weights|       pointer|
|m_axi_weights_AWREADY         |   in|     1|       m_axi|              weights|       pointer|
|m_axi_weights_AWADDR          |  out|    64|       m_axi|              weights|       pointer|
|m_axi_weights_AWID            |  out|     1|       m_axi|              weights|       pointer|
|m_axi_weights_AWLEN           |  out|    32|       m_axi|              weights|       pointer|
|m_axi_weights_AWSIZE          |  out|     3|       m_axi|              weights|       pointer|
|m_axi_weights_AWBURST         |  out|     2|       m_axi|              weights|       pointer|
|m_axi_weights_AWLOCK          |  out|     2|       m_axi|              weights|       pointer|
|m_axi_weights_AWCACHE         |  out|     4|       m_axi|              weights|       pointer|
|m_axi_weights_AWPROT          |  out|     3|       m_axi|              weights|       pointer|
|m_axi_weights_AWQOS           |  out|     4|       m_axi|              weights|       pointer|
|m_axi_weights_AWREGION        |  out|     4|       m_axi|              weights|       pointer|
|m_axi_weights_AWUSER          |  out|     1|       m_axi|              weights|       pointer|
|m_axi_weights_WVALID          |  out|     1|       m_axi|              weights|       pointer|
|m_axi_weights_WREADY          |   in|     1|       m_axi|              weights|       pointer|
|m_axi_weights_WDATA           |  out|   256|       m_axi|              weights|       pointer|
|m_axi_weights_WSTRB           |  out|    32|       m_axi|              weights|       pointer|
|m_axi_weights_WLAST           |  out|     1|       m_axi|              weights|       pointer|
|m_axi_weights_WID             |  out|     1|       m_axi|              weights|       pointer|
|m_axi_weights_WUSER           |  out|     1|       m_axi|              weights|       pointer|
|m_axi_weights_ARVALID         |  out|     1|       m_axi|              weights|       pointer|
|m_axi_weights_ARREADY         |   in|     1|       m_axi|              weights|       pointer|
|m_axi_weights_ARADDR          |  out|    64|       m_axi|              weights|       pointer|
|m_axi_weights_ARID            |  out|     1|       m_axi|              weights|       pointer|
|m_axi_weights_ARLEN           |  out|    32|       m_axi|              weights|       pointer|
|m_axi_weights_ARSIZE          |  out|     3|       m_axi|              weights|       pointer|
|m_axi_weights_ARBURST         |  out|     2|       m_axi|              weights|       pointer|
|m_axi_weights_ARLOCK          |  out|     2|       m_axi|              weights|       pointer|
|m_axi_weights_ARCACHE         |  out|     4|       m_axi|              weights|       pointer|
|m_axi_weights_ARPROT          |  out|     3|       m_axi|              weights|       pointer|
|m_axi_weights_ARQOS           |  out|     4|       m_axi|              weights|       pointer|
|m_axi_weights_ARREGION        |  out|     4|       m_axi|              weights|       pointer|
|m_axi_weights_ARUSER          |  out|     1|       m_axi|              weights|       pointer|
|m_axi_weights_RVALID          |   in|     1|       m_axi|              weights|       pointer|
|m_axi_weights_RREADY          |  out|     1|       m_axi|              weights|       pointer|
|m_axi_weights_RDATA           |   in|   256|       m_axi|              weights|       pointer|
|m_axi_weights_RLAST           |   in|     1|       m_axi|              weights|       pointer|
|m_axi_weights_RID             |   in|     1|       m_axi|              weights|       pointer|
|m_axi_weights_RFIFONUM        |   in|     9|       m_axi|              weights|       pointer|
|m_axi_weights_RUSER           |   in|     1|       m_axi|              weights|       pointer|
|m_axi_weights_RRESP           |   in|     2|       m_axi|              weights|       pointer|
|m_axi_weights_BVALID          |   in|     1|       m_axi|              weights|       pointer|
|m_axi_weights_BREADY          |  out|     1|       m_axi|              weights|       pointer|
|m_axi_weights_BRESP           |   in|     2|       m_axi|              weights|       pointer|
|m_axi_weights_BID             |   in|     1|       m_axi|              weights|       pointer|
|m_axi_weights_BUSER           |   in|     1|       m_axi|              weights|       pointer|
|pos_embed                     |   in|    64|     ap_none|            pos_embed|        scalar|
|patch_embed_bias_address0     |  out|     5|   ap_memory|     patch_embed_bias|         array|
|patch_embed_bias_ce0          |  out|     1|   ap_memory|     patch_embed_bias|         array|
|patch_embed_bias_q0           |   in|   128|   ap_memory|     patch_embed_bias|         array|
|patch_embed_weights_address0  |  out|    11|   ap_memory|  patch_embed_weights|         array|
|patch_embed_weights_ce0       |  out|     1|   ap_memory|  patch_embed_weights|         array|
|patch_embed_weights_q0        |   in|  2048|   ap_memory|  patch_embed_weights|         array|
+------------------------------+-----+------+------------+---------------------+--------------+

