

================================================================
== Vitis HLS Report for 'compute_q_matmul_k'
================================================================
* Date:           Wed Jul 31 17:05:23 2024

* Version:        2022.2 (Build 3670227 on Oct 13 2022)
* Project:        Deit_cpp
* Solution:       solution1 (Vivado IP Flow Target)
* Product family: zynquplus
* Target device:  xck26-sfvc784-2LV-c


================================================================
== Performance Estimates
================================================================
+ Timing: 
    * Summary: 
    +--------+----------+----------+------------+
    |  Clock |  Target  | Estimated| Uncertainty|
    +--------+----------+----------+------------+
    |ap_clk  |  10.00 ns|  7.300 ns|     2.70 ns|
    +--------+----------+----------+------------+

+ Latency: 
    * Summary: 
    +---------+---------+----------+----------+--------+--------+----------+
    |  Latency (cycles) |  Latency (absolute) |     Interval    | Pipeline |
    |   min   |   max   |    min   |    max   |   min  |   max  |   Type   |
    +---------+---------+----------+----------+--------+--------+----------+
    |   102241|   102241|  1.022 ms|  1.022 ms|  102179|  102179|  dataflow|
    +---------+---------+----------+----------+--------+--------+----------+

    + Detail: 
        * Instance: 
        +----------------------------+-------------------------+---------+---------+-----------+-----------+--------+--------+---------+
        |                            |                         |  Latency (cycles) |   Latency (absolute)  |     Interval    | Pipeline|
        |          Instance          |          Module         |   min   |   max   |    min    |    max    |   min  |   max  |   Type  |
        +----------------------------+-------------------------+---------+---------+-----------+-----------+--------+--------+---------+
        |read_x_U0                   |read_x                   |     3107|     3107|  31.070 us|  31.070 us|    3107|    3107|       no|
        |read_k_v_U0                 |read_k_v                 |   102178|   102178|   1.022 ms|   1.022 ms|  102178|  102178|       no|
        |compute_q_matmul_k_5_U0     |compute_q_matmul_k_5     |   102174|   102174|   1.022 ms|   1.022 ms|  102174|  102174|       no|
        |finalize_attn_U0            |finalize_attn            |    17087|    17087|   0.171 ms|   0.171 ms|   17087|   17087|       no|
        |entry_proc_U0               |entry_proc               |        0|        0|       0 ns|       0 ns|       0|       0|       no|
        |write_attn_U0               |write_attn               |    17038|    17038|   0.170 ms|   0.170 ms|   17038|   17038|       no|
        |write_attn_softmax_info_U0  |write_attn_softmax_info  |      140|      140|   1.400 us|   1.400 us|     140|     140|       no|
        +----------------------------+-------------------------+---------+---------+-----------+-----------+--------+--------+---------+

        * Loop: 
        N/A



================================================================
== Utilization Estimates
================================================================
* Summary: 
+-----------------+---------+------+--------+--------+-----+
|       Name      | BRAM_18K|  DSP |   FF   |   LUT  | URAM|
+-----------------+---------+------+--------+--------+-----+
|DSP              |        -|     -|       -|       -|    -|
|Expression       |        -|     -|       0|      26|    -|
|FIFO             |        -|     -|     693|     467|    -|
|Instance         |       15|   176|   28878|   22512|    0|
|Memory           |        -|     -|       -|       -|    -|
|Multiplexer      |        -|     -|       -|      36|    -|
|Register         |        -|     -|       4|       -|    -|
+-----------------+---------+------+--------+--------+-----+
|Total            |       15|   176|   29575|   23041|    0|
+-----------------+---------+------+--------+--------+-----+
|Available        |      288|  1248|  234240|  117120|   64|
+-----------------+---------+------+--------+--------+-----+
|Utilization (%)  |        5|    14|      12|      19|    0|
+-----------------+---------+------+--------+--------+-----+

+ Detail: 
    * Instance: 
    +----------------------------+-------------------------+---------+-----+-------+-------+-----+
    |          Instance          |          Module         | BRAM_18K| DSP |   FF  |  LUT  | URAM|
    +----------------------------+-------------------------+---------+-----+-------+-------+-----+
    |compute_q_matmul_k_5_U0     |compute_q_matmul_k_5     |        0|  104|   3770|   4694|    0|
    |entry_proc_U0               |entry_proc               |        0|    0|      3|     38|    0|
    |finalize_attn_U0            |finalize_attn            |       15|   72|  23499|  15305|    0|
    |read_k_v_U0                 |read_k_v                 |        0|    0|    441|    281|    0|
    |read_x_U0                   |read_x                   |        0|    0|    344|    306|    0|
    |write_attn_U0               |write_attn               |        0|    0|    481|   1553|    0|
    |write_attn_softmax_info_U0  |write_attn_softmax_info  |        0|    0|    340|    335|    0|
    +----------------------------+-------------------------+---------+-----+-------+-------+-----+
    |Total                       |                         |       15|  176|  28878|  22512|    0|
    +----------------------------+-------------------------+---------+-----+-------+-------+-----+

    * DSP: 
    N/A

    * Memory: 
    N/A

    * FIFO: 
    +----------------------------+---------+----+----+-----+------+-----+---------+
    |            Name            | BRAM_18K| FF | LUT| URAM| Depth| Bits| Size:D*B|
    +----------------------------+---------+----+----+-----+------+-----+---------+
    |attn_c_U                    |        0|  99|   0|    -|     5|   64|      320|
    |attn_softmax_info_c_U       |        0|  99|   0|    -|     5|   64|      320|
    |attn_softmax_info_stream_U  |        0|  99|   0|    -|     2|  256|      512|
    |attn_stream_U               |        0|  99|   0|    -|     2|  128|      256|
    |k_stream_U                  |        0|  99|   0|    -|     2|  256|      512|
    |q_stream_U                  |        0|  99|   0|    -|     2|  256|      512|
    |qxk_stream_U                |        0|  99|   0|    -|     2|  512|     1024|
    +----------------------------+---------+----+----+-----+------+-----+---------+
    |Total                       |        0| 693|   0|    0|    20| 1536|     3456|
    +----------------------------+---------+----+----+-----+------+-----+---------+

    * Expression: 
    +------------------------------------------+----------+----+---+----+------------+------------+
    |               Variable Name              | Operation| DSP| FF| LUT| Bitwidth P0| Bitwidth P1|
    +------------------------------------------+----------+----+---+----+------------+------------+
    |ap_idle                                   |       and|   0|  0|   2|           1|           1|
    |ap_sync_continue                          |       and|   0|  0|   2|           1|           1|
    |ap_sync_done                              |       and|   0|  0|   2|           1|           1|
    |ap_sync_ready                             |       and|   0|  0|   2|           1|           1|
    |compute_q_matmul_k_5_U0_ap_start          |       and|   0|  0|   2|           1|           1|
    |entry_proc_U0_ap_start                    |       and|   0|  0|   2|           1|           1|
    |entry_proc_U0_start_full_n                |       and|   0|  0|   2|           1|           1|
    |read_k_v_U0_ap_start                      |       and|   0|  0|   2|           1|           1|
    |read_x_U0_ap_start                        |       and|   0|  0|   2|           1|           1|
    |ap_sync_compute_q_matmul_k_5_U0_ap_ready  |        or|   0|  0|   2|           1|           1|
    |ap_sync_entry_proc_U0_ap_ready            |        or|   0|  0|   2|           1|           1|
    |ap_sync_read_k_v_U0_ap_ready              |        or|   0|  0|   2|           1|           1|
    |ap_sync_read_x_U0_ap_ready                |        or|   0|  0|   2|           1|           1|
    +------------------------------------------+----------+----+---+----+------------+------------+
    |Total                                     |          |   0|  0|  26|          13|          13|
    +------------------------------------------+----------+----+---+----+------------+------------+

    * Multiplexer: 
    +----------------------------------------------+----+-----------+-----+-----------+
    |                     Name                     | LUT| Input Size| Bits| Total Bits|
    +----------------------------------------------+----+-----------+-----+-----------+
    |ap_sync_reg_compute_q_matmul_k_5_U0_ap_ready  |   9|          2|    1|          2|
    |ap_sync_reg_entry_proc_U0_ap_ready            |   9|          2|    1|          2|
    |ap_sync_reg_read_k_v_U0_ap_ready              |   9|          2|    1|          2|
    |ap_sync_reg_read_x_U0_ap_ready                |   9|          2|    1|          2|
    +----------------------------------------------+----+-----------+-----+-----------+
    |Total                                         |  36|          8|    4|          8|
    +----------------------------------------------+----+-----------+-----+-----------+

    * Register: 
    +----------------------------------------------+---+----+-----+-----------+
    |                     Name                     | FF| LUT| Bits| Const Bits|
    +----------------------------------------------+---+----+-----+-----------+
    |ap_sync_reg_compute_q_matmul_k_5_U0_ap_ready  |  1|   0|    1|          0|
    |ap_sync_reg_entry_proc_U0_ap_ready            |  1|   0|    1|          0|
    |ap_sync_reg_read_k_v_U0_ap_ready              |  1|   0|    1|          0|
    |ap_sync_reg_read_x_U0_ap_ready                |  1|   0|    1|          0|
    +----------------------------------------------+---+----+-----+-----------+
    |Total                                         |  4|   0|    4|          0|
    +----------------------------------------------+---+----+-----+-----------+



================================================================
== Interface
================================================================
* Summary: 
+--------------------------+-----+-----+------------+--------------------+--------------+
|         RTL Ports        | Dir | Bits|  Protocol  |    Source Object   |    C Type    |
+--------------------------+-----+-----+------------+--------------------+--------------+
|m_axi_inout2_AWVALID      |  out|    1|       m_axi|              inout2|       pointer|
|m_axi_inout2_AWREADY      |   in|    1|       m_axi|              inout2|       pointer|
|m_axi_inout2_AWADDR       |  out|   64|       m_axi|              inout2|       pointer|
|m_axi_inout2_AWID         |  out|    1|       m_axi|              inout2|       pointer|
|m_axi_inout2_AWLEN        |  out|   32|       m_axi|              inout2|       pointer|
|m_axi_inout2_AWSIZE       |  out|    3|       m_axi|              inout2|       pointer|
|m_axi_inout2_AWBURST      |  out|    2|       m_axi|              inout2|       pointer|
|m_axi_inout2_AWLOCK       |  out|    2|       m_axi|              inout2|       pointer|
|m_axi_inout2_AWCACHE      |  out|    4|       m_axi|              inout2|       pointer|
|m_axi_inout2_AWPROT       |  out|    3|       m_axi|              inout2|       pointer|
|m_axi_inout2_AWQOS        |  out|    4|       m_axi|              inout2|       pointer|
|m_axi_inout2_AWREGION     |  out|    4|       m_axi|              inout2|       pointer|
|m_axi_inout2_AWUSER       |  out|    1|       m_axi|              inout2|       pointer|
|m_axi_inout2_WVALID       |  out|    1|       m_axi|              inout2|       pointer|
|m_axi_inout2_WREADY       |   in|    1|       m_axi|              inout2|       pointer|
|m_axi_inout2_WDATA        |  out|  256|       m_axi|              inout2|       pointer|
|m_axi_inout2_WSTRB        |  out|   32|       m_axi|              inout2|       pointer|
|m_axi_inout2_WLAST        |  out|    1|       m_axi|              inout2|       pointer|
|m_axi_inout2_WID          |  out|    1|       m_axi|              inout2|       pointer|
|m_axi_inout2_WUSER        |  out|    1|       m_axi|              inout2|       pointer|
|m_axi_inout2_ARVALID      |  out|    1|       m_axi|              inout2|       pointer|
|m_axi_inout2_ARREADY      |   in|    1|       m_axi|              inout2|       pointer|
|m_axi_inout2_ARADDR       |  out|   64|       m_axi|              inout2|       pointer|
|m_axi_inout2_ARID         |  out|    1|       m_axi|              inout2|       pointer|
|m_axi_inout2_ARLEN        |  out|   32|       m_axi|              inout2|       pointer|
|m_axi_inout2_ARSIZE       |  out|    3|       m_axi|              inout2|       pointer|
|m_axi_inout2_ARBURST      |  out|    2|       m_axi|              inout2|       pointer|
|m_axi_inout2_ARLOCK       |  out|    2|       m_axi|              inout2|       pointer|
|m_axi_inout2_ARCACHE      |  out|    4|       m_axi|              inout2|       pointer|
|m_axi_inout2_ARPROT       |  out|    3|       m_axi|              inout2|       pointer|
|m_axi_inout2_ARQOS        |  out|    4|       m_axi|              inout2|       pointer|
|m_axi_inout2_ARREGION     |  out|    4|       m_axi|              inout2|       pointer|
|m_axi_inout2_ARUSER       |  out|    1|       m_axi|              inout2|       pointer|
|m_axi_inout2_RVALID       |   in|    1|       m_axi|              inout2|       pointer|
|m_axi_inout2_RREADY       |  out|    1|       m_axi|              inout2|       pointer|
|m_axi_inout2_RDATA        |   in|  256|       m_axi|              inout2|       pointer|
|m_axi_inout2_RLAST        |   in|    1|       m_axi|              inout2|       pointer|
|m_axi_inout2_RID          |   in|    1|       m_axi|              inout2|       pointer|
|m_axi_inout2_RFIFONUM     |   in|    9|       m_axi|              inout2|       pointer|
|m_axi_inout2_RUSER        |   in|    1|       m_axi|              inout2|       pointer|
|m_axi_inout2_RRESP        |   in|    2|       m_axi|              inout2|       pointer|
|m_axi_inout2_BVALID       |   in|    1|       m_axi|              inout2|       pointer|
|m_axi_inout2_BREADY       |  out|    1|       m_axi|              inout2|       pointer|
|m_axi_inout2_BRESP        |   in|    2|       m_axi|              inout2|       pointer|
|m_axi_inout2_BID          |   in|    1|       m_axi|              inout2|       pointer|
|m_axi_inout2_BUSER        |   in|    1|       m_axi|              inout2|       pointer|
|q                         |   in|   64|     ap_none|                   q|        scalar|
|q_ap_vld                  |   in|    1|     ap_none|                   q|        scalar|
|m_axi_inout3_AWVALID      |  out|    1|       m_axi|              inout3|       pointer|
|m_axi_inout3_AWREADY      |   in|    1|       m_axi|              inout3|       pointer|
|m_axi_inout3_AWADDR       |  out|   64|       m_axi|              inout3|       pointer|
|m_axi_inout3_AWID         |  out|    1|       m_axi|              inout3|       pointer|
|m_axi_inout3_AWLEN        |  out|   32|       m_axi|              inout3|       pointer|
|m_axi_inout3_AWSIZE       |  out|    3|       m_axi|              inout3|       pointer|
|m_axi_inout3_AWBURST      |  out|    2|       m_axi|              inout3|       pointer|
|m_axi_inout3_AWLOCK       |  out|    2|       m_axi|              inout3|       pointer|
|m_axi_inout3_AWCACHE      |  out|    4|       m_axi|              inout3|       pointer|
|m_axi_inout3_AWPROT       |  out|    3|       m_axi|              inout3|       pointer|
|m_axi_inout3_AWQOS        |  out|    4|       m_axi|              inout3|       pointer|
|m_axi_inout3_AWREGION     |  out|    4|       m_axi|              inout3|       pointer|
|m_axi_inout3_AWUSER       |  out|    1|       m_axi|              inout3|       pointer|
|m_axi_inout3_WVALID       |  out|    1|       m_axi|              inout3|       pointer|
|m_axi_inout3_WREADY       |   in|    1|       m_axi|              inout3|       pointer|
|m_axi_inout3_WDATA        |  out|  256|       m_axi|              inout3|       pointer|
|m_axi_inout3_WSTRB        |  out|   32|       m_axi|              inout3|       pointer|
|m_axi_inout3_WLAST        |  out|    1|       m_axi|              inout3|       pointer|
|m_axi_inout3_WID          |  out|    1|       m_axi|              inout3|       pointer|
|m_axi_inout3_WUSER        |  out|    1|       m_axi|              inout3|       pointer|
|m_axi_inout3_ARVALID      |  out|    1|       m_axi|              inout3|       pointer|
|m_axi_inout3_ARREADY      |   in|    1|       m_axi|              inout3|       pointer|
|m_axi_inout3_ARADDR       |  out|   64|       m_axi|              inout3|       pointer|
|m_axi_inout3_ARID         |  out|    1|       m_axi|              inout3|       pointer|
|m_axi_inout3_ARLEN        |  out|   32|       m_axi|              inout3|       pointer|
|m_axi_inout3_ARSIZE       |  out|    3|       m_axi|              inout3|       pointer|
|m_axi_inout3_ARBURST      |  out|    2|       m_axi|              inout3|       pointer|
|m_axi_inout3_ARLOCK       |  out|    2|       m_axi|              inout3|       pointer|
|m_axi_inout3_ARCACHE      |  out|    4|       m_axi|              inout3|       pointer|
|m_axi_inout3_ARPROT       |  out|    3|       m_axi|              inout3|       pointer|
|m_axi_inout3_ARQOS        |  out|    4|       m_axi|              inout3|       pointer|
|m_axi_inout3_ARREGION     |  out|    4|       m_axi|              inout3|       pointer|
|m_axi_inout3_ARUSER       |  out|    1|       m_axi|              inout3|       pointer|
|m_axi_inout3_RVALID       |   in|    1|       m_axi|              inout3|       pointer|
|m_axi_inout3_RREADY       |  out|    1|       m_axi|              inout3|       pointer|
|m_axi_inout3_RDATA        |   in|  256|       m_axi|              inout3|       pointer|
|m_axi_inout3_RLAST        |   in|    1|       m_axi|              inout3|       pointer|
|m_axi_inout3_RID          |   in|    1|       m_axi|              inout3|       pointer|
|m_axi_inout3_RFIFONUM     |   in|    9|       m_axi|              inout3|       pointer|
|m_axi_inout3_RUSER        |   in|    1|       m_axi|              inout3|       pointer|
|m_axi_inout3_RRESP        |   in|    2|       m_axi|              inout3|       pointer|
|m_axi_inout3_BVALID       |   in|    1|       m_axi|              inout3|       pointer|
|m_axi_inout3_BREADY       |  out|    1|       m_axi|              inout3|       pointer|
|m_axi_inout3_BRESP        |   in|    2|       m_axi|              inout3|       pointer|
|m_axi_inout3_BID          |   in|    1|       m_axi|              inout3|       pointer|
|m_axi_inout3_BUSER        |   in|    1|       m_axi|              inout3|       pointer|
|k                         |   in|   64|     ap_none|                   k|        scalar|
|k_ap_vld                  |   in|    1|     ap_none|                   k|        scalar|
|m_axi_inout1_AWVALID      |  out|    1|       m_axi|              inout1|       pointer|
|m_axi_inout1_AWREADY      |   in|    1|       m_axi|              inout1|       pointer|
|m_axi_inout1_AWADDR       |  out|   64|       m_axi|              inout1|       pointer|
|m_axi_inout1_AWID         |  out|    1|       m_axi|              inout1|       pointer|
|m_axi_inout1_AWLEN        |  out|   32|       m_axi|              inout1|       pointer|
|m_axi_inout1_AWSIZE       |  out|    3|       m_axi|              inout1|       pointer|
|m_axi_inout1_AWBURST      |  out|    2|       m_axi|              inout1|       pointer|
|m_axi_inout1_AWLOCK       |  out|    2|       m_axi|              inout1|       pointer|
|m_axi_inout1_AWCACHE      |  out|    4|       m_axi|              inout1|       pointer|
|m_axi_inout1_AWPROT       |  out|    3|       m_axi|              inout1|       pointer|
|m_axi_inout1_AWQOS        |  out|    4|       m_axi|              inout1|       pointer|
|m_axi_inout1_AWREGION     |  out|    4|       m_axi|              inout1|       pointer|
|m_axi_inout1_AWUSER       |  out|    1|       m_axi|              inout1|       pointer|
|m_axi_inout1_WVALID       |  out|    1|       m_axi|              inout1|       pointer|
|m_axi_inout1_WREADY       |   in|    1|       m_axi|              inout1|       pointer|
|m_axi_inout1_WDATA        |  out|  256|       m_axi|              inout1|       pointer|
|m_axi_inout1_WSTRB        |  out|   32|       m_axi|              inout1|       pointer|
|m_axi_inout1_WLAST        |  out|    1|       m_axi|              inout1|       pointer|
|m_axi_inout1_WID          |  out|    1|       m_axi|              inout1|       pointer|
|m_axi_inout1_WUSER        |  out|    1|       m_axi|              inout1|       pointer|
|m_axi_inout1_ARVALID      |  out|    1|       m_axi|              inout1|       pointer|
|m_axi_inout1_ARREADY      |   in|    1|       m_axi|              inout1|       pointer|
|m_axi_inout1_ARADDR       |  out|   64|       m_axi|              inout1|       pointer|
|m_axi_inout1_ARID         |  out|    1|       m_axi|              inout1|       pointer|
|m_axi_inout1_ARLEN        |  out|   32|       m_axi|              inout1|       pointer|
|m_axi_inout1_ARSIZE       |  out|    3|       m_axi|              inout1|       pointer|
|m_axi_inout1_ARBURST      |  out|    2|       m_axi|              inout1|       pointer|
|m_axi_inout1_ARLOCK       |  out|    2|       m_axi|              inout1|       pointer|
|m_axi_inout1_ARCACHE      |  out|    4|       m_axi|              inout1|       pointer|
|m_axi_inout1_ARPROT       |  out|    3|       m_axi|              inout1|       pointer|
|m_axi_inout1_ARQOS        |  out|    4|       m_axi|              inout1|       pointer|
|m_axi_inout1_ARREGION     |  out|    4|       m_axi|              inout1|       pointer|
|m_axi_inout1_ARUSER       |  out|    1|       m_axi|              inout1|       pointer|
|m_axi_inout1_RVALID       |   in|    1|       m_axi|              inout1|       pointer|
|m_axi_inout1_RREADY       |  out|    1|       m_axi|              inout1|       pointer|
|m_axi_inout1_RDATA        |   in|  256|       m_axi|              inout1|       pointer|
|m_axi_inout1_RLAST        |   in|    1|       m_axi|              inout1|       pointer|
|m_axi_inout1_RID          |   in|    1|       m_axi|              inout1|       pointer|
|m_axi_inout1_RFIFONUM     |   in|    9|       m_axi|              inout1|       pointer|
|m_axi_inout1_RUSER        |   in|    1|       m_axi|              inout1|       pointer|
|m_axi_inout1_RRESP        |   in|    2|       m_axi|              inout1|       pointer|
|m_axi_inout1_BVALID       |   in|    1|       m_axi|              inout1|       pointer|
|m_axi_inout1_BREADY       |  out|    1|       m_axi|              inout1|       pointer|
|m_axi_inout1_BRESP        |   in|    2|       m_axi|              inout1|       pointer|
|m_axi_inout1_BID          |   in|    1|       m_axi|              inout1|       pointer|
|m_axi_inout1_BUSER        |   in|    1|       m_axi|              inout1|       pointer|
|attn                      |   in|   64|     ap_none|                attn|        scalar|
|attn_ap_vld               |   in|    1|     ap_none|                attn|        scalar|
|m_axi_inout4_AWVALID      |  out|    1|       m_axi|              inout4|       pointer|
|m_axi_inout4_AWREADY      |   in|    1|       m_axi|              inout4|       pointer|
|m_axi_inout4_AWADDR       |  out|   64|       m_axi|              inout4|       pointer|
|m_axi_inout4_AWID         |  out|    1|       m_axi|              inout4|       pointer|
|m_axi_inout4_AWLEN        |  out|   32|       m_axi|              inout4|       pointer|
|m_axi_inout4_AWSIZE       |  out|    3|       m_axi|              inout4|       pointer|
|m_axi_inout4_AWBURST      |  out|    2|       m_axi|              inout4|       pointer|
|m_axi_inout4_AWLOCK       |  out|    2|       m_axi|              inout4|       pointer|
|m_axi_inout4_AWCACHE      |  out|    4|       m_axi|              inout4|       pointer|
|m_axi_inout4_AWPROT       |  out|    3|       m_axi|              inout4|       pointer|
|m_axi_inout4_AWQOS        |  out|    4|       m_axi|              inout4|       pointer|
|m_axi_inout4_AWREGION     |  out|    4|       m_axi|              inout4|       pointer|
|m_axi_inout4_AWUSER       |  out|    1|       m_axi|              inout4|       pointer|
|m_axi_inout4_WVALID       |  out|    1|       m_axi|              inout4|       pointer|
|m_axi_inout4_WREADY       |   in|    1|       m_axi|              inout4|       pointer|
|m_axi_inout4_WDATA        |  out|  256|       m_axi|              inout4|       pointer|
|m_axi_inout4_WSTRB        |  out|   32|       m_axi|              inout4|       pointer|
|m_axi_inout4_WLAST        |  out|    1|       m_axi|              inout4|       pointer|
|m_axi_inout4_WID          |  out|    1|       m_axi|              inout4|       pointer|
|m_axi_inout4_WUSER        |  out|    1|       m_axi|              inout4|       pointer|
|m_axi_inout4_ARVALID      |  out|    1|       m_axi|              inout4|       pointer|
|m_axi_inout4_ARREADY      |   in|    1|       m_axi|              inout4|       pointer|
|m_axi_inout4_ARADDR       |  out|   64|       m_axi|              inout4|       pointer|
|m_axi_inout4_ARID         |  out|    1|       m_axi|              inout4|       pointer|
|m_axi_inout4_ARLEN        |  out|   32|       m_axi|              inout4|       pointer|
|m_axi_inout4_ARSIZE       |  out|    3|       m_axi|              inout4|       pointer|
|m_axi_inout4_ARBURST      |  out|    2|       m_axi|              inout4|       pointer|
|m_axi_inout4_ARLOCK       |  out|    2|       m_axi|              inout4|       pointer|
|m_axi_inout4_ARCACHE      |  out|    4|       m_axi|              inout4|       pointer|
|m_axi_inout4_ARPROT       |  out|    3|       m_axi|              inout4|       pointer|
|m_axi_inout4_ARQOS        |  out|    4|       m_axi|              inout4|       pointer|
|m_axi_inout4_ARREGION     |  out|    4|       m_axi|              inout4|       pointer|
|m_axi_inout4_ARUSER       |  out|    1|       m_axi|              inout4|       pointer|
|m_axi_inout4_RVALID       |   in|    1|       m_axi|              inout4|       pointer|
|m_axi_inout4_RREADY       |  out|    1|       m_axi|              inout4|       pointer|
|m_axi_inout4_RDATA        |   in|  256|       m_axi|              inout4|       pointer|
|m_axi_inout4_RLAST        |   in|    1|       m_axi|              inout4|       pointer|
|m_axi_inout4_RID          |   in|    1|       m_axi|              inout4|       pointer|
|m_axi_inout4_RFIFONUM     |   in|    9|       m_axi|              inout4|       pointer|
|m_axi_inout4_RUSER        |   in|    1|       m_axi|              inout4|       pointer|
|m_axi_inout4_RRESP        |   in|    2|       m_axi|              inout4|       pointer|
|m_axi_inout4_BVALID       |   in|    1|       m_axi|              inout4|       pointer|
|m_axi_inout4_BREADY       |  out|    1|       m_axi|              inout4|       pointer|
|m_axi_inout4_BRESP        |   in|    2|       m_axi|              inout4|       pointer|
|m_axi_inout4_BID          |   in|    1|       m_axi|              inout4|       pointer|
|m_axi_inout4_BUSER        |   in|    1|       m_axi|              inout4|       pointer|
|attn_softmax_info         |   in|   64|     ap_none|   attn_softmax_info|        scalar|
|attn_softmax_info_ap_vld  |   in|    1|     ap_none|   attn_softmax_info|        scalar|
|attn_scale_V              |   in|   20|     ap_none|        attn_scale_V|       pointer|
|attn_scale_V_ap_vld       |   in|    1|     ap_none|        attn_scale_V|       pointer|
|ap_clk                    |   in|    1|  ap_ctrl_hs|  compute_q_matmul_k|  return value|
|ap_rst                    |   in|    1|  ap_ctrl_hs|  compute_q_matmul_k|  return value|
|ap_start                  |   in|    1|  ap_ctrl_hs|  compute_q_matmul_k|  return value|
|ap_done                   |  out|    1|  ap_ctrl_hs|  compute_q_matmul_k|  return value|
|ap_ready                  |  out|    1|  ap_ctrl_hs|  compute_q_matmul_k|  return value|
|ap_idle                   |  out|    1|  ap_ctrl_hs|  compute_q_matmul_k|  return value|
|ap_continue               |   in|    1|  ap_ctrl_hs|  compute_q_matmul_k|  return value|
+--------------------------+-----+-----+------------+--------------------+--------------+

