

================================================================
== Vitis HLS Report for 'dataflow_parent_loop_proc'
================================================================
* Date:           Wed Jul 31 17:02:46 2024

* Version:        2022.2 (Build 3670227 on Oct 13 2022)
* Project:        Deit_cpp
* Solution:       solution1 (Vivado IP Flow Target)
* Product family: zynquplus
* Target device:  xck26-sfvc784-2LV-c


================================================================
== Performance Estimates
================================================================
+ Timing: 
    * Summary: 
    +--------+----------+----------+------------+
    |  Clock |  Target  | Estimated| Uncertainty|
    +--------+----------+----------+------------+
    |ap_clk  |  10.00 ns|  7.300 ns|     2.70 ns|
    +--------+----------+----------+------------+

+ Latency: 
    * Summary: 
    +---------+---------+----------+----------+--------+--------+---------+
    |  Latency (cycles) |  Latency (absolute) |     Interval    | Pipeline|
    |   min   |   max   |    min   |    max   |   min  |   max  |   Type  |
    +---------+---------+----------+----------+--------+--------+---------+
    |   221427|   221427|  2.214 ms|  2.214 ms|  221427|  221427|       no|
    +---------+---------+----------+----------+--------+--------+---------+

    + Detail: 
        * Instance: 
        +---------------------------------------+------------------------------------+---------+---------+----------+----------+-------+-------+----------+
        |                                       |                                    |  Latency (cycles) |  Latency (absolute) |    Interval   | Pipeline |
        |                Instance               |               Module               |   min   |   max   |    min   |    max   |  min  |  max  |   Type   |
        +---------------------------------------+------------------------------------+---------+---------+----------+----------+-------+-------+----------+
        |dataflow_in_loop_ln171_for_block_y_U0  |dataflow_in_loop_ln171_for_block_y  |    27714|    27714|  0.277 ms|  0.277 ms|  27673|  27673|  dataflow|
        +---------------------------------------+------------------------------------+---------+---------+----------+----------+-------+-------+----------+

        * Loop: 
        +----------------------+---------+---------+----------+-----------+-----------+------+----------+
        |                      |  Latency (cycles) | Iteration|  Initiation Interval  | Trip |          |
        |       Loop Name      |   min   |   max   |  Latency |  achieved |   target  | Count| Pipelined|
        +----------------------+---------+---------+----------+-----------+-----------+------+----------+
        |- _ln171_for_block_y  |   221426|   221426|     27716|          -|          -|     8|        no|
        +----------------------+---------+---------+----------+-----------+-----------+------+----------+



================================================================
== Utilization Estimates
================================================================
* Summary: 
+-----------------+---------+------+--------+--------+-----+
|       Name      | BRAM_18K|  DSP |   FF   |   LUT  | URAM|
+-----------------+---------+------+--------+--------+-----+
|DSP              |        -|     -|       -|       -|    -|
|Expression       |        -|     -|      70|      19|    -|
|FIFO             |        -|     -|       -|       -|    -|
|Instance         |       58|   256|   27579|   47620|    0|
|Memory           |        -|     -|       -|       -|    -|
|Multiplexer      |        -|     -|       -|      18|    -|
|Register         |        -|     -|       8|       -|    -|
+-----------------+---------+------+--------+--------+-----+
|Total            |       58|   256|   27657|   47657|    0|
+-----------------+---------+------+--------+--------+-----+
|Available        |      288|  1248|  234240|  117120|   64|
+-----------------+---------+------+--------+--------+-----+
|Utilization (%)  |       20|    20|      11|      40|    0|
+-----------------+---------+------+--------+--------+-----+

+ Detail: 
    * Instance: 
    +---------------------------------------+------------------------------------+---------+-----+-------+-------+-----+
    |                Instance               |               Module               | BRAM_18K| DSP |   FF  |  LUT  | URAM|
    +---------------------------------------+------------------------------------+---------+-----+-------+-------+-----+
    |dataflow_in_loop_ln171_for_block_y_U0  |dataflow_in_loop_ln171_for_block_y  |       58|  256|  27579|  47620|    0|
    +---------------------------------------+------------------------------------+---------+-----+-------+-------+-----+
    |Total                                  |                                    |       58|  256|  27579|  47620|    0|
    +---------------------------------------+------------------------------------+---------+-----+-------+-------+-----+

    * DSP: 
    N/A

    * Memory: 
    N/A

    * FIFO: 
    N/A

    * Expression: 
    +----------------------------+----------+----+----+----+------------+------------+
    |        Variable Name       | Operation| DSP| FF | LUT| Bitwidth P0| Bitwidth P1|
    +----------------------------+----------+----+----+----+------------+------------+
    |loop_dataflow_input_count   |         +|   0|  22|   6|           4|           1|
    |loop_dataflow_output_count  |         +|   0|  22|   6|           4|           1|
    |bound_minus_1               |         -|   0|  26|   7|           5|           1|
    +----------------------------+----------+----+----+----+------------+------------+
    |Total                       |          |   0|  70|  19|          13|           3|
    +----------------------------+----------+----+----+----+------------+------------+

    * Multiplexer: 
    +----------------------------+----+-----------+-----+-----------+
    |            Name            | LUT| Input Size| Bits| Total Bits|
    +----------------------------+----+-----------+-----+-----------+
    |loop_dataflow_input_count   |   9|          2|    4|          8|
    |loop_dataflow_output_count  |   9|          2|    4|          8|
    +----------------------------+----+-----------+-----+-----------+
    |Total                       |  18|          4|    8|         16|
    +----------------------------+----+-----------+-----+-----------+

    * Register: 
    +----------------------------+---+----+-----+-----------+
    |            Name            | FF| LUT| Bits| Const Bits|
    +----------------------------+---+----+-----+-----------+
    |loop_dataflow_input_count   |  4|   0|    4|          0|
    |loop_dataflow_output_count  |  4|   0|    4|          0|
    +----------------------------+---+----+-----+-----------+
    |Total                       |  8|   0|    8|          0|
    +----------------------------+---+----+-----+-----------+



================================================================
== Interface
================================================================
* Summary: 
+------------------------------+-----+------+------------+---------------------------+--------------+
|           RTL Ports          | Dir | Bits |  Protocol  |       Source Object       |    C Type    |
+------------------------------+-----+------+------------+---------------------------+--------------+
|m_axi_inout1_AWVALID          |  out|     1|       m_axi|                     inout1|       pointer|
|m_axi_inout1_AWREADY          |   in|     1|       m_axi|                     inout1|       pointer|
|m_axi_inout1_AWADDR           |  out|    64|       m_axi|                     inout1|       pointer|
|m_axi_inout1_AWID             |  out|     1|       m_axi|                     inout1|       pointer|
|m_axi_inout1_AWLEN            |  out|    32|       m_axi|                     inout1|       pointer|
|m_axi_inout1_AWSIZE           |  out|     3|       m_axi|                     inout1|       pointer|
|m_axi_inout1_AWBURST          |  out|     2|       m_axi|                     inout1|       pointer|
|m_axi_inout1_AWLOCK           |  out|     2|       m_axi|                     inout1|       pointer|
|m_axi_inout1_AWCACHE          |  out|     4|       m_axi|                     inout1|       pointer|
|m_axi_inout1_AWPROT           |  out|     3|       m_axi|                     inout1|       pointer|
|m_axi_inout1_AWQOS            |  out|     4|       m_axi|                     inout1|       pointer|
|m_axi_inout1_AWREGION         |  out|     4|       m_axi|                     inout1|       pointer|
|m_axi_inout1_AWUSER           |  out|     1|       m_axi|                     inout1|       pointer|
|m_axi_inout1_WVALID           |  out|     1|       m_axi|                     inout1|       pointer|
|m_axi_inout1_WREADY           |   in|     1|       m_axi|                     inout1|       pointer|
|m_axi_inout1_WDATA            |  out|   256|       m_axi|                     inout1|       pointer|
|m_axi_inout1_WSTRB            |  out|    32|       m_axi|                     inout1|       pointer|
|m_axi_inout1_WLAST            |  out|     1|       m_axi|                     inout1|       pointer|
|m_axi_inout1_WID              |  out|     1|       m_axi|                     inout1|       pointer|
|m_axi_inout1_WUSER            |  out|     1|       m_axi|                     inout1|       pointer|
|m_axi_inout1_ARVALID          |  out|     1|       m_axi|                     inout1|       pointer|
|m_axi_inout1_ARREADY          |   in|     1|       m_axi|                     inout1|       pointer|
|m_axi_inout1_ARADDR           |  out|    64|       m_axi|                     inout1|       pointer|
|m_axi_inout1_ARID             |  out|     1|       m_axi|                     inout1|       pointer|
|m_axi_inout1_ARLEN            |  out|    32|       m_axi|                     inout1|       pointer|
|m_axi_inout1_ARSIZE           |  out|     3|       m_axi|                     inout1|       pointer|
|m_axi_inout1_ARBURST          |  out|     2|       m_axi|                     inout1|       pointer|
|m_axi_inout1_ARLOCK           |  out|     2|       m_axi|                     inout1|       pointer|
|m_axi_inout1_ARCACHE          |  out|     4|       m_axi|                     inout1|       pointer|
|m_axi_inout1_ARPROT           |  out|     3|       m_axi|                     inout1|       pointer|
|m_axi_inout1_ARQOS            |  out|     4|       m_axi|                     inout1|       pointer|
|m_axi_inout1_ARREGION         |  out|     4|       m_axi|                     inout1|       pointer|
|m_axi_inout1_ARUSER           |  out|     1|       m_axi|                     inout1|       pointer|
|m_axi_inout1_RVALID           |   in|     1|       m_axi|                     inout1|       pointer|
|m_axi_inout1_RREADY           |  out|     1|       m_axi|                     inout1|       pointer|
|m_axi_inout1_RDATA            |   in|   256|       m_axi|                     inout1|       pointer|
|m_axi_inout1_RLAST            |   in|     1|       m_axi|                     inout1|       pointer|
|m_axi_inout1_RID              |   in|     1|       m_axi|                     inout1|       pointer|
|m_axi_inout1_RFIFONUM         |   in|     9|       m_axi|                     inout1|       pointer|
|m_axi_inout1_RUSER            |   in|     1|       m_axi|                     inout1|       pointer|
|m_axi_inout1_RRESP            |   in|     2|       m_axi|                     inout1|       pointer|
|m_axi_inout1_BVALID           |   in|     1|       m_axi|                     inout1|       pointer|
|m_axi_inout1_BREADY           |  out|     1|       m_axi|                     inout1|       pointer|
|m_axi_inout1_BRESP            |   in|     2|       m_axi|                     inout1|       pointer|
|m_axi_inout1_BID              |   in|     1|       m_axi|                     inout1|       pointer|
|m_axi_inout1_BUSER            |   in|     1|       m_axi|                     inout1|       pointer|
|x                             |   in|    64|     ap_none|                          x|        scalar|
|x_ap_vld                      |   in|     1|     ap_none|                          x|        scalar|
|m_axi_inout2_AWVALID          |  out|     1|       m_axi|                     inout2|       pointer|
|m_axi_inout2_AWREADY          |   in|     1|       m_axi|                     inout2|       pointer|
|m_axi_inout2_AWADDR           |  out|    64|       m_axi|                     inout2|       pointer|
|m_axi_inout2_AWID             |  out|     1|       m_axi|                     inout2|       pointer|
|m_axi_inout2_AWLEN            |  out|    32|       m_axi|                     inout2|       pointer|
|m_axi_inout2_AWSIZE           |  out|     3|       m_axi|                     inout2|       pointer|
|m_axi_inout2_AWBURST          |  out|     2|       m_axi|                     inout2|       pointer|
|m_axi_inout2_AWLOCK           |  out|     2|       m_axi|                     inout2|       pointer|
|m_axi_inout2_AWCACHE          |  out|     4|       m_axi|                     inout2|       pointer|
|m_axi_inout2_AWPROT           |  out|     3|       m_axi|                     inout2|       pointer|
|m_axi_inout2_AWQOS            |  out|     4|       m_axi|                     inout2|       pointer|
|m_axi_inout2_AWREGION         |  out|     4|       m_axi|                     inout2|       pointer|
|m_axi_inout2_AWUSER           |  out|     1|       m_axi|                     inout2|       pointer|
|m_axi_inout2_WVALID           |  out|     1|       m_axi|                     inout2|       pointer|
|m_axi_inout2_WREADY           |   in|     1|       m_axi|                     inout2|       pointer|
|m_axi_inout2_WDATA            |  out|   256|       m_axi|                     inout2|       pointer|
|m_axi_inout2_WSTRB            |  out|    32|       m_axi|                     inout2|       pointer|
|m_axi_inout2_WLAST            |  out|     1|       m_axi|                     inout2|       pointer|
|m_axi_inout2_WID              |  out|     1|       m_axi|                     inout2|       pointer|
|m_axi_inout2_WUSER            |  out|     1|       m_axi|                     inout2|       pointer|
|m_axi_inout2_ARVALID          |  out|     1|       m_axi|                     inout2|       pointer|
|m_axi_inout2_ARREADY          |   in|     1|       m_axi|                     inout2|       pointer|
|m_axi_inout2_ARADDR           |  out|    64|       m_axi|                     inout2|       pointer|
|m_axi_inout2_ARID             |  out|     1|       m_axi|                     inout2|       pointer|
|m_axi_inout2_ARLEN            |  out|    32|       m_axi|                     inout2|       pointer|
|m_axi_inout2_ARSIZE           |  out|     3|       m_axi|                     inout2|       pointer|
|m_axi_inout2_ARBURST          |  out|     2|       m_axi|                     inout2|       pointer|
|m_axi_inout2_ARLOCK           |  out|     2|       m_axi|                     inout2|       pointer|
|m_axi_inout2_ARCACHE          |  out|     4|       m_axi|                     inout2|       pointer|
|m_axi_inout2_ARPROT           |  out|     3|       m_axi|                     inout2|       pointer|
|m_axi_inout2_ARQOS            |  out|     4|       m_axi|                     inout2|       pointer|
|m_axi_inout2_ARREGION         |  out|     4|       m_axi|                     inout2|       pointer|
|m_axi_inout2_ARUSER           |  out|     1|       m_axi|                     inout2|       pointer|
|m_axi_inout2_RVALID           |   in|     1|       m_axi|                     inout2|       pointer|
|m_axi_inout2_RREADY           |  out|     1|       m_axi|                     inout2|       pointer|
|m_axi_inout2_RDATA            |   in|   256|       m_axi|                     inout2|       pointer|
|m_axi_inout2_RLAST            |   in|     1|       m_axi|                     inout2|       pointer|
|m_axi_inout2_RID              |   in|     1|       m_axi|                     inout2|       pointer|
|m_axi_inout2_RFIFONUM         |   in|     9|       m_axi|                     inout2|       pointer|
|m_axi_inout2_RUSER            |   in|     1|       m_axi|                     inout2|       pointer|
|m_axi_inout2_RRESP            |   in|     2|       m_axi|                     inout2|       pointer|
|m_axi_inout2_BVALID           |   in|     1|       m_axi|                     inout2|       pointer|
|m_axi_inout2_BREADY           |  out|     1|       m_axi|                     inout2|       pointer|
|m_axi_inout2_BRESP            |   in|     2|       m_axi|                     inout2|       pointer|
|m_axi_inout2_BID              |   in|     1|       m_axi|                     inout2|       pointer|
|m_axi_inout2_BUSER            |   in|     1|       m_axi|                     inout2|       pointer|
|out_r                         |   in|    64|     ap_none|                      out_r|        scalar|
|out_r_ap_vld                  |   in|     1|     ap_none|                      out_r|        scalar|
|m_axi_weights_AWVALID         |  out|     1|       m_axi|                    weights|       pointer|
|m_axi_weights_AWREADY         |   in|     1|       m_axi|                    weights|       pointer|
|m_axi_weights_AWADDR          |  out|    64|       m_axi|                    weights|       pointer|
|m_axi_weights_AWID            |  out|     1|       m_axi|                    weights|       pointer|
|m_axi_weights_AWLEN           |  out|    32|       m_axi|                    weights|       pointer|
|m_axi_weights_AWSIZE          |  out|     3|       m_axi|                    weights|       pointer|
|m_axi_weights_AWBURST         |  out|     2|       m_axi|                    weights|       pointer|
|m_axi_weights_AWLOCK          |  out|     2|       m_axi|                    weights|       pointer|
|m_axi_weights_AWCACHE         |  out|     4|       m_axi|                    weights|       pointer|
|m_axi_weights_AWPROT          |  out|     3|       m_axi|                    weights|       pointer|
|m_axi_weights_AWQOS           |  out|     4|       m_axi|                    weights|       pointer|
|m_axi_weights_AWREGION        |  out|     4|       m_axi|                    weights|       pointer|
|m_axi_weights_AWUSER          |  out|     1|       m_axi|                    weights|       pointer|
|m_axi_weights_WVALID          |  out|     1|       m_axi|                    weights|       pointer|
|m_axi_weights_WREADY          |   in|     1|       m_axi|                    weights|       pointer|
|m_axi_weights_WDATA           |  out|   256|       m_axi|                    weights|       pointer|
|m_axi_weights_WSTRB           |  out|    32|       m_axi|                    weights|       pointer|
|m_axi_weights_WLAST           |  out|     1|       m_axi|                    weights|       pointer|
|m_axi_weights_WID             |  out|     1|       m_axi|                    weights|       pointer|
|m_axi_weights_WUSER           |  out|     1|       m_axi|                    weights|       pointer|
|m_axi_weights_ARVALID         |  out|     1|       m_axi|                    weights|       pointer|
|m_axi_weights_ARREADY         |   in|     1|       m_axi|                    weights|       pointer|
|m_axi_weights_ARADDR          |  out|    64|       m_axi|                    weights|       pointer|
|m_axi_weights_ARID            |  out|     1|       m_axi|                    weights|       pointer|
|m_axi_weights_ARLEN           |  out|    32|       m_axi|                    weights|       pointer|
|m_axi_weights_ARSIZE          |  out|     3|       m_axi|                    weights|       pointer|
|m_axi_weights_ARBURST         |  out|     2|       m_axi|                    weights|       pointer|
|m_axi_weights_ARLOCK          |  out|     2|       m_axi|                    weights|       pointer|
|m_axi_weights_ARCACHE         |  out|     4|       m_axi|                    weights|       pointer|
|m_axi_weights_ARPROT          |  out|     3|       m_axi|                    weights|       pointer|
|m_axi_weights_ARQOS           |  out|     4|       m_axi|                    weights|       pointer|
|m_axi_weights_ARREGION        |  out|     4|       m_axi|                    weights|       pointer|
|m_axi_weights_ARUSER          |  out|     1|       m_axi|                    weights|       pointer|
|m_axi_weights_RVALID          |   in|     1|       m_axi|                    weights|       pointer|
|m_axi_weights_RREADY          |  out|     1|       m_axi|                    weights|       pointer|
|m_axi_weights_RDATA           |   in|   256|       m_axi|                    weights|       pointer|
|m_axi_weights_RLAST           |   in|     1|       m_axi|                    weights|       pointer|
|m_axi_weights_RID             |   in|     1|       m_axi|                    weights|       pointer|
|m_axi_weights_RFIFONUM        |   in|     9|       m_axi|                    weights|       pointer|
|m_axi_weights_RUSER           |   in|     1|       m_axi|                    weights|       pointer|
|m_axi_weights_RRESP           |   in|     2|       m_axi|                    weights|       pointer|
|m_axi_weights_BVALID          |   in|     1|       m_axi|                    weights|       pointer|
|m_axi_weights_BREADY          |  out|     1|       m_axi|                    weights|       pointer|
|m_axi_weights_BRESP           |   in|     2|       m_axi|                    weights|       pointer|
|m_axi_weights_BID             |   in|     1|       m_axi|                    weights|       pointer|
|m_axi_weights_BUSER           |   in|     1|       m_axi|                    weights|       pointer|
|pos_embed                     |   in|    64|     ap_none|                  pos_embed|        scalar|
|pos_embed_ap_vld              |   in|     1|     ap_none|                  pos_embed|        scalar|
|patch_embed_bias_address0     |  out|     5|   ap_memory|           patch_embed_bias|         array|
|patch_embed_bias_ce0          |  out|     1|   ap_memory|           patch_embed_bias|         array|
|patch_embed_bias_d0           |  out|   128|   ap_memory|           patch_embed_bias|         array|
|patch_embed_bias_q0           |   in|   128|   ap_memory|           patch_embed_bias|         array|
|patch_embed_bias_we0          |  out|     1|   ap_memory|           patch_embed_bias|         array|
|patch_embed_bias_address1     |  out|     5|   ap_memory|           patch_embed_bias|         array|
|patch_embed_bias_ce1          |  out|     1|   ap_memory|           patch_embed_bias|         array|
|patch_embed_bias_d1           |  out|   128|   ap_memory|           patch_embed_bias|         array|
|patch_embed_bias_q1           |   in|   128|   ap_memory|           patch_embed_bias|         array|
|patch_embed_bias_we1          |  out|     1|   ap_memory|           patch_embed_bias|         array|
|patch_embed_weights_address0  |  out|    11|   ap_memory|        patch_embed_weights|         array|
|patch_embed_weights_ce0       |  out|     1|   ap_memory|        patch_embed_weights|         array|
|patch_embed_weights_d0        |  out|  2048|   ap_memory|        patch_embed_weights|         array|
|patch_embed_weights_q0        |   in|  2048|   ap_memory|        patch_embed_weights|         array|
|patch_embed_weights_we0       |  out|     1|   ap_memory|        patch_embed_weights|         array|
|patch_embed_weights_address1  |  out|    11|   ap_memory|        patch_embed_weights|         array|
|patch_embed_weights_ce1       |  out|     1|   ap_memory|        patch_embed_weights|         array|
|patch_embed_weights_d1        |  out|  2048|   ap_memory|        patch_embed_weights|         array|
|patch_embed_weights_q1        |   in|  2048|   ap_memory|        patch_embed_weights|         array|
|patch_embed_weights_we1       |  out|     1|   ap_memory|        patch_embed_weights|         array|
|ap_clk                        |   in|     1|  ap_ctrl_hs|  dataflow_parent_loop_proc|  return value|
|ap_rst                        |   in|     1|  ap_ctrl_hs|  dataflow_parent_loop_proc|  return value|
|ap_start                      |   in|     1|  ap_ctrl_hs|  dataflow_parent_loop_proc|  return value|
|ap_done                       |  out|     1|  ap_ctrl_hs|  dataflow_parent_loop_proc|  return value|
|ap_ready                      |  out|     1|  ap_ctrl_hs|  dataflow_parent_loop_proc|  return value|
|ap_idle                       |  out|     1|  ap_ctrl_hs|  dataflow_parent_loop_proc|  return value|
|ap_continue                   |   in|     1|  ap_ctrl_hs|  dataflow_parent_loop_proc|  return value|
+------------------------------+-----+------+------------+---------------------------+--------------+

