

================================================================
== Vitis HLS Report for 'gelu'
================================================================
* Date:           Wed Jul 31 17:04:16 2024

* Version:        2022.2 (Build 3670227 on Oct 13 2022)
* Project:        Deit_cpp
* Solution:       solution1 (Vivado IP Flow Target)
* Product family: zynquplus
* Target device:  xck26-sfvc784-2LV-c


================================================================
== Performance Estimates
================================================================
+ Timing: 
    * Summary: 
    +--------+----------+----------+------------+
    |  Clock |  Target  | Estimated| Uncertainty|
    +--------+----------+----------+------------+
    |ap_clk  |  10.00 ns|  5.886 ns|     2.70 ns|
    +--------+----------+----------+------------+

+ Latency: 
    * Summary: 
    +---------+---------+-----------+-----------+-----+-----+---------+
    |  Latency (cycles) |   Latency (absolute)  |  Interval | Pipeline|
    |   min   |   max   |    min    |    max    | min | max |   Type  |
    +---------+---------+-----------+-----------+-----+-----+---------+
    |        2|        2|  20.000 ns|  20.000 ns|    1|    1|      yes|
    +---------+---------+-----------+-----------+-----+-----+---------+

    + Detail: 
        * Instance: 
        N/A

        * Loop: 
        N/A



================================================================
== Utilization Estimates
================================================================
* Summary: 
+-----------------+---------+------+--------+--------+-----+
|       Name      | BRAM_18K|  DSP |   FF   |   LUT  | URAM|
+-----------------+---------+------+--------+--------+-----+
|DSP              |        -|     -|       -|       -|    -|
|Expression       |        -|     -|       0|     360|    -|
|FIFO             |        -|     -|       -|       -|    -|
|Instance         |        -|     2|       0|      22|    -|
|Memory           |        1|     -|       0|       0|    -|
|Multiplexer      |        -|     -|       -|       -|    -|
|Register         |        -|     -|     106|       -|    -|
+-----------------+---------+------+--------+--------+-----+
|Total            |        1|     2|     106|     382|    0|
+-----------------+---------+------+--------+--------+-----+
|Available        |      288|  1248|  234240|  117120|   64|
+-----------------+---------+------+--------+--------+-----+
|Utilization (%)  |       ~0|    ~0|      ~0|      ~0|    0|
+-----------------+---------+------+--------+--------+-----+

+ Detail: 
    * Instance: 
    +--------------------------+---------------------+---------+----+---+----+-----+
    |         Instance         |        Module       | BRAM_18K| DSP| FF| LUT| URAM|
    +--------------------------+---------------------+---------+----+---+----+-----+
    |mul_22ns_21s_43_1_1_U526  |mul_22ns_21s_43_1_1  |        0|   2|  0|  22|    0|
    +--------------------------+---------------------+---------+----+---+----+-----+
    |Total                     |                     |        0|   2|  0|  22|    0|
    +--------------------------+---------------------+---------+----+---+----+-----+

    * DSP: 
    N/A

    * Memory: 
    +----------------------+----------------------------------------+---------+---+----+-----+------+-----+------+-------------+
    |        Memory        |                 Module                 | BRAM_18K| FF| LUT| URAM| Words| Bits| Banks| W*Bits*Banks|
    +----------------------+----------------------------------------+---------+---+----+-----+------+-----+------+-------------+
    |GELU_DELTA_TABLE_V_U  |gelu_GELU_DELTA_TABLE_V_ROM_NP_BRAM_1R  |        1|  0|   0|    0|   177|   20|     1|         3540|
    +----------------------+----------------------------------------+---------+---+----+-----+------+-----+------+-------------+
    |Total                 |                                        |        1|  0|   0|    0|   177|   20|     1|         3540|
    +----------------------+----------------------------------------+---------+---+----+-----+------+-----+------+-------------+

    * FIFO: 
    N/A

    * Expression: 
    +-------------------------+----------+----+---+----+------------+------------+
    |      Variable Name      | Operation| DSP| FF| LUT| Bitwidth P0| Bitwidth P1|
    +-------------------------+----------+----+---+----+------------+------------+
    |ret_V_247_fu_192_p2      |         +|   0|  0|  15|           8|           1|
    |ret_V_249_fu_246_p2      |         +|   0|  0|  51|          44|          44|
    |ret_V_fu_165_p2          |         +|   0|  0|  15|           8|           1|
    |ret_V_248_fu_211_p2      |         -|   0|  0|  28|          21|          21|
    |sub_ln813_fu_268_p2      |         -|   0|  0|  39|          32|          32|
    |x_abs_V_fu_103_p2        |         -|   0|  0|  39|           1|          32|
    |icmp_ln1003_fu_159_p2    |      icmp|   0|  0|  15|          22|           1|
    |icmp_ln1651_fu_117_p2    |      icmp|   0|  0|  20|          32|          25|
    |p_Result_79_fu_153_p2    |      icmp|   0|  0|  25|          54|          18|
    |ap_return                |    select|   0|  0|  32|           1|          32|
    |relu_V_fu_95_p3          |    select|   0|  0|  31|           1|           1|
    |ret_V_250_fu_179_p3      |    select|   0|  0|   8|           1|           8|
    |select_ln1002_fu_171_p3  |    select|   0|  0|   8|           1|           8|
    |x_abs_V_1_fu_109_p3      |    select|   0|  0|  32|           1|          32|
    |ap_enable_pp0            |       xor|   0|  0|   2|           1|           2|
    +-------------------------+----------+----+---+----+------------+------------+
    |Total                    |          |   0|  0| 360|         228|         258|
    +-------------------------+----------+----+---+----+------------+------------+

    * Multiplexer: 
    N/A

    * Register: 
    +-----------------------------------+----+----+-----+-----------+
    |                Name               | FF | LUT| Bits| Const Bits|
    +-----------------------------------+----+----+-----+-----------+
    |ap_CS_fsm                          |   1|   0|    1|          0|
    |ap_enable_reg_pp0_iter1            |   1|   0|    1|          0|
    |ap_enable_reg_pp0_iter2            |   1|   0|    1|          0|
    |icmp_ln1651_reg_286                |   1|   0|    1|          0|
    |icmp_ln1651_reg_286_pp0_iter1_reg  |   1|   0|    1|          0|
    |relu_V_reg_281                     |  31|   0|   31|          0|
    |relu_V_reg_281_pp0_iter1_reg       |  31|   0|   31|          0|
    |t_V_reg_291                        |  17|   0|   22|          5|
    |tmp_s_reg_306                      |  22|   0|   22|          0|
    +-----------------------------------+----+----+-----+-----------+
    |Total                              | 106|   0|  111|          5|
    +-----------------------------------+----+----+-----+-----------+



================================================================
== Interface
================================================================
* Summary: 
+-----------+-----+-----+------------+--------------+--------------+
| RTL Ports | Dir | Bits|  Protocol  | Source Object|    C Type    |
+-----------+-----+-----+------------+--------------+--------------+
|ap_clk     |   in|    1|  ap_ctrl_hs|          gelu|  return value|
|ap_rst     |   in|    1|  ap_ctrl_hs|          gelu|  return value|
|ap_start   |   in|    1|  ap_ctrl_hs|          gelu|  return value|
|ap_done    |  out|    1|  ap_ctrl_hs|          gelu|  return value|
|ap_idle    |  out|    1|  ap_ctrl_hs|          gelu|  return value|
|ap_ready   |  out|    1|  ap_ctrl_hs|          gelu|  return value|
|ap_ce      |   in|    1|  ap_ctrl_hs|          gelu|  return value|
|ap_return  |  out|   32|  ap_ctrl_hs|          gelu|  return value|
|x          |   in|   32|     ap_none|             x|        scalar|
+-----------+-----+-----+------------+--------------+--------------+

