

================================================================
== Vitis HLS Report for 'load_linear_weights'
================================================================
* Date:           Wed Jul 31 17:04:06 2024

* Version:        2022.2 (Build 3670227 on Oct 13 2022)
* Project:        Deit_cpp
* Solution:       solution1 (Vivado IP Flow Target)
* Product family: zynquplus
* Target device:  xck26-sfvc784-2LV-c


================================================================
== Performance Estimates
================================================================
+ Timing: 
    * Summary: 
    +--------+----------+----------+------------+
    |  Clock |  Target  | Estimated| Uncertainty|
    +--------+----------+----------+------------+
    |ap_clk  |  10.00 ns|  7.300 ns|     2.70 ns|
    +--------+----------+----------+------------+

+ Latency: 
    * Summary: 
    +---------+---------+-----------+-----------+-----+---------+---------+
    |  Latency (cycles) |   Latency (absolute)  |    Interval   | Pipeline|
    |   min   |   max   |    min    |    max    | min |   max   |   Type  |
    +---------+---------+-----------+-----------+-----+---------+---------+
    |        6|  1047568|  60.000 ns|  10.476 ms|    6|  1047568|       no|
    +---------+---------+-----------+-----------+-----+---------+---------+

    + Detail: 
        * Instance: 
        +----------------------------------------------------------------+------------------------------------------------------+---------+---------+-----------+-----------+-----+---------+---------+
        |                                                                |                                                      |  Latency (cycles) |   Latency (absolute)  |    Interval   | Pipeline|
        |                            Instance                            |                        Module                        |   min   |   max   |    min    |    max    | min |   max   |   Type  |
        +----------------------------------------------------------------+------------------------------------------------------+---------+---------+-----------+-----------+-----+---------+---------+
        |grp_load_linear_weights_Pipeline_ln46_for_each_src_block_fu_98  |load_linear_weights_Pipeline_ln46_for_each_src_block  |        2|  1047564|  20.000 ns|  10.476 ms|    2|  1047564|       no|
        +----------------------------------------------------------------+------------------------------------------------------+---------+---------+-----------+-----------+-----+---------+---------+

        * Loop: 
        N/A



================================================================
== Utilization Estimates
================================================================
* Summary: 
+-----------------+---------+------+--------+--------+-----+
|       Name      | BRAM_18K|  DSP |   FF   |   LUT  | URAM|
+-----------------+---------+------+--------+--------+-----+
|DSP              |        -|     1|       -|       -|    -|
|Expression       |        -|     -|       0|     221|    -|
|FIFO             |        -|     -|       -|       -|    -|
|Instance         |        0|     -|   14960|   23773|    0|
|Memory           |        -|     -|       -|       -|    -|
|Multiplexer      |        -|     -|       -|      49|    -|
|Register         |        -|     -|     134|       -|    -|
+-----------------+---------+------+--------+--------+-----+
|Total            |        0|     1|   15094|   24043|    0|
+-----------------+---------+------+--------+--------+-----+
|Available        |      288|  1248|  234240|  117120|   64|
+-----------------+---------+------+--------+--------+-----+
|Utilization (%)  |        0|    ~0|       6|      20|    0|
+-----------------+---------+------+--------+--------+-----+

+ Detail: 
    * Instance: 
    +----------------------------------------------------------------+------------------------------------------------------+---------+----+-------+-------+-----+
    |                            Instance                            |                        Module                        | BRAM_18K| DSP|   FF  |  LUT  | URAM|
    +----------------------------------------------------------------+------------------------------------------------------+---------+----+-------+-------+-----+
    |grp_load_linear_weights_Pipeline_ln46_for_each_src_block_fu_98  |load_linear_weights_Pipeline_ln46_for_each_src_block  |        0|   0|  14960|  23773|    0|
    +----------------------------------------------------------------+------------------------------------------------------+---------+----+-------+-------+-----+
    |Total                                                           |                                                      |        0|   0|  14960|  23773|    0|
    +----------------------------------------------------------------+------------------------------------------------------+---------+----+-------+-------+-----+

    * DSP: 
    +------------------------------+-------------------------+-----------+
    |           Instance           |          Module         | Expression|
    +------------------------------+-------------------------+-----------+
    |mul_mul_6ns_10ns_16_4_1_U487  |mul_mul_6ns_10ns_16_4_1  |    i0 * i1|
    +------------------------------+-------------------------+-----------+

    * Memory: 
    N/A

    * FIFO: 
    N/A

    * Expression: 
    +------------------------------+----------+----+---+----+------------+------------+
    |         Variable Name        | Operation| DSP| FF| LUT| Bitwidth P0| Bitwidth P1|
    +------------------------------+----------+----+---+----+------------+------------+
    |add_ln46_10_fu_241_p2         |         +|   0|  0|  12|           5|           5|
    |add_ln46_11_fu_247_p2         |         +|   0|  0|  12|           5|           4|
    |add_ln46_12_fu_253_p2         |         +|   0|  0|  12|           5|           4|
    |add_ln46_13_fu_259_p2         |         +|   0|  0|  12|           5|           3|
    |add_ln46_1_fu_181_p2          |         +|   0|  0|  12|           5|           3|
    |add_ln46_2_fu_187_p2          |         +|   0|  0|  12|           5|           3|
    |add_ln46_3_fu_193_p2          |         +|   0|  0|  12|           5|           4|
    |add_ln46_4_fu_199_p2          |         +|   0|  0|  12|           5|           4|
    |add_ln46_5_fu_205_p2          |         +|   0|  0|  12|           5|           4|
    |add_ln46_6_fu_211_p2          |         +|   0|  0|  12|           5|           4|
    |add_ln46_7_fu_223_p2          |         +|   0|  0|  12|           5|           5|
    |add_ln46_8_fu_229_p2          |         +|   0|  0|  12|           5|           5|
    |add_ln46_9_fu_235_p2          |         +|   0|  0|  12|           5|           5|
    |add_ln46_fu_175_p2            |         +|   0|  0|  12|           5|           2|
    |add_ln70_fu_139_p2            |         +|   0|  0|  17|          10|           4|
    |last_src_col_block_fu_159_p2  |         +|   0|  0|  13|           6|           2|
    |last_src_row_fu_165_p2        |         +|   0|  0|  17|          10|           2|
    |xor_ln46_fu_217_p2            |       xor|   0|  0|   6|           5|           6|
    +------------------------------+----------+----+---+----+------------+------------+
    |Total                         |          |   0|  0| 221|         101|          69|
    +------------------------------+----------+----+---+----+------------+------------+

    * Multiplexer: 
    +-----------------------+----+-----------+-----+-----------+
    |          Name         | LUT| Input Size| Bits| Total Bits|
    +-----------------------+----+-----------+-----+-----------+
    |ap_NS_fsm              |  31|          6|    1|          6|
    |m_axi_weights_ARVALID  |   9|          2|    1|          2|
    |m_axi_weights_RREADY   |   9|          2|    1|          2|
    +-----------------------+----+-----------+-----+-----------+
    |Total                  |  49|         10|    3|         10|
    +-----------------------+----+-----------+-----+-----------+

    * Register: 
    +-----------------------------------------------------------------------------+----+----+-----+-----------+
    |                                     Name                                    | FF | LUT| Bits| Const Bits|
    +-----------------------------------------------------------------------------+----+----+-----+-----------+
    |ap_CS_fsm                                                                    |   5|   0|    5|          0|
    |empty_reg_416                                                                |  10|   0|   10|          0|
    |grp_load_linear_weights_Pipeline_ln46_for_each_src_block_fu_98_ap_start_reg  |   1|   0|    1|          0|
    |last_src_col_block_reg_441                                                   |   6|   0|    6|          0|
    |last_src_row_reg_451                                                         |  10|   0|   10|          0|
    |num_src_blocks_reg_446                                                       |  16|   0|   16|          0|
    |num_src_col_blocks_reg_426                                                   |   6|   0|    6|          0|
    |shl_ln65_10_reg_511                                                          |   5|   0|    8|          3|
    |shl_ln65_11_reg_516                                                          |   5|   0|    8|          3|
    |shl_ln65_12_reg_521                                                          |   5|   0|    8|          3|
    |shl_ln65_13_reg_526                                                          |   5|   0|    8|          3|
    |shl_ln65_14_reg_531                                                          |   5|   0|    8|          3|
    |shl_ln65_1_reg_461                                                           |   5|   0|    8|          3|
    |shl_ln65_2_reg_466                                                           |   5|   0|    8|          3|
    |shl_ln65_3_reg_471                                                           |   5|   0|    8|          3|
    |shl_ln65_4_reg_476                                                           |   5|   0|    8|          3|
    |shl_ln65_5_reg_481                                                           |   5|   0|    8|          3|
    |shl_ln65_6_reg_486                                                           |   5|   0|    8|          3|
    |shl_ln65_7_reg_491                                                           |   5|   0|    8|          3|
    |shl_ln65_8_reg_496                                                           |   5|   0|    8|          3|
    |shl_ln65_9_reg_501                                                           |   5|   0|    8|          3|
    |shl_ln65_s_reg_506                                                           |   5|   0|    8|          3|
    |shl_ln_reg_456                                                               |   5|   0|    8|          3|
    +-----------------------------------------------------------------------------+----+----+-----+-----------+
    |Total                                                                        | 134|   0|  182|         48|
    +-----------------------------------------------------------------------------+----+----+-----+-----------+



================================================================
== Interface
================================================================
* Summary: 
+------------------------+-----+------+------------+---------------------+--------------+
|        RTL Ports       | Dir | Bits |  Protocol  |    Source Object    |    C Type    |
+------------------------+-----+------+------------+---------------------+--------------+
|ap_clk                  |   in|     1|  ap_ctrl_hs|  load_linear_weights|  return value|
|ap_rst                  |   in|     1|  ap_ctrl_hs|  load_linear_weights|  return value|
|ap_start                |   in|     1|  ap_ctrl_hs|  load_linear_weights|  return value|
|ap_done                 |  out|     1|  ap_ctrl_hs|  load_linear_weights|  return value|
|ap_idle                 |  out|     1|  ap_ctrl_hs|  load_linear_weights|  return value|
|ap_ready                |  out|     1|  ap_ctrl_hs|  load_linear_weights|  return value|
|weights_dst_address0    |  out|    10|   ap_memory|          weights_dst|         array|
|weights_dst_ce0         |  out|     1|   ap_memory|          weights_dst|         array|
|weights_dst_we0         |  out|     1|   ap_memory|          weights_dst|         array|
|weights_dst_d0          |  out|  4096|   ap_memory|          weights_dst|         array|
|m_axi_weights_AWVALID   |  out|     1|       m_axi|              weights|       pointer|
|m_axi_weights_AWREADY   |   in|     1|       m_axi|              weights|       pointer|
|m_axi_weights_AWADDR    |  out|    64|       m_axi|              weights|       pointer|
|m_axi_weights_AWID      |  out|     1|       m_axi|              weights|       pointer|
|m_axi_weights_AWLEN     |  out|    32|       m_axi|              weights|       pointer|
|m_axi_weights_AWSIZE    |  out|     3|       m_axi|              weights|       pointer|
|m_axi_weights_AWBURST   |  out|     2|       m_axi|              weights|       pointer|
|m_axi_weights_AWLOCK    |  out|     2|       m_axi|              weights|       pointer|
|m_axi_weights_AWCACHE   |  out|     4|       m_axi|              weights|       pointer|
|m_axi_weights_AWPROT    |  out|     3|       m_axi|              weights|       pointer|
|m_axi_weights_AWQOS     |  out|     4|       m_axi|              weights|       pointer|
|m_axi_weights_AWREGION  |  out|     4|       m_axi|              weights|       pointer|
|m_axi_weights_AWUSER    |  out|     1|       m_axi|              weights|       pointer|
|m_axi_weights_WVALID    |  out|     1|       m_axi|              weights|       pointer|
|m_axi_weights_WREADY    |   in|     1|       m_axi|              weights|       pointer|
|m_axi_weights_WDATA     |  out|   256|       m_axi|              weights|       pointer|
|m_axi_weights_WSTRB     |  out|    32|       m_axi|              weights|       pointer|
|m_axi_weights_WLAST     |  out|     1|       m_axi|              weights|       pointer|
|m_axi_weights_WID       |  out|     1|       m_axi|              weights|       pointer|
|m_axi_weights_WUSER     |  out|     1|       m_axi|              weights|       pointer|
|m_axi_weights_ARVALID   |  out|     1|       m_axi|              weights|       pointer|
|m_axi_weights_ARREADY   |   in|     1|       m_axi|              weights|       pointer|
|m_axi_weights_ARADDR    |  out|    64|       m_axi|              weights|       pointer|
|m_axi_weights_ARID      |  out|     1|       m_axi|              weights|       pointer|
|m_axi_weights_ARLEN     |  out|    32|       m_axi|              weights|       pointer|
|m_axi_weights_ARSIZE    |  out|     3|       m_axi|              weights|       pointer|
|m_axi_weights_ARBURST   |  out|     2|       m_axi|              weights|       pointer|
|m_axi_weights_ARLOCK    |  out|     2|       m_axi|              weights|       pointer|
|m_axi_weights_ARCACHE   |  out|     4|       m_axi|              weights|       pointer|
|m_axi_weights_ARPROT    |  out|     3|       m_axi|              weights|       pointer|
|m_axi_weights_ARQOS     |  out|     4|       m_axi|              weights|       pointer|
|m_axi_weights_ARREGION  |  out|     4|       m_axi|              weights|       pointer|
|m_axi_weights_ARUSER    |  out|     1|       m_axi|              weights|       pointer|
|m_axi_weights_RVALID    |   in|     1|       m_axi|              weights|       pointer|
|m_axi_weights_RREADY    |  out|     1|       m_axi|              weights|       pointer|
|m_axi_weights_RDATA     |   in|   256|       m_axi|              weights|       pointer|
|m_axi_weights_RLAST     |   in|     1|       m_axi|              weights|       pointer|
|m_axi_weights_RID       |   in|     1|       m_axi|              weights|       pointer|
|m_axi_weights_RFIFONUM  |   in|     9|       m_axi|              weights|       pointer|
|m_axi_weights_RUSER     |   in|     1|       m_axi|              weights|       pointer|
|m_axi_weights_RRESP     |   in|     2|       m_axi|              weights|       pointer|
|m_axi_weights_BVALID    |   in|     1|       m_axi|              weights|       pointer|
|m_axi_weights_BREADY    |  out|     1|       m_axi|              weights|       pointer|
|m_axi_weights_BRESP     |   in|     2|       m_axi|              weights|       pointer|
|m_axi_weights_BID       |   in|     1|       m_axi|              weights|       pointer|
|m_axi_weights_BUSER     |   in|     1|       m_axi|              weights|       pointer|
|weights_src             |   in|    64|     ap_none|          weights_src|        scalar|
|out_dim_offset          |   in|    32|     ap_none|       out_dim_offset|        scalar|
|in_dim_offset           |   in|    32|     ap_none|        in_dim_offset|        scalar|
+------------------------+-----+------+------------+---------------------+--------------+

