

================================================================
== Vitis HLS Report for 'load_linear_bias_ap_fixed_16_7_5_3_0_s'
================================================================
* Date:           Wed Jul 31 17:04:09 2024

* Version:        2022.2 (Build 3670227 on Oct 13 2022)
* Project:        Deit_cpp
* Solution:       solution1 (Vivado IP Flow Target)
* Product family: zynquplus
* Target device:  xck26-sfvc784-2LV-c


================================================================
== Performance Estimates
================================================================
+ Timing: 
    * Summary: 
    +--------+----------+----------+------------+
    |  Clock |  Target  | Estimated| Uncertainty|
    +--------+----------+----------+------------+
    |ap_clk  |  10.00 ns|  7.300 ns|     2.70 ns|
    +--------+----------+----------+------------+

+ Latency: 
    * Summary: 
    +---------+---------+----------+----------+-----+-----+---------+
    |  Latency (cycles) |  Latency (absolute) |  Interval | Pipeline|
    |   min   |   max   |    min   |    max   | min | max |   Type  |
    +---------+---------+----------+----------+-----+-----+---------+
    |      203|      203|  2.030 us|  2.030 us|  203|  203|       no|
    +---------+---------+----------+----------+-----+-----+---------+

    + Detail: 
        * Instance: 
        +----------------------------------------------------------------------------------+------------------------------------------------------------------------+---------+---------+----------+----------+-----+-----+---------+
        |                                                                                  |                                                                        |  Latency (cycles) |  Latency (absolute) |  Interval | Pipeline|
        |                                     Instance                                     |                                 Module                                 |   min   |   max   |    min   |    max   | min | max |   Type  |
        +----------------------------------------------------------------------------------+------------------------------------------------------------------------+---------+---------+----------+----------+-----+-----+---------+
        |grp_load_linear_bias_ap_fixed_16_7_5_3_0_Pipeline_ln130_for_each_src_block_fu_68  |load_linear_bias_ap_fixed_16_7_5_3_0_Pipeline_ln130_for_each_src_block  |      202|      202|  2.020 us|  2.020 us|  202|  202|       no|
        +----------------------------------------------------------------------------------+------------------------------------------------------------------------+---------+---------+----------+----------+-----+-----+---------+

        * Loop: 
        N/A



================================================================
== Utilization Estimates
================================================================
* Summary: 
+-----------------+---------+------+--------+--------+-----+
|       Name      | BRAM_18K|  DSP |   FF   |   LUT  | URAM|
+-----------------+---------+------+--------+--------+-----+
|DSP              |        -|     -|       -|       -|    -|
|Expression       |        -|     -|       0|     174|    -|
|FIFO             |        -|     -|       -|       -|    -|
|Instance         |        -|     -|    5444|   16764|    -|
|Memory           |        -|     -|       -|       -|    -|
|Multiplexer      |        -|     -|       -|      32|    -|
|Register         |        -|     -|      83|       -|    -|
+-----------------+---------+------+--------+--------+-----+
|Total            |        0|     0|    5527|   16970|    0|
+-----------------+---------+------+--------+--------+-----+
|Available        |      288|  1248|  234240|  117120|   64|
+-----------------+---------+------+--------+--------+-----+
|Utilization (%)  |        0|     0|       2|      14|    0|
+-----------------+---------+------+--------+--------+-----+

+ Detail: 
    * Instance: 
    +----------------------------------------------------------------------------------+------------------------------------------------------------------------+---------+----+------+-------+-----+
    |                                     Instance                                     |                                 Module                                 | BRAM_18K| DSP|  FF  |  LUT  | URAM|
    +----------------------------------------------------------------------------------+------------------------------------------------------------------------+---------+----+------+-------+-----+
    |grp_load_linear_bias_ap_fixed_16_7_5_3_0_Pipeline_ln130_for_each_src_block_fu_68  |load_linear_bias_ap_fixed_16_7_5_3_0_Pipeline_ln130_for_each_src_block  |        0|   0|  5444|  16764|    0|
    +----------------------------------------------------------------------------------+------------------------------------------------------------------------+---------+----+------+-------+-----+
    |Total                                                                             |                                                                        |        0|   0|  5444|  16764|    0|
    +----------------------------------------------------------------------------------+------------------------------------------------------------------------+---------+----+------+-------+-----+

    * DSP: 
    N/A

    * Memory: 
    N/A

    * FIFO: 
    N/A

    * Expression: 
    +------------------------+----------+----+---+----+------------+------------+
    |      Variable Name     | Operation| DSP| FF| LUT| Bitwidth P0| Bitwidth P1|
    +------------------------+----------+----+---+----+------------+------------+
    |add_ln130_10_fu_164_p2  |         +|   0|  0|  12|           5|           5|
    |add_ln130_11_fu_170_p2  |         +|   0|  0|  12|           5|           4|
    |add_ln130_12_fu_176_p2  |         +|   0|  0|  12|           5|           4|
    |add_ln130_13_fu_182_p2  |         +|   0|  0|  12|           5|           3|
    |add_ln130_1_fu_104_p2   |         +|   0|  0|  12|           5|           3|
    |add_ln130_2_fu_110_p2   |         +|   0|  0|  12|           5|           3|
    |add_ln130_3_fu_116_p2   |         +|   0|  0|  12|           5|           4|
    |add_ln130_4_fu_122_p2   |         +|   0|  0|  12|           5|           4|
    |add_ln130_5_fu_128_p2   |         +|   0|  0|  12|           5|           4|
    |add_ln130_6_fu_134_p2   |         +|   0|  0|  12|           5|           4|
    |add_ln130_7_fu_146_p2   |         +|   0|  0|  12|           5|           5|
    |add_ln130_8_fu_152_p2   |         +|   0|  0|  12|           5|           5|
    |add_ln130_9_fu_158_p2   |         +|   0|  0|  12|           5|           5|
    |add_ln130_fu_98_p2      |         +|   0|  0|  12|           5|           2|
    |xor_ln130_fu_140_p2     |       xor|   0|  0|   6|           5|           6|
    +------------------------+----------+----+---+----+------------+------------+
    |Total                   |          |   0|  0| 174|          75|          61|
    +------------------------+----------+----+---+----+------------+------------+

    * Multiplexer: 
    +-----------------------+----+-----------+-----+-----------+
    |          Name         | LUT| Input Size| Bits| Total Bits|
    +-----------------------+----+-----------+-----+-----------+
    |ap_NS_fsm              |  14|          3|    1|          3|
    |m_axi_weights_ARVALID  |   9|          2|    1|          2|
    |m_axi_weights_RREADY   |   9|          2|    1|          2|
    +-----------------------+----+-----------+-----+-----------+
    |Total                  |  32|          7|    3|          7|
    +-----------------------+----+-----------+-----+-----------+

    * Register: 
    +-----------------------------------------------------------------------------------------------+---+----+-----+-----------+
    |                                              Name                                             | FF| LUT| Bits| Const Bits|
    +-----------------------------------------------------------------------------------------------+---+----+-----+-----------+
    |ap_CS_fsm                                                                                      |  2|   0|    2|          0|
    |grp_load_linear_bias_ap_fixed_16_7_5_3_0_Pipeline_ln130_for_each_src_block_fu_68_ap_start_reg  |  1|   0|    1|          0|
    |shl_ln137_10_reg_392                                                                           |  5|   0|    8|          3|
    |shl_ln137_11_reg_397                                                                           |  5|   0|    8|          3|
    |shl_ln137_12_reg_402                                                                           |  5|   0|    8|          3|
    |shl_ln137_13_reg_407                                                                           |  5|   0|    8|          3|
    |shl_ln137_14_reg_412                                                                           |  5|   0|    8|          3|
    |shl_ln137_1_reg_342                                                                            |  5|   0|    8|          3|
    |shl_ln137_2_reg_347                                                                            |  5|   0|    8|          3|
    |shl_ln137_3_reg_352                                                                            |  5|   0|    8|          3|
    |shl_ln137_4_reg_357                                                                            |  5|   0|    8|          3|
    |shl_ln137_5_reg_362                                                                            |  5|   0|    8|          3|
    |shl_ln137_6_reg_367                                                                            |  5|   0|    8|          3|
    |shl_ln137_7_reg_372                                                                            |  5|   0|    8|          3|
    |shl_ln137_8_reg_377                                                                            |  5|   0|    8|          3|
    |shl_ln137_9_reg_382                                                                            |  5|   0|    8|          3|
    |shl_ln137_s_reg_387                                                                            |  5|   0|    8|          3|
    |shl_ln_reg_337                                                                                 |  5|   0|    8|          3|
    +-----------------------------------------------------------------------------------------------+---+----+-----+-----------+
    |Total                                                                                          | 83|   0|  131|         48|
    +-----------------------------------------------------------------------------------------------+---+----+-----+-----------+



================================================================
== Interface
================================================================
* Summary: 
+------------------------+-----+-----+------------+---------------------------------------------+--------------+
|        RTL Ports       | Dir | Bits|  Protocol  |                Source Object                |    C Type    |
+------------------------+-----+-----+------------+---------------------------------------------+--------------+
|ap_clk                  |   in|    1|  ap_ctrl_hs|  load_linear_bias<ap_fixed<16, 7, 5, 3, 0> >|  return value|
|ap_rst                  |   in|    1|  ap_ctrl_hs|  load_linear_bias<ap_fixed<16, 7, 5, 3, 0> >|  return value|
|ap_start                |   in|    1|  ap_ctrl_hs|  load_linear_bias<ap_fixed<16, 7, 5, 3, 0> >|  return value|
|ap_done                 |  out|    1|  ap_ctrl_hs|  load_linear_bias<ap_fixed<16, 7, 5, 3, 0> >|  return value|
|ap_idle                 |  out|    1|  ap_ctrl_hs|  load_linear_bias<ap_fixed<16, 7, 5, 3, 0> >|  return value|
|ap_ready                |  out|    1|  ap_ctrl_hs|  load_linear_bias<ap_fixed<16, 7, 5, 3, 0> >|  return value|
|bias_dst_address0       |  out|    6|   ap_memory|                                     bias_dst|         array|
|bias_dst_ce0            |  out|    1|   ap_memory|                                     bias_dst|         array|
|bias_dst_we0            |  out|    1|   ap_memory|                                     bias_dst|         array|
|bias_dst_d0             |  out|  288|   ap_memory|                                     bias_dst|         array|
|m_axi_weights_AWVALID   |  out|    1|       m_axi|                                      weights|       pointer|
|m_axi_weights_AWREADY   |   in|    1|       m_axi|                                      weights|       pointer|
|m_axi_weights_AWADDR    |  out|   64|       m_axi|                                      weights|       pointer|
|m_axi_weights_AWID      |  out|    1|       m_axi|                                      weights|       pointer|
|m_axi_weights_AWLEN     |  out|   32|       m_axi|                                      weights|       pointer|
|m_axi_weights_AWSIZE    |  out|    3|       m_axi|                                      weights|       pointer|
|m_axi_weights_AWBURST   |  out|    2|       m_axi|                                      weights|       pointer|
|m_axi_weights_AWLOCK    |  out|    2|       m_axi|                                      weights|       pointer|
|m_axi_weights_AWCACHE   |  out|    4|       m_axi|                                      weights|       pointer|
|m_axi_weights_AWPROT    |  out|    3|       m_axi|                                      weights|       pointer|
|m_axi_weights_AWQOS     |  out|    4|       m_axi|                                      weights|       pointer|
|m_axi_weights_AWREGION  |  out|    4|       m_axi|                                      weights|       pointer|
|m_axi_weights_AWUSER    |  out|    1|       m_axi|                                      weights|       pointer|
|m_axi_weights_WVALID    |  out|    1|       m_axi|                                      weights|       pointer|
|m_axi_weights_WREADY    |   in|    1|       m_axi|                                      weights|       pointer|
|m_axi_weights_WDATA     |  out|  256|       m_axi|                                      weights|       pointer|
|m_axi_weights_WSTRB     |  out|   32|       m_axi|                                      weights|       pointer|
|m_axi_weights_WLAST     |  out|    1|       m_axi|                                      weights|       pointer|
|m_axi_weights_WID       |  out|    1|       m_axi|                                      weights|       pointer|
|m_axi_weights_WUSER     |  out|    1|       m_axi|                                      weights|       pointer|
|m_axi_weights_ARVALID   |  out|    1|       m_axi|                                      weights|       pointer|
|m_axi_weights_ARREADY   |   in|    1|       m_axi|                                      weights|       pointer|
|m_axi_weights_ARADDR    |  out|   64|       m_axi|                                      weights|       pointer|
|m_axi_weights_ARID      |  out|    1|       m_axi|                                      weights|       pointer|
|m_axi_weights_ARLEN     |  out|   32|       m_axi|                                      weights|       pointer|
|m_axi_weights_ARSIZE    |  out|    3|       m_axi|                                      weights|       pointer|
|m_axi_weights_ARBURST   |  out|    2|       m_axi|                                      weights|       pointer|
|m_axi_weights_ARLOCK    |  out|    2|       m_axi|                                      weights|       pointer|
|m_axi_weights_ARCACHE   |  out|    4|       m_axi|                                      weights|       pointer|
|m_axi_weights_ARPROT    |  out|    3|       m_axi|                                      weights|       pointer|
|m_axi_weights_ARQOS     |  out|    4|       m_axi|                                      weights|       pointer|
|m_axi_weights_ARREGION  |  out|    4|       m_axi|                                      weights|       pointer|
|m_axi_weights_ARUSER    |  out|    1|       m_axi|                                      weights|       pointer|
|m_axi_weights_RVALID    |   in|    1|       m_axi|                                      weights|       pointer|
|m_axi_weights_RREADY    |  out|    1|       m_axi|                                      weights|       pointer|
|m_axi_weights_RDATA     |   in|  256|       m_axi|                                      weights|       pointer|
|m_axi_weights_RLAST     |   in|    1|       m_axi|                                      weights|       pointer|
|m_axi_weights_RID       |   in|    1|       m_axi|                                      weights|       pointer|
|m_axi_weights_RFIFONUM  |   in|    9|       m_axi|                                      weights|       pointer|
|m_axi_weights_RUSER     |   in|    1|       m_axi|                                      weights|       pointer|
|m_axi_weights_RRESP     |   in|    2|       m_axi|                                      weights|       pointer|
|m_axi_weights_BVALID    |   in|    1|       m_axi|                                      weights|       pointer|
|m_axi_weights_BREADY    |  out|    1|       m_axi|                                      weights|       pointer|
|m_axi_weights_BRESP     |   in|    2|       m_axi|                                      weights|       pointer|
|m_axi_weights_BID       |   in|    1|       m_axi|                                      weights|       pointer|
|m_axi_weights_BUSER     |   in|    1|       m_axi|                                      weights|       pointer|
|bias_src                |   in|   64|     ap_none|                                     bias_src|        scalar|
+------------------------+-----+-----+------------+---------------------------------------------+--------------+

