

================================================================
== Vitis HLS Report for 'load_one_time_weights_Pipeline_ln29_for_each_channel_ln33_for_block_dim_out_l'
================================================================
* Date:           Wed Jul 31 17:02:00 2024

* Version:        2022.2 (Build 3670227 on Oct 13 2022)
* Project:        Deit_cpp
* Solution:       solution1 (Vivado IP Flow Target)
* Product family: zynquplus
* Target device:  xck26-sfvc784-2LV-c


================================================================
== Performance Estimates
================================================================
+ Timing: 
    * Summary: 
    +--------+----------+----------+------------+
    |  Clock |  Target  | Estimated| Uncertainty|
    +--------+----------+----------+------------+
    |ap_clk  |  10.00 ns|  7.300 ns|     2.70 ns|
    +--------+----------+----------+------------+

+ Latency: 
    * Summary: 
    +---------+---------+----------+----------+--------+--------+---------+
    |  Latency (cycles) |  Latency (absolute) |     Interval    | Pipeline|
    |   min   |   max   |    min   |    max   |   min  |   max  |   Type  |
    +---------+---------+----------+----------+--------+--------+---------+
    |   147466|   147466|  1.475 ms|  1.475 ms|  147466|  147466|       no|
    +---------+---------+----------+----------+--------+--------+---------+

    + Detail: 
        * Instance: 
        N/A

        * Loop: 
        +---------------------------------------------------------------------------+---------+---------+----------+-----------+-----------+------+----------+
        |                                                                           |  Latency (cycles) | Iteration|  Initiation Interval  | Trip |          |
        |                                 Loop Name                                 |   min   |   max   |  Latency |  achieved |   target  | Count| Pipelined|
        +---------------------------------------------------------------------------+---------+---------+----------+-----------+-----------+------+----------+
        |- _ln29_for_each_channel__ln33_for_block_dim_out__ln35_for_offset_dim_out  |   147464|   147464|        25|         16|          1|  9216|       yes|
        +---------------------------------------------------------------------------+---------+---------+----------+-----------+-----------+------+----------+



================================================================
== Utilization Estimates
================================================================
* Summary: 
+-----------------+---------+------+--------+--------+-----+
|       Name      | BRAM_18K|  DSP |   FF   |   LUT  | URAM|
+-----------------+---------+------+--------+--------+-----+
|DSP              |        -|     -|       -|       -|    -|
|Expression       |        -|     -|       0|   17012|    -|
|FIFO             |        -|     -|       -|       -|    -|
|Instance         |        -|     -|       -|       -|    -|
|Memory           |        -|     -|       -|       -|    -|
|Multiplexer      |        -|     -|       -|     288|    -|
|Register         |        -|     -|    5597|       -|    -|
+-----------------+---------+------+--------+--------+-----+
|Total            |        0|     0|    5597|   17300|    0|
+-----------------+---------+------+--------+--------+-----+
|Available        |      288|  1248|  234240|  117120|   64|
+-----------------+---------+------+--------+--------+-----+
|Utilization (%)  |        0|     0|       2|      14|    0|
+-----------------+---------+------+--------+--------+-----+

+ Detail: 
    * Instance: 
    N/A

    * DSP: 
    N/A

    * Memory: 
    N/A

    * FIFO: 
    N/A

    * Expression: 
    +-----------------------------------+----------+----+---+-----+------------+------------+
    |           Variable Name           | Operation| DSP| FF| LUT | Bitwidth P0| Bitwidth P1|
    +-----------------------------------+----------+----+---+-----+------------+------------+
    |add_ln29_1_fu_691_p2               |         +|   0|  0|    9|           2|           1|
    |add_ln29_fu_676_p2                 |         +|   0|  0|   21|          14|           1|
    |add_ln31_1_fu_1054_p2              |         +|   0|  0|   20|          13|           1|
    |add_ln31_fu_761_p2                 |         +|   0|  0|   12|           5|           1|
    |add_ln33_31_fu_1040_p2             |         +|   0|  0|   16|           9|           1|
    |add_ln33_fu_847_p2                 |         +|   0|  0|   15|           8|           4|
    |add_ln35_1_fu_1034_p2              |         +|   0|  0|   15|           8|           1|
    |add_ln35_fu_1028_p2                |         +|   0|  0|   12|           4|           1|
    |add_ln38_10_fu_1368_p2             |         +|   0|  0|   71|          64|           5|
    |add_ln38_11_fu_1393_p2             |         +|   0|  0|   71|          64|           5|
    |add_ln38_12_fu_1418_p2             |         +|   0|  0|   71|          64|           5|
    |add_ln38_13_fu_1443_p2             |         +|   0|  0|   71|          64|           5|
    |add_ln38_14_fu_1458_p2             |         +|   0|  0|   71|          64|           5|
    |add_ln38_1_fu_1143_p2              |         +|   0|  0|   71|          64|           3|
    |add_ln38_2_fu_1168_p2              |         +|   0|  0|   71|          64|           3|
    |add_ln38_3_fu_1193_p2              |         +|   0|  0|   71|          64|           4|
    |add_ln38_4_fu_1218_p2              |         +|   0|  0|   71|          64|           4|
    |add_ln38_5_fu_1243_p2              |         +|   0|  0|   71|          64|           4|
    |add_ln38_6_fu_1268_p2              |         +|   0|  0|   71|          64|           4|
    |add_ln38_7_fu_1293_p2              |         +|   0|  0|   71|          64|           5|
    |add_ln38_8_fu_1318_p2              |         +|   0|  0|   71|          64|           5|
    |add_ln38_9_fu_1343_p2              |         +|   0|  0|   71|          64|           5|
    |add_ln38_fu_1118_p2                |         +|   0|  0|   71|          64|           2|
    |empty_198_fu_917_p2                |         +|   0|  0|   16|           7|           7|
    |empty_199_fu_931_p2                |         +|   0|  0|   18|          11|          11|
    |empty_201_fu_996_p2                |         +|   0|  0|   64|          64|          64|
    |tmp2_fu_991_p2                     |         +|   0|  0|   64|          64|          64|
    |empty_197_fu_911_p2                |         -|   0|  0|   16|           7|           7|
    |empty_200_fu_969_p2                |         -|   0|  0|   27|          20|          20|
    |and_ln29_1_fu_755_p2               |       and|   0|  0|    2|           1|           1|
    |and_ln29_fu_743_p2                 |       and|   0|  0|    2|           1|           1|
    |and_ln31_fu_841_p2                 |       and|   0|  0|    2|           1|           1|
    |ap_block_pp0_stage0_11001          |       and|   0|  0|    2|           1|           1|
    |ap_block_pp0_stage10_11001         |       and|   0|  0|    2|           1|           1|
    |ap_block_pp0_stage11_11001         |       and|   0|  0|    2|           1|           1|
    |ap_block_pp0_stage12_11001         |       and|   0|  0|    2|           1|           1|
    |ap_block_pp0_stage13_11001         |       and|   0|  0|    2|           1|           1|
    |ap_block_pp0_stage14_11001         |       and|   0|  0|    2|           1|           1|
    |ap_block_pp0_stage15_11001         |       and|   0|  0|    2|           1|           1|
    |ap_block_pp0_stage1_11001          |       and|   0|  0|    2|           1|           1|
    |ap_block_pp0_stage9_11001          |       and|   0|  0|    2|           1|           1|
    |ap_block_state10_io                |       and|   0|  0|    2|           1|           1|
    |ap_block_state10_pp0_stage9_iter0  |       and|   0|  0|    2|           1|           1|
    |icmp_ln29_fu_670_p2                |      icmp|   0|  0|   12|          14|          14|
    |icmp_ln31_fu_697_p2                |      icmp|   0|  0|   12|          13|          12|
    |icmp_ln33_fu_749_p2                |      icmp|   0|  0|   11|           9|           8|
    |icmp_ln35_fu_737_p2                |      icmp|   0|  0|    9|           4|           5|
    |icmp_ln38_fu_1016_p2               |      icmp|   0|  0|    8|           3|           2|
    |icmp_ln39_fu_1022_p2               |      icmp|   0|  0|    9|           4|           3|
    |lshr_ln38_10_fu_1580_p2            |      lshr|   0|  0|  950|         256|         256|
    |lshr_ln38_11_fu_1588_p2            |      lshr|   0|  0|  950|         256|         256|
    |lshr_ln38_12_fu_1596_p2            |      lshr|   0|  0|  950|         256|         256|
    |lshr_ln38_13_fu_1604_p2            |      lshr|   0|  0|  950|         256|         256|
    |lshr_ln38_14_fu_1612_p2            |      lshr|   0|  0|  950|         256|         256|
    |lshr_ln38_15_fu_1620_p2            |      lshr|   0|  0|  950|         256|         256|
    |lshr_ln38_1_fu_1508_p2             |      lshr|   0|  0|  950|         256|         256|
    |lshr_ln38_2_fu_1516_p2             |      lshr|   0|  0|  950|         256|         256|
    |lshr_ln38_3_fu_1524_p2             |      lshr|   0|  0|  950|         256|         256|
    |lshr_ln38_4_fu_1532_p2             |      lshr|   0|  0|  950|         256|         256|
    |lshr_ln38_5_fu_1540_p2             |      lshr|   0|  0|  950|         256|         256|
    |lshr_ln38_6_fu_1548_p2             |      lshr|   0|  0|  950|         256|         256|
    |lshr_ln38_7_fu_1556_p2             |      lshr|   0|  0|  950|         256|         256|
    |lshr_ln38_8_fu_1564_p2             |      lshr|   0|  0|  950|         256|         256|
    |lshr_ln38_9_fu_1572_p2             |      lshr|   0|  0|  950|         256|         256|
    |lshr_ln38_fu_1500_p2               |      lshr|   0|  0|  950|         256|         256|
    |ap_block_pp0_stage2_11001          |        or|   0|  0|    2|           1|           1|
    |ap_block_pp0_stage3_11001          |        or|   0|  0|    2|           1|           1|
    |ap_block_pp0_stage4_11001          |        or|   0|  0|    2|           1|           1|
    |ap_block_pp0_stage5_11001          |        or|   0|  0|    2|           1|           1|
    |ap_block_pp0_stage6_11001          |        or|   0|  0|    2|           1|           1|
    |ap_block_pp0_stage7_11001          |        or|   0|  0|    2|           1|           1|
    |ap_block_pp0_stage8_11001          |        or|   0|  0|    2|           1|           1|
    |or_ln31_1_fu_835_p2                |        or|   0|  0|    2|           1|           1|
    |or_ln31_fu_767_p2                  |        or|   0|  0|    2|           1|           1|
    |or_ln33_1_fu_859_p2                |        or|   0|  0|    2|           1|           1|
    |or_ln33_fu_853_p2                  |        or|   0|  0|    2|           1|           1|
    |select_ln29_1_fu_711_p3            |    select|   0|  0|    2|           1|           2|
    |select_ln29_2_fu_723_p3            |    select|   0|  0|    9|           1|           1|
    |select_ln29_fu_703_p3              |    select|   0|  0|    5|           1|           1|
    |select_ln31_1_fu_781_p3            |    select|   0|  0|    8|           1|           1|
    |select_ln31_2_fu_789_p3            |    select|   0|  0|    5|           1|           5|
    |select_ln31_3_fu_813_p3            |    select|   0|  0|    9|           1|           9|
    |select_ln31_4_fu_821_p3            |    select|   0|  0|    5|           1|           1|
    |select_ln31_5_fu_1060_p3           |    select|   0|  0|   12|           1|           1|
    |select_ln31_fu_773_p3              |    select|   0|  0|    8|           1|           1|
    |select_ln33_1_fu_873_p3            |    select|   0|  0|    8|           1|           8|
    |select_ln33_2_fu_891_p3            |    select|   0|  0|    5|           1|           5|
    |select_ln33_3_fu_937_p3            |    select|   0|  0|    8|           1|           8|
    |select_ln33_4_fu_1046_p3           |    select|   0|  0|    9|           1|           1|
    |select_ln33_fu_865_p3              |    select|   0|  0|    4|           1|           1|
    |select_ln38_fu_1664_p3             |    select|   0|  0|  208|           1|         256|
    |ap_enable_pp0                      |       xor|   0|  0|    2|           1|           2|
    |xor_ln29_fu_731_p2                 |       xor|   0|  0|    2|           1|           2|
    |xor_ln31_fu_829_p2                 |       xor|   0|  0|    2|           1|           2|
    +-----------------------------------+----------+----+---+-----+------------+------------+
    |Total                              |          |   0|  0|17012|        5382|        4720|
    +-----------------------------------+----------+----+---+-----+------------+------------+

    * Multiplexer: 
    +-----------------------------+----+-----------+-----+-----------+
    |             Name            | LUT| Input Size| Bits| Total Bits|
    +-----------------------------+----+-----------+-----+-----------+
    |ap_NS_fsm                    |  81|         17|    1|         17|
    |ap_done_int                  |   9|          2|    1|          2|
    |ap_enable_reg_pp0_iter0      |   9|          2|    1|          2|
    |ap_enable_reg_pp0_iter0_reg  |   9|          2|    1|          2|
    |ap_enable_reg_pp0_iter1      |   9|          2|    1|          2|
    |channel_fu_214               |   9|          2|    2|          4|
    |dim_out_1_fu_198             |   9|          2|    8|         16|
    |dim_out_fu_186               |   9|          2|    8|         16|
    |dim_out_offset_fu_190        |   9|          2|    4|          8|
    |indvar_flatten22_fu_210      |   9|          2|   13|         26|
    |indvar_flatten56_fu_218      |   9|          2|   14|         28|
    |indvar_flatten_fu_202        |   9|          2|    9|         18|
    |m_axi_weights_ARADDR         |  81|         17|   64|       1088|
    |weights_blk_n_AR             |   9|          2|    1|          2|
    |weights_blk_n_R              |   9|          2|    1|          2|
    |y_fu_206                     |   9|          2|    5|         10|
    +-----------------------------+----+-----------+-----+-----------+
    |Total                        | 288|         62|  134|       1243|
    +-----------------------------+----+-----------+-----+-----------+

    * Register: 
    +----------------------------------+-----+----+-----+-----------+
    |               Name               |  FF | LUT| Bits| Const Bits|
    +----------------------------------+-----+----+-----+-----------+
    |ap_CS_fsm                         |   16|   0|   16|          0|
    |ap_done_reg                       |    1|   0|    1|          0|
    |ap_enable_reg_pp0_iter0_reg       |    1|   0|    1|          0|
    |ap_enable_reg_pp0_iter1           |    1|   0|    1|          0|
    |channel_fu_214                    |    2|   0|    2|          0|
    |dim_out_1_fu_198                  |    8|   0|    8|          0|
    |dim_out_fu_186                    |    8|   0|    8|          0|
    |dim_out_offset_fu_190             |    4|   0|    4|          0|
    |empty_199_reg_1848                |   11|   0|   11|          0|
    |empty_199_reg_1848_pp0_iter1_reg  |   11|   0|   11|          0|
    |empty_201_reg_1853                |   64|   0|   64|          0|
    |icmp_ln29_reg_1844                |    1|   0|    1|          0|
    |icmp_ln38_reg_1877                |    1|   0|    1|          0|
    |icmp_ln38_reg_1877_pp0_iter1_reg  |    1|   0|    1|          0|
    |icmp_ln39_reg_1882                |    1|   0|    1|          0|
    |icmp_ln39_reg_1882_pp0_iter1_reg  |    1|   0|    1|          0|
    |indvar_flatten22_fu_210           |   13|   0|   13|          0|
    |indvar_flatten56_fu_218           |   14|   0|   14|          0|
    |indvar_flatten_fu_202             |    9|   0|    9|          0|
    |trunc_ln38_11_reg_1947            |   59|   0|   59|          0|
    |trunc_ln38_13_reg_1958            |   59|   0|   59|          0|
    |trunc_ln38_15_reg_1974            |   59|   0|   59|          0|
    |trunc_ln38_17_reg_1990            |   59|   0|   59|          0|
    |trunc_ln38_19_reg_2006            |   59|   0|   59|          0|
    |trunc_ln38_1_reg_1892             |   59|   0|   59|          0|
    |trunc_ln38_21_reg_2022            |   59|   0|   59|          0|
    |trunc_ln38_23_reg_2038            |   59|   0|   59|          0|
    |trunc_ln38_25_reg_2054            |   59|   0|   59|          0|
    |trunc_ln38_27_reg_2070            |   59|   0|   59|          0|
    |trunc_ln38_29_reg_2075            |   59|   0|   59|          0|
    |trunc_ln38_3_reg_1903             |   59|   0|   59|          0|
    |trunc_ln38_5_reg_1914             |   59|   0|   59|          0|
    |trunc_ln38_7_reg_1925             |   59|   0|   59|          0|
    |trunc_ln38_9_reg_1936             |   59|   0|   59|          0|
    |trunc_ln38_s_reg_1872             |   59|   0|   59|          0|
    |weights_addr_10_read_reg_2107     |  256|   0|  256|          0|
    |weights_addr_11_read_reg_2112     |  256|   0|  256|          0|
    |weights_addr_12_read_reg_2117     |  256|   0|  256|          0|
    |weights_addr_13_read_reg_2122     |  256|   0|  256|          0|
    |weights_addr_14_read_reg_2127     |  256|   0|  256|          0|
    |weights_addr_15_read_reg_2132     |  256|   0|  256|          0|
    |weights_addr_1_read_reg_1979      |  256|   0|  256|          0|
    |weights_addr_2_read_reg_1995      |  256|   0|  256|          0|
    |weights_addr_3_read_reg_2011      |  256|   0|  256|          0|
    |weights_addr_4_read_reg_2027      |  256|   0|  256|          0|
    |weights_addr_5_read_reg_2043      |  256|   0|  256|          0|
    |weights_addr_6_read_reg_2059      |  256|   0|  256|          0|
    |weights_addr_7_read_reg_2080      |  256|   0|  256|          0|
    |weights_addr_8_read_reg_2091      |  256|   0|  256|          0|
    |weights_addr_9_read_reg_2102      |  256|   0|  256|          0|
    |weights_addr_read_reg_1963        |  256|   0|  256|          0|
    |weights_cache_7_3_fu_194          |  256|   0|  256|          0|
    |y_fu_206                          |    5|   0|    5|          0|
    |zext_ln29_cast_reg_1764           |    8|   0|  256|        248|
    |zext_ln38_10_cast_reg_1789        |    8|   0|  256|        248|
    |zext_ln38_11_cast_reg_1784        |    8|   0|  256|        248|
    |zext_ln38_12_cast_reg_1779        |    8|   0|  256|        248|
    |zext_ln38_13_cast_reg_1774        |    8|   0|  256|        248|
    |zext_ln38_14_cast_reg_1769        |    8|   0|  256|        248|
    |zext_ln38_1_cast_reg_1834         |    8|   0|  256|        248|
    |zext_ln38_2_cast_reg_1829         |    8|   0|  256|        248|
    |zext_ln38_3_cast_reg_1824         |    8|   0|  256|        248|
    |zext_ln38_4_cast_reg_1819         |    8|   0|  256|        248|
    |zext_ln38_5_cast_reg_1814         |    8|   0|  256|        248|
    |zext_ln38_6_cast_reg_1809         |    8|   0|  256|        248|
    |zext_ln38_7_cast_reg_1804         |    8|   0|  256|        248|
    |zext_ln38_8_cast_reg_1799         |    8|   0|  256|        248|
    |zext_ln38_9_cast_reg_1794         |    8|   0|  256|        248|
    |zext_ln38_cast_reg_1839           |    8|   0|  256|        248|
    +----------------------------------+-----+----+-----+-----------+
    |Total                             | 5597|   0| 9565|       3968|
    +----------------------------------+-----+----+-----+-----------+



================================================================
== Interface
================================================================
* Summary: 
+------------------------------+-----+------+------------+----------------------------------------------------------------------------------+--------------+
|           RTL Ports          | Dir | Bits |  Protocol  |                                   Source Object                                  |    C Type    |
+------------------------------+-----+------+------------+----------------------------------------------------------------------------------+--------------+
|ap_clk                        |   in|     1|  ap_ctrl_hs|  load_one_time_weights_Pipeline__ln29_for_each_channel__ln33_for_block_dim_out__l|  return value|
|ap_rst                        |   in|     1|  ap_ctrl_hs|  load_one_time_weights_Pipeline__ln29_for_each_channel__ln33_for_block_dim_out__l|  return value|
|ap_start                      |   in|     1|  ap_ctrl_hs|  load_one_time_weights_Pipeline__ln29_for_each_channel__ln33_for_block_dim_out__l|  return value|
|ap_done                       |  out|     1|  ap_ctrl_hs|  load_one_time_weights_Pipeline__ln29_for_each_channel__ln33_for_block_dim_out__l|  return value|
|ap_idle                       |  out|     1|  ap_ctrl_hs|  load_one_time_weights_Pipeline__ln29_for_each_channel__ln33_for_block_dim_out__l|  return value|
|ap_ready                      |  out|     1|  ap_ctrl_hs|  load_one_time_weights_Pipeline__ln29_for_each_channel__ln33_for_block_dim_out__l|  return value|
|m_axi_weights_AWVALID         |  out|     1|       m_axi|                                                                           weights|       pointer|
|m_axi_weights_AWREADY         |   in|     1|       m_axi|                                                                           weights|       pointer|
|m_axi_weights_AWADDR          |  out|    64|       m_axi|                                                                           weights|       pointer|
|m_axi_weights_AWID            |  out|     1|       m_axi|                                                                           weights|       pointer|
|m_axi_weights_AWLEN           |  out|    32|       m_axi|                                                                           weights|       pointer|
|m_axi_weights_AWSIZE          |  out|     3|       m_axi|                                                                           weights|       pointer|
|m_axi_weights_AWBURST         |  out|     2|       m_axi|                                                                           weights|       pointer|
|m_axi_weights_AWLOCK          |  out|     2|       m_axi|                                                                           weights|       pointer|
|m_axi_weights_AWCACHE         |  out|     4|       m_axi|                                                                           weights|       pointer|
|m_axi_weights_AWPROT          |  out|     3|       m_axi|                                                                           weights|       pointer|
|m_axi_weights_AWQOS           |  out|     4|       m_axi|                                                                           weights|       pointer|
|m_axi_weights_AWREGION        |  out|     4|       m_axi|                                                                           weights|       pointer|
|m_axi_weights_AWUSER          |  out|     1|       m_axi|                                                                           weights|       pointer|
|m_axi_weights_WVALID          |  out|     1|       m_axi|                                                                           weights|       pointer|
|m_axi_weights_WREADY          |   in|     1|       m_axi|                                                                           weights|       pointer|
|m_axi_weights_WDATA           |  out|   256|       m_axi|                                                                           weights|       pointer|
|m_axi_weights_WSTRB           |  out|    32|       m_axi|                                                                           weights|       pointer|
|m_axi_weights_WLAST           |  out|     1|       m_axi|                                                                           weights|       pointer|
|m_axi_weights_WID             |  out|     1|       m_axi|                                                                           weights|       pointer|
|m_axi_weights_WUSER           |  out|     1|       m_axi|                                                                           weights|       pointer|
|m_axi_weights_ARVALID         |  out|     1|       m_axi|                                                                           weights|       pointer|
|m_axi_weights_ARREADY         |   in|     1|       m_axi|                                                                           weights|       pointer|
|m_axi_weights_ARADDR          |  out|    64|       m_axi|                                                                           weights|       pointer|
|m_axi_weights_ARID            |  out|     1|       m_axi|                                                                           weights|       pointer|
|m_axi_weights_ARLEN           |  out|    32|       m_axi|                                                                           weights|       pointer|
|m_axi_weights_ARSIZE          |  out|     3|       m_axi|                                                                           weights|       pointer|
|m_axi_weights_ARBURST         |  out|     2|       m_axi|                                                                           weights|       pointer|
|m_axi_weights_ARLOCK          |  out|     2|       m_axi|                                                                           weights|       pointer|
|m_axi_weights_ARCACHE         |  out|     4|       m_axi|                                                                           weights|       pointer|
|m_axi_weights_ARPROT          |  out|     3|       m_axi|                                                                           weights|       pointer|
|m_axi_weights_ARQOS           |  out|     4|       m_axi|                                                                           weights|       pointer|
|m_axi_weights_ARREGION        |  out|     4|       m_axi|                                                                           weights|       pointer|
|m_axi_weights_ARUSER          |  out|     1|       m_axi|                                                                           weights|       pointer|
|m_axi_weights_RVALID          |   in|     1|       m_axi|                                                                           weights|       pointer|
|m_axi_weights_RREADY          |  out|     1|       m_axi|                                                                           weights|       pointer|
|m_axi_weights_RDATA           |   in|   256|       m_axi|                                                                           weights|       pointer|
|m_axi_weights_RLAST           |   in|     1|       m_axi|                                                                           weights|       pointer|
|m_axi_weights_RID             |   in|     1|       m_axi|                                                                           weights|       pointer|
|m_axi_weights_RFIFONUM        |   in|     9|       m_axi|                                                                           weights|       pointer|
|m_axi_weights_RUSER           |   in|     1|       m_axi|                                                                           weights|       pointer|
|m_axi_weights_RRESP           |   in|     2|       m_axi|                                                                           weights|       pointer|
|m_axi_weights_BVALID          |   in|     1|       m_axi|                                                                           weights|       pointer|
|m_axi_weights_BREADY          |  out|     1|       m_axi|                                                                           weights|       pointer|
|m_axi_weights_BRESP           |   in|     2|       m_axi|                                                                           weights|       pointer|
|m_axi_weights_BID             |   in|     1|       m_axi|                                                                           weights|       pointer|
|m_axi_weights_BUSER           |   in|     1|       m_axi|                                                                           weights|       pointer|
|patch_embed_weights_load      |   in|    64|     ap_none|                                                          patch_embed_weights_load|        scalar|
|zext_ln38                     |   in|     8|     ap_none|                                                                         zext_ln38|        scalar|
|zext_ln38_1                   |   in|     8|     ap_none|                                                                       zext_ln38_1|        scalar|
|zext_ln38_2                   |   in|     8|     ap_none|                                                                       zext_ln38_2|        scalar|
|zext_ln38_3                   |   in|     8|     ap_none|                                                                       zext_ln38_3|        scalar|
|zext_ln38_4                   |   in|     8|     ap_none|                                                                       zext_ln38_4|        scalar|
|zext_ln38_5                   |   in|     8|     ap_none|                                                                       zext_ln38_5|        scalar|
|zext_ln38_6                   |   in|     8|     ap_none|                                                                       zext_ln38_6|        scalar|
|zext_ln38_7                   |   in|     8|     ap_none|                                                                       zext_ln38_7|        scalar|
|zext_ln38_8                   |   in|     8|     ap_none|                                                                       zext_ln38_8|        scalar|
|zext_ln38_9                   |   in|     8|     ap_none|                                                                       zext_ln38_9|        scalar|
|zext_ln38_10                  |   in|     8|     ap_none|                                                                      zext_ln38_10|        scalar|
|zext_ln38_11                  |   in|     8|     ap_none|                                                                      zext_ln38_11|        scalar|
|zext_ln38_12                  |   in|     8|     ap_none|                                                                      zext_ln38_12|        scalar|
|zext_ln38_13                  |   in|     8|     ap_none|                                                                      zext_ln38_13|        scalar|
|zext_ln38_14                  |   in|     8|     ap_none|                                                                      zext_ln38_14|        scalar|
|zext_ln29                     |   in|     8|     ap_none|                                                                         zext_ln29|        scalar|
|patch_embed_weights_address0  |  out|    11|   ap_memory|                                                               patch_embed_weights|         array|
|patch_embed_weights_ce0       |  out|     1|   ap_memory|                                                               patch_embed_weights|         array|
|patch_embed_weights_we0       |  out|     1|   ap_memory|                                                               patch_embed_weights|         array|
|patch_embed_weights_d0        |  out|  2048|   ap_memory|                                                               patch_embed_weights|         array|
+------------------------------+-----+------+------------+----------------------------------------------------------------------------------+--------------+

