

================================================================
== Vitis HLS Report for 'load_one_time_weights_Pipeline_ln13_for_block_dim_out'
================================================================
* Date:           Wed Jul 31 17:01:58 2024

* Version:        2022.2 (Build 3670227 on Oct 13 2022)
* Project:        Deit_cpp
* Solution:       solution1 (Vivado IP Flow Target)
* Product family: zynquplus
* Target device:  xck26-sfvc784-2LV-c


================================================================
== Performance Estimates
================================================================
+ Timing: 
    * Summary: 
    +--------+----------+----------+------------+
    |  Clock |  Target  | Estimated| Uncertainty|
    +--------+----------+----------+------------+
    |ap_clk  |  10.00 ns|  7.300 ns|     2.70 ns|
    +--------+----------+----------+------------+

+ Latency: 
    * Summary: 
    +---------+---------+----------+----------+-----+-----+---------+
    |  Latency (cycles) |  Latency (absolute) |  Interval | Pipeline|
    |   min   |   max   |    min   |    max   | min | max |   Type  |
    +---------+---------+----------+----------+-----+-----+---------+
    |      202|      202|  2.020 us|  2.020 us|  202|  202|       no|
    +---------+---------+----------+----------+-----+-----+---------+

    + Detail: 
        * Instance: 
        N/A

        * Loop: 
        +---------------------------+---------+---------+----------+-----------+-----------+------+----------+
        |                           |  Latency (cycles) | Iteration|  Initiation Interval  | Trip |          |
        |         Loop Name         |   min   |   max   |  Latency |  achieved |   target  | Count| Pipelined|
        +---------------------------+---------+---------+----------+-----------+-----------+------+----------+
        |- _ln13_for_block_dim_out  |      200|      200|        17|          8|          1|    24|       yes|
        +---------------------------+---------+---------+----------+-----------+-----------+------+----------+



================================================================
== Utilization Estimates
================================================================
* Summary: 
+-----------------+---------+------+--------+--------+-----+
|       Name      | BRAM_18K|  DSP |   FF   |   LUT  | URAM|
+-----------------+---------+------+--------+--------+-----+
|DSP              |        -|     -|       -|       -|    -|
|Expression       |        -|     -|       0|    8418|    -|
|FIFO             |        -|     -|       -|       -|    -|
|Instance         |        -|     -|       -|       -|    -|
|Memory           |        -|     -|       -|       -|    -|
|Multiplexer      |        -|     -|       -|     197|    -|
|Register         |        -|     -|    2694|       -|    -|
+-----------------+---------+------+--------+--------+-----+
|Total            |        0|     0|    2694|    8615|    0|
+-----------------+---------+------+--------+--------+-----+
|Available        |      288|  1248|  234240|  117120|   64|
+-----------------+---------+------+--------+--------+-----+
|Utilization (%)  |        0|     0|       1|       7|    0|
+-----------------+---------+------+--------+--------+-----+

+ Detail: 
    * Instance: 
    N/A

    * DSP: 
    N/A

    * Memory: 
    N/A

    * FIFO: 
    N/A

    * Expression: 
    +---------------------------+----------+----+---+-----+------------+------------+
    |       Variable Name       | Operation| DSP| FF| LUT | Bitwidth P0| Bitwidth P1|
    +---------------------------+----------+----+---+-----+------------+------------+
    |add_ln13_1_fu_256_p2       |         +|   0|  0|   12|           5|           1|
    |add_ln13_fu_307_p2         |         +|   0|  0|   15|           8|           4|
    |add_ln16_10_fu_640_p2      |         +|   0|  0|   12|           5|           5|
    |add_ln16_11_fu_671_p2      |         +|   0|  0|   12|           5|           5|
    |add_ln16_12_fu_702_p2      |         +|   0|  0|   12|           5|           5|
    |add_ln16_13_fu_733_p2      |         +|   0|  0|   12|           5|           5|
    |add_ln16_14_fu_764_p2      |         +|   0|  0|   12|           5|           5|
    |add_ln16_15_fu_795_p2      |         +|   0|  0|   12|           5|           5|
    |add_ln16_1_fu_342_p2       |         +|   0|  0|   71|          64|          64|
    |add_ln16_2_fu_376_p2       |         +|   0|  0|   71|          64|          64|
    |add_ln16_3_fu_410_p2       |         +|   0|  0|   71|          64|          64|
    |add_ln16_4_fu_444_p2       |         +|   0|  0|   71|          64|          64|
    |add_ln16_5_fu_478_p2       |         +|   0|  0|   71|          64|          64|
    |add_ln16_6_fu_512_p2       |         +|   0|  0|   71|          64|          64|
    |add_ln16_7_fu_546_p2       |         +|   0|  0|   71|          64|          64|
    |add_ln16_8_fu_578_p2       |         +|   0|  0|   12|           5|           5|
    |add_ln16_9_fu_609_p2       |         +|   0|  0|   12|           5|           5|
    |add_ln16_fu_281_p2         |         +|   0|  0|   71|          64|          64|
    |ap_block_pp0_stage0_11001  |       and|   0|  0|    2|           1|           1|
    |ap_block_state2_io         |       and|   0|  0|    2|           1|           1|
    |icmp_ln13_fu_250_p2        |      icmp|   0|  0|    9|           5|           5|
    |lshr_ln16_1_fu_626_p2      |      lshr|   0|  0|  950|         256|         256|
    |lshr_ln16_2_fu_657_p2      |      lshr|   0|  0|  950|         256|         256|
    |lshr_ln16_3_fu_688_p2      |      lshr|   0|  0|  950|         256|         256|
    |lshr_ln16_4_fu_719_p2      |      lshr|   0|  0|  950|         256|         256|
    |lshr_ln16_5_fu_750_p2      |      lshr|   0|  0|  950|         256|         256|
    |lshr_ln16_6_fu_781_p2      |      lshr|   0|  0|  950|         256|         256|
    |lshr_ln16_7_fu_811_p2      |      lshr|   0|  0|  950|         256|         256|
    |lshr_ln16_fu_595_p2        |      lshr|   0|  0|  950|         256|         256|
    |ap_block_pp0_stage1_11001  |        or|   0|  0|    2|           1|           1|
    |ap_block_pp0_stage2_11001  |        or|   0|  0|    2|           1|           1|
    |ap_block_pp0_stage3_11001  |        or|   0|  0|    2|           1|           1|
    |ap_block_pp0_stage4_11001  |        or|   0|  0|    2|           1|           1|
    |ap_block_pp0_stage5_11001  |        or|   0|  0|    2|           1|           1|
    |ap_block_pp0_stage6_11001  |        or|   0|  0|    2|           1|           1|
    |ap_block_pp0_stage7_11001  |        or|   0|  0|    2|           1|           1|
    |or_ln16_10_fu_697_p2       |        or|   0|  0|    5|           5|           4|
    |or_ln16_11_fu_728_p2       |        or|   0|  0|    5|           5|           4|
    |or_ln16_12_fu_759_p2       |        or|   0|  0|    5|           5|           4|
    |or_ln16_13_fu_790_p2       |        or|   0|  0|    5|           5|           4|
    |or_ln16_1_fu_367_p2        |        or|   0|  0|    9|           9|           3|
    |or_ln16_2_fu_401_p2        |        or|   0|  0|    9|           9|           3|
    |or_ln16_3_fu_435_p2        |        or|   0|  0|    9|           9|           4|
    |or_ln16_4_fu_469_p2        |        or|   0|  0|    9|           9|           4|
    |or_ln16_5_fu_503_p2        |        or|   0|  0|    9|           9|           4|
    |or_ln16_6_fu_537_p2        |        or|   0|  0|    9|           9|           4|
    |or_ln16_7_fu_604_p2        |        or|   0|  0|    5|           5|           2|
    |or_ln16_8_fu_635_p2        |        or|   0|  0|    5|           5|           3|
    |or_ln16_9_fu_666_p2        |        or|   0|  0|    5|           5|           3|
    |or_ln16_fu_333_p2          |        or|   0|  0|    9|           9|           2|
    |ap_enable_pp0              |       xor|   0|  0|    2|           1|           2|
    +---------------------------+----------+----+---+-----+------------+------------+
    |Total                      |          |   0|  0| 8418|        2726|        2669|
    +---------------------------+----------+----+---+-----+------------+------------+

    * Multiplexer: 
    +----------------------------------+----+-----------+-----+-----------+
    |               Name               | LUT| Input Size| Bits| Total Bits|
    +----------------------------------+----+-----------+-----+-----------+
    |ap_NS_fsm                         |  49|          9|    1|          9|
    |ap_done_int                       |   9|          2|    1|          2|
    |ap_enable_reg_pp0_iter0           |   9|          2|    1|          2|
    |ap_enable_reg_pp0_iter1           |   9|          2|    1|          2|
    |ap_enable_reg_pp0_iter2           |   9|          2|    1|          2|
    |ap_loop_exit_ready_pp0_iter1_reg  |   9|          2|    1|          2|
    |ap_sig_allocacmp_dim_out_block_1  |   9|          2|    5|         10|
    |ap_sig_allocacmp_dim_out_load     |   9|          2|    8|         16|
    |dim_out_block_fu_112              |   9|          2|    5|         10|
    |dim_out_fu_108                    |   9|          2|    8|         16|
    |m_axi_weights_ARADDR              |  49|          9|   64|        576|
    |weights_blk_n_AR                  |   9|          2|    1|          2|
    |weights_blk_n_R                   |   9|          2|    1|          2|
    +----------------------------------+----+-----------+-----+-----------+
    |Total                             | 197|         40|   98|        651|
    +----------------------------------+----+-----------+-----+-----------+

    * Register: 
    +----------------------------------+-----+----+-----+-----------+
    |               Name               |  FF | LUT| Bits| Const Bits|
    +----------------------------------+-----+----+-----+-----------+
    |add_ln16_15_reg_1074              |    5|   0|    5|          0|
    |ap_CS_fsm                         |    8|   0|    8|          0|
    |ap_done_reg                       |    1|   0|    1|          0|
    |ap_enable_reg_pp0_iter0_reg       |    1|   0|    1|          0|
    |ap_enable_reg_pp0_iter1           |    1|   0|    1|          0|
    |ap_enable_reg_pp0_iter2           |    1|   0|    1|          0|
    |ap_loop_exit_ready_pp0_iter1_reg  |    1|   0|    1|          0|
    |dim_out_block_fu_112              |    5|   0|    5|          0|
    |dim_out_fu_108                    |    8|   0|    8|          0|
    |icmp_ln13_reg_875                 |    1|   0|    1|          0|
    |lshr_ln_reg_900                   |    5|   0|    5|          0|
    |lshr_ln_reg_900_pp0_iter1_reg     |    5|   0|    5|          0|
    |shl_ln5_reg_879                   |    8|   0|    9|          1|
    |trunc_ln16_10_reg_1044            |   16|   0|   16|          0|
    |trunc_ln16_11_reg_955             |   59|   0|   59|          0|
    |trunc_ln16_12_reg_1054            |   16|   0|   16|          0|
    |trunc_ln16_13_reg_966             |   59|   0|   59|          0|
    |trunc_ln16_14_reg_1064            |   16|   0|   16|          0|
    |trunc_ln16_15_reg_977             |   59|   0|   59|          0|
    |trunc_ln16_1_reg_1004             |   16|   0|   16|          0|
    |trunc_ln16_3_reg_1014             |   16|   0|   16|          0|
    |trunc_ln16_4_reg_993              |    4|   0|    5|          1|
    |trunc_ln16_5_reg_1024             |   16|   0|   16|          0|
    |trunc_ln16_6_reg_895              |   59|   0|   59|          0|
    |trunc_ln16_7_reg_1034             |   16|   0|   16|          0|
    |trunc_ln16_8_reg_922              |   59|   0|   59|          0|
    |trunc_ln16_9_reg_944              |   59|   0|   59|          0|
    |trunc_ln16_reg_890                |    4|   0|    4|          0|
    |trunc_ln16_reg_890_pp0_iter1_reg  |    4|   0|    4|          0|
    |trunc_ln16_s_reg_933              |   59|   0|   59|          0|
    |trunc_ln7_reg_911                 |   59|   0|   59|          0|
    |weights_addr_1_read_reg_1009      |  256|   0|  256|          0|
    |weights_addr_2_read_reg_1019      |  256|   0|  256|          0|
    |weights_addr_3_read_reg_1029      |  256|   0|  256|          0|
    |weights_addr_4_read_reg_1039      |  256|   0|  256|          0|
    |weights_addr_5_read_reg_1049      |  256|   0|  256|          0|
    |weights_addr_6_read_reg_1059      |  256|   0|  256|          0|
    |weights_addr_7_read_reg_1069      |  256|   0|  256|          0|
    |weights_addr_read_reg_982         |  256|   0|  256|          0|
    +----------------------------------+-----+----+-----+-----------+
    |Total                             | 2694|   0| 2696|          2|
    +----------------------------------+-----+----+-----+-----------+



================================================================
== Interface
================================================================
* Summary: 
+---------------------------+-----+-----+------------+--------------------------------------------------------+--------------+
|         RTL Ports         | Dir | Bits|  Protocol  |                      Source Object                     |    C Type    |
+---------------------------+-----+-----+------------+--------------------------------------------------------+--------------+
|ap_clk                     |   in|    1|  ap_ctrl_hs|  load_one_time_weights_Pipeline__ln13_for_block_dim_out|  return value|
|ap_rst                     |   in|    1|  ap_ctrl_hs|  load_one_time_weights_Pipeline__ln13_for_block_dim_out|  return value|
|ap_start                   |   in|    1|  ap_ctrl_hs|  load_one_time_weights_Pipeline__ln13_for_block_dim_out|  return value|
|ap_done                    |  out|    1|  ap_ctrl_hs|  load_one_time_weights_Pipeline__ln13_for_block_dim_out|  return value|
|ap_idle                    |  out|    1|  ap_ctrl_hs|  load_one_time_weights_Pipeline__ln13_for_block_dim_out|  return value|
|ap_ready                   |  out|    1|  ap_ctrl_hs|  load_one_time_weights_Pipeline__ln13_for_block_dim_out|  return value|
|m_axi_weights_AWVALID      |  out|    1|       m_axi|                                                 weights|       pointer|
|m_axi_weights_AWREADY      |   in|    1|       m_axi|                                                 weights|       pointer|
|m_axi_weights_AWADDR       |  out|   64|       m_axi|                                                 weights|       pointer|
|m_axi_weights_AWID         |  out|    1|       m_axi|                                                 weights|       pointer|
|m_axi_weights_AWLEN        |  out|   32|       m_axi|                                                 weights|       pointer|
|m_axi_weights_AWSIZE       |  out|    3|       m_axi|                                                 weights|       pointer|
|m_axi_weights_AWBURST      |  out|    2|       m_axi|                                                 weights|       pointer|
|m_axi_weights_AWLOCK       |  out|    2|       m_axi|                                                 weights|       pointer|
|m_axi_weights_AWCACHE      |  out|    4|       m_axi|                                                 weights|       pointer|
|m_axi_weights_AWPROT       |  out|    3|       m_axi|                                                 weights|       pointer|
|m_axi_weights_AWQOS        |  out|    4|       m_axi|                                                 weights|       pointer|
|m_axi_weights_AWREGION     |  out|    4|       m_axi|                                                 weights|       pointer|
|m_axi_weights_AWUSER       |  out|    1|       m_axi|                                                 weights|       pointer|
|m_axi_weights_WVALID       |  out|    1|       m_axi|                                                 weights|       pointer|
|m_axi_weights_WREADY       |   in|    1|       m_axi|                                                 weights|       pointer|
|m_axi_weights_WDATA        |  out|  256|       m_axi|                                                 weights|       pointer|
|m_axi_weights_WSTRB        |  out|   32|       m_axi|                                                 weights|       pointer|
|m_axi_weights_WLAST        |  out|    1|       m_axi|                                                 weights|       pointer|
|m_axi_weights_WID          |  out|    1|       m_axi|                                                 weights|       pointer|
|m_axi_weights_WUSER        |  out|    1|       m_axi|                                                 weights|       pointer|
|m_axi_weights_ARVALID      |  out|    1|       m_axi|                                                 weights|       pointer|
|m_axi_weights_ARREADY      |   in|    1|       m_axi|                                                 weights|       pointer|
|m_axi_weights_ARADDR       |  out|   64|       m_axi|                                                 weights|       pointer|
|m_axi_weights_ARID         |  out|    1|       m_axi|                                                 weights|       pointer|
|m_axi_weights_ARLEN        |  out|   32|       m_axi|                                                 weights|       pointer|
|m_axi_weights_ARSIZE       |  out|    3|       m_axi|                                                 weights|       pointer|
|m_axi_weights_ARBURST      |  out|    2|       m_axi|                                                 weights|       pointer|
|m_axi_weights_ARLOCK       |  out|    2|       m_axi|                                                 weights|       pointer|
|m_axi_weights_ARCACHE      |  out|    4|       m_axi|                                                 weights|       pointer|
|m_axi_weights_ARPROT       |  out|    3|       m_axi|                                                 weights|       pointer|
|m_axi_weights_ARQOS        |  out|    4|       m_axi|                                                 weights|       pointer|
|m_axi_weights_ARREGION     |  out|    4|       m_axi|                                                 weights|       pointer|
|m_axi_weights_ARUSER       |  out|    1|       m_axi|                                                 weights|       pointer|
|m_axi_weights_RVALID       |   in|    1|       m_axi|                                                 weights|       pointer|
|m_axi_weights_RREADY       |  out|    1|       m_axi|                                                 weights|       pointer|
|m_axi_weights_RDATA        |   in|  256|       m_axi|                                                 weights|       pointer|
|m_axi_weights_RLAST        |   in|    1|       m_axi|                                                 weights|       pointer|
|m_axi_weights_RID          |   in|    1|       m_axi|                                                 weights|       pointer|
|m_axi_weights_RFIFONUM     |   in|    9|       m_axi|                                                 weights|       pointer|
|m_axi_weights_RUSER        |   in|    1|       m_axi|                                                 weights|       pointer|
|m_axi_weights_RRESP        |   in|    2|       m_axi|                                                 weights|       pointer|
|m_axi_weights_BVALID       |   in|    1|       m_axi|                                                 weights|       pointer|
|m_axi_weights_BREADY       |  out|    1|       m_axi|                                                 weights|       pointer|
|m_axi_weights_BRESP        |   in|    2|       m_axi|                                                 weights|       pointer|
|m_axi_weights_BID          |   in|    1|       m_axi|                                                 weights|       pointer|
|m_axi_weights_BUSER        |   in|    1|       m_axi|                                                 weights|       pointer|
|patch_embed_bias_load      |   in|   64|     ap_none|                                   patch_embed_bias_load|        scalar|
|trunc_ln16_2               |   in|    5|     ap_none|                                            trunc_ln16_2|        scalar|
|patch_embed_bias_address0  |  out|    5|   ap_memory|                                        patch_embed_bias|         array|
|patch_embed_bias_ce0       |  out|    1|   ap_memory|                                        patch_embed_bias|         array|
|patch_embed_bias_we0       |  out|    1|   ap_memory|                                        patch_embed_bias|         array|
|patch_embed_bias_d0        |  out|  128|   ap_memory|                                        patch_embed_bias|         array|
+---------------------------+-----+-----+------------+--------------------------------------------------------+--------------+

