

================================================================
== Vitis HLS Report for 'load_norms'
================================================================
* Date:           Wed Jul 31 17:03:01 2024

* Version:        2022.2 (Build 3670227 on Oct 13 2022)
* Project:        Deit_cpp
* Solution:       solution1 (Vivado IP Flow Target)
* Product family: zynquplus
* Target device:  xck26-sfvc784-2LV-c


================================================================
== Performance Estimates
================================================================
+ Timing: 
    * Summary: 
    +--------+----------+----------+------------+
    |  Clock |  Target  | Estimated| Uncertainty|
    +--------+----------+----------+------------+
    |ap_clk  |  10.00 ns|  7.300 ns|     2.70 ns|
    +--------+----------+----------+------------+

+ Latency: 
    * Summary: 
    +---------+---------+----------+----------+-----+-----+---------+
    |  Latency (cycles) |  Latency (absolute) |  Interval | Pipeline|
    |   min   |   max   |    min   |    max   | min | max |   Type  |
    +---------+---------+----------+----------+-----+-----+---------+
    |      815|      815|  8.150 us|  8.150 us|  815|  815|       no|
    +---------+---------+----------+----------+-----+-----+---------+

    + Detail: 
        * Instance: 
        +------------------------------------------------------+--------------------------------------------+---------+---------+----------+----------+-----+-----+---------+
        |                                                      |                                            |  Latency (cycles) |  Latency (absolute) |  Interval | Pipeline|
        |                       Instance                       |                   Module                   |   min   |   max   |    min   |    max   | min | max |   Type  |
        +------------------------------------------------------+--------------------------------------------+---------+---------+----------+----------+-----+-----+---------+
        |grp_load_norms_Pipeline_ln16_for_block_dim_out_fu_52  |load_norms_Pipeline_ln16_for_block_dim_out  |      202|      202|  2.020 us|  2.020 us|  202|  202|       no|
        |grp_load_norms_Pipeline_ln28_for_block_dim_out_fu_63  |load_norms_Pipeline_ln28_for_block_dim_out  |      202|      202|  2.020 us|  2.020 us|  202|  202|       no|
        |grp_load_norms_Pipeline_ln40_for_block_dim_out_fu_74  |load_norms_Pipeline_ln40_for_block_dim_out  |      202|      202|  2.020 us|  2.020 us|  202|  202|       no|
        |grp_load_norms_Pipeline_ln52_for_block_dim_out_fu_84  |load_norms_Pipeline_ln52_for_block_dim_out  |      202|      202|  2.020 us|  2.020 us|  202|  202|       no|
        +------------------------------------------------------+--------------------------------------------+---------+---------+----------+----------+-----+-----+---------+

        * Loop: 
        N/A



================================================================
== Utilization Estimates
================================================================
* Summary: 
+-----------------+---------+------+--------+--------+-----+
|       Name      | BRAM_18K|  DSP |   FF   |   LUT  | URAM|
+-----------------+---------+------+--------+--------+-----+
|DSP              |        -|     -|       -|       -|    -|
|Expression       |        -|     -|       0|     142|    -|
|FIFO             |        -|     -|       -|       -|    -|
|Instance         |        -|     -|   10776|   34460|    -|
|Memory           |        -|     -|       -|       -|    -|
|Multiplexer      |        -|     -|       -|     499|    -|
|Register         |        -|     -|     150|       -|    -|
+-----------------+---------+------+--------+--------+-----+
|Total            |        0|     0|   10926|   35101|    0|
+-----------------+---------+------+--------+--------+-----+
|Available        |      288|  1248|  234240|  117120|   64|
+-----------------+---------+------+--------+--------+-----+
|Utilization (%)  |        0|     0|       4|      29|    0|
+-----------------+---------+------+--------+--------+-----+

+ Detail: 
    * Instance: 
    +------------------------------------------------------+--------------------------------------------+---------+----+------+------+-----+
    |                       Instance                       |                   Module                   | BRAM_18K| DSP|  FF  |  LUT | URAM|
    +------------------------------------------------------+--------------------------------------------+---------+----+------+------+-----+
    |grp_load_norms_Pipeline_ln16_for_block_dim_out_fu_52  |load_norms_Pipeline_ln16_for_block_dim_out  |        0|   0|  2694|  8615|    0|
    |grp_load_norms_Pipeline_ln28_for_block_dim_out_fu_63  |load_norms_Pipeline_ln28_for_block_dim_out  |        0|   0|  2694|  8615|    0|
    |grp_load_norms_Pipeline_ln40_for_block_dim_out_fu_74  |load_norms_Pipeline_ln40_for_block_dim_out  |        0|   0|  2694|  8615|    0|
    |grp_load_norms_Pipeline_ln52_for_block_dim_out_fu_84  |load_norms_Pipeline_ln52_for_block_dim_out  |        0|   0|  2694|  8615|    0|
    +------------------------------------------------------+--------------------------------------------+---------+----+------+------+-----+
    |Total                                                 |                                            |        0|   0| 10776| 34460|    0|
    +------------------------------------------------------+--------------------------------------------+---------+----+------+------+-----+

    * DSP: 
    N/A

    * Memory: 
    N/A

    * FIFO: 
    N/A

    * Expression: 
    +---------------------+----------+----+---+----+------------+------------+
    |    Variable Name    | Operation| DSP| FF| LUT| Bitwidth P0| Bitwidth P1|
    +---------------------+----------+----+---+----+------------+------------+
    |empty_202_fu_110_p2  |         +|   0|  0|  71|          64|           9|
    |empty_fu_104_p2      |         +|   0|  0|  71|          64|           9|
    +---------------------+----------+----+---+----+------------+------------+
    |Total                |          |   0|  0| 142|         128|          18|
    +---------------------+----------+----+---+----+------------+------------+

    * Multiplexer: 
    +------------------------+----+-----------+-----+-----------+
    |          Name          | LUT| Input Size| Bits| Total Bits|
    +------------------------+----+-----------+-----+-----------+
    |ap_NS_fsm               |  49|          9|    1|          9|
    |m_axi_weights_ARADDR    |  26|          5|   64|        320|
    |m_axi_weights_ARBURST   |  26|          5|    2|         10|
    |m_axi_weights_ARCACHE   |  26|          5|    4|         20|
    |m_axi_weights_ARID      |  26|          5|    1|          5|
    |m_axi_weights_ARLEN     |  26|          5|   32|        160|
    |m_axi_weights_ARLOCK    |  26|          5|    2|         10|
    |m_axi_weights_ARPROT    |  26|          5|    3|         15|
    |m_axi_weights_ARQOS     |  26|          5|    4|         20|
    |m_axi_weights_ARREGION  |  26|          5|    4|         20|
    |m_axi_weights_ARSIZE    |  26|          5|    3|         15|
    |m_axi_weights_ARUSER    |  26|          5|    1|          5|
    |m_axi_weights_ARVALID   |  26|          5|    1|          5|
    |m_axi_weights_RREADY    |  26|          5|    1|          5|
    |norm1_bias_address0     |  14|          3|    5|         15|
    |norm1_bias_ce0          |  14|          3|    1|          3|
    |norm1_bias_d0           |  14|          3|  128|        384|
    |norm1_bias_we0          |  14|          3|    1|          3|
    |norm1_weights_address0  |  14|          3|    5|         15|
    |norm1_weights_ce0       |  14|          3|    1|          3|
    |norm1_weights_d0        |  14|          3|  128|        384|
    |norm1_weights_we0       |  14|          3|    1|          3|
    +------------------------+----+-----------+-----+-----------+
    |Total                   | 499|         98|  393|       1429|
    +------------------------+----+-----------+-----+-----------+

    * Register: 
    +-------------------------------------------------------------------+----+----+-----+-----------+
    |                                Name                               | FF | LUT| Bits| Const Bits|
    +-------------------------------------------------------------------+----+----+-----+-----------+
    |ap_CS_fsm                                                          |   8|   0|    8|          0|
    |empty_202_reg_145                                                  |  64|   0|   64|          0|
    |empty_reg_140                                                      |  64|   0|   64|          0|
    |grp_load_norms_Pipeline_ln16_for_block_dim_out_fu_52_ap_start_reg  |   1|   0|    1|          0|
    |grp_load_norms_Pipeline_ln28_for_block_dim_out_fu_63_ap_start_reg  |   1|   0|    1|          0|
    |grp_load_norms_Pipeline_ln40_for_block_dim_out_fu_74_ap_start_reg  |   1|   0|    1|          0|
    |grp_load_norms_Pipeline_ln52_for_block_dim_out_fu_84_ap_start_reg  |   1|   0|    1|          0|
    |trunc_ln19_reg_122                                                 |   5|   0|    5|          0|
    |trunc_ln31_reg_134                                                 |   5|   0|    5|          0|
    +-------------------------------------------------------------------+----+----+-----+-----------+
    |Total                                                              | 150|   0|  150|          0|
    +-------------------------------------------------------------------+----+----+-----+-----------+



================================================================
== Interface
================================================================
* Summary: 
+------------------------+-----+-----+------------+---------------+--------------+
|        RTL Ports       | Dir | Bits|  Protocol  | Source Object |    C Type    |
+------------------------+-----+-----+------------+---------------+--------------+
|ap_clk                  |   in|    1|  ap_ctrl_hs|     load_norms|  return value|
|ap_rst                  |   in|    1|  ap_ctrl_hs|     load_norms|  return value|
|ap_start                |   in|    1|  ap_ctrl_hs|     load_norms|  return value|
|ap_done                 |  out|    1|  ap_ctrl_hs|     load_norms|  return value|
|ap_idle                 |  out|    1|  ap_ctrl_hs|     load_norms|  return value|
|ap_ready                |  out|    1|  ap_ctrl_hs|     load_norms|  return value|
|m_axi_weights_AWVALID   |  out|    1|       m_axi|        weights|       pointer|
|m_axi_weights_AWREADY   |   in|    1|       m_axi|        weights|       pointer|
|m_axi_weights_AWADDR    |  out|   64|       m_axi|        weights|       pointer|
|m_axi_weights_AWID      |  out|    1|       m_axi|        weights|       pointer|
|m_axi_weights_AWLEN     |  out|   32|       m_axi|        weights|       pointer|
|m_axi_weights_AWSIZE    |  out|    3|       m_axi|        weights|       pointer|
|m_axi_weights_AWBURST   |  out|    2|       m_axi|        weights|       pointer|
|m_axi_weights_AWLOCK    |  out|    2|       m_axi|        weights|       pointer|
|m_axi_weights_AWCACHE   |  out|    4|       m_axi|        weights|       pointer|
|m_axi_weights_AWPROT    |  out|    3|       m_axi|        weights|       pointer|
|m_axi_weights_AWQOS     |  out|    4|       m_axi|        weights|       pointer|
|m_axi_weights_AWREGION  |  out|    4|       m_axi|        weights|       pointer|
|m_axi_weights_AWUSER    |  out|    1|       m_axi|        weights|       pointer|
|m_axi_weights_WVALID    |  out|    1|       m_axi|        weights|       pointer|
|m_axi_weights_WREADY    |   in|    1|       m_axi|        weights|       pointer|
|m_axi_weights_WDATA     |  out|  256|       m_axi|        weights|       pointer|
|m_axi_weights_WSTRB     |  out|   32|       m_axi|        weights|       pointer|
|m_axi_weights_WLAST     |  out|    1|       m_axi|        weights|       pointer|
|m_axi_weights_WID       |  out|    1|       m_axi|        weights|       pointer|
|m_axi_weights_WUSER     |  out|    1|       m_axi|        weights|       pointer|
|m_axi_weights_ARVALID   |  out|    1|       m_axi|        weights|       pointer|
|m_axi_weights_ARREADY   |   in|    1|       m_axi|        weights|       pointer|
|m_axi_weights_ARADDR    |  out|   64|       m_axi|        weights|       pointer|
|m_axi_weights_ARID      |  out|    1|       m_axi|        weights|       pointer|
|m_axi_weights_ARLEN     |  out|   32|       m_axi|        weights|       pointer|
|m_axi_weights_ARSIZE    |  out|    3|       m_axi|        weights|       pointer|
|m_axi_weights_ARBURST   |  out|    2|       m_axi|        weights|       pointer|
|m_axi_weights_ARLOCK    |  out|    2|       m_axi|        weights|       pointer|
|m_axi_weights_ARCACHE   |  out|    4|       m_axi|        weights|       pointer|
|m_axi_weights_ARPROT    |  out|    3|       m_axi|        weights|       pointer|
|m_axi_weights_ARQOS     |  out|    4|       m_axi|        weights|       pointer|
|m_axi_weights_ARREGION  |  out|    4|       m_axi|        weights|       pointer|
|m_axi_weights_ARUSER    |  out|    1|       m_axi|        weights|       pointer|
|m_axi_weights_RVALID    |   in|    1|       m_axi|        weights|       pointer|
|m_axi_weights_RREADY    |  out|    1|       m_axi|        weights|       pointer|
|m_axi_weights_RDATA     |   in|  256|       m_axi|        weights|       pointer|
|m_axi_weights_RLAST     |   in|    1|       m_axi|        weights|       pointer|
|m_axi_weights_RID       |   in|    1|       m_axi|        weights|       pointer|
|m_axi_weights_RFIFONUM  |   in|    9|       m_axi|        weights|       pointer|
|m_axi_weights_RUSER     |   in|    1|       m_axi|        weights|       pointer|
|m_axi_weights_RRESP     |   in|    2|       m_axi|        weights|       pointer|
|m_axi_weights_BVALID    |   in|    1|       m_axi|        weights|       pointer|
|m_axi_weights_BREADY    |  out|    1|       m_axi|        weights|       pointer|
|m_axi_weights_BRESP     |   in|    2|       m_axi|        weights|       pointer|
|m_axi_weights_BID       |   in|    1|       m_axi|        weights|       pointer|
|m_axi_weights_BUSER     |   in|    1|       m_axi|        weights|       pointer|
|norm_weights            |   in|   64|     ap_none|   norm_weights|        scalar|
|norm_bias               |   in|   64|     ap_none|      norm_bias|        scalar|
|norm1_bias_address0     |  out|    5|   ap_memory|     norm1_bias|         array|
|norm1_bias_ce0          |  out|    1|   ap_memory|     norm1_bias|         array|
|norm1_bias_we0          |  out|    1|   ap_memory|     norm1_bias|         array|
|norm1_bias_d0           |  out|  128|   ap_memory|     norm1_bias|         array|
|norm1_weights_address0  |  out|    5|   ap_memory|  norm1_weights|         array|
|norm1_weights_ce0       |  out|    1|   ap_memory|  norm1_weights|         array|
|norm1_weights_we0       |  out|    1|   ap_memory|  norm1_weights|         array|
|norm1_weights_d0        |  out|  128|   ap_memory|  norm1_weights|         array|
+------------------------+-----+-----+------------+---------------+--------------+

