

================================================================
== Vitis HLS Report for 'patch_embed_output_Pipeline_ln147_for_each_patch_x_ln149_for_block_dim'
================================================================
* Date:           Wed Jul 31 17:02:26 2024

* Version:        2022.2 (Build 3670227 on Oct 13 2022)
* Project:        Deit_cpp
* Solution:       solution1 (Vivado IP Flow Target)
* Product family: zynquplus
* Target device:  xck26-sfvc784-2LV-c


================================================================
== Performance Estimates
================================================================
+ Timing: 
    * Summary: 
    +--------+----------+----------+------------+
    |  Clock |  Target  | Estimated| Uncertainty|
    +--------+----------+----------+------------+
    |ap_clk  |  10.00 ns|  7.300 ns|     2.70 ns|
    +--------+----------+----------+------------+

+ Latency: 
    * Summary: 
    +---------+---------+----------+----------+-----+-----+---------+
    |  Latency (cycles) |  Latency (absolute) |  Interval | Pipeline|
    |   min   |   max   |    min   |    max   | min | max |   Type  |
    +---------+---------+----------+----------+-----+-----+---------+
    |      780|      780|  7.800 us|  7.800 us|  780|  780|       no|
    +---------+---------+----------+----------+-----+-----+---------+

    + Detail: 
        * Instance: 
        N/A

        * Loop: 
        +------------------------------------------------+---------+---------+----------+-----------+-----------+------+----------+
        |                                                |  Latency (cycles) | Iteration|  Initiation Interval  | Trip |          |
        |                    Loop Name                   |   min   |   max   |  Latency |  achieved |   target  | Count| Pipelined|
        +------------------------------------------------+---------+---------+----------+-----------+-----------+------+----------+
        |- _ln147_for_each_patch_x__ln149_for_block_dim  |      778|      778|        12|          2|          1|   384|       yes|
        +------------------------------------------------+---------+---------+----------+-----------+-----------+------+----------+



================================================================
== Utilization Estimates
================================================================
* Summary: 
+-----------------+---------+------+--------+--------+-----+
|       Name      | BRAM_18K|  DSP |   FF   |   LUT  | URAM|
+-----------------+---------+------+--------+--------+-----+
|DSP              |        -|     -|       -|       -|    -|
|Expression       |        -|     -|       0|    4982|    -|
|FIFO             |        -|     -|       -|       -|    -|
|Instance         |        -|     -|       -|       -|    -|
|Memory           |        -|     -|       -|       -|    -|
|Multiplexer      |        -|     -|       -|     176|    -|
|Register         |        -|     -|    2733|     288|    -|
+-----------------+---------+------+--------+--------+-----+
|Total            |        0|     0|    2733|    5446|    0|
+-----------------+---------+------+--------+--------+-----+
|Available        |      288|  1248|  234240|  117120|   64|
+-----------------+---------+------+--------+--------+-----+
|Utilization (%)  |        0|     0|       1|       4|    0|
+-----------------+---------+------+--------+--------+-----+

+ Detail: 
    * Instance: 
    N/A

    * DSP: 
    N/A

    * Memory: 
    N/A

    * FIFO: 
    N/A

    * Expression: 
    +-----------------------------------+----------+----+---+------+------------+------------+
    |           Variable Name           | Operation| DSP| FF|  LUT | Bitwidth P0| Bitwidth P1|
    +-----------------------------------+----------+----+---+------+------------+------------+
    |add_ln147_1_fu_331_p2              |         +|   0|  0|    12|           5|           1|
    |add_ln147_fu_322_p2                |         +|   0|  0|    16|           9|           1|
    |add_ln149_fu_633_p2                |         +|   0|  0|    12|           5|           1|
    |add_ln813_27_fu_506_p2             |         +|   0|  0|    71|          64|          64|
    |add_ln813_28_fu_664_p2             |         +|   0|  0|    39|          32|          32|
    |add_ln813_29_fu_679_p2             |         +|   0|  0|    39|          32|          32|
    |add_ln813_30_fu_694_p2             |         +|   0|  0|    39|          32|          32|
    |add_ln813_31_fu_709_p2             |         +|   0|  0|    39|          32|          32|
    |add_ln813_32_fu_724_p2             |         +|   0|  0|    39|          32|          32|
    |add_ln813_33_fu_739_p2             |         +|   0|  0|    39|          32|          32|
    |add_ln813_34_fu_754_p2             |         +|   0|  0|    39|          32|          32|
    |add_ln813_35_fu_769_p2             |         +|   0|  0|    39|          32|          32|
    |add_ln813_fu_496_p2                |         +|   0|  0|    26|          19|          19|
    |empty_186_fu_473_p2                |         +|   0|  0|    19|           8|           8|
    |patch_fu_280_p2                    |         +|   0|  0|    15|           8|           8|
    |patch_mid1_i_fu_359_p2             |         +|   0|  0|    15|           8|           8|
    |empty_185_fu_425_p2                |         -|   0|  0|    19|           8|           8|
    |sub_ln813_46_fu_455_p2             |         -|   0|  0|    26|          19|          19|
    |sub_ln813_fu_310_p2                |         -|   0|  0|    26|          19|          19|
    |ap_block_pp0_stage0_11001          |       and|   0|  0|     2|           1|           1|
    |ap_block_pp0_stage1_01001          |       and|   0|  0|     2|           1|           1|
    |ap_block_state10_pp0_stage1_iter4  |       and|   0|  0|     2|           1|           1|
    |ap_block_state12_io                |       and|   0|  0|     2|           1|           1|
    |ap_block_state2_io                 |       and|   0|  0|     2|           1|           1|
    |ap_block_state9_pp0_stage0_iter4   |       and|   0|  0|     2|           1|           1|
    |ap_condition_367                   |       and|   0|  0|     2|           1|           1|
    |ap_predicate_op111_read_state10    |       and|   0|  0|     2|           1|           1|
    |icmp_ln147_fu_316_p2               |      icmp|   0|  0|    11|           9|           9|
    |icmp_ln149_fu_337_p2               |      icmp|   0|  0|     9|           5|           5|
    |empty_188_fu_543_p2                |      lshr|   0|  0|  2171|         512|         512|
    |lshr_ln813_fu_655_p2               |      lshr|   0|  0|  2171|         512|         512|
    |ap_block_pp0_stage1_11001          |        or|   0|  0|     2|           1|           1|
    |select_ln147_1_fu_365_p3           |    select|   0|  0|     5|           1|           5|
    |select_ln147_2_fu_397_p3           |    select|   0|  0|     3|           1|           3|
    |select_ln147_3_fu_461_p3           |    select|   0|  0|    18|           1|          19|
    |select_ln147_fu_343_p3             |    select|   0|  0|     5|           1|           1|
    |ap_enable_pp0                      |       xor|   0|  0|     2|           1|           2|
    +-----------------------------------+----------+----+---+------+------------+------------+
    |Total                              |          |   0|  0|  4982|        1480|        1489|
    +-----------------------------------+----------+----+---+------+------------+------------+

    * Multiplexer: 
    +----------------------------------------+----+-----------+-----+-----------+
    |                  Name                  | LUT| Input Size| Bits| Total Bits|
    +----------------------------------------+----+-----------+-----+-----------+
    |ap_NS_fsm                               |  14|          3|    1|          3|
    |ap_done_int                             |   9|          2|    1|          2|
    |ap_enable_reg_pp0_iter0                 |   9|          2|    1|          2|
    |ap_enable_reg_pp0_iter5                 |   9|          2|    1|          2|
    |ap_loop_exit_ready_pp0_iter1_reg        |   9|          2|    1|          2|
    |ap_loop_exit_ready_pp0_iter2_reg        |   9|          2|    1|          2|
    |ap_loop_exit_ready_pp0_iter3_reg        |   9|          2|    1|          2|
    |ap_loop_exit_ready_pp0_iter4_reg        |   9|          2|    1|          2|
    |ap_loop_exit_ready_pp0_iter5_reg        |   9|          2|    1|          2|
    |ap_phi_reg_pp0_iter5_empty_reg_224      |   9|          2|  256|        512|
    |ap_sig_allocacmp_dim_block_load         |   9|          2|    5|         10|
    |ap_sig_allocacmp_indvar_flatten_i_load  |   9|          2|    9|         18|
    |ap_sig_allocacmp_patch_x_1              |   9|          2|    5|         10|
    |dim_block_fu_144                        |   9|          2|    5|         10|
    |indvar_flatten_i_fu_152                 |   9|          2|    9|         18|
    |inout2_blk_n_W                          |   9|          2|    1|          2|
    |patch_x_fu_148                          |   9|          2|    5|         10|
    |weights_blk_n_AR                        |   9|          2|    1|          2|
    |weights_blk_n_R                         |   9|          2|    1|          2|
    +----------------------------------------+----+-----------+-----+-----------+
    |Total                                   | 176|         39|  306|        613|
    +----------------------------------------+----+-----------+-----+-----------+

    * Register: 
    +------------------------------------+-----+----+-----+-----------+
    |                Name                |  FF | LUT| Bits| Const Bits|
    +------------------------------------+-----+----+-----+-----------+
    |add_ln813_28_reg_912                |   32|   0|   32|          0|
    |add_ln813_29_reg_917                |   32|   0|   32|          0|
    |add_ln813_30_reg_922                |   32|   0|   32|          0|
    |add_ln813_31_reg_927                |   32|   0|   32|          0|
    |add_ln813_32_reg_932                |   32|   0|   32|          0|
    |add_ln813_33_reg_937                |   32|   0|   32|          0|
    |add_ln813_34_reg_942                |   32|   0|   32|          0|
    |add_ln813_35_reg_947                |   32|   0|   32|          0|
    |ap_CS_fsm                           |    2|   0|    2|          0|
    |ap_done_reg                         |    1|   0|    1|          0|
    |ap_enable_reg_pp0_iter0_reg         |    1|   0|    1|          0|
    |ap_enable_reg_pp0_iter1             |    1|   0|    1|          0|
    |ap_enable_reg_pp0_iter2             |    1|   0|    1|          0|
    |ap_enable_reg_pp0_iter3             |    1|   0|    1|          0|
    |ap_enable_reg_pp0_iter4             |    1|   0|    1|          0|
    |ap_enable_reg_pp0_iter5             |    1|   0|    1|          0|
    |ap_loop_exit_ready_pp0_iter1_reg    |    1|   0|    1|          0|
    |ap_loop_exit_ready_pp0_iter2_reg    |    1|   0|    1|          0|
    |ap_loop_exit_ready_pp0_iter3_reg    |    1|   0|    1|          0|
    |ap_loop_exit_ready_pp0_iter4_reg    |    1|   0|    1|          0|
    |ap_loop_exit_ready_pp0_iter5_reg    |    1|   0|    1|          0|
    |ap_phi_reg_pp0_iter1_empty_reg_224  |  256|   0|  256|          0|
    |ap_phi_reg_pp0_iter2_empty_reg_224  |  256|   0|  256|          0|
    |ap_phi_reg_pp0_iter3_empty_reg_224  |  256|   0|  256|          0|
    |ap_phi_reg_pp0_iter4_empty_reg_224  |  256|   0|  256|          0|
    |ap_phi_reg_pp0_iter5_empty_reg_224  |  256|   0|  256|          0|
    |dim_block_fu_144                    |    5|   0|    5|          0|
    |empty_189_reg_851                   |   32|   0|   32|          0|
    |icmp_ln147_reg_827                  |    1|   0|    1|          0|
    |indvar_flatten_i_fu_152             |    9|   0|    9|          0|
    |p_0_0_1_0_0_0_partselect_i_reg_856  |   32|   0|   32|          0|
    |p_0_0_2_0_0_0_partselect_i_reg_861  |   32|   0|   32|          0|
    |p_0_0_3_0_0_0_partselect_i_reg_866  |   32|   0|   32|          0|
    |p_0_0_4_0_0_0_partselect_i_reg_871  |   32|   0|   32|          0|
    |p_0_0_5_0_0_0_partselect_i_reg_876  |   32|   0|   32|          0|
    |p_0_0_6_0_0_0_partselect_i_reg_881  |   32|   0|   32|          0|
    |p_0_0_7_0_0_0_partselect_i_reg_886  |   32|   0|   32|          0|
    |patch_x_fu_148                      |    5|   0|    5|          0|
    |select_ln147_reg_831                |    5|   0|    5|          0|
    |select_ln813_i_cast_reg_812         |    2|   0|   32|         30|
    |trunc_ln147_2_reg_836               |    1|   0|    1|          0|
    |trunc_ln813_1_i_reg_846             |   59|   0|   59|          0|
    |weights_addr_read_reg_897           |  256|   0|  256|          0|
    |zext_ln147_2_i_cast_reg_817         |    8|   0|  512|        504|
    |empty_189_reg_851                   |   64|  32|   32|          0|
    |icmp_ln147_reg_827                  |   64|  32|    1|          0|
    |p_0_0_1_0_0_0_partselect_i_reg_856  |   64|  32|   32|          0|
    |p_0_0_2_0_0_0_partselect_i_reg_861  |   64|  32|   32|          0|
    |p_0_0_3_0_0_0_partselect_i_reg_866  |   64|  32|   32|          0|
    |p_0_0_4_0_0_0_partselect_i_reg_871  |   64|  32|   32|          0|
    |p_0_0_5_0_0_0_partselect_i_reg_876  |   64|  32|   32|          0|
    |p_0_0_6_0_0_0_partselect_i_reg_881  |   64|  32|   32|          0|
    |p_0_0_7_0_0_0_partselect_i_reg_886  |   64|  32|   32|          0|
    +------------------------------------+-----+----+-----+-----------+
    |Total                               | 2733| 288| 2948|        534|
    +------------------------------------+-----+----+-----+-----------+



================================================================
== Interface
================================================================
* Summary: 
+------------------------+-----+-----+------------+--------------------------------------------------------------------------+--------------+
|        RTL Ports       | Dir | Bits|  Protocol  |                               Source Object                              |    C Type    |
+------------------------+-----+-----+------------+--------------------------------------------------------------------------+--------------+
|ap_clk                  |   in|    1|  ap_ctrl_hs|  patch_embed_output_Pipeline__ln147_for_each_patch_x__ln149_for_block_dim|  return value|
|ap_rst                  |   in|    1|  ap_ctrl_hs|  patch_embed_output_Pipeline__ln147_for_each_patch_x__ln149_for_block_dim|  return value|
|ap_start                |   in|    1|  ap_ctrl_hs|  patch_embed_output_Pipeline__ln147_for_each_patch_x__ln149_for_block_dim|  return value|
|ap_done                 |  out|    1|  ap_ctrl_hs|  patch_embed_output_Pipeline__ln147_for_each_patch_x__ln149_for_block_dim|  return value|
|ap_idle                 |  out|    1|  ap_ctrl_hs|  patch_embed_output_Pipeline__ln147_for_each_patch_x__ln149_for_block_dim|  return value|
|ap_ready                |  out|    1|  ap_ctrl_hs|  patch_embed_output_Pipeline__ln147_for_each_patch_x__ln149_for_block_dim|  return value|
|m_axi_weights_AWVALID   |  out|    1|       m_axi|                                                                   weights|       pointer|
|m_axi_weights_AWREADY   |   in|    1|       m_axi|                                                                   weights|       pointer|
|m_axi_weights_AWADDR    |  out|   64|       m_axi|                                                                   weights|       pointer|
|m_axi_weights_AWID      |  out|    1|       m_axi|                                                                   weights|       pointer|
|m_axi_weights_AWLEN     |  out|   32|       m_axi|                                                                   weights|       pointer|
|m_axi_weights_AWSIZE    |  out|    3|       m_axi|                                                                   weights|       pointer|
|m_axi_weights_AWBURST   |  out|    2|       m_axi|                                                                   weights|       pointer|
|m_axi_weights_AWLOCK    |  out|    2|       m_axi|                                                                   weights|       pointer|
|m_axi_weights_AWCACHE   |  out|    4|       m_axi|                                                                   weights|       pointer|
|m_axi_weights_AWPROT    |  out|    3|       m_axi|                                                                   weights|       pointer|
|m_axi_weights_AWQOS     |  out|    4|       m_axi|                                                                   weights|       pointer|
|m_axi_weights_AWREGION  |  out|    4|       m_axi|                                                                   weights|       pointer|
|m_axi_weights_AWUSER    |  out|    1|       m_axi|                                                                   weights|       pointer|
|m_axi_weights_WVALID    |  out|    1|       m_axi|                                                                   weights|       pointer|
|m_axi_weights_WREADY    |   in|    1|       m_axi|                                                                   weights|       pointer|
|m_axi_weights_WDATA     |  out|  256|       m_axi|                                                                   weights|       pointer|
|m_axi_weights_WSTRB     |  out|   32|       m_axi|                                                                   weights|       pointer|
|m_axi_weights_WLAST     |  out|    1|       m_axi|                                                                   weights|       pointer|
|m_axi_weights_WID       |  out|    1|       m_axi|                                                                   weights|       pointer|
|m_axi_weights_WUSER     |  out|    1|       m_axi|                                                                   weights|       pointer|
|m_axi_weights_ARVALID   |  out|    1|       m_axi|                                                                   weights|       pointer|
|m_axi_weights_ARREADY   |   in|    1|       m_axi|                                                                   weights|       pointer|
|m_axi_weights_ARADDR    |  out|   64|       m_axi|                                                                   weights|       pointer|
|m_axi_weights_ARID      |  out|    1|       m_axi|                                                                   weights|       pointer|
|m_axi_weights_ARLEN     |  out|   32|       m_axi|                                                                   weights|       pointer|
|m_axi_weights_ARSIZE    |  out|    3|       m_axi|                                                                   weights|       pointer|
|m_axi_weights_ARBURST   |  out|    2|       m_axi|                                                                   weights|       pointer|
|m_axi_weights_ARLOCK    |  out|    2|       m_axi|                                                                   weights|       pointer|
|m_axi_weights_ARCACHE   |  out|    4|       m_axi|                                                                   weights|       pointer|
|m_axi_weights_ARPROT    |  out|    3|       m_axi|                                                                   weights|       pointer|
|m_axi_weights_ARQOS     |  out|    4|       m_axi|                                                                   weights|       pointer|
|m_axi_weights_ARREGION  |  out|    4|       m_axi|                                                                   weights|       pointer|
|m_axi_weights_ARUSER    |  out|    1|       m_axi|                                                                   weights|       pointer|
|m_axi_weights_RVALID    |   in|    1|       m_axi|                                                                   weights|       pointer|
|m_axi_weights_RREADY    |  out|    1|       m_axi|                                                                   weights|       pointer|
|m_axi_weights_RDATA     |   in|  256|       m_axi|                                                                   weights|       pointer|
|m_axi_weights_RLAST     |   in|    1|       m_axi|                                                                   weights|       pointer|
|m_axi_weights_RID       |   in|    1|       m_axi|                                                                   weights|       pointer|
|m_axi_weights_RFIFONUM  |   in|    9|       m_axi|                                                                   weights|       pointer|
|m_axi_weights_RUSER     |   in|    1|       m_axi|                                                                   weights|       pointer|
|m_axi_weights_RRESP     |   in|    2|       m_axi|                                                                   weights|       pointer|
|m_axi_weights_BVALID    |   in|    1|       m_axi|                                                                   weights|       pointer|
|m_axi_weights_BREADY    |  out|    1|       m_axi|                                                                   weights|       pointer|
|m_axi_weights_BRESP     |   in|    2|       m_axi|                                                                   weights|       pointer|
|m_axi_weights_BID       |   in|    1|       m_axi|                                                                   weights|       pointer|
|m_axi_weights_BUSER     |   in|    1|       m_axi|                                                                   weights|       pointer|
|m_axi_inout2_AWVALID    |  out|    1|       m_axi|                                                                    inout2|       pointer|
|m_axi_inout2_AWREADY    |   in|    1|       m_axi|                                                                    inout2|       pointer|
|m_axi_inout2_AWADDR     |  out|   64|       m_axi|                                                                    inout2|       pointer|
|m_axi_inout2_AWID       |  out|    1|       m_axi|                                                                    inout2|       pointer|
|m_axi_inout2_AWLEN      |  out|   32|       m_axi|                                                                    inout2|       pointer|
|m_axi_inout2_AWSIZE     |  out|    3|       m_axi|                                                                    inout2|       pointer|
|m_axi_inout2_AWBURST    |  out|    2|       m_axi|                                                                    inout2|       pointer|
|m_axi_inout2_AWLOCK     |  out|    2|       m_axi|                                                                    inout2|       pointer|
|m_axi_inout2_AWCACHE    |  out|    4|       m_axi|                                                                    inout2|       pointer|
|m_axi_inout2_AWPROT     |  out|    3|       m_axi|                                                                    inout2|       pointer|
|m_axi_inout2_AWQOS      |  out|    4|       m_axi|                                                                    inout2|       pointer|
|m_axi_inout2_AWREGION   |  out|    4|       m_axi|                                                                    inout2|       pointer|
|m_axi_inout2_AWUSER     |  out|    1|       m_axi|                                                                    inout2|       pointer|
|m_axi_inout2_WVALID     |  out|    1|       m_axi|                                                                    inout2|       pointer|
|m_axi_inout2_WREADY     |   in|    1|       m_axi|                                                                    inout2|       pointer|
|m_axi_inout2_WDATA      |  out|  256|       m_axi|                                                                    inout2|       pointer|
|m_axi_inout2_WSTRB      |  out|   32|       m_axi|                                                                    inout2|       pointer|
|m_axi_inout2_WLAST      |  out|    1|       m_axi|                                                                    inout2|       pointer|
|m_axi_inout2_WID        |  out|    1|       m_axi|                                                                    inout2|       pointer|
|m_axi_inout2_WUSER      |  out|    1|       m_axi|                                                                    inout2|       pointer|
|m_axi_inout2_ARVALID    |  out|    1|       m_axi|                                                                    inout2|       pointer|
|m_axi_inout2_ARREADY    |   in|    1|       m_axi|                                                                    inout2|       pointer|
|m_axi_inout2_ARADDR     |  out|   64|       m_axi|                                                                    inout2|       pointer|
|m_axi_inout2_ARID       |  out|    1|       m_axi|                                                                    inout2|       pointer|
|m_axi_inout2_ARLEN      |  out|   32|       m_axi|                                                                    inout2|       pointer|
|m_axi_inout2_ARSIZE     |  out|    3|       m_axi|                                                                    inout2|       pointer|
|m_axi_inout2_ARBURST    |  out|    2|       m_axi|                                                                    inout2|       pointer|
|m_axi_inout2_ARLOCK     |  out|    2|       m_axi|                                                                    inout2|       pointer|
|m_axi_inout2_ARCACHE    |  out|    4|       m_axi|                                                                    inout2|       pointer|
|m_axi_inout2_ARPROT     |  out|    3|       m_axi|                                                                    inout2|       pointer|
|m_axi_inout2_ARQOS      |  out|    4|       m_axi|                                                                    inout2|       pointer|
|m_axi_inout2_ARREGION   |  out|    4|       m_axi|                                                                    inout2|       pointer|
|m_axi_inout2_ARUSER     |  out|    1|       m_axi|                                                                    inout2|       pointer|
|m_axi_inout2_RVALID     |   in|    1|       m_axi|                                                                    inout2|       pointer|
|m_axi_inout2_RREADY     |  out|    1|       m_axi|                                                                    inout2|       pointer|
|m_axi_inout2_RDATA      |   in|  256|       m_axi|                                                                    inout2|       pointer|
|m_axi_inout2_RLAST      |   in|    1|       m_axi|                                                                    inout2|       pointer|
|m_axi_inout2_RID        |   in|    1|       m_axi|                                                                    inout2|       pointer|
|m_axi_inout2_RFIFONUM   |   in|    9|       m_axi|                                                                    inout2|       pointer|
|m_axi_inout2_RUSER      |   in|    1|       m_axi|                                                                    inout2|       pointer|
|m_axi_inout2_RRESP      |   in|    2|       m_axi|                                                                    inout2|       pointer|
|m_axi_inout2_BVALID     |   in|    1|       m_axi|                                                                    inout2|       pointer|
|m_axi_inout2_BREADY     |  out|    1|       m_axi|                                                                    inout2|       pointer|
|m_axi_inout2_BRESP      |   in|    2|       m_axi|                                                                    inout2|       pointer|
|m_axi_inout2_BID        |   in|    1|       m_axi|                                                                    inout2|       pointer|
|m_axi_inout2_BUSER      |   in|    1|       m_axi|                                                                    inout2|       pointer|
|sext_ln147_i            |   in|   59|     ap_none|                                                              sext_ln147_i|        scalar|
|zext_ln144_i            |   in|    7|     ap_none|                                                              zext_ln144_i|        scalar|
|zext_ln147_2_i          |   in|    8|     ap_none|                                                            zext_ln147_2_i|        scalar|
|patches31_address0      |  out|    8|   ap_memory|                                                                 patches31|         array|
|patches31_ce0           |  out|    1|   ap_memory|                                                                 patches31|         array|
|patches31_q0            |   in|  512|   ap_memory|                                                                 patches31|         array|
|pos_embed               |   in|   64|     ap_none|                                                                 pos_embed|        scalar|
|select_ln813_i          |   in|    2|     ap_none|                                                            select_ln813_i|        scalar|
|icmp_ln813_i            |   in|    1|     ap_none|                                                              icmp_ln813_i|        scalar|
+------------------------+-----+-----+------------+--------------------------------------------------------------------------+--------------+

