

================================================================
== Vitis HLS Report for 'patch_embed_accumulate_read_16u_128u_8u_s'
================================================================
* Date:           Wed Jul 31 17:02:05 2024

* Version:        2022.2 (Build 3670227 on Oct 13 2022)
* Project:        Deit_cpp
* Solution:       solution1 (Vivado IP Flow Target)
* Product family: zynquplus
* Target device:  xck26-sfvc784-2LV-c


================================================================
== Performance Estimates
================================================================
+ Timing: 
    * Summary: 
    +--------+----------+----------+------------+
    |  Clock |  Target  | Estimated| Uncertainty|
    +--------+----------+----------+------------+
    |ap_clk  |  10.00 ns|  7.300 ns|     2.70 ns|
    +--------+----------+----------+------------+

+ Latency: 
    * Summary: 
    +---------+---------+----------+----------+-------+-------+---------+
    |  Latency (cycles) |  Latency (absolute) |    Interval   | Pipeline|
    |   min   |   max   |    min   |    max   |  min  |  max  |   Type  |
    +---------+---------+----------+----------+-------+-------+---------+
    |    15847|    15847|  0.158 ms|  0.158 ms|  15847|  15847|       no|
    +---------+---------+----------+----------+-------+-------+---------+

    + Detail: 
        * Instance: 
        N/A

        * Loop: 
        +------------------------------+---------+---------+----------+-----------+-----------+------+----------+
        |                              |  Latency (cycles) | Iteration|  Initiation Interval  | Trip |          |
        |           Loop Name          |   min   |   max   |  Latency |  achieved |   target  | Count| Pipelined|
        +------------------------------+---------+---------+----------+-----------+-----------+------+----------+
        |- _ln33_for_each_channel      |    15846|    15846|      5282|          -|          -|     3|        no|
        | + _ln36_for_offset_y         |     5280|     5280|       330|          -|          -|    16|        no|
        |  ++ _ln39_for_block_patch_x  |      328|      328|        41|          -|          -|     8|        no|
        +------------------------------+---------+---------+----------+-----------+-----------+------+----------+



================================================================
== Utilization Estimates
================================================================
* Summary: 
+-----------------+---------+------+--------+--------+-----+
|       Name      | BRAM_18K|  DSP |   FF   |   LUT  | URAM|
+-----------------+---------+------+--------+--------+-----+
|DSP              |        -|     -|       -|       -|    -|
|Expression       |        -|     -|       0|   33543|    -|
|FIFO             |        -|     -|       -|       -|    -|
|Instance         |        -|     -|       -|       -|    -|
|Memory           |        -|     -|       -|       -|    -|
|Multiplexer      |        -|     -|       -|     424|    -|
|Register         |        -|     -|   10626|       -|    -|
+-----------------+---------+------+--------+--------+-----+
|Total            |        0|     0|   10626|   33967|    0|
+-----------------+---------+------+--------+--------+-----+
|Available        |      288|  1248|  234240|  117120|   64|
+-----------------+---------+------+--------+--------+-----+
|Utilization (%)  |        0|     0|       4|      29|    0|
+-----------------+---------+------+--------+--------+-----+

+ Detail: 
    * Instance: 
    N/A

    * DSP: 
    N/A

    * Memory: 
    N/A

    * FIFO: 
    N/A

    * Expression: 
    +-------------------------+----------+----+---+-----+------------+------------+
    |      Variable Name      | Operation| DSP| FF| LUT | Bitwidth P0| Bitwidth P1|
    +-------------------------+----------+----+---+-----+------------+------------+
    |add_ln33_10_fu_704_p2    |         +|   0|  0|   12|           5|           4|
    |add_ln33_11_fu_710_p2    |         +|   0|  0|   12|           5|           4|
    |add_ln33_12_fu_716_p2    |         +|   0|  0|   12|           5|           4|
    |add_ln33_13_fu_722_p2    |         +|   0|  0|   12|           5|           4|
    |add_ln33_14_fu_728_p2    |         +|   0|  0|   12|           5|           4|
    |add_ln33_15_fu_740_p2    |         +|   0|  0|   12|           5|           5|
    |add_ln33_16_fu_746_p2    |         +|   0|  0|   12|           5|           5|
    |add_ln33_17_fu_752_p2    |         +|   0|  0|   12|           5|           5|
    |add_ln33_18_fu_758_p2    |         +|   0|  0|   12|           5|           5|
    |add_ln33_19_fu_764_p2    |         +|   0|  0|   12|           5|           5|
    |add_ln33_1_fu_650_p2     |         +|   0|  0|   12|           5|           2|
    |add_ln33_20_fu_770_p2    |         +|   0|  0|   12|           5|           5|
    |add_ln33_21_fu_776_p2    |         +|   0|  0|   12|           5|           5|
    |add_ln33_22_fu_782_p2    |         +|   0|  0|   12|           5|           5|
    |add_ln33_23_fu_788_p2    |         +|   0|  0|   12|           5|           4|
    |add_ln33_24_fu_794_p2    |         +|   0|  0|   12|           5|           4|
    |add_ln33_25_fu_800_p2    |         +|   0|  0|   12|           5|           4|
    |add_ln33_26_fu_806_p2    |         +|   0|  0|   12|           5|           4|
    |add_ln33_27_fu_812_p2    |         +|   0|  0|   12|           5|           3|
    |add_ln33_28_fu_818_p2    |         +|   0|  0|   12|           5|           3|
    |add_ln33_29_fu_824_p2    |         +|   0|  0|   12|           5|           2|
    |add_ln33_2_fu_656_p2     |         +|   0|  0|   12|           5|           2|
    |add_ln33_30_fu_1228_p2   |         +|   0|  0|    9|           2|           1|
    |add_ln33_3_fu_662_p2     |         +|   0|  0|   12|           5|           3|
    |add_ln33_4_fu_668_p2     |         +|   0|  0|   12|           5|           3|
    |add_ln33_5_fu_674_p2     |         +|   0|  0|   12|           5|           3|
    |add_ln33_6_fu_680_p2     |         +|   0|  0|   12|           5|           3|
    |add_ln33_7_fu_686_p2     |         +|   0|  0|   12|           5|           4|
    |add_ln33_8_fu_692_p2     |         +|   0|  0|   12|           5|           4|
    |add_ln33_9_fu_698_p2     |         +|   0|  0|   12|           5|           4|
    |add_ln33_fu_644_p2       |         +|   0|  0|   12|           5|           1|
    |add_ln36_fu_1247_p2      |         +|   0|  0|   71|          64|          64|
    |add_ln39_fu_1274_p2      |         +|   0|  0|   12|           4|           1|
    |add_ln41_10_fu_1658_p2   |         +|   0|  0|   71|          64|          64|
    |add_ln41_11_fu_1700_p2   |         +|   0|  0|   71|          64|          64|
    |add_ln41_12_fu_1742_p2   |         +|   0|  0|   71|          64|          64|
    |add_ln41_13_fu_1784_p2   |         +|   0|  0|   71|          64|          64|
    |add_ln41_14_fu_1826_p2   |         +|   0|  0|   71|          64|          64|
    |add_ln41_15_fu_1868_p2   |         +|   0|  0|   71|          64|          64|
    |add_ln41_16_fu_1910_p2   |         +|   0|  0|   71|          64|          64|
    |add_ln41_17_fu_1952_p2   |         +|   0|  0|   71|          64|          64|
    |add_ln41_18_fu_1994_p2   |         +|   0|  0|   71|          64|          64|
    |add_ln41_19_fu_2036_p2   |         +|   0|  0|   71|          64|          64|
    |add_ln41_1_fu_1336_p2    |         +|   0|  0|   71|          64|          64|
    |add_ln41_20_fu_2078_p2   |         +|   0|  0|   71|          64|          64|
    |add_ln41_21_fu_2120_p2   |         +|   0|  0|   71|          64|          64|
    |add_ln41_22_fu_2162_p2   |         +|   0|  0|   71|          64|          64|
    |add_ln41_23_fu_2204_p2   |         +|   0|  0|   71|          64|          64|
    |add_ln41_24_fu_2246_p2   |         +|   0|  0|   71|          64|          64|
    |add_ln41_25_fu_2288_p2   |         +|   0|  0|   71|          64|          64|
    |add_ln41_26_fu_2330_p2   |         +|   0|  0|   71|          64|          64|
    |add_ln41_27_fu_2372_p2   |         +|   0|  0|   71|          64|          64|
    |add_ln41_28_fu_2414_p2   |         +|   0|  0|   71|          64|          64|
    |add_ln41_29_fu_2456_p2   |         +|   0|  0|   71|          64|          64|
    |add_ln41_2_fu_1370_p2    |         +|   0|  0|   71|          64|          64|
    |add_ln41_30_fu_2498_p2   |         +|   0|  0|   71|          64|          64|
    |add_ln41_31_fu_2522_p2   |         +|   0|  0|   71|          64|          64|
    |add_ln41_3_fu_1404_p2    |         +|   0|  0|   71|          64|          64|
    |add_ln41_4_fu_1438_p2    |         +|   0|  0|   71|          64|          64|
    |add_ln41_5_fu_1472_p2    |         +|   0|  0|   71|          64|          64|
    |add_ln41_6_fu_1506_p2    |         +|   0|  0|   71|          64|          64|
    |add_ln41_7_fu_1540_p2    |         +|   0|  0|   71|          64|          64|
    |add_ln41_8_fu_1574_p2    |         +|   0|  0|   71|          64|          64|
    |add_ln41_9_fu_1616_p2    |         +|   0|  0|   71|          64|          64|
    |add_ln41_fu_1302_p2      |         +|   0|  0|   71|          64|          64|
    |y_offset_1_fu_1258_p2    |         +|   0|  0|   12|           5|           1|
    |icmp_ln33_fu_1222_p2     |      icmp|   0|  0|    8|           2|           2|
    |icmp_ln36_fu_1252_p2     |      icmp|   0|  0|   10|           5|           6|
    |icmp_ln39_fu_1268_p2     |      icmp|   0|  0|    9|           4|           5|
    |lshr_ln41_10_fu_2009_p2  |      lshr|   0|  0|  950|         256|         256|
    |lshr_ln41_11_fu_2051_p2  |      lshr|   0|  0|  950|         256|         256|
    |lshr_ln41_12_fu_2093_p2  |      lshr|   0|  0|  950|         256|         256|
    |lshr_ln41_13_fu_2135_p2  |      lshr|   0|  0|  950|         256|         256|
    |lshr_ln41_14_fu_2177_p2  |      lshr|   0|  0|  950|         256|         256|
    |lshr_ln41_15_fu_2219_p2  |      lshr|   0|  0|  950|         256|         256|
    |lshr_ln41_16_fu_2261_p2  |      lshr|   0|  0|  950|         256|         256|
    |lshr_ln41_17_fu_2303_p2  |      lshr|   0|  0|  950|         256|         256|
    |lshr_ln41_18_fu_2345_p2  |      lshr|   0|  0|  950|         256|         256|
    |lshr_ln41_19_fu_2387_p2  |      lshr|   0|  0|  950|         256|         256|
    |lshr_ln41_1_fu_1631_p2   |      lshr|   0|  0|  950|         256|         256|
    |lshr_ln41_20_fu_2429_p2  |      lshr|   0|  0|  950|         256|         256|
    |lshr_ln41_21_fu_2471_p2  |      lshr|   0|  0|  950|         256|         256|
    |lshr_ln41_22_fu_2537_p2  |      lshr|   0|  0|  950|         256|         256|
    |lshr_ln41_23_fu_2555_p2  |      lshr|   0|  0|  950|         256|         256|
    |lshr_ln41_24_fu_2573_p2  |      lshr|   0|  0|  950|         256|         256|
    |lshr_ln41_25_fu_2581_p2  |      lshr|   0|  0|  950|         256|         256|
    |lshr_ln41_26_fu_2589_p2  |      lshr|   0|  0|  950|         256|         256|
    |lshr_ln41_27_fu_2597_p2  |      lshr|   0|  0|  950|         256|         256|
    |lshr_ln41_28_fu_2605_p2  |      lshr|   0|  0|  950|         256|         256|
    |lshr_ln41_29_fu_2613_p2  |      lshr|   0|  0|  950|         256|         256|
    |lshr_ln41_2_fu_1673_p2   |      lshr|   0|  0|  950|         256|         256|
    |lshr_ln41_30_fu_2621_p2  |      lshr|   0|  0|  950|         256|         256|
    |lshr_ln41_31_fu_2629_p2  |      lshr|   0|  0|  950|         256|         256|
    |lshr_ln41_3_fu_1715_p2   |      lshr|   0|  0|  950|         256|         256|
    |lshr_ln41_4_fu_1757_p2   |      lshr|   0|  0|  950|         256|         256|
    |lshr_ln41_5_fu_1799_p2   |      lshr|   0|  0|  950|         256|         256|
    |lshr_ln41_6_fu_1841_p2   |      lshr|   0|  0|  950|         256|         256|
    |lshr_ln41_7_fu_1883_p2   |      lshr|   0|  0|  950|         256|         256|
    |lshr_ln41_8_fu_1925_p2   |      lshr|   0|  0|  950|         256|         256|
    |lshr_ln41_9_fu_1967_p2   |      lshr|   0|  0|  950|         256|         256|
    |lshr_ln41_fu_1589_p2     |      lshr|   0|  0|  950|         256|         256|
    |ap_block_state1          |        or|   0|  0|    2|           1|           1|
    |or_ln41_10_fu_1691_p2    |        or|   0|  0|   12|          12|           4|
    |or_ln41_11_fu_1733_p2    |        or|   0|  0|   12|          12|           4|
    |or_ln41_12_fu_1775_p2    |        or|   0|  0|   12|          12|           4|
    |or_ln41_13_fu_1817_p2    |        or|   0|  0|   12|          12|           4|
    |or_ln41_14_fu_1859_p2    |        or|   0|  0|   12|          12|           4|
    |or_ln41_15_fu_1901_p2    |        or|   0|  0|   12|          12|           5|
    |or_ln41_16_fu_1943_p2    |        or|   0|  0|   12|          12|           5|
    |or_ln41_17_fu_1985_p2    |        or|   0|  0|   12|          12|           5|
    |or_ln41_18_fu_2027_p2    |        or|   0|  0|   12|          12|           5|
    |or_ln41_19_fu_2069_p2    |        or|   0|  0|   12|          12|           5|
    |or_ln41_1_fu_1361_p2     |        or|   0|  0|   12|          12|           2|
    |or_ln41_20_fu_2111_p2    |        or|   0|  0|   12|          12|           5|
    |or_ln41_21_fu_2153_p2    |        or|   0|  0|   12|          12|           5|
    |or_ln41_22_fu_2195_p2    |        or|   0|  0|   12|          12|           5|
    |or_ln41_23_fu_2237_p2    |        or|   0|  0|   12|          12|           5|
    |or_ln41_24_fu_2279_p2    |        or|   0|  0|   12|          12|           5|
    |or_ln41_25_fu_2321_p2    |        or|   0|  0|   12|          12|           5|
    |or_ln41_26_fu_2363_p2    |        or|   0|  0|   12|          12|           5|
    |or_ln41_27_fu_2405_p2    |        or|   0|  0|   12|          12|           5|
    |or_ln41_28_fu_2447_p2    |        or|   0|  0|   12|          12|           5|
    |or_ln41_29_fu_2489_p2    |        or|   0|  0|   12|          12|           5|
    |or_ln41_2_fu_1395_p2     |        or|   0|  0|   12|          12|           2|
    |or_ln41_30_fu_2513_p2    |        or|   0|  0|   12|          12|           5|
    |or_ln41_3_fu_1429_p2     |        or|   0|  0|   12|          12|           3|
    |or_ln41_4_fu_1463_p2     |        or|   0|  0|   12|          12|           3|
    |or_ln41_5_fu_1497_p2     |        or|   0|  0|   12|          12|           3|
    |or_ln41_6_fu_1531_p2     |        or|   0|  0|   12|          12|           3|
    |or_ln41_7_fu_1565_p2     |        or|   0|  0|   12|          12|           4|
    |or_ln41_8_fu_1607_p2     |        or|   0|  0|   12|          12|           4|
    |or_ln41_9_fu_1649_p2     |        or|   0|  0|   12|          12|           4|
    |or_ln41_fu_1327_p2       |        or|   0|  0|   12|          12|           1|
    |xor_ln33_fu_734_p2       |       xor|   0|  0|    6|           5|           6|
    +-------------------------+----------+----+---+-----+------------+------------+
    |Total                    |          |   0|  0|33543|       10854|       10569|
    +-------------------------+----------+----+---+-----+------------+------------+

    * Multiplexer: 
    +-----------------------+-----+-----------+-----+-----------+
    |          Name         | LUT | Input Size| Bits| Total Bits|
    +-----------------------+-----+-----------+-----+-----------+
    |ap_NS_fsm              |  209|         45|    1|         45|
    |ap_done                |    9|          2|    1|          2|
    |channel_fu_210         |    9|          2|    2|          4|
    |image_stream_blk_n     |    9|          2|    1|          2|
    |inout1_blk_n_AR        |    9|          2|    1|          2|
    |inout1_blk_n_R         |    9|          2|    1|          2|
    |m_axi_inout1_ARADDR    |  152|         33|   64|       2112|
    |patch_x_block_reg_629  |    9|          2|    4|          8|
    |y_offset_reg_617       |    9|          2|    5|         10|
    +-----------------------+-----+-----------+-----+-----------+
    |Total                  |  424|         92|   80|       2187|
    +-----------------------+-----+-----------+-----+-----------+

    * Register: 
    +------------------------------+-----+----+-----+-----------+
    |             Name             |  FF | LUT| Bits| Const Bits|
    +------------------------------+-----+----+-----+-----------+
    |add_ln33_30_reg_2855          |    2|   0|    2|          0|
    |add_ln36_reg_2860             |   64|   0|   64|          0|
    |add_ln39_reg_2907             |    4|   0|    4|          0|
    |ap_CS_fsm                     |   44|   0|   44|          0|
    |ap_done_reg                   |    1|   0|    1|          0|
    |channel_fu_210                |    2|   0|    2|          0|
    |inout1_addr_10_read_reg_3239  |  256|   0|  256|          0|
    |inout1_addr_11_read_reg_3260  |  256|   0|  256|          0|
    |inout1_addr_12_read_reg_3281  |  256|   0|  256|          0|
    |inout1_addr_13_read_reg_3302  |  256|   0|  256|          0|
    |inout1_addr_14_read_reg_3323  |  256|   0|  256|          0|
    |inout1_addr_15_read_reg_3344  |  256|   0|  256|          0|
    |inout1_addr_16_read_reg_3365  |  256|   0|  256|          0|
    |inout1_addr_17_read_reg_3386  |  256|   0|  256|          0|
    |inout1_addr_18_read_reg_3407  |  256|   0|  256|          0|
    |inout1_addr_19_read_reg_3428  |  256|   0|  256|          0|
    |inout1_addr_1_read_reg_3050   |  256|   0|  256|          0|
    |inout1_addr_20_read_reg_3449  |  256|   0|  256|          0|
    |inout1_addr_21_read_reg_3470  |  256|   0|  256|          0|
    |inout1_addr_22_read_reg_3491  |  256|   0|  256|          0|
    |inout1_addr_23_read_reg_3517  |  256|   0|  256|          0|
    |inout1_addr_24_read_reg_3533  |  256|   0|  256|          0|
    |inout1_addr_25_read_reg_3549  |  256|   0|  256|          0|
    |inout1_addr_26_read_reg_3559  |  256|   0|  256|          0|
    |inout1_addr_27_read_reg_3569  |  256|   0|  256|          0|
    |inout1_addr_28_read_reg_3579  |  256|   0|  256|          0|
    |inout1_addr_29_read_reg_3589  |  256|   0|  256|          0|
    |inout1_addr_2_read_reg_3071   |  256|   0|  256|          0|
    |inout1_addr_30_read_reg_3599  |  256|   0|  256|          0|
    |inout1_addr_31_read_reg_3609  |  256|   0|  256|          0|
    |inout1_addr_3_read_reg_3092   |  256|   0|  256|          0|
    |inout1_addr_4_read_reg_3113   |  256|   0|  256|          0|
    |inout1_addr_5_read_reg_3134   |  256|   0|  256|          0|
    |inout1_addr_6_read_reg_3155   |  256|   0|  256|          0|
    |inout1_addr_7_read_reg_3176   |  256|   0|  256|          0|
    |inout1_addr_8_read_reg_3197   |  256|   0|  256|          0|
    |inout1_addr_9_read_reg_3218   |  256|   0|  256|          0|
    |inout1_addr_read_reg_3029     |  256|   0|  256|          0|
    |patch_x_block_reg_629         |    4|   0|    4|          0|
    |tmp1_reg_2912                 |    7|   0|   12|          5|
    |trunc_ln41_10_reg_3129        |    8|   0|    8|          0|
    |trunc_ln41_11_reg_3013        |   59|   0|   59|          0|
    |trunc_ln41_12_reg_3150        |    8|   0|    8|          0|
    |trunc_ln41_13_reg_3024        |   59|   0|   59|          0|
    |trunc_ln41_14_reg_3171        |    8|   0|    8|          0|
    |trunc_ln41_15_reg_3040        |   59|   0|   59|          0|
    |trunc_ln41_16_reg_3192        |    8|   0|    8|          0|
    |trunc_ln41_17_reg_3061        |   59|   0|   59|          0|
    |trunc_ln41_18_reg_3213        |    8|   0|    8|          0|
    |trunc_ln41_19_reg_3082        |   59|   0|   59|          0|
    |trunc_ln41_20_reg_3234        |    8|   0|    8|          0|
    |trunc_ln41_21_reg_3103        |   59|   0|   59|          0|
    |trunc_ln41_22_reg_3255        |    8|   0|    8|          0|
    |trunc_ln41_23_reg_3124        |   59|   0|   59|          0|
    |trunc_ln41_24_reg_3276        |    8|   0|    8|          0|
    |trunc_ln41_25_reg_3145        |   59|   0|   59|          0|
    |trunc_ln41_26_reg_3297        |    8|   0|    8|          0|
    |trunc_ln41_27_reg_3166        |   59|   0|   59|          0|
    |trunc_ln41_28_reg_3318        |    8|   0|    8|          0|
    |trunc_ln41_29_reg_3187        |   59|   0|   59|          0|
    |trunc_ln41_2_reg_2958         |   59|   0|   59|          0|
    |trunc_ln41_30_reg_3339        |    8|   0|    8|          0|
    |trunc_ln41_31_reg_3208        |   59|   0|   59|          0|
    |trunc_ln41_32_reg_3360        |    8|   0|    8|          0|
    |trunc_ln41_33_reg_3229        |   59|   0|   59|          0|
    |trunc_ln41_34_reg_3381        |    8|   0|    8|          0|
    |trunc_ln41_35_reg_3250        |   59|   0|   59|          0|
    |trunc_ln41_36_reg_3402        |    8|   0|    8|          0|
    |trunc_ln41_37_reg_3271        |   59|   0|   59|          0|
    |trunc_ln41_38_reg_3423        |    8|   0|    8|          0|
    |trunc_ln41_39_reg_3292        |   59|   0|   59|          0|
    |trunc_ln41_3_reg_3045         |    8|   0|    8|          0|
    |trunc_ln41_40_reg_3444        |    8|   0|    8|          0|
    |trunc_ln41_41_reg_3313        |   59|   0|   59|          0|
    |trunc_ln41_42_reg_3465        |    8|   0|    8|          0|
    |trunc_ln41_43_reg_3334        |   59|   0|   59|          0|
    |trunc_ln41_44_reg_3486        |    8|   0|    8|          0|
    |trunc_ln41_45_reg_3355        |   59|   0|   59|          0|
    |trunc_ln41_46_reg_3512        |    8|   0|    8|          0|
    |trunc_ln41_47_reg_3376        |   59|   0|   59|          0|
    |trunc_ln41_48_reg_3528        |    8|   0|    8|          0|
    |trunc_ln41_49_reg_3397        |   59|   0|   59|          0|
    |trunc_ln41_4_reg_2969         |   59|   0|   59|          0|
    |trunc_ln41_50_reg_3544        |    8|   0|    8|          0|
    |trunc_ln41_51_reg_3418        |   59|   0|   59|          0|
    |trunc_ln41_52_reg_3554        |    8|   0|    8|          0|
    |trunc_ln41_53_reg_3439        |   59|   0|   59|          0|
    |trunc_ln41_54_reg_3564        |    8|   0|    8|          0|
    |trunc_ln41_55_reg_3460        |   59|   0|   59|          0|
    |trunc_ln41_56_reg_3574        |    8|   0|    8|          0|
    |trunc_ln41_57_reg_3481        |   59|   0|   59|          0|
    |trunc_ln41_58_reg_3584        |    8|   0|    8|          0|
    |trunc_ln41_59_reg_3502        |   59|   0|   59|          0|
    |trunc_ln41_5_reg_3066         |    8|   0|    8|          0|
    |trunc_ln41_60_reg_3594        |    8|   0|    8|          0|
    |trunc_ln41_61_reg_3507        |   59|   0|   59|          0|
    |trunc_ln41_62_reg_3604        |    8|   0|    8|          0|
    |trunc_ln41_6_reg_2980         |   59|   0|   59|          0|
    |trunc_ln41_7_reg_3087         |    8|   0|    8|          0|
    |trunc_ln41_8_reg_2991         |   59|   0|   59|          0|
    |trunc_ln41_9_reg_3108         |    8|   0|    8|          0|
    |trunc_ln41_s_reg_3002         |   59|   0|   59|          0|
    |trunc_ln6_reg_2947            |   59|   0|   59|          0|
    |y_offset_1_reg_2899           |    5|   0|    5|          0|
    |y_offset_reg_617              |    5|   0|    5|          0|
    |zext_ln33_reg_2847            |    5|   0|  256|        251|
    |zext_ln41_10_reg_2742         |    5|   0|  256|        251|
    |zext_ln41_11_reg_2747         |    5|   0|  256|        251|
    |zext_ln41_12_reg_2752         |    5|   0|  256|        251|
    |zext_ln41_13_reg_2757         |    5|   0|  256|        251|
    |zext_ln41_14_reg_2762         |    5|   0|  256|        251|
    |zext_ln41_15_reg_2767         |    5|   0|  256|        251|
    |zext_ln41_16_reg_2772         |    5|   0|  256|        251|
    |zext_ln41_17_reg_2777         |    5|   0|  256|        251|
    |zext_ln41_18_reg_2782         |    5|   0|  256|        251|
    |zext_ln41_19_reg_2787         |    5|   0|  256|        251|
    |zext_ln41_1_reg_2697          |    5|   0|  256|        251|
    |zext_ln41_20_reg_2792         |    5|   0|  256|        251|
    |zext_ln41_21_reg_2797         |    5|   0|  256|        251|
    |zext_ln41_22_reg_2802         |    5|   0|  256|        251|
    |zext_ln41_23_reg_2807         |    5|   0|  256|        251|
    |zext_ln41_24_reg_2812         |    5|   0|  256|        251|
    |zext_ln41_25_reg_2817         |    5|   0|  256|        251|
    |zext_ln41_26_reg_2822         |    5|   0|  256|        251|
    |zext_ln41_27_reg_2827         |    5|   0|  256|        251|
    |zext_ln41_28_reg_2832         |    5|   0|  256|        251|
    |zext_ln41_29_reg_2837         |    5|   0|  256|        251|
    |zext_ln41_2_reg_2702          |    5|   0|  256|        251|
    |zext_ln41_30_reg_2842         |    5|   0|  256|        251|
    |zext_ln41_3_reg_2707          |    5|   0|  256|        251|
    |zext_ln41_4_reg_2712          |    5|   0|  256|        251|
    |zext_ln41_5_reg_2717          |    5|   0|  256|        251|
    |zext_ln41_6_reg_2722          |    5|   0|  256|        251|
    |zext_ln41_7_reg_2727          |    5|   0|  256|        251|
    |zext_ln41_8_reg_2732          |    5|   0|  256|        251|
    |zext_ln41_9_reg_2737          |    5|   0|  256|        251|
    |zext_ln41_reg_2692            |    5|   0|  256|        251|
    +------------------------------+-----+----+-----+-----------+
    |Total                         |10626|   0|18663|       8037|
    +------------------------------+-----+----+-----+-----------+



================================================================
== Interface
================================================================
* Summary: 
+-----------------------------+-----+-----+------------+--------------------------------------------+--------------+
|          RTL Ports          | Dir | Bits|  Protocol  |                Source Object               |    C Type    |
+-----------------------------+-----+-----+------------+--------------------------------------------+--------------+
|ap_clk                       |   in|    1|  ap_ctrl_hs|  patch_embed_accumulate_read<16u, 128u, 8u>|  return value|
|ap_rst                       |   in|    1|  ap_ctrl_hs|  patch_embed_accumulate_read<16u, 128u, 8u>|  return value|
|ap_start                     |   in|    1|  ap_ctrl_hs|  patch_embed_accumulate_read<16u, 128u, 8u>|  return value|
|ap_done                      |  out|    1|  ap_ctrl_hs|  patch_embed_accumulate_read<16u, 128u, 8u>|  return value|
|ap_continue                  |   in|    1|  ap_ctrl_hs|  patch_embed_accumulate_read<16u, 128u, 8u>|  return value|
|ap_idle                      |  out|    1|  ap_ctrl_hs|  patch_embed_accumulate_read<16u, 128u, 8u>|  return value|
|ap_ready                     |  out|    1|  ap_ctrl_hs|  patch_embed_accumulate_read<16u, 128u, 8u>|  return value|
|m_axi_inout1_AWVALID         |  out|    1|       m_axi|                                      inout1|       pointer|
|m_axi_inout1_AWREADY         |   in|    1|       m_axi|                                      inout1|       pointer|
|m_axi_inout1_AWADDR          |  out|   64|       m_axi|                                      inout1|       pointer|
|m_axi_inout1_AWID            |  out|    1|       m_axi|                                      inout1|       pointer|
|m_axi_inout1_AWLEN           |  out|   32|       m_axi|                                      inout1|       pointer|
|m_axi_inout1_AWSIZE          |  out|    3|       m_axi|                                      inout1|       pointer|
|m_axi_inout1_AWBURST         |  out|    2|       m_axi|                                      inout1|       pointer|
|m_axi_inout1_AWLOCK          |  out|    2|       m_axi|                                      inout1|       pointer|
|m_axi_inout1_AWCACHE         |  out|    4|       m_axi|                                      inout1|       pointer|
|m_axi_inout1_AWPROT          |  out|    3|       m_axi|                                      inout1|       pointer|
|m_axi_inout1_AWQOS           |  out|    4|       m_axi|                                      inout1|       pointer|
|m_axi_inout1_AWREGION        |  out|    4|       m_axi|                                      inout1|       pointer|
|m_axi_inout1_AWUSER          |  out|    1|       m_axi|                                      inout1|       pointer|
|m_axi_inout1_WVALID          |  out|    1|       m_axi|                                      inout1|       pointer|
|m_axi_inout1_WREADY          |   in|    1|       m_axi|                                      inout1|       pointer|
|m_axi_inout1_WDATA           |  out|  256|       m_axi|                                      inout1|       pointer|
|m_axi_inout1_WSTRB           |  out|   32|       m_axi|                                      inout1|       pointer|
|m_axi_inout1_WLAST           |  out|    1|       m_axi|                                      inout1|       pointer|
|m_axi_inout1_WID             |  out|    1|       m_axi|                                      inout1|       pointer|
|m_axi_inout1_WUSER           |  out|    1|       m_axi|                                      inout1|       pointer|
|m_axi_inout1_ARVALID         |  out|    1|       m_axi|                                      inout1|       pointer|
|m_axi_inout1_ARREADY         |   in|    1|       m_axi|                                      inout1|       pointer|
|m_axi_inout1_ARADDR          |  out|   64|       m_axi|                                      inout1|       pointer|
|m_axi_inout1_ARID            |  out|    1|       m_axi|                                      inout1|       pointer|
|m_axi_inout1_ARLEN           |  out|   32|       m_axi|                                      inout1|       pointer|
|m_axi_inout1_ARSIZE          |  out|    3|       m_axi|                                      inout1|       pointer|
|m_axi_inout1_ARBURST         |  out|    2|       m_axi|                                      inout1|       pointer|
|m_axi_inout1_ARLOCK          |  out|    2|       m_axi|                                      inout1|       pointer|
|m_axi_inout1_ARCACHE         |  out|    4|       m_axi|                                      inout1|       pointer|
|m_axi_inout1_ARPROT          |  out|    3|       m_axi|                                      inout1|       pointer|
|m_axi_inout1_ARQOS           |  out|    4|       m_axi|                                      inout1|       pointer|
|m_axi_inout1_ARREGION        |  out|    4|       m_axi|                                      inout1|       pointer|
|m_axi_inout1_ARUSER          |  out|    1|       m_axi|                                      inout1|       pointer|
|m_axi_inout1_RVALID          |   in|    1|       m_axi|                                      inout1|       pointer|
|m_axi_inout1_RREADY          |  out|    1|       m_axi|                                      inout1|       pointer|
|m_axi_inout1_RDATA           |   in|  256|       m_axi|                                      inout1|       pointer|
|m_axi_inout1_RLAST           |   in|    1|       m_axi|                                      inout1|       pointer|
|m_axi_inout1_RID             |   in|    1|       m_axi|                                      inout1|       pointer|
|m_axi_inout1_RFIFONUM        |   in|    9|       m_axi|                                      inout1|       pointer|
|m_axi_inout1_RUSER           |   in|    1|       m_axi|                                      inout1|       pointer|
|m_axi_inout1_RRESP           |   in|    2|       m_axi|                                      inout1|       pointer|
|m_axi_inout1_BVALID          |   in|    1|       m_axi|                                      inout1|       pointer|
|m_axi_inout1_BREADY          |  out|    1|       m_axi|                                      inout1|       pointer|
|m_axi_inout1_BRESP           |   in|    2|       m_axi|                                      inout1|       pointer|
|m_axi_inout1_BID             |   in|    1|       m_axi|                                      inout1|       pointer|
|m_axi_inout1_BUSER           |   in|    1|       m_axi|                                      inout1|       pointer|
|image_r                      |   in|   64|     ap_none|                                     image_r|        scalar|
|image_stream_din             |  out|  256|     ap_fifo|                                image_stream|       pointer|
|image_stream_num_data_valid  |   in|    2|     ap_fifo|                                image_stream|       pointer|
|image_stream_fifo_cap        |   in|    2|     ap_fifo|                                image_stream|       pointer|
|image_stream_full_n          |   in|    1|     ap_fifo|                                image_stream|       pointer|
|image_stream_write           |  out|    1|     ap_fifo|                                image_stream|       pointer|
|p_read                       |   in|    7|     ap_none|                                      p_read|        scalar|
+-----------------------------+-----+-----+------------+--------------------------------------------+--------------+

