

================================================================
== Vitis HLS Report for 'patch_embed_accumulate_compute_16u_128u_8u_s'
================================================================
* Date:           Wed Jul 31 17:02:11 2024

* Version:        2022.2 (Build 3670227 on Oct 13 2022)
* Project:        Deit_cpp
* Solution:       solution1 (Vivado IP Flow Target)
* Product family: zynquplus
* Target device:  xck26-sfvc784-2LV-c


================================================================
== Performance Estimates
================================================================
+ Timing: 
    * Summary: 
    +--------+----------+----------+------------+
    |  Clock |  Target  | Estimated| Uncertainty|
    +--------+----------+----------+------------+
    |ap_clk  |  10.00 ns|  7.157 ns|     2.70 ns|
    +--------+----------+----------+------------+

+ Latency: 
    * Summary: 
    +---------+---------+----------+----------+-------+-------+---------+
    |  Latency (cycles) |  Latency (absolute) |    Interval   | Pipeline|
    |   min   |   max   |    min   |    max   |  min  |  max  |   Type  |
    +---------+---------+----------+----------+-------+-------+---------+
    |    27672|    27672|  0.277 ms|  0.277 ms|  27672|  27672|       no|
    +---------+---------+----------+----------+-------+-------+---------+

    + Detail: 
        * Instance: 
        N/A

        * Loop: 
        +----------------------------------------------------------------------+---------+---------+----------+-----------+-----------+------+----------+
        |                                                                      |  Latency (cycles) | Iteration|  Initiation Interval  | Trip |          |
        |                               Loop Name                              |   min   |   max   |  Latency |  achieved |   target  | Count| Pipelined|
        +----------------------------------------------------------------------+---------+---------+----------+-----------+-----------+------+----------+
        |- _ln63_for_each_channel__ln67_for_block_patch_x__ln69_for_block_dim  |    27670|    27670|        26|          3|          1|  9216|       yes|
        +----------------------------------------------------------------------+---------+---------+----------+-----------+-----------+------+----------+



================================================================
== Utilization Estimates
================================================================
* Summary: 
+-----------------+---------+------+--------+--------+-----+
|       Name      | BRAM_18K|  DSP |   FF   |   LUT  | URAM|
+-----------------+---------+------+--------+--------+-----+
|DSP              |        -|   256|       -|       -|    -|
|Expression       |        -|     -|       0|    4163|    -|
|FIFO             |        -|     -|       -|       -|    -|
|Instance         |        -|     -|       -|       -|    -|
|Memory           |        -|     -|       -|       -|    -|
|Multiplexer      |        -|     -|       -|     383|    -|
|Register         |        -|     -|   13931|    3072|    -|
+-----------------+---------+------+--------+--------+-----+
|Total            |        0|   256|   13931|    7618|    0|
+-----------------+---------+------+--------+--------+-----+
|Available        |      288|  1248|  234240|  117120|   64|
+-----------------+---------+------+--------+--------+-----+
|Utilization (%)  |        0|    20|       5|       6|    0|
+-----------------+---------+------+--------+--------+-----+

+ Detail: 
    * Instance: 
    N/A

    * DSP: 
    +------------------------------------+-------------------------------+--------------+
    |              Instance              |             Module            |  Expression  |
    +------------------------------------+-------------------------------+--------------+
    |mac_muladd_16s_8ns_24s_25_4_1_U52   |mac_muladd_16s_8ns_24s_25_4_1  |  i0 + i1 * i2|
    |mac_muladd_16s_8ns_24s_25_4_1_U53   |mac_muladd_16s_8ns_24s_25_4_1  |  i0 + i1 * i2|
    |mac_muladd_16s_8ns_24s_25_4_1_U54   |mac_muladd_16s_8ns_24s_25_4_1  |  i0 + i1 * i2|
    |mac_muladd_16s_8ns_24s_25_4_1_U55   |mac_muladd_16s_8ns_24s_25_4_1  |  i0 + i1 * i2|
    |mac_muladd_16s_8ns_24s_25_4_1_U56   |mac_muladd_16s_8ns_24s_25_4_1  |  i0 + i1 * i2|
    |mac_muladd_16s_8ns_24s_25_4_1_U57   |mac_muladd_16s_8ns_24s_25_4_1  |  i0 + i1 * i2|
    |mac_muladd_16s_8ns_24s_25_4_1_U58   |mac_muladd_16s_8ns_24s_25_4_1  |  i0 + i1 * i2|
    |mac_muladd_16s_8ns_24s_25_4_1_U59   |mac_muladd_16s_8ns_24s_25_4_1  |  i0 + i1 * i2|
    |mac_muladd_16s_8ns_34s_34_4_1_U284  |mac_muladd_16s_8ns_34s_34_4_1  |  i0 + i1 * i2|
    |mac_muladd_16s_8ns_34s_34_4_1_U285  |mac_muladd_16s_8ns_34s_34_4_1  |  i0 + i1 * i2|
    |mac_muladd_16s_8ns_34s_34_4_1_U286  |mac_muladd_16s_8ns_34s_34_4_1  |  i0 + i1 * i2|
    |mac_muladd_16s_8ns_34s_34_4_1_U287  |mac_muladd_16s_8ns_34s_34_4_1  |  i0 + i1 * i2|
    |mac_muladd_16s_8ns_34s_34_4_1_U288  |mac_muladd_16s_8ns_34s_34_4_1  |  i0 + i1 * i2|
    |mac_muladd_16s_8ns_34s_34_4_1_U289  |mac_muladd_16s_8ns_34s_34_4_1  |  i0 + i1 * i2|
    |mac_muladd_16s_8ns_34s_34_4_1_U290  |mac_muladd_16s_8ns_34s_34_4_1  |  i0 + i1 * i2|
    |mac_muladd_16s_8ns_34s_34_4_1_U291  |mac_muladd_16s_8ns_34s_34_4_1  |  i0 + i1 * i2|
    |mac_muladd_8ns_16s_24s_25_4_1_U60   |mac_muladd_8ns_16s_24s_25_4_1  |  i0 + i1 * i2|
    |mac_muladd_8ns_16s_24s_25_4_1_U61   |mac_muladd_8ns_16s_24s_25_4_1  |  i0 + i1 * i2|
    |mac_muladd_8ns_16s_24s_25_4_1_U62   |mac_muladd_8ns_16s_24s_25_4_1  |  i0 + i1 * i2|
    |mac_muladd_8ns_16s_24s_25_4_1_U63   |mac_muladd_8ns_16s_24s_25_4_1  |  i0 + i1 * i2|
    |mac_muladd_8ns_16s_24s_25_4_1_U64   |mac_muladd_8ns_16s_24s_25_4_1  |  i0 + i1 * i2|
    |mac_muladd_8ns_16s_24s_25_4_1_U65   |mac_muladd_8ns_16s_24s_25_4_1  |  i0 + i1 * i2|
    |mac_muladd_8ns_16s_24s_25_4_1_U66   |mac_muladd_8ns_16s_24s_25_4_1  |  i0 + i1 * i2|
    |mac_muladd_8ns_16s_24s_25_4_1_U67   |mac_muladd_8ns_16s_24s_25_4_1  |  i0 + i1 * i2|
    |mac_muladd_8ns_16s_25s_26_4_1_U68   |mac_muladd_8ns_16s_25s_26_4_1  |  i0 + i1 * i2|
    |mac_muladd_8ns_16s_25s_26_4_1_U69   |mac_muladd_8ns_16s_25s_26_4_1  |  i0 + i1 * i2|
    |mac_muladd_8ns_16s_25s_26_4_1_U70   |mac_muladd_8ns_16s_25s_26_4_1  |  i0 + i1 * i2|
    |mac_muladd_8ns_16s_25s_26_4_1_U71   |mac_muladd_8ns_16s_25s_26_4_1  |  i0 + i1 * i2|
    |mac_muladd_8ns_16s_25s_26_4_1_U72   |mac_muladd_8ns_16s_25s_26_4_1  |  i0 + i1 * i2|
    |mac_muladd_8ns_16s_25s_26_4_1_U73   |mac_muladd_8ns_16s_25s_26_4_1  |  i0 + i1 * i2|
    |mac_muladd_8ns_16s_25s_26_4_1_U74   |mac_muladd_8ns_16s_25s_26_4_1  |  i0 + i1 * i2|
    |mac_muladd_8ns_16s_25s_26_4_1_U75   |mac_muladd_8ns_16s_25s_26_4_1  |  i0 + i1 * i2|
    |mac_muladd_8ns_16s_25s_26_4_1_U76   |mac_muladd_8ns_16s_25s_26_4_1  |  i0 + i1 * i2|
    |mac_muladd_8ns_16s_25s_26_4_1_U77   |mac_muladd_8ns_16s_25s_26_4_1  |  i0 + i1 * i2|
    |mac_muladd_8ns_16s_25s_26_4_1_U78   |mac_muladd_8ns_16s_25s_26_4_1  |  i0 + i1 * i2|
    |mac_muladd_8ns_16s_25s_26_4_1_U79   |mac_muladd_8ns_16s_25s_26_4_1  |  i0 + i1 * i2|
    |mac_muladd_8ns_16s_25s_26_4_1_U80   |mac_muladd_8ns_16s_25s_26_4_1  |  i0 + i1 * i2|
    |mac_muladd_8ns_16s_25s_26_4_1_U81   |mac_muladd_8ns_16s_25s_26_4_1  |  i0 + i1 * i2|
    |mac_muladd_8ns_16s_25s_26_4_1_U82   |mac_muladd_8ns_16s_25s_26_4_1  |  i0 + i1 * i2|
    |mac_muladd_8ns_16s_25s_26_4_1_U83   |mac_muladd_8ns_16s_25s_26_4_1  |  i0 + i1 * i2|
    |mac_muladd_8ns_16s_26s_34_4_1_U84   |mac_muladd_8ns_16s_26s_34_4_1  |  i0 + i1 * i2|
    |mac_muladd_8ns_16s_26s_34_4_1_U85   |mac_muladd_8ns_16s_26s_34_4_1  |  i0 + i1 * i2|
    |mac_muladd_8ns_16s_26s_34_4_1_U86   |mac_muladd_8ns_16s_26s_34_4_1  |  i0 + i1 * i2|
    |mac_muladd_8ns_16s_26s_34_4_1_U87   |mac_muladd_8ns_16s_26s_34_4_1  |  i0 + i1 * i2|
    |mac_muladd_8ns_16s_26s_34_4_1_U88   |mac_muladd_8ns_16s_26s_34_4_1  |  i0 + i1 * i2|
    |mac_muladd_8ns_16s_26s_34_4_1_U89   |mac_muladd_8ns_16s_26s_34_4_1  |  i0 + i1 * i2|
    |mac_muladd_8ns_16s_26s_34_4_1_U90   |mac_muladd_8ns_16s_26s_34_4_1  |  i0 + i1 * i2|
    |mac_muladd_8ns_16s_26s_34_4_1_U91   |mac_muladd_8ns_16s_26s_34_4_1  |  i0 + i1 * i2|
    |mac_muladd_8ns_16s_26s_34_4_1_U92   |mac_muladd_8ns_16s_26s_34_4_1  |  i0 + i1 * i2|
    |mac_muladd_8ns_16s_26s_34_4_1_U93   |mac_muladd_8ns_16s_26s_34_4_1  |  i0 + i1 * i2|
    |mac_muladd_8ns_16s_26s_34_4_1_U94   |mac_muladd_8ns_16s_26s_34_4_1  |  i0 + i1 * i2|
    |mac_muladd_8ns_16s_26s_34_4_1_U95   |mac_muladd_8ns_16s_26s_34_4_1  |  i0 + i1 * i2|
    |mac_muladd_8ns_16s_26s_34_4_1_U96   |mac_muladd_8ns_16s_26s_34_4_1  |  i0 + i1 * i2|
    |mac_muladd_8ns_16s_26s_34_4_1_U97   |mac_muladd_8ns_16s_26s_34_4_1  |  i0 + i1 * i2|
    |mac_muladd_8ns_16s_26s_34_4_1_U98   |mac_muladd_8ns_16s_26s_34_4_1  |  i0 + i1 * i2|
    |mac_muladd_8ns_16s_26s_34_4_1_U99   |mac_muladd_8ns_16s_26s_34_4_1  |  i0 + i1 * i2|
    |mac_muladd_8ns_16s_34s_34_4_1_U100  |mac_muladd_8ns_16s_34s_34_4_1  |  i0 + i1 * i2|
    |mac_muladd_8ns_16s_34s_34_4_1_U101  |mac_muladd_8ns_16s_34s_34_4_1  |  i0 + i1 * i2|
    |mac_muladd_8ns_16s_34s_34_4_1_U102  |mac_muladd_8ns_16s_34s_34_4_1  |  i0 + i1 * i2|
    |mac_muladd_8ns_16s_34s_34_4_1_U103  |mac_muladd_8ns_16s_34s_34_4_1  |  i0 + i1 * i2|
    |mac_muladd_8ns_16s_34s_34_4_1_U104  |mac_muladd_8ns_16s_34s_34_4_1  |  i0 + i1 * i2|
    |mac_muladd_8ns_16s_34s_34_4_1_U105  |mac_muladd_8ns_16s_34s_34_4_1  |  i0 + i1 * i2|
    |mac_muladd_8ns_16s_34s_34_4_1_U106  |mac_muladd_8ns_16s_34s_34_4_1  |  i0 + i1 * i2|
    |mac_muladd_8ns_16s_34s_34_4_1_U107  |mac_muladd_8ns_16s_34s_34_4_1  |  i0 + i1 * i2|
    |mac_muladd_8ns_16s_34s_34_4_1_U108  |mac_muladd_8ns_16s_34s_34_4_1  |  i0 + i1 * i2|
    |mac_muladd_8ns_16s_34s_34_4_1_U109  |mac_muladd_8ns_16s_34s_34_4_1  |  i0 + i1 * i2|
    |mac_muladd_8ns_16s_34s_34_4_1_U110  |mac_muladd_8ns_16s_34s_34_4_1  |  i0 + i1 * i2|
    |mac_muladd_8ns_16s_34s_34_4_1_U111  |mac_muladd_8ns_16s_34s_34_4_1  |  i0 + i1 * i2|
    |mac_muladd_8ns_16s_34s_34_4_1_U112  |mac_muladd_8ns_16s_34s_34_4_1  |  i0 + i1 * i2|
    |mac_muladd_8ns_16s_34s_34_4_1_U113  |mac_muladd_8ns_16s_34s_34_4_1  |  i0 + i1 * i2|
    |mac_muladd_8ns_16s_34s_34_4_1_U114  |mac_muladd_8ns_16s_34s_34_4_1  |  i0 + i1 * i2|
    |mac_muladd_8ns_16s_34s_34_4_1_U115  |mac_muladd_8ns_16s_34s_34_4_1  |  i0 + i1 * i2|
    |mac_muladd_8ns_16s_34s_34_4_1_U116  |mac_muladd_8ns_16s_34s_34_4_1  |  i0 + i1 * i2|
    |mac_muladd_8ns_16s_34s_34_4_1_U117  |mac_muladd_8ns_16s_34s_34_4_1  |  i0 + i1 * i2|
    |mac_muladd_8ns_16s_34s_34_4_1_U118  |mac_muladd_8ns_16s_34s_34_4_1  |  i0 + i1 * i2|
    |mac_muladd_8ns_16s_34s_34_4_1_U119  |mac_muladd_8ns_16s_34s_34_4_1  |  i0 + i1 * i2|
    |mac_muladd_8ns_16s_34s_34_4_1_U120  |mac_muladd_8ns_16s_34s_34_4_1  |  i0 + i1 * i2|
    |mac_muladd_8ns_16s_34s_34_4_1_U121  |mac_muladd_8ns_16s_34s_34_4_1  |  i0 + i1 * i2|
    |mac_muladd_8ns_16s_34s_34_4_1_U122  |mac_muladd_8ns_16s_34s_34_4_1  |  i0 + i1 * i2|
    |mac_muladd_8ns_16s_34s_34_4_1_U123  |mac_muladd_8ns_16s_34s_34_4_1  |  i0 + i1 * i2|
    |mac_muladd_8ns_16s_34s_34_4_1_U124  |mac_muladd_8ns_16s_34s_34_4_1  |  i0 + i1 * i2|
    |mac_muladd_8ns_16s_34s_34_4_1_U125  |mac_muladd_8ns_16s_34s_34_4_1  |  i0 + i1 * i2|
    |mac_muladd_8ns_16s_34s_34_4_1_U126  |mac_muladd_8ns_16s_34s_34_4_1  |  i0 + i1 * i2|
    |mac_muladd_8ns_16s_34s_34_4_1_U127  |mac_muladd_8ns_16s_34s_34_4_1  |  i0 + i1 * i2|
    |mac_muladd_8ns_16s_34s_34_4_1_U128  |mac_muladd_8ns_16s_34s_34_4_1  |  i0 + i1 * i2|
    |mac_muladd_8ns_16s_34s_34_4_1_U129  |mac_muladd_8ns_16s_34s_34_4_1  |  i0 + i1 * i2|
    |mac_muladd_8ns_16s_34s_34_4_1_U130  |mac_muladd_8ns_16s_34s_34_4_1  |  i0 + i1 * i2|
    |mac_muladd_8ns_16s_34s_34_4_1_U131  |mac_muladd_8ns_16s_34s_34_4_1  |  i0 + i1 * i2|
    |mac_muladd_8ns_16s_34s_34_4_1_U132  |mac_muladd_8ns_16s_34s_34_4_1  |  i0 + i1 * i2|
    |mac_muladd_8ns_16s_34s_34_4_1_U133  |mac_muladd_8ns_16s_34s_34_4_1  |  i0 + i1 * i2|
    |mac_muladd_8ns_16s_34s_34_4_1_U134  |mac_muladd_8ns_16s_34s_34_4_1  |  i0 + i1 * i2|
    |mac_muladd_8ns_16s_34s_34_4_1_U135  |mac_muladd_8ns_16s_34s_34_4_1  |  i0 + i1 * i2|
    |mac_muladd_8ns_16s_34s_34_4_1_U136  |mac_muladd_8ns_16s_34s_34_4_1  |  i0 + i1 * i2|
    |mac_muladd_8ns_16s_34s_34_4_1_U137  |mac_muladd_8ns_16s_34s_34_4_1  |  i0 + i1 * i2|
    |mac_muladd_8ns_16s_34s_34_4_1_U138  |mac_muladd_8ns_16s_34s_34_4_1  |  i0 + i1 * i2|
    |mac_muladd_8ns_16s_34s_34_4_1_U139  |mac_muladd_8ns_16s_34s_34_4_1  |  i0 + i1 * i2|
    |mac_muladd_8ns_16s_34s_34_4_1_U140  |mac_muladd_8ns_16s_34s_34_4_1  |  i0 + i1 * i2|
    |mac_muladd_8ns_16s_34s_34_4_1_U141  |mac_muladd_8ns_16s_34s_34_4_1  |  i0 + i1 * i2|
    |mac_muladd_8ns_16s_34s_34_4_1_U142  |mac_muladd_8ns_16s_34s_34_4_1  |  i0 + i1 * i2|
    |mac_muladd_8ns_16s_34s_34_4_1_U143  |mac_muladd_8ns_16s_34s_34_4_1  |  i0 + i1 * i2|
    |mac_muladd_8ns_16s_34s_34_4_1_U144  |mac_muladd_8ns_16s_34s_34_4_1  |  i0 + i1 * i2|
    |mac_muladd_8ns_16s_34s_34_4_1_U145  |mac_muladd_8ns_16s_34s_34_4_1  |  i0 + i1 * i2|
    |mac_muladd_8ns_16s_34s_34_4_1_U146  |mac_muladd_8ns_16s_34s_34_4_1  |  i0 + i1 * i2|
    |mac_muladd_8ns_16s_34s_34_4_1_U147  |mac_muladd_8ns_16s_34s_34_4_1  |  i0 + i1 * i2|
    |mac_muladd_8ns_16s_34s_34_4_1_U148  |mac_muladd_8ns_16s_34s_34_4_1  |  i0 + i1 * i2|
    |mac_muladd_8ns_16s_34s_34_4_1_U149  |mac_muladd_8ns_16s_34s_34_4_1  |  i0 + i1 * i2|
    |mac_muladd_8ns_16s_34s_34_4_1_U150  |mac_muladd_8ns_16s_34s_34_4_1  |  i0 + i1 * i2|
    |mac_muladd_8ns_16s_34s_34_4_1_U151  |mac_muladd_8ns_16s_34s_34_4_1  |  i0 + i1 * i2|
    |mac_muladd_8ns_16s_34s_34_4_1_U152  |mac_muladd_8ns_16s_34s_34_4_1  |  i0 + i1 * i2|
    |mac_muladd_8ns_16s_34s_34_4_1_U153  |mac_muladd_8ns_16s_34s_34_4_1  |  i0 + i1 * i2|
    |mac_muladd_8ns_16s_34s_34_4_1_U154  |mac_muladd_8ns_16s_34s_34_4_1  |  i0 + i1 * i2|
    |mac_muladd_8ns_16s_34s_34_4_1_U155  |mac_muladd_8ns_16s_34s_34_4_1  |  i0 + i1 * i2|
    |mac_muladd_8ns_16s_34s_34_4_1_U156  |mac_muladd_8ns_16s_34s_34_4_1  |  i0 + i1 * i2|
    |mac_muladd_8ns_16s_34s_34_4_1_U157  |mac_muladd_8ns_16s_34s_34_4_1  |  i0 + i1 * i2|
    |mac_muladd_8ns_16s_34s_34_4_1_U158  |mac_muladd_8ns_16s_34s_34_4_1  |  i0 + i1 * i2|
    |mac_muladd_8ns_16s_34s_34_4_1_U159  |mac_muladd_8ns_16s_34s_34_4_1  |  i0 + i1 * i2|
    |mac_muladd_8ns_16s_34s_34_4_1_U160  |mac_muladd_8ns_16s_34s_34_4_1  |  i0 + i1 * i2|
    |mac_muladd_8ns_16s_34s_34_4_1_U161  |mac_muladd_8ns_16s_34s_34_4_1  |  i0 + i1 * i2|
    |mac_muladd_8ns_16s_34s_34_4_1_U162  |mac_muladd_8ns_16s_34s_34_4_1  |  i0 + i1 * i2|
    |mac_muladd_8ns_16s_34s_34_4_1_U163  |mac_muladd_8ns_16s_34s_34_4_1  |  i0 + i1 * i2|
    |mac_muladd_8ns_16s_34s_34_4_1_U164  |mac_muladd_8ns_16s_34s_34_4_1  |  i0 + i1 * i2|
    |mac_muladd_8ns_16s_34s_34_4_1_U165  |mac_muladd_8ns_16s_34s_34_4_1  |  i0 + i1 * i2|
    |mac_muladd_8ns_16s_34s_34_4_1_U166  |mac_muladd_8ns_16s_34s_34_4_1  |  i0 + i1 * i2|
    |mac_muladd_8ns_16s_34s_34_4_1_U167  |mac_muladd_8ns_16s_34s_34_4_1  |  i0 + i1 * i2|
    |mac_muladd_8ns_16s_34s_34_4_1_U168  |mac_muladd_8ns_16s_34s_34_4_1  |  i0 + i1 * i2|
    |mac_muladd_8ns_16s_34s_34_4_1_U169  |mac_muladd_8ns_16s_34s_34_4_1  |  i0 + i1 * i2|
    |mac_muladd_8ns_16s_34s_34_4_1_U170  |mac_muladd_8ns_16s_34s_34_4_1  |  i0 + i1 * i2|
    |mac_muladd_8ns_16s_34s_34_4_1_U171  |mac_muladd_8ns_16s_34s_34_4_1  |  i0 + i1 * i2|
    |mac_muladd_8ns_16s_34s_34_4_1_U172  |mac_muladd_8ns_16s_34s_34_4_1  |  i0 + i1 * i2|
    |mac_muladd_8ns_16s_34s_34_4_1_U173  |mac_muladd_8ns_16s_34s_34_4_1  |  i0 + i1 * i2|
    |mac_muladd_8ns_16s_34s_34_4_1_U174  |mac_muladd_8ns_16s_34s_34_4_1  |  i0 + i1 * i2|
    |mac_muladd_8ns_16s_34s_34_4_1_U175  |mac_muladd_8ns_16s_34s_34_4_1  |  i0 + i1 * i2|
    |mac_muladd_8ns_16s_34s_34_4_1_U176  |mac_muladd_8ns_16s_34s_34_4_1  |  i0 + i1 * i2|
    |mac_muladd_8ns_16s_34s_34_4_1_U177  |mac_muladd_8ns_16s_34s_34_4_1  |  i0 + i1 * i2|
    |mac_muladd_8ns_16s_34s_34_4_1_U178  |mac_muladd_8ns_16s_34s_34_4_1  |  i0 + i1 * i2|
    |mac_muladd_8ns_16s_34s_34_4_1_U179  |mac_muladd_8ns_16s_34s_34_4_1  |  i0 + i1 * i2|
    |mac_muladd_8ns_16s_34s_34_4_1_U180  |mac_muladd_8ns_16s_34s_34_4_1  |  i0 + i1 * i2|
    |mac_muladd_8ns_16s_34s_34_4_1_U181  |mac_muladd_8ns_16s_34s_34_4_1  |  i0 + i1 * i2|
    |mac_muladd_8ns_16s_34s_34_4_1_U182  |mac_muladd_8ns_16s_34s_34_4_1  |  i0 + i1 * i2|
    |mac_muladd_8ns_16s_34s_34_4_1_U183  |mac_muladd_8ns_16s_34s_34_4_1  |  i0 + i1 * i2|
    |mac_muladd_8ns_16s_34s_34_4_1_U184  |mac_muladd_8ns_16s_34s_34_4_1  |  i0 + i1 * i2|
    |mac_muladd_8ns_16s_34s_34_4_1_U185  |mac_muladd_8ns_16s_34s_34_4_1  |  i0 + i1 * i2|
    |mac_muladd_8ns_16s_34s_34_4_1_U186  |mac_muladd_8ns_16s_34s_34_4_1  |  i0 + i1 * i2|
    |mac_muladd_8ns_16s_34s_34_4_1_U187  |mac_muladd_8ns_16s_34s_34_4_1  |  i0 + i1 * i2|
    |mac_muladd_8ns_16s_34s_34_4_1_U188  |mac_muladd_8ns_16s_34s_34_4_1  |  i0 + i1 * i2|
    |mac_muladd_8ns_16s_34s_34_4_1_U189  |mac_muladd_8ns_16s_34s_34_4_1  |  i0 + i1 * i2|
    |mac_muladd_8ns_16s_34s_34_4_1_U190  |mac_muladd_8ns_16s_34s_34_4_1  |  i0 + i1 * i2|
    |mac_muladd_8ns_16s_34s_34_4_1_U191  |mac_muladd_8ns_16s_34s_34_4_1  |  i0 + i1 * i2|
    |mac_muladd_8ns_16s_34s_34_4_1_U192  |mac_muladd_8ns_16s_34s_34_4_1  |  i0 + i1 * i2|
    |mac_muladd_8ns_16s_34s_34_4_1_U193  |mac_muladd_8ns_16s_34s_34_4_1  |  i0 + i1 * i2|
    |mac_muladd_8ns_16s_34s_34_4_1_U194  |mac_muladd_8ns_16s_34s_34_4_1  |  i0 + i1 * i2|
    |mac_muladd_8ns_16s_34s_34_4_1_U195  |mac_muladd_8ns_16s_34s_34_4_1  |  i0 + i1 * i2|
    |mac_muladd_8ns_16s_34s_34_4_1_U196  |mac_muladd_8ns_16s_34s_34_4_1  |  i0 + i1 * i2|
    |mac_muladd_8ns_16s_34s_34_4_1_U197  |mac_muladd_8ns_16s_34s_34_4_1  |  i0 + i1 * i2|
    |mac_muladd_8ns_16s_34s_34_4_1_U198  |mac_muladd_8ns_16s_34s_34_4_1  |  i0 + i1 * i2|
    |mac_muladd_8ns_16s_34s_34_4_1_U199  |mac_muladd_8ns_16s_34s_34_4_1  |  i0 + i1 * i2|
    |mac_muladd_8ns_16s_34s_34_4_1_U200  |mac_muladd_8ns_16s_34s_34_4_1  |  i0 + i1 * i2|
    |mac_muladd_8ns_16s_34s_34_4_1_U201  |mac_muladd_8ns_16s_34s_34_4_1  |  i0 + i1 * i2|
    |mac_muladd_8ns_16s_34s_34_4_1_U202  |mac_muladd_8ns_16s_34s_34_4_1  |  i0 + i1 * i2|
    |mac_muladd_8ns_16s_34s_34_4_1_U203  |mac_muladd_8ns_16s_34s_34_4_1  |  i0 + i1 * i2|
    |mac_muladd_8ns_16s_34s_34_4_1_U204  |mac_muladd_8ns_16s_34s_34_4_1  |  i0 + i1 * i2|
    |mac_muladd_8ns_16s_34s_34_4_1_U205  |mac_muladd_8ns_16s_34s_34_4_1  |  i0 + i1 * i2|
    |mac_muladd_8ns_16s_34s_34_4_1_U206  |mac_muladd_8ns_16s_34s_34_4_1  |  i0 + i1 * i2|
    |mac_muladd_8ns_16s_34s_34_4_1_U207  |mac_muladd_8ns_16s_34s_34_4_1  |  i0 + i1 * i2|
    |mac_muladd_8ns_16s_34s_34_4_1_U208  |mac_muladd_8ns_16s_34s_34_4_1  |  i0 + i1 * i2|
    |mac_muladd_8ns_16s_34s_34_4_1_U209  |mac_muladd_8ns_16s_34s_34_4_1  |  i0 + i1 * i2|
    |mac_muladd_8ns_16s_34s_34_4_1_U210  |mac_muladd_8ns_16s_34s_34_4_1  |  i0 + i1 * i2|
    |mac_muladd_8ns_16s_34s_34_4_1_U211  |mac_muladd_8ns_16s_34s_34_4_1  |  i0 + i1 * i2|
    |mac_muladd_8ns_16s_34s_34_4_1_U212  |mac_muladd_8ns_16s_34s_34_4_1  |  i0 + i1 * i2|
    |mac_muladd_8ns_16s_34s_34_4_1_U213  |mac_muladd_8ns_16s_34s_34_4_1  |  i0 + i1 * i2|
    |mac_muladd_8ns_16s_34s_34_4_1_U214  |mac_muladd_8ns_16s_34s_34_4_1  |  i0 + i1 * i2|
    |mac_muladd_8ns_16s_34s_34_4_1_U215  |mac_muladd_8ns_16s_34s_34_4_1  |  i0 + i1 * i2|
    |mac_muladd_8ns_16s_34s_34_4_1_U216  |mac_muladd_8ns_16s_34s_34_4_1  |  i0 + i1 * i2|
    |mac_muladd_8ns_16s_34s_34_4_1_U217  |mac_muladd_8ns_16s_34s_34_4_1  |  i0 + i1 * i2|
    |mac_muladd_8ns_16s_34s_34_4_1_U218  |mac_muladd_8ns_16s_34s_34_4_1  |  i0 + i1 * i2|
    |mac_muladd_8ns_16s_34s_34_4_1_U219  |mac_muladd_8ns_16s_34s_34_4_1  |  i0 + i1 * i2|
    |mac_muladd_8ns_16s_34s_34_4_1_U220  |mac_muladd_8ns_16s_34s_34_4_1  |  i0 + i1 * i2|
    |mac_muladd_8ns_16s_34s_34_4_1_U221  |mac_muladd_8ns_16s_34s_34_4_1  |  i0 + i1 * i2|
    |mac_muladd_8ns_16s_34s_34_4_1_U222  |mac_muladd_8ns_16s_34s_34_4_1  |  i0 + i1 * i2|
    |mac_muladd_8ns_16s_34s_34_4_1_U223  |mac_muladd_8ns_16s_34s_34_4_1  |  i0 + i1 * i2|
    |mac_muladd_8ns_16s_34s_34_4_1_U224  |mac_muladd_8ns_16s_34s_34_4_1  |  i0 + i1 * i2|
    |mac_muladd_8ns_16s_34s_34_4_1_U225  |mac_muladd_8ns_16s_34s_34_4_1  |  i0 + i1 * i2|
    |mac_muladd_8ns_16s_34s_34_4_1_U226  |mac_muladd_8ns_16s_34s_34_4_1  |  i0 + i1 * i2|
    |mac_muladd_8ns_16s_34s_34_4_1_U227  |mac_muladd_8ns_16s_34s_34_4_1  |  i0 + i1 * i2|
    |mac_muladd_8ns_16s_34s_34_4_1_U228  |mac_muladd_8ns_16s_34s_34_4_1  |  i0 + i1 * i2|
    |mac_muladd_8ns_16s_34s_34_4_1_U229  |mac_muladd_8ns_16s_34s_34_4_1  |  i0 + i1 * i2|
    |mac_muladd_8ns_16s_34s_34_4_1_U230  |mac_muladd_8ns_16s_34s_34_4_1  |  i0 + i1 * i2|
    |mac_muladd_8ns_16s_34s_34_4_1_U231  |mac_muladd_8ns_16s_34s_34_4_1  |  i0 + i1 * i2|
    |mac_muladd_8ns_16s_34s_34_4_1_U232  |mac_muladd_8ns_16s_34s_34_4_1  |  i0 + i1 * i2|
    |mac_muladd_8ns_16s_34s_34_4_1_U233  |mac_muladd_8ns_16s_34s_34_4_1  |  i0 + i1 * i2|
    |mac_muladd_8ns_16s_34s_34_4_1_U234  |mac_muladd_8ns_16s_34s_34_4_1  |  i0 + i1 * i2|
    |mac_muladd_8ns_16s_34s_34_4_1_U235  |mac_muladd_8ns_16s_34s_34_4_1  |  i0 + i1 * i2|
    |mac_muladd_8ns_16s_34s_34_4_1_U236  |mac_muladd_8ns_16s_34s_34_4_1  |  i0 + i1 * i2|
    |mac_muladd_8ns_16s_34s_34_4_1_U237  |mac_muladd_8ns_16s_34s_34_4_1  |  i0 + i1 * i2|
    |mac_muladd_8ns_16s_34s_34_4_1_U238  |mac_muladd_8ns_16s_34s_34_4_1  |  i0 + i1 * i2|
    |mac_muladd_8ns_16s_34s_34_4_1_U239  |mac_muladd_8ns_16s_34s_34_4_1  |  i0 + i1 * i2|
    |mac_muladd_8ns_16s_34s_34_4_1_U240  |mac_muladd_8ns_16s_34s_34_4_1  |  i0 + i1 * i2|
    |mac_muladd_8ns_16s_34s_34_4_1_U241  |mac_muladd_8ns_16s_34s_34_4_1  |  i0 + i1 * i2|
    |mac_muladd_8ns_16s_34s_34_4_1_U242  |mac_muladd_8ns_16s_34s_34_4_1  |  i0 + i1 * i2|
    |mac_muladd_8ns_16s_34s_34_4_1_U243  |mac_muladd_8ns_16s_34s_34_4_1  |  i0 + i1 * i2|
    |mac_muladd_8ns_16s_34s_34_4_1_U244  |mac_muladd_8ns_16s_34s_34_4_1  |  i0 + i1 * i2|
    |mac_muladd_8ns_16s_34s_34_4_1_U245  |mac_muladd_8ns_16s_34s_34_4_1  |  i0 + i1 * i2|
    |mac_muladd_8ns_16s_34s_34_4_1_U246  |mac_muladd_8ns_16s_34s_34_4_1  |  i0 + i1 * i2|
    |mac_muladd_8ns_16s_34s_34_4_1_U247  |mac_muladd_8ns_16s_34s_34_4_1  |  i0 + i1 * i2|
    |mac_muladd_8ns_16s_34s_34_4_1_U248  |mac_muladd_8ns_16s_34s_34_4_1  |  i0 + i1 * i2|
    |mac_muladd_8ns_16s_34s_34_4_1_U249  |mac_muladd_8ns_16s_34s_34_4_1  |  i0 + i1 * i2|
    |mac_muladd_8ns_16s_34s_34_4_1_U250  |mac_muladd_8ns_16s_34s_34_4_1  |  i0 + i1 * i2|
    |mac_muladd_8ns_16s_34s_34_4_1_U251  |mac_muladd_8ns_16s_34s_34_4_1  |  i0 + i1 * i2|
    |mac_muladd_8ns_16s_34s_34_4_1_U252  |mac_muladd_8ns_16s_34s_34_4_1  |  i0 + i1 * i2|
    |mac_muladd_8ns_16s_34s_34_4_1_U253  |mac_muladd_8ns_16s_34s_34_4_1  |  i0 + i1 * i2|
    |mac_muladd_8ns_16s_34s_34_4_1_U254  |mac_muladd_8ns_16s_34s_34_4_1  |  i0 + i1 * i2|
    |mac_muladd_8ns_16s_34s_34_4_1_U255  |mac_muladd_8ns_16s_34s_34_4_1  |  i0 + i1 * i2|
    |mac_muladd_8ns_16s_34s_34_4_1_U256  |mac_muladd_8ns_16s_34s_34_4_1  |  i0 + i1 * i2|
    |mac_muladd_8ns_16s_34s_34_4_1_U257  |mac_muladd_8ns_16s_34s_34_4_1  |  i0 + i1 * i2|
    |mac_muladd_8ns_16s_34s_34_4_1_U258  |mac_muladd_8ns_16s_34s_34_4_1  |  i0 + i1 * i2|
    |mac_muladd_8ns_16s_34s_34_4_1_U259  |mac_muladd_8ns_16s_34s_34_4_1  |  i0 + i1 * i2|
    |mac_muladd_8ns_16s_34s_34_4_1_U260  |mac_muladd_8ns_16s_34s_34_4_1  |  i0 + i1 * i2|
    |mac_muladd_8ns_16s_34s_34_4_1_U261  |mac_muladd_8ns_16s_34s_34_4_1  |  i0 + i1 * i2|
    |mac_muladd_8ns_16s_34s_34_4_1_U262  |mac_muladd_8ns_16s_34s_34_4_1  |  i0 + i1 * i2|
    |mac_muladd_8ns_16s_34s_34_4_1_U263  |mac_muladd_8ns_16s_34s_34_4_1  |  i0 + i1 * i2|
    |mac_muladd_8ns_16s_34s_34_4_1_U264  |mac_muladd_8ns_16s_34s_34_4_1  |  i0 + i1 * i2|
    |mac_muladd_8ns_16s_34s_34_4_1_U265  |mac_muladd_8ns_16s_34s_34_4_1  |  i0 + i1 * i2|
    |mac_muladd_8ns_16s_34s_34_4_1_U266  |mac_muladd_8ns_16s_34s_34_4_1  |  i0 + i1 * i2|
    |mac_muladd_8ns_16s_34s_34_4_1_U267  |mac_muladd_8ns_16s_34s_34_4_1  |  i0 + i1 * i2|
    |mac_muladd_8ns_16s_34s_34_4_1_U268  |mac_muladd_8ns_16s_34s_34_4_1  |  i0 + i1 * i2|
    |mac_muladd_8ns_16s_34s_34_4_1_U269  |mac_muladd_8ns_16s_34s_34_4_1  |  i0 + i1 * i2|
    |mac_muladd_8ns_16s_34s_34_4_1_U270  |mac_muladd_8ns_16s_34s_34_4_1  |  i0 + i1 * i2|
    |mac_muladd_8ns_16s_34s_34_4_1_U271  |mac_muladd_8ns_16s_34s_34_4_1  |  i0 + i1 * i2|
    |mac_muladd_8ns_16s_34s_34_4_1_U272  |mac_muladd_8ns_16s_34s_34_4_1  |  i0 + i1 * i2|
    |mac_muladd_8ns_16s_34s_34_4_1_U273  |mac_muladd_8ns_16s_34s_34_4_1  |  i0 + i1 * i2|
    |mac_muladd_8ns_16s_34s_34_4_1_U274  |mac_muladd_8ns_16s_34s_34_4_1  |  i0 + i1 * i2|
    |mac_muladd_8ns_16s_34s_34_4_1_U275  |mac_muladd_8ns_16s_34s_34_4_1  |  i0 + i1 * i2|
    |mac_muladd_8ns_16s_34s_34_4_1_U276  |mac_muladd_8ns_16s_34s_34_4_1  |  i0 + i1 * i2|
    |mac_muladd_8ns_16s_34s_34_4_1_U277  |mac_muladd_8ns_16s_34s_34_4_1  |  i0 + i1 * i2|
    |mac_muladd_8ns_16s_34s_34_4_1_U278  |mac_muladd_8ns_16s_34s_34_4_1  |  i0 + i1 * i2|
    |mac_muladd_8ns_16s_34s_34_4_1_U279  |mac_muladd_8ns_16s_34s_34_4_1  |  i0 + i1 * i2|
    |mac_muladd_8ns_16s_34s_34_4_1_U280  |mac_muladd_8ns_16s_34s_34_4_1  |  i0 + i1 * i2|
    |mac_muladd_8ns_16s_34s_34_4_1_U281  |mac_muladd_8ns_16s_34s_34_4_1  |  i0 + i1 * i2|
    |mac_muladd_8ns_16s_34s_34_4_1_U282  |mac_muladd_8ns_16s_34s_34_4_1  |  i0 + i1 * i2|
    |mac_muladd_8ns_16s_34s_34_4_1_U283  |mac_muladd_8ns_16s_34s_34_4_1  |  i0 + i1 * i2|
    |mul_mul_16s_8ns_24_4_1_U36          |mul_mul_16s_8ns_24_4_1         |       i0 * i1|
    |mul_mul_16s_8ns_24_4_1_U37          |mul_mul_16s_8ns_24_4_1         |       i0 * i1|
    |mul_mul_16s_8ns_24_4_1_U38          |mul_mul_16s_8ns_24_4_1         |       i0 * i1|
    |mul_mul_16s_8ns_24_4_1_U39          |mul_mul_16s_8ns_24_4_1         |       i0 * i1|
    |mul_mul_16s_8ns_24_4_1_U40          |mul_mul_16s_8ns_24_4_1         |       i0 * i1|
    |mul_mul_16s_8ns_24_4_1_U41          |mul_mul_16s_8ns_24_4_1         |       i0 * i1|
    |mul_mul_16s_8ns_24_4_1_U42          |mul_mul_16s_8ns_24_4_1         |       i0 * i1|
    |mul_mul_16s_8ns_24_4_1_U43          |mul_mul_16s_8ns_24_4_1         |       i0 * i1|
    |mul_mul_8ns_16s_24_4_1_U44          |mul_mul_8ns_16s_24_4_1         |       i0 * i1|
    |mul_mul_8ns_16s_24_4_1_U45          |mul_mul_8ns_16s_24_4_1         |       i0 * i1|
    |mul_mul_8ns_16s_24_4_1_U46          |mul_mul_8ns_16s_24_4_1         |       i0 * i1|
    |mul_mul_8ns_16s_24_4_1_U47          |mul_mul_8ns_16s_24_4_1         |       i0 * i1|
    |mul_mul_8ns_16s_24_4_1_U48          |mul_mul_8ns_16s_24_4_1         |       i0 * i1|
    |mul_mul_8ns_16s_24_4_1_U49          |mul_mul_8ns_16s_24_4_1         |       i0 * i1|
    |mul_mul_8ns_16s_24_4_1_U50          |mul_mul_8ns_16s_24_4_1         |       i0 * i1|
    |mul_mul_8ns_16s_24_4_1_U51          |mul_mul_8ns_16s_24_4_1         |       i0 * i1|
    +------------------------------------+-------------------------------+--------------+

    * Memory: 
    N/A

    * FIFO: 
    N/A

    * Expression: 
    +----------------------------------+----------+----+---+-----+------------+------------+
    |           Variable Name          | Operation| DSP| FF| LUT | Bitwidth P0| Bitwidth P1|
    +----------------------------------+----------+----+---+-----+------------+------------+
    |add_ln1273_1_fu_1213_p2           |         +|   0|  0|   18|          11|          11|
    |add_ln1273_fu_1199_p2             |         +|   0|  0|   16|           7|           7|
    |add_ln63_1_fu_952_p2              |         +|   0|  0|   21|          14|           1|
    |add_ln63_fu_964_p2                |         +|   0|  0|    9|           2|           1|
    |add_ln65_1_fu_1250_p2             |         +|   0|  0|   20|          13|           1|
    |add_ln65_fu_1042_p2               |         +|   0|  0|   12|           5|           1|
    |add_ln67_1_fu_1236_p2             |         +|   0|  0|   16|           9|           1|
    |add_ln67_fu_1326_p2               |         +|   0|  0|   12|           5|           2|
    |add_ln69_1_fu_1230_p2             |         +|   0|  0|   12|           5|           1|
    |add_ln69_fu_1224_p2               |         +|   0|  0|   15|           8|           4|
    |add_ln813_15_fu_8102_p2           |         +|   0|  0|   39|          32|          32|
    |add_ln813_16_fu_8190_p2           |         +|   0|  0|   39|          32|          32|
    |add_ln813_17_fu_8278_p2           |         +|   0|  0|   39|          32|          32|
    |add_ln813_18_fu_8366_p2           |         +|   0|  0|   39|          32|          32|
    |add_ln813_19_fu_8567_p2           |         +|   0|  0|   39|          32|          32|
    |add_ln813_20_fu_8632_p2           |         +|   0|  0|   39|          32|          32|
    |add_ln813_21_fu_8651_p2           |         +|   0|  0|   39|          32|          32|
    |add_ln813_22_fu_8519_p2           |         +|   0|  0|   39|          32|          32|
    |add_ln813_23_fu_8810_p2           |         +|   0|  0|   39|          32|          32|
    |add_ln813_24_fu_8898_p2           |         +|   0|  0|   39|          32|          32|
    |add_ln813_25_fu_8986_p2           |         +|   0|  0|   39|          32|          32|
    |add_ln813_26_fu_9074_p2           |         +|   0|  0|   39|          32|          32|
    |add_ln813_27_fu_9165_p2           |         +|   0|  0|   39|          32|          32|
    |add_ln813_28_fu_9230_p2           |         +|   0|  0|   39|          32|          32|
    |add_ln813_29_fu_9249_p2           |         +|   0|  0|   39|          32|          32|
    |add_ln813_fu_7882_p2              |         +|   0|  0|   39|          32|          32|
    |add_ln91_fu_1385_p2               |         +|   0|  0|   19|           8|           8|
    |sub_ln1273_fu_1193_p2             |         -|   0|  0|   16|           7|           7|
    |sub_ln1420_10_fu_8934_p2          |         -|   0|  0|   40|           1|          33|
    |sub_ln1420_11_fu_9022_p2          |         -|   0|  0|   40|           1|          33|
    |sub_ln1420_12_fu_9136_p2          |         -|   0|  0|   40|           1|          33|
    |sub_ln1420_13_fu_9199_p2          |         -|   0|  0|   40|           1|          33|
    |sub_ln1420_1_fu_8053_p2           |         -|   0|  0|   40|           1|          33|
    |sub_ln1420_2_fu_8138_p2           |         -|   0|  0|   40|           1|          33|
    |sub_ln1420_3_fu_8226_p2           |         -|   0|  0|   40|           1|          33|
    |sub_ln1420_4_fu_8314_p2           |         -|   0|  0|   40|           1|          33|
    |sub_ln1420_5_fu_8538_p2           |         -|   0|  0|   40|           1|          33|
    |sub_ln1420_6_fu_8601_p2           |         -|   0|  0|   40|           1|          33|
    |sub_ln1420_7_fu_8497_p2           |         -|   0|  0|   40|           1|          33|
    |sub_ln1420_8_fu_8761_p2           |         -|   0|  0|   40|           1|          33|
    |sub_ln1420_9_fu_8846_p2           |         -|   0|  0|   40|           1|          33|
    |sub_ln1420_fu_7841_p2             |         -|   0|  0|   40|           1|          33|
    |sub_ln91_fu_1369_p2               |         -|   0|  0|   19|           8|           8|
    |and_ln63_1_fu_1036_p2             |       and|   0|  0|    2|           1|           1|
    |and_ln63_fu_1120_p2               |       and|   0|  0|    2|           1|           1|
    |and_ln65_fu_1126_p2               |       and|   0|  0|    2|           1|           1|
    |ap_block_pp0_stage0_11001         |       and|   0|  0|    2|           1|           1|
    |ap_block_pp0_stage1_11001         |       and|   0|  0|    2|           1|           1|
    |ap_block_state2_pp0_stage1_iter0  |       and|   0|  0|    2|           1|           1|
    |ap_condition_1932                 |       and|   0|  0|    2|           1|           1|
    |ap_condition_1947                 |       and|   0|  0|    2|           1|           1|
    |ap_predicate_op145_read_state2    |       and|   0|  0|    2|           1|           1|
    |empty_194_fu_940_p2               |      icmp|   0|  0|    9|           4|           1|
    |icmp_ln1420_10_fu_8940_p2         |      icmp|   0|  0|   20|          33|          33|
    |icmp_ln1420_11_fu_9028_p2         |      icmp|   0|  0|   20|          33|          33|
    |icmp_ln1420_12_fu_9142_p2         |      icmp|   0|  0|   20|          33|          33|
    |icmp_ln1420_13_fu_9205_p2         |      icmp|   0|  0|   20|          33|          33|
    |icmp_ln1420_1_fu_8059_p2          |      icmp|   0|  0|   20|          33|          33|
    |icmp_ln1420_2_fu_8144_p2          |      icmp|   0|  0|   20|          33|          33|
    |icmp_ln1420_3_fu_8232_p2          |      icmp|   0|  0|   20|          33|          33|
    |icmp_ln1420_4_fu_8320_p2          |      icmp|   0|  0|   20|          33|          33|
    |icmp_ln1420_5_fu_8544_p2          |      icmp|   0|  0|   20|          33|          33|
    |icmp_ln1420_6_fu_8607_p2          |      icmp|   0|  0|   20|          33|          33|
    |icmp_ln1420_7_fu_8503_p2          |      icmp|   0|  0|   20|          33|          33|
    |icmp_ln1420_8_fu_8767_p2          |      icmp|   0|  0|   20|          33|          33|
    |icmp_ln1420_9_fu_8852_p2          |      icmp|   0|  0|   20|          33|          33|
    |icmp_ln1420_fu_7847_p2            |      icmp|   0|  0|   20|          33|          33|
    |icmp_ln63_fu_946_p2               |      icmp|   0|  0|   12|          14|          14|
    |icmp_ln65_fu_970_p2               |      icmp|   0|  0|   12|          13|          12|
    |icmp_ln67_fu_1030_p2              |      icmp|   0|  0|   11|           9|           8|
    |icmp_ln69_fu_1024_p2              |      icmp|   0|  0|    9|           5|           5|
    |icmp_ln73_fu_1160_p2              |      icmp|   0|  0|    9|           5|           1|
    |p_mid116_fu_1094_p2               |      icmp|   0|  0|    9|           4|           1|
    |p_mid152_fu_1004_p2               |      icmp|   0|  0|    8|           3|           1|
    |empty_193_fu_916_p2               |        or|   0|  0|    2|           2|           2|
    |or_ln65_1_fu_1114_p2              |        or|   0|  0|    2|           1|           1|
    |or_ln65_fu_1048_p2                |        or|   0|  0|    2|           1|           1|
    |or_ln67_1_fu_1138_p2              |        or|   0|  0|    2|           1|           1|
    |or_ln67_fu_1132_p2                |        or|   0|  0|    2|           1|           1|
    |p_mid114_fu_1070_p2               |        or|   0|  0|    2|           2|           2|
    |select_ln1420_10_fu_9066_p3       |    select|   0|  0|  170|           1|         192|
    |select_ln1420_11_fu_9157_p3       |    select|   0|  0|  192|           1|         224|
    |select_ln1420_12_fu_9222_p3       |    select|   0|  0|  208|           1|         256|
    |select_ln1420_1_fu_8182_p3        |    select|   0|  0|  107|           1|         128|
    |select_ln1420_2_fu_8270_p3        |    select|   0|  0|  136|           1|         160|
    |select_ln1420_3_fu_8358_p3        |    select|   0|  0|  170|           1|         192|
    |select_ln1420_4_fu_8559_p3        |    select|   0|  0|  192|           1|         224|
    |select_ln1420_5_fu_8624_p3        |    select|   0|  0|  208|           1|         256|
    |select_ln1420_6_fu_8720_p3        |    select|   0|  0|  505|           1|         512|
    |select_ln1420_7_fu_8802_p3        |    select|   0|  0|   91|           1|          96|
    |select_ln1420_8_fu_8890_p3        |    select|   0|  0|  107|           1|         128|
    |select_ln1420_9_fu_8978_p3        |    select|   0|  0|  136|           1|         160|
    |select_ln1420_fu_8094_p3          |    select|   0|  0|   91|           1|          96|
    |select_ln63_1_fu_984_p3           |    select|   0|  0|    2|           1|           2|
    |select_ln63_2_fu_1010_p3          |    select|   0|  0|    2|           1|           1|
    |select_ln63_fu_976_p3             |    select|   0|  0|    5|           1|           1|
    |select_ln65_1_fu_1054_p3          |    select|   0|  0|    5|           1|           5|
    |select_ln65_2_fu_1100_p3          |    select|   0|  0|    2|           1|           1|
    |select_ln65_3_fu_1319_p3          |    select|   0|  0|    3|           1|           1|
    |select_ln65_4_fu_1256_p3          |    select|   0|  0|   12|           1|           1|
    |select_ln65_fu_1312_p3            |    select|   0|  0|    5|           1|           1|
    |select_ln67_1_fu_1152_p3          |    select|   0|  0|    8|           1|           1|
    |select_ln67_2_fu_1342_p3          |    select|   0|  0|    3|           1|           3|
    |select_ln67_3_fu_1375_p3          |    select|   0|  0|    5|           1|           5|
    |select_ln67_4_fu_1242_p3          |    select|   0|  0|    9|           1|           1|
    |select_ln67_fu_1144_p3            |    select|   0|  0|    5|           1|           1|
    |ap_enable_pp0                     |       xor|   0|  0|    2|           1|           2|
    |xor_ln63_fu_1018_p2               |       xor|   0|  0|    2|           1|           2|
    |xor_ln65_fu_1108_p2               |       xor|   0|  0|    2|           1|           2|
    +----------------------------------+----------+----+---+-----+------------+------------+
    |Total                             |          |   0|  0| 4163|        1193|        4203|
    +----------------------------------+----------+----+---+-----+------------+------------+

    * Multiplexer: 
    +--------------------------------------------------+----+-----------+-----+-----------+
    |                       Name                       | LUT| Input Size| Bits| Total Bits|
    +--------------------------------------------------+----+-----------+-----+-----------+
    |ap_NS_fsm                                         |  20|          4|    1|          4|
    |ap_condition_exit_pp0_iter0_stage2_pp0_iter1_reg  |   9|          2|    1|          2|
    |ap_condition_exit_pp0_iter0_stage2_pp0_iter2_reg  |   9|          2|    1|          2|
    |ap_condition_exit_pp0_iter0_stage2_pp0_iter3_reg  |   9|          2|    1|          2|
    |ap_condition_exit_pp0_iter0_stage2_pp0_iter4_reg  |   9|          2|    1|          2|
    |ap_condition_exit_pp0_iter0_stage2_pp0_iter5_reg  |   9|          2|    1|          2|
    |ap_condition_exit_pp0_iter0_stage2_pp0_iter6_reg  |   9|          2|    1|          2|
    |ap_condition_exit_pp0_iter0_stage2_pp0_iter7_reg  |   9|          2|    1|          2|
    |ap_done_int                                       |   9|          2|    1|          2|
    |ap_enable_reg_pp0_iter0                           |   9|          2|    1|          2|
    |ap_enable_reg_pp0_iter1                           |   9|          2|    1|          2|
    |ap_enable_reg_pp0_iter8                           |   9|          2|    1|          2|
    |ap_loop_exit_ready_pp0_iter1_reg                  |   9|          2|    1|          2|
    |ap_loop_exit_ready_pp0_iter2_reg                  |   9|          2|    1|          2|
    |ap_loop_exit_ready_pp0_iter3_reg                  |   9|          2|    1|          2|
    |ap_loop_exit_ready_pp0_iter4_reg                  |   9|          2|    1|          2|
    |ap_loop_exit_ready_pp0_iter5_reg                  |   9|          2|    1|          2|
    |ap_loop_exit_ready_pp0_iter6_reg                  |   9|          2|    1|          2|
    |ap_loop_exit_ready_pp0_iter7_reg                  |   9|          2|    1|          2|
    |ap_sig_allocacmp_channel_2                        |   9|          2|    2|          4|
    |ap_sig_allocacmp_dim_block_load                   |   9|          2|    5|         10|
    |ap_sig_allocacmp_dim_load                         |   9|          2|    8|         16|
    |ap_sig_allocacmp_indvar_flatten26_load            |   9|          2|   13|         26|
    |ap_sig_allocacmp_indvar_flatten68_load            |   9|          2|   14|         28|
    |ap_sig_allocacmp_indvar_flatten_load              |   9|          2|    9|         18|
    |ap_sig_allocacmp_patch_x_base_2                   |   9|          2|    5|         10|
    |ap_sig_allocacmp_y_offset_2                       |   9|          2|    5|         10|
    |channel_fu_796                                    |   9|          2|    2|          4|
    |dim_block_fu_776                                  |   9|          2|    5|         10|
    |dim_fu_772                                        |   9|          2|    8|         16|
    |image_stream_blk_n                                |   9|          2|    1|          2|
    |indvar_flatten26_fu_792                           |   9|          2|   13|         26|
    |indvar_flatten68_fu_800                           |   9|          2|   14|         28|
    |indvar_flatten_fu_784                             |   9|          2|    9|         18|
    |patch_x_base_fu_780                               |   9|          2|    5|         10|
    |patches_address0                                  |  20|          4|    8|         32|
    |patches_address1                                  |  14|          3|    8|         24|
    |patches_d1                                        |  14|          3|  512|       1536|
    |y_offset_fu_788                                   |   9|          2|    5|         10|
    +--------------------------------------------------+----+-----------+-----+-----------+
    |Total                                             | 383|         84|  670|       1878|
    +--------------------------------------------------+----+-----------+-----+-----------+

    * Register: 
    +--------------------------------------------------+-----+----+-----+-----------+
    |                       Name                       |  FF | LUT| Bits| Const Bits|
    +--------------------------------------------------+-----+----+-----+-----------+
    |add_ln813_18_reg_14933                            |   32|   0|   32|          0|
    |add_ln813_20_reg_15020                            |   32|   0|   32|          0|
    |add_ln813_21_reg_15032                            |   32|   0|   32|          0|
    |add_ln813_22_reg_15014                            |   32|   0|   32|          0|
    |add_ln813_26_reg_15071                            |   32|   0|   32|          0|
    |add_ln813_reg_14836                               |   32|   0|   32|          0|
    |and_ln65_reg_11594                                |    1|   0|    1|          0|
    |ap_CS_fsm                                         |    3|   0|    3|          0|
    |ap_condition_exit_pp0_iter0_stage2_pp0_iter1_reg  |    1|   0|    1|          0|
    |ap_condition_exit_pp0_iter0_stage2_pp0_iter2_reg  |    1|   0|    1|          0|
    |ap_condition_exit_pp0_iter0_stage2_pp0_iter3_reg  |    1|   0|    1|          0|
    |ap_condition_exit_pp0_iter0_stage2_pp0_iter4_reg  |    1|   0|    1|          0|
    |ap_condition_exit_pp0_iter0_stage2_pp0_iter5_reg  |    1|   0|    1|          0|
    |ap_condition_exit_pp0_iter0_stage2_pp0_iter6_reg  |    1|   0|    1|          0|
    |ap_condition_exit_pp0_iter0_stage2_pp0_iter7_reg  |    1|   0|    1|          0|
    |ap_done_reg                                       |    1|   0|    1|          0|
    |ap_enable_reg_pp0_iter0_reg                       |    1|   0|    1|          0|
    |ap_enable_reg_pp0_iter1                           |    1|   0|    1|          0|
    |ap_enable_reg_pp0_iter2                           |    1|   0|    1|          0|
    |ap_enable_reg_pp0_iter3                           |    1|   0|    1|          0|
    |ap_enable_reg_pp0_iter4                           |    1|   0|    1|          0|
    |ap_enable_reg_pp0_iter5                           |    1|   0|    1|          0|
    |ap_enable_reg_pp0_iter6                           |    1|   0|    1|          0|
    |ap_enable_reg_pp0_iter7                           |    1|   0|    1|          0|
    |ap_enable_reg_pp0_iter8                           |    1|   0|    1|          0|
    |ap_loop_exit_ready_pp0_iter1_reg                  |    1|   0|    1|          0|
    |ap_loop_exit_ready_pp0_iter2_reg                  |    1|   0|    1|          0|
    |ap_loop_exit_ready_pp0_iter3_reg                  |    1|   0|    1|          0|
    |ap_loop_exit_ready_pp0_iter4_reg                  |    1|   0|    1|          0|
    |ap_loop_exit_ready_pp0_iter5_reg                  |    1|   0|    1|          0|
    |ap_loop_exit_ready_pp0_iter6_reg                  |    1|   0|    1|          0|
    |ap_loop_exit_ready_pp0_iter7_reg                  |    1|   0|    1|          0|
    |channel_fu_796                                    |    2|   0|    2|          0|
    |dim_block_fu_776                                  |    5|   0|    5|          0|
    |dim_fu_772                                        |    8|   0|    8|          0|
    |icmp_ln1420_7_reg_15004                           |    1|   0|    1|          0|
    |icmp_ln63_reg_11580                               |    1|   0|    1|          0|
    |icmp_ln73_reg_11605                               |    1|   0|    1|          0|
    |image_block_3_fu_804                              |  256|   0|  256|          0|
    |image_block_3_load_reg_12265                      |  256|   0|  256|          0|
    |indvar_flatten26_fu_792                           |   13|   0|   13|          0|
    |indvar_flatten68_fu_800                           |   14|   0|   14|          0|
    |indvar_flatten_fu_784                             |    9|   0|    9|          0|
    |lhs_128_reg_14643                                 |   32|   0|   32|          0|
    |lhs_133_reg_14945                                 |   32|   0|   32|          0|
    |lhs_269_reg_15083                                 |   32|   0|   32|          0|
    |or_ln65_reg_11584                                 |    1|   0|    1|          0|
    |patch_x_base_fu_780                               |    5|   0|    5|          0|
    |patches_addr_reg_11619                            |    8|   0|    8|          0|
    |patches_load_1_reg_14923                          |  512|   0|  512|          0|
    |patches_load_reg_14637                            |  512|   0|  512|          0|
    |rhs_110_reg_14912                                 |   32|   0|   32|          0|
    |rhs_126_reg_14918                                 |   32|   0|   32|          0|
    |rhs_158_reg_14966                                 |   32|   0|   32|          0|
    |rhs_174_reg_14972                                 |   32|   0|   32|          0|
    |rhs_190_reg_14978                                 |   32|   0|   32|          0|
    |rhs_206_reg_15038                                 |   32|   0|   32|          0|
    |rhs_222_reg_15044                                 |   32|   0|   32|          0|
    |rhs_238_reg_15050                                 |   32|   0|   32|          0|
    |rhs_254_reg_15056                                 |   32|   0|   32|          0|
    |rhs_30_reg_14793                                  |   32|   0|   32|          0|
    |rhs_46_reg_14799                                  |   32|   0|   32|          0|
    |rhs_62_reg_14805                                  |   32|   0|   32|          0|
    |rhs_78_reg_14811                                  |   32|   0|   32|          0|
    |rhs_94_reg_14817                                  |   32|   0|   32|          0|
    |select_ln1420_6_reg_15061                         |  512|   0|  512|          0|
    |select_ln65_2_reg_11590                           |    1|   0|    1|          0|
    |select_ln67_reg_11600                             |    5|   0|    5|          0|
    |sext_ln1273_111_reg_14724                         |   24|   0|   24|          0|
    |sext_ln1273_127_reg_14735                         |   24|   0|   24|          0|
    |sext_ln1273_13_reg_14182                          |   24|   0|   24|          0|
    |sext_ln1273_14_reg_14310                          |   24|   0|   24|          0|
    |sext_ln1273_15_reg_14462                          |   24|   0|   24|          0|
    |sext_ln1273_29_reg_14193                          |   24|   0|   24|          0|
    |sext_ln1273_30_reg_14321                          |   24|   0|   24|          0|
    |sext_ln1273_31_reg_14473                          |   24|   0|   24|          0|
    |sext_ln1273_45_reg_14204                          |   24|   0|   24|          0|
    |sext_ln1273_46_reg_14332                          |   24|   0|   24|          0|
    |sext_ln1273_47_reg_14484                          |   24|   0|   24|          0|
    |sext_ln1273_61_reg_14215                          |   24|   0|   24|          0|
    |sext_ln1273_62_reg_14343                          |   24|   0|   24|          0|
    |sext_ln1273_63_reg_14495                          |   24|   0|   24|          0|
    |sext_ln1273_77_reg_14226                          |   24|   0|   24|          0|
    |sext_ln1273_78_reg_14354                          |   24|   0|   24|          0|
    |sext_ln1273_79_reg_14506                          |   24|   0|   24|          0|
    |sext_ln1273_93_reg_14237                          |   24|   0|   24|          0|
    |sext_ln1273_94_reg_14365                          |   24|   0|   24|          0|
    |sext_ln1273_95_reg_14517                          |   24|   0|   24|          0|
    |tmp_100_reg_12516                                 |    8|   0|    8|          0|
    |tmp_102_reg_11700                                 |   16|   0|   16|          0|
    |tmp_103_reg_12521                                 |    8|   0|    8|          0|
    |tmp_104_reg_11705                                 |   16|   0|   16|          0|
    |tmp_106_reg_11710                                 |   16|   0|   16|          0|
    |tmp_107_reg_11715                                 |   16|   0|   16|          0|
    |tmp_110_reg_11720                                 |   16|   0|   16|          0|
    |tmp_110_reg_11720_pp0_iter1_reg                   |   16|   0|   16|          0|
    |tmp_112_reg_11725                                 |   16|   0|   16|          0|
    |tmp_112_reg_11725_pp0_iter1_reg                   |   16|   0|   16|          0|
    |tmp_114_reg_11730                                 |   16|   0|   16|          0|
    |tmp_114_reg_11730_pp0_iter1_reg                   |   16|   0|   16|          0|
    |tmp_116_reg_11735                                 |   16|   0|   16|          0|
    |tmp_118_reg_11740                                 |   16|   0|   16|          0|
    |tmp_120_reg_11745                                 |   16|   0|   16|          0|
    |tmp_122_reg_11750                                 |   16|   0|   16|          0|
    |tmp_124_reg_11755                                 |   16|   0|   16|          0|
    |tmp_126_reg_11760                                 |   16|   0|   16|          0|
    |tmp_128_reg_11765                                 |   16|   0|   16|          0|
    |tmp_130_reg_11770                                 |   16|   0|   16|          0|
    |tmp_132_reg_11775                                 |   16|   0|   16|          0|
    |tmp_134_reg_11780                                 |   16|   0|   16|          0|
    |tmp_135_reg_11785                                 |   16|   0|   16|          0|
    |tmp_137_reg_11790                                 |   16|   0|   16|          0|
    |tmp_138_reg_11795                                 |   16|   0|   16|          0|
    |tmp_141_reg_11800                                 |   16|   0|   16|          0|
    |tmp_141_reg_11800_pp0_iter1_reg                   |   16|   0|   16|          0|
    |tmp_143_reg_11805                                 |   16|   0|   16|          0|
    |tmp_143_reg_11805_pp0_iter1_reg                   |   16|   0|   16|          0|
    |tmp_145_reg_11810                                 |   16|   0|   16|          0|
    |tmp_145_reg_11810_pp0_iter1_reg                   |   16|   0|   16|          0|
    |tmp_147_reg_11815                                 |   16|   0|   16|          0|
    |tmp_149_reg_11820                                 |   16|   0|   16|          0|
    |tmp_151_reg_11825                                 |   16|   0|   16|          0|
    |tmp_153_reg_11830                                 |   16|   0|   16|          0|
    |tmp_155_reg_11835                                 |   16|   0|   16|          0|
    |tmp_157_reg_11840                                 |   16|   0|   16|          0|
    |tmp_159_reg_11845                                 |   16|   0|   16|          0|
    |tmp_161_reg_11850                                 |   16|   0|   16|          0|
    |tmp_163_reg_11855                                 |   16|   0|   16|          0|
    |tmp_165_reg_11860                                 |   16|   0|   16|          0|
    |tmp_166_reg_11865                                 |   16|   0|   16|          0|
    |tmp_168_reg_11870                                 |   16|   0|   16|          0|
    |tmp_170_reg_11875                                 |   16|   0|   16|          0|
    |tmp_173_reg_11880                                 |   16|   0|   16|          0|
    |tmp_173_reg_11880_pp0_iter1_reg                   |   16|   0|   16|          0|
    |tmp_175_reg_11885                                 |   16|   0|   16|          0|
    |tmp_175_reg_11885_pp0_iter1_reg                   |   16|   0|   16|          0|
    |tmp_177_reg_11890                                 |   16|   0|   16|          0|
    |tmp_177_reg_11890_pp0_iter1_reg                   |   16|   0|   16|          0|
    |tmp_179_reg_11895                                 |   16|   0|   16|          0|
    |tmp_181_reg_11900                                 |   16|   0|   16|          0|
    |tmp_183_reg_11905                                 |   16|   0|   16|          0|
    |tmp_185_reg_11910                                 |   16|   0|   16|          0|
    |tmp_187_reg_11915                                 |   16|   0|   16|          0|
    |tmp_189_reg_11920                                 |   16|   0|   16|          0|
    |tmp_191_reg_11925                                 |   16|   0|   16|          0|
    |tmp_193_reg_11930                                 |   16|   0|   16|          0|
    |tmp_195_reg_11935                                 |   16|   0|   16|          0|
    |tmp_197_reg_11940                                 |   16|   0|   16|          0|
    |tmp_198_reg_11945                                 |   16|   0|   16|          0|
    |tmp_200_reg_11950                                 |   16|   0|   16|          0|
    |tmp_201_reg_11955                                 |   16|   0|   16|          0|
    |tmp_204_reg_11960                                 |   16|   0|   16|          0|
    |tmp_204_reg_11960_pp0_iter1_reg                   |   16|   0|   16|          0|
    |tmp_206_reg_11965                                 |   16|   0|   16|          0|
    |tmp_206_reg_11965_pp0_iter1_reg                   |   16|   0|   16|          0|
    |tmp_208_reg_11970                                 |   16|   0|   16|          0|
    |tmp_208_reg_11970_pp0_iter1_reg                   |   16|   0|   16|          0|
    |tmp_210_reg_11975                                 |   16|   0|   16|          0|
    |tmp_212_reg_11980                                 |   16|   0|   16|          0|
    |tmp_214_reg_11985                                 |   16|   0|   16|          0|
    |tmp_216_reg_11990                                 |   16|   0|   16|          0|
    |tmp_218_reg_11995                                 |   16|   0|   16|          0|
    |tmp_220_reg_12000                                 |   16|   0|   16|          0|
    |tmp_222_reg_12005                                 |   16|   0|   16|          0|
    |tmp_224_reg_12010                                 |   16|   0|   16|          0|
    |tmp_226_reg_12015                                 |   16|   0|   16|          0|
    |tmp_228_reg_12020                                 |   16|   0|   16|          0|
    |tmp_229_reg_12025                                 |   16|   0|   16|          0|
    |tmp_231_reg_12030                                 |   16|   0|   16|          0|
    |tmp_232_reg_12035                                 |   16|   0|   16|          0|
    |tmp_235_reg_12040                                 |   16|   0|   16|          0|
    |tmp_235_reg_12040_pp0_iter1_reg                   |   16|   0|   16|          0|
    |tmp_237_reg_12045                                 |   16|   0|   16|          0|
    |tmp_237_reg_12045_pp0_iter1_reg                   |   16|   0|   16|          0|
    |tmp_239_reg_12050                                 |   16|   0|   16|          0|
    |tmp_239_reg_12050_pp0_iter1_reg                   |   16|   0|   16|          0|
    |tmp_241_reg_12055                                 |   16|   0|   16|          0|
    |tmp_243_reg_12060                                 |   16|   0|   16|          0|
    |tmp_245_reg_12065                                 |   16|   0|   16|          0|
    |tmp_247_reg_12070                                 |   16|   0|   16|          0|
    |tmp_249_reg_12075                                 |   16|   0|   16|          0|
    |tmp_251_reg_12080                                 |   16|   0|   16|          0|
    |tmp_253_reg_12085                                 |   16|   0|   16|          0|
    |tmp_255_reg_12090                                 |   16|   0|   16|          0|
    |tmp_257_reg_12095                                 |   16|   0|   16|          0|
    |tmp_259_reg_12100                                 |   16|   0|   16|          0|
    |tmp_260_reg_12105                                 |   16|   0|   16|          0|
    |tmp_262_reg_12110                                 |   16|   0|   16|          0|
    |tmp_263_reg_12115                                 |   16|   0|   16|          0|
    |tmp_266_reg_12120                                 |   16|   0|   16|          0|
    |tmp_266_reg_12120_pp0_iter1_reg                   |   16|   0|   16|          0|
    |tmp_268_reg_12125                                 |   16|   0|   16|          0|
    |tmp_268_reg_12125_pp0_iter1_reg                   |   16|   0|   16|          0|
    |tmp_270_reg_12130                                 |   16|   0|   16|          0|
    |tmp_270_reg_12130_pp0_iter1_reg                   |   16|   0|   16|          0|
    |tmp_272_reg_12135                                 |   16|   0|   16|          0|
    |tmp_274_reg_12140                                 |   16|   0|   16|          0|
    |tmp_276_reg_12145                                 |   16|   0|   16|          0|
    |tmp_278_reg_12150                                 |   16|   0|   16|          0|
    |tmp_280_reg_12155                                 |   16|   0|   16|          0|
    |tmp_282_reg_12160                                 |   16|   0|   16|          0|
    |tmp_284_reg_12165                                 |   16|   0|   16|          0|
    |tmp_285_reg_14523                                 |   32|   0|   32|          0|
    |tmp_286_reg_12170                                 |   16|   0|   16|          0|
    |tmp_288_reg_12175                                 |   16|   0|   16|          0|
    |tmp_289_reg_14823                                 |   32|   0|   32|          0|
    |tmp_290_reg_12180                                 |   16|   0|   16|          0|
    |tmp_291_reg_12185                                 |   16|   0|   16|          0|
    |tmp_293_reg_12190                                 |   16|   0|   16|          0|
    |tmp_294_reg_12195                                 |   16|   0|   16|          0|
    |tmp_297_reg_12200                                 |   16|   0|   16|          0|
    |tmp_297_reg_12200_pp0_iter1_reg                   |   16|   0|   16|          0|
    |tmp_299_reg_12205                                 |   16|   0|   16|          0|
    |tmp_299_reg_12205_pp0_iter1_reg                   |   16|   0|   16|          0|
    |tmp_301_reg_12210                                 |   16|   0|   16|          0|
    |tmp_301_reg_12210_pp0_iter1_reg                   |   16|   0|   16|          0|
    |tmp_303_reg_12215                                 |   16|   0|   16|          0|
    |tmp_305_reg_12220                                 |   16|   0|   16|          0|
    |tmp_307_reg_12225                                 |   16|   0|   16|          0|
    |tmp_309_reg_12230                                 |   16|   0|   16|          0|
    |tmp_311_reg_12235                                 |   16|   0|   16|          0|
    |tmp_313_reg_12240                                 |   16|   0|   16|          0|
    |tmp_315_reg_12245                                 |   16|   0|   16|          0|
    |tmp_316_reg_14534                                 |   32|   0|   32|          0|
    |tmp_317_reg_12250                                 |   16|   0|   16|          0|
    |tmp_319_reg_12255                                 |   16|   0|   16|          0|
    |tmp_320_reg_14828                                 |   32|   0|   32|          0|
    |tmp_321_reg_12260                                 |   16|   0|   16|          0|
    |tmp_324_reg_14951                                 |   64|   0|   64|          0|
    |tmp_325_reg_14961                                 |   32|   0|   32|          0|
    |tmp_333_reg_12580                                 |    8|   0|    8|          0|
    |tmp_334_cast_reg_14928                            |   64|   0|   64|          0|
    |tmp_335_cast_reg_14956                            |   32|   0|   32|          0|
    |tmp_335_reg_12585                                 |    8|   0|    8|          0|
    |tmp_337_reg_12590                                 |    8|   0|    8|          0|
    |tmp_339_reg_12595                                 |    8|   0|    8|          0|
    |tmp_339_reg_12595_pp0_iter2_reg                   |    8|   0|    8|          0|
    |tmp_341_reg_12600                                 |    8|   0|    8|          0|
    |tmp_341_reg_12600_pp0_iter2_reg                   |    8|   0|    8|          0|
    |tmp_343_reg_12605                                 |    8|   0|    8|          0|
    |tmp_343_reg_12605_pp0_iter2_reg                   |    8|   0|    8|          0|
    |tmp_345_reg_12610                                 |    8|   0|    8|          0|
    |tmp_347_reg_12615                                 |    8|   0|    8|          0|
    |tmp_349_reg_12620                                 |    8|   0|    8|          0|
    |tmp_351_reg_12625                                 |    8|   0|    8|          0|
    |tmp_352_reg_14545                                 |   32|   0|   32|          0|
    |tmp_353_reg_12630                                 |    8|   0|    8|          0|
    |tmp_355_reg_12635                                 |    8|   0|    8|          0|
    |tmp_356_reg_14842                                 |   32|   0|   32|          0|
    |tmp_369_reg_14562                                 |   32|   0|   32|          0|
    |tmp_371_reg_14847                                 |   32|   0|   32|          0|
    |tmp_384_reg_14567                                 |   32|   0|   32|          0|
    |tmp_386_reg_14852                                 |   32|   0|   32|          0|
    |tmp_399_reg_14572                                 |   32|   0|   32|          0|
    |tmp_401_reg_14857                                 |   32|   0|   32|          0|
    |tmp_414_reg_14577                                 |   32|   0|   32|          0|
    |tmp_416_reg_14862                                 |   32|   0|   32|          0|
    |tmp_429_reg_14582                                 |   32|   0|   32|          0|
    |tmp_431_reg_14867                                 |   32|   0|   32|          0|
    |tmp_444_reg_14587                                 |   32|   0|   32|          0|
    |tmp_446_reg_14872                                 |   32|   0|   32|          0|
    |tmp_459_reg_14592                                 |   32|   0|   32|          0|
    |tmp_461_reg_14877                                 |   32|   0|   32|          0|
    |tmp_462_reg_15009                                 |  224|   0|  224|          0|
    |tmp_463_reg_15089                                 |   64|   0|   64|          0|
    |tmp_464_reg_15099                                 |   32|   0|   32|          0|
    |tmp_477_cast_reg_15066                            |   64|   0|   64|          0|
    |tmp_478_cast_reg_15094                            |   32|   0|   32|          0|
    |tmp_60_reg_11630                                  |   16|   0|   16|          0|
    |tmp_61_reg_11635                                  |   16|   0|   16|          0|
    |tmp_63_reg_11640                                  |   16|   0|   16|          0|
    |tmp_63_reg_11640_pp0_iter1_reg                    |   16|   0|   16|          0|
    |tmp_67_reg_12461                                  |    8|   0|    8|          0|
    |tmp_69_reg_11645                                  |   16|   0|   16|          0|
    |tmp_69_reg_11645_pp0_iter1_reg                    |   16|   0|   16|          0|
    |tmp_70_reg_12466                                  |    8|   0|    8|          0|
    |tmp_72_reg_11650                                  |   16|   0|   16|          0|
    |tmp_72_reg_11650_pp0_iter1_reg                    |   16|   0|   16|          0|
    |tmp_73_reg_12471                                  |    8|   0|    8|          0|
    |tmp_75_reg_11655                                  |   16|   0|   16|          0|
    |tmp_76_reg_12476                                  |    8|   0|    8|          0|
    |tmp_76_reg_12476_pp0_iter2_reg                    |    8|   0|    8|          0|
    |tmp_78_reg_11660                                  |   16|   0|   16|          0|
    |tmp_79_reg_12481                                  |    8|   0|    8|          0|
    |tmp_79_reg_12481_pp0_iter2_reg                    |    8|   0|    8|          0|
    |tmp_81_reg_11665                                  |   16|   0|   16|          0|
    |tmp_82_reg_12486                                  |    8|   0|    8|          0|
    |tmp_82_reg_12486_pp0_iter2_reg                    |    8|   0|    8|          0|
    |tmp_84_reg_11670                                  |   16|   0|   16|          0|
    |tmp_85_reg_12491                                  |    8|   0|    8|          0|
    |tmp_87_reg_11675                                  |   16|   0|   16|          0|
    |tmp_88_reg_12496                                  |    8|   0|    8|          0|
    |tmp_90_reg_11680                                  |   16|   0|   16|          0|
    |tmp_91_reg_12501                                  |    8|   0|    8|          0|
    |tmp_93_reg_11685                                  |   16|   0|   16|          0|
    |tmp_94_reg_12506                                  |    8|   0|    8|          0|
    |tmp_96_reg_11690                                  |   16|   0|   16|          0|
    |tmp_97_reg_12511                                  |    8|   0|    8|          0|
    |tmp_99_reg_11695                                  |   16|   0|   16|          0|
    |trunc_ln1273_reg_11625                            |   16|   0|   16|          0|
    |trunc_ln1273_s_reg_12640                          |    8|   0|    8|          0|
    |trunc_ln813_3_reg_14939                           |  128|   0|  128|          0|
    |trunc_ln813_5_reg_15026                           |  192|   0|  192|          0|
    |trunc_ln813_9_reg_15077                           |  128|   0|  128|          0|
    |y_offset_fu_788                                   |    5|   0|    5|          0|
    |zext_ln1273_14_reg_14170                          |    8|   0|   24|         16|
    |zext_ln1273_15_reg_14298                          |    8|   0|   24|         16|
    |zext_ln1273_16_reg_14450                          |    8|   0|   24|         16|
    |zext_ln1273_2_reg_14746                           |    8|   0|   24|         16|
    |icmp_ln63_reg_11580                               |   64|  32|    1|          0|
    |patches_addr_reg_11619                            |   64|  32|    8|          0|
    |tmp_100_reg_12516                                 |   64|  32|    8|          0|
    |tmp_102_reg_11700                                 |   64|  32|   16|          0|
    |tmp_103_reg_12521                                 |   64|  32|    8|          0|
    |tmp_116_reg_11735                                 |   64|  32|   16|          0|
    |tmp_118_reg_11740                                 |   64|  32|   16|          0|
    |tmp_120_reg_11745                                 |   64|  32|   16|          0|
    |tmp_122_reg_11750                                 |   64|  32|   16|          0|
    |tmp_124_reg_11755                                 |   64|  32|   16|          0|
    |tmp_126_reg_11760                                 |   64|  32|   16|          0|
    |tmp_128_reg_11765                                 |   64|  32|   16|          0|
    |tmp_130_reg_11770                                 |   64|  32|   16|          0|
    |tmp_132_reg_11775                                 |   64|  32|   16|          0|
    |tmp_134_reg_11780                                 |   64|  32|   16|          0|
    |tmp_147_reg_11815                                 |   64|  32|   16|          0|
    |tmp_149_reg_11820                                 |   64|  32|   16|          0|
    |tmp_151_reg_11825                                 |   64|  32|   16|          0|
    |tmp_153_reg_11830                                 |   64|  32|   16|          0|
    |tmp_155_reg_11835                                 |   64|  32|   16|          0|
    |tmp_157_reg_11840                                 |   64|  32|   16|          0|
    |tmp_159_reg_11845                                 |   64|  32|   16|          0|
    |tmp_161_reg_11850                                 |   64|  32|   16|          0|
    |tmp_163_reg_11855                                 |   64|  32|   16|          0|
    |tmp_165_reg_11860                                 |   64|  32|   16|          0|
    |tmp_179_reg_11895                                 |   64|  32|   16|          0|
    |tmp_181_reg_11900                                 |   64|  32|   16|          0|
    |tmp_183_reg_11905                                 |   64|  32|   16|          0|
    |tmp_185_reg_11910                                 |   64|  32|   16|          0|
    |tmp_187_reg_11915                                 |   64|  32|   16|          0|
    |tmp_189_reg_11920                                 |   64|  32|   16|          0|
    |tmp_191_reg_11925                                 |   64|  32|   16|          0|
    |tmp_193_reg_11930                                 |   64|  32|   16|          0|
    |tmp_195_reg_11935                                 |   64|  32|   16|          0|
    |tmp_197_reg_11940                                 |   64|  32|   16|          0|
    |tmp_210_reg_11975                                 |   64|  32|   16|          0|
    |tmp_212_reg_11980                                 |   64|  32|   16|          0|
    |tmp_214_reg_11985                                 |   64|  32|   16|          0|
    |tmp_216_reg_11990                                 |   64|  32|   16|          0|
    |tmp_218_reg_11995                                 |   64|  32|   16|          0|
    |tmp_220_reg_12000                                 |   64|  32|   16|          0|
    |tmp_222_reg_12005                                 |   64|  32|   16|          0|
    |tmp_224_reg_12010                                 |   64|  32|   16|          0|
    |tmp_226_reg_12015                                 |   64|  32|   16|          0|
    |tmp_228_reg_12020                                 |   64|  32|   16|          0|
    |tmp_241_reg_12055                                 |   64|  32|   16|          0|
    |tmp_243_reg_12060                                 |   64|  32|   16|          0|
    |tmp_245_reg_12065                                 |   64|  32|   16|          0|
    |tmp_247_reg_12070                                 |   64|  32|   16|          0|
    |tmp_249_reg_12075                                 |   64|  32|   16|          0|
    |tmp_251_reg_12080                                 |   64|  32|   16|          0|
    |tmp_253_reg_12085                                 |   64|  32|   16|          0|
    |tmp_255_reg_12090                                 |   64|  32|   16|          0|
    |tmp_257_reg_12095                                 |   64|  32|   16|          0|
    |tmp_259_reg_12100                                 |   64|  32|   16|          0|
    |tmp_272_reg_12135                                 |   64|  32|   16|          0|
    |tmp_274_reg_12140                                 |   64|  32|   16|          0|
    |tmp_276_reg_12145                                 |   64|  32|   16|          0|
    |tmp_278_reg_12150                                 |   64|  32|   16|          0|
    |tmp_280_reg_12155                                 |   64|  32|   16|          0|
    |tmp_282_reg_12160                                 |   64|  32|   16|          0|
    |tmp_284_reg_12165                                 |   64|  32|   16|          0|
    |tmp_286_reg_12170                                 |   64|  32|   16|          0|
    |tmp_288_reg_12175                                 |   64|  32|   16|          0|
    |tmp_290_reg_12180                                 |   64|  32|   16|          0|
    |tmp_303_reg_12215                                 |   64|  32|   16|          0|
    |tmp_305_reg_12220                                 |   64|  32|   16|          0|
    |tmp_307_reg_12225                                 |   64|  32|   16|          0|
    |tmp_309_reg_12230                                 |   64|  32|   16|          0|
    |tmp_311_reg_12235                                 |   64|  32|   16|          0|
    |tmp_313_reg_12240                                 |   64|  32|   16|          0|
    |tmp_315_reg_12245                                 |   64|  32|   16|          0|
    |tmp_317_reg_12250                                 |   64|  32|   16|          0|
    |tmp_319_reg_12255                                 |   64|  32|   16|          0|
    |tmp_321_reg_12260                                 |   64|  32|   16|          0|
    |tmp_345_reg_12610                                 |   64|  32|    8|          0|
    |tmp_347_reg_12615                                 |   64|  32|    8|          0|
    |tmp_349_reg_12620                                 |   64|  32|    8|          0|
    |tmp_351_reg_12625                                 |   64|  32|    8|          0|
    |tmp_353_reg_12630                                 |   64|  32|    8|          0|
    |tmp_355_reg_12635                                 |   64|  32|    8|          0|
    |tmp_75_reg_11655                                  |   64|  32|   16|          0|
    |tmp_78_reg_11660                                  |   64|  32|   16|          0|
    |tmp_81_reg_11665                                  |   64|  32|   16|          0|
    |tmp_84_reg_11670                                  |   64|  32|   16|          0|
    |tmp_85_reg_12491                                  |   64|  32|    8|          0|
    |tmp_87_reg_11675                                  |   64|  32|   16|          0|
    |tmp_88_reg_12496                                  |   64|  32|    8|          0|
    |tmp_90_reg_11680                                  |   64|  32|   16|          0|
    |tmp_91_reg_12501                                  |   64|  32|    8|          0|
    |tmp_93_reg_11685                                  |   64|  32|   16|          0|
    |tmp_94_reg_12506                                  |   64|  32|    8|          0|
    |tmp_96_reg_11690                                  |   64|  32|   16|          0|
    |tmp_97_reg_12511                                  |   64|  32|    8|          0|
    |tmp_99_reg_11695                                  |   64|  32|   16|          0|
    |trunc_ln1273_s_reg_12640                          |   64|  32|    8|          0|
    +--------------------------------------------------+-----+----+-----+-----------+
    |Total                                             |13931|3072| 9252|         64|
    +--------------------------------------------------+-----+----+-----+-----------+



================================================================
== Interface
================================================================
* Summary: 
+------------------------------+-----+------+------------+-----------------------------------------------+--------------+
|           RTL Ports          | Dir | Bits |  Protocol  |                 Source Object                 |    C Type    |
+------------------------------+-----+------+------------+-----------------------------------------------+--------------+
|ap_clk                        |   in|     1|  ap_ctrl_hs|  patch_embed_accumulate_compute<16u, 128u, 8u>|  return value|
|ap_rst                        |   in|     1|  ap_ctrl_hs|  patch_embed_accumulate_compute<16u, 128u, 8u>|  return value|
|ap_start                      |   in|     1|  ap_ctrl_hs|  patch_embed_accumulate_compute<16u, 128u, 8u>|  return value|
|ap_done                       |  out|     1|  ap_ctrl_hs|  patch_embed_accumulate_compute<16u, 128u, 8u>|  return value|
|ap_continue                   |   in|     1|  ap_ctrl_hs|  patch_embed_accumulate_compute<16u, 128u, 8u>|  return value|
|ap_idle                       |  out|     1|  ap_ctrl_hs|  patch_embed_accumulate_compute<16u, 128u, 8u>|  return value|
|ap_ready                      |  out|     1|  ap_ctrl_hs|  patch_embed_accumulate_compute<16u, 128u, 8u>|  return value|
|image_stream_dout             |   in|   256|     ap_fifo|                                   image_stream|       pointer|
|image_stream_num_data_valid   |   in|     2|     ap_fifo|                                   image_stream|       pointer|
|image_stream_fifo_cap         |   in|     2|     ap_fifo|                                   image_stream|       pointer|
|image_stream_empty_n          |   in|     1|     ap_fifo|                                   image_stream|       pointer|
|image_stream_read             |  out|     1|     ap_fifo|                                   image_stream|       pointer|
|patches_address0              |  out|     8|   ap_memory|                                        patches|         array|
|patches_ce0                   |  out|     1|   ap_memory|                                        patches|         array|
|patches_we0                   |  out|     1|   ap_memory|                                        patches|         array|
|patches_d0                    |  out|   512|   ap_memory|                                        patches|         array|
|patches_q0                    |   in|   512|   ap_memory|                                        patches|         array|
|patches_address1              |  out|     8|   ap_memory|                                        patches|         array|
|patches_ce1                   |  out|     1|   ap_memory|                                        patches|         array|
|patches_we1                   |  out|     1|   ap_memory|                                        patches|         array|
|patches_d1                    |  out|   512|   ap_memory|                                        patches|         array|
|patch_embed_bias_address0     |  out|     5|   ap_memory|                               patch_embed_bias|         array|
|patch_embed_bias_ce0          |  out|     1|   ap_memory|                               patch_embed_bias|         array|
|patch_embed_bias_q0           |   in|   128|   ap_memory|                               patch_embed_bias|         array|
|patch_embed_weights_address0  |  out|    11|   ap_memory|                            patch_embed_weights|         array|
|patch_embed_weights_ce0       |  out|     1|   ap_memory|                            patch_embed_weights|         array|
|patch_embed_weights_q0        |   in|  2048|   ap_memory|                            patch_embed_weights|         array|
+------------------------------+-----+------+------------+-----------------------------------------------+--------------+

