

================================================================
== Vitis HLS Report for 'read_attn'
================================================================
* Date:           Wed Jul 31 17:05:28 2024

* Version:        2022.2 (Build 3670227 on Oct 13 2022)
* Project:        Deit_cpp
* Solution:       solution1 (Vivado IP Flow Target)
* Product family: zynquplus
* Target device:  xck26-sfvc784-2LV-c


================================================================
== Performance Estimates
================================================================
+ Timing: 
    * Summary: 
    +--------+----------+----------+------------+
    |  Clock |  Target  | Estimated| Uncertainty|
    +--------+----------+----------+------------+
    |ap_clk  |  10.00 ns|  7.300 ns|     2.70 ns|
    +--------+----------+----------+------------+

+ Latency: 
    * Summary: 
    +---------+---------+----------+----------+-------+-------+---------+
    |  Latency (cycles) |  Latency (absolute) |    Interval   | Pipeline|
    |   min   |   max   |    min   |    max   |  min  |  max  |   Type  |
    +---------+---------+----------+----------+-------+-------+---------+
    |    17038|    17038|  0.170 ms|  0.170 ms|  17038|  17038|       no|
    +---------+---------+----------+----------+-------+-------+---------+

    + Detail: 
        * Instance: 
        N/A

        * Loop: 
        +----------------------------------------------------------------------------------------+---------+---------+----------+-----------+-----------+-------+----------+
        |                                                                                        |  Latency (cycles) | Iteration|  Initiation Interval  |  Trip |          |
        |                                        Loop Name                                       |   min   |   max   |  Latency |  achieved |   target  | Count | Pipelined|
        +----------------------------------------------------------------------------------------+---------+---------+----------+-----------+-----------+-------+----------+
        |- _ln322_for_each_q_patch_block__ln324_for_each_k_patch__ln326_for_each_q_patch_offset  |    17036|    17036|        10|          1|          1|  17028|       yes|
        +----------------------------------------------------------------------------------------+---------+---------+----------+-----------+-----------+-------+----------+



================================================================
== Utilization Estimates
================================================================
* Summary: 
+-----------------+---------+------+--------+--------+-----+
|       Name      | BRAM_18K|  DSP |   FF   |   LUT  | URAM|
+-----------------+---------+------+--------+--------+-----+
|DSP              |        -|     -|       -|       -|    -|
|Expression       |        -|     -|       0|    1275|    -|
|FIFO             |        -|     -|       -|       -|    -|
|Instance         |        -|     -|       -|       -|    -|
|Memory           |        -|     -|       -|       -|    -|
|Multiplexer      |        -|     -|       -|     144|    -|
|Register         |        -|     -|     512|      64|    -|
+-----------------+---------+------+--------+--------+-----+
|Total            |        0|     0|     512|    1483|    0|
+-----------------+---------+------+--------+--------+-----+
|Available        |      288|  1248|  234240|  117120|   64|
+-----------------+---------+------+--------+--------+-----+
|Utilization (%)  |        0|     0|      ~0|       1|    0|
+-----------------+---------+------+--------+--------+-----+

+ Detail: 
    * Instance: 
    N/A

    * DSP: 
    N/A

    * Memory: 
    N/A

    * FIFO: 
    N/A

    * Expression: 
    +---------------------------+----------+----+---+-----+------------+------------+
    |       Variable Name       | Operation| DSP| FF| LUT | Bitwidth P0| Bitwidth P1|
    +---------------------------+----------+----+---+-----+------------+------------+
    |add_ln322_1_fu_225_p2      |         +|   0|  0|   22|          15|           1|
    |add_ln322_fu_237_p2        |         +|   0|  0|   13|           6|           1|
    |add_ln324_1_fu_439_p2      |         +|   0|  0|   18|          11|           1|
    |add_ln324_fu_303_p2        |         +|   0|  0|   15|           8|           1|
    |add_ln326_fu_433_p2        |         +|   0|  0|   10|           3|           1|
    |add_ln329_1_fu_417_p2      |         +|   0|  0|   71|          64|          64|
    |add_ln329_2_fu_495_p2      |         +|   0|  0|   12|           5|           5|
    |add_ln329_3_fu_335_p2      |         +|   0|  0|   22|          15|          15|
    |add_ln329_fu_213_p2        |         +|   0|  0|   22|          15|          15|
    |and_ln322_fu_289_p2        |       and|   0|  0|    2|           1|           1|
    |ap_condition_245           |       and|   0|  0|    2|           1|           1|
    |icmp_ln322_fu_219_p2       |      icmp|   0|  0|   12|          15|          15|
    |icmp_ln324_fu_243_p2       |      icmp|   0|  0|   11|          11|          10|
    |icmp_ln326_fu_283_p2       |      icmp|   0|  0|    9|           3|           4|
    |lshr_ln329_fu_512_p2       |      lshr|   0|  0|  950|         256|         256|
    |ap_block_pp0_stage0_01001  |        or|   0|  0|    2|           1|           1|
    |ap_block_pp0_stage0_11001  |        or|   0|  0|    2|           1|           1|
    |or_ln324_fu_309_p2         |        or|   0|  0|    2|           1|           1|
    |select_ln322_1_fu_269_p3   |    select|   0|  0|   15|           1|          15|
    |select_ln322_2_fu_295_p3   |    select|   0|  0|    6|           1|           6|
    |select_ln322_3_fu_383_p3   |    select|   0|  0|   12|           1|          13|
    |select_ln322_fu_249_p3     |    select|   0|  0|    8|           1|           1|
    |select_ln324_1_fu_341_p3   |    select|   0|  0|    8|           1|           8|
    |select_ln324_2_fu_391_p3   |    select|   0|  0|   12|           1|          13|
    |select_ln324_3_fu_445_p3   |    select|   0|  0|   10|           1|           1|
    |select_ln324_fu_315_p3     |    select|   0|  0|    3|           1|           1|
    |ap_enable_pp0              |       xor|   0|  0|    2|           1|           2|
    |xor_ln322_fu_277_p2        |       xor|   0|  0|    2|           1|           2|
    +---------------------------+----------+----+---+-----+------------+------------+
    |Total                      |          |   0|  0| 1275|         442|         456|
    +---------------------------+----------+----+---+-----+------------+------------+

    * Multiplexer: 
    +----------------------------------------+----+-----------+-----+-----------+
    |                  Name                  | LUT| Input Size| Bits| Total Bits|
    +----------------------------------------+----+-----------+-----+-----------+
    |ap_done_int                             |   9|          2|    1|          2|
    |ap_enable_reg_pp0_iter1                 |   9|          2|    1|          2|
    |ap_sig_allocacmp_indvar_flatten19_load  |   9|          2|   15|         30|
    |ap_sig_allocacmp_indvar_flatten_load    |   9|          2|   11|         22|
    |ap_sig_allocacmp_k_patch_2              |   9|          2|    8|         16|
    |ap_sig_allocacmp_q_patch_block_2        |   9|          2|    6|         12|
    |ap_sig_allocacmp_q_patch_offset_load    |   9|          2|    3|          6|
    |attn_stream_blk_n                       |   9|          2|    1|          2|
    |indvar_flatten19_fu_122                 |   9|          2|   15|         30|
    |indvar_flatten_fu_114                   |   9|          2|   11|         22|
    |inout1_blk_n_AR                         |   9|          2|    1|          2|
    |inout1_blk_n_R                          |   9|          2|    1|          2|
    |k_patch_fu_110                          |   9|          2|    8|         16|
    |q_patch_block_fu_118                    |   9|          2|    6|         12|
    |q_patch_offset_fu_106                   |   9|          2|    3|          6|
    |real_start                              |   9|          2|    1|          2|
    +----------------------------------------+----+-----------+-----+-----------+
    |Total                                   | 144|         32|   92|        184|
    +----------------------------------------+----+-----------+-----+-----------+

    * Register: 
    +----------------------------------+-----+----+-----+-----------+
    |               Name               |  FF | LUT| Bits| Const Bits|
    +----------------------------------+-----+----+-----+-----------+
    |ap_CS_fsm                         |    1|   0|    1|          0|
    |ap_done_reg                       |    1|   0|    1|          0|
    |ap_enable_reg_pp0_iter1           |    1|   0|    1|          0|
    |ap_enable_reg_pp0_iter2           |    1|   0|    1|          0|
    |ap_enable_reg_pp0_iter3           |    1|   0|    1|          0|
    |ap_enable_reg_pp0_iter4           |    1|   0|    1|          0|
    |ap_enable_reg_pp0_iter5           |    1|   0|    1|          0|
    |ap_enable_reg_pp0_iter6           |    1|   0|    1|          0|
    |ap_enable_reg_pp0_iter7           |    1|   0|    1|          0|
    |ap_enable_reg_pp0_iter8           |    1|   0|    1|          0|
    |ap_enable_reg_pp0_iter9           |    1|   0|    1|          0|
    |ap_loop_exit_ready_pp0_iter1_reg  |    1|   0|    1|          0|
    |ap_loop_exit_ready_pp0_iter2_reg  |    1|   0|    1|          0|
    |ap_loop_exit_ready_pp0_iter3_reg  |    1|   0|    1|          0|
    |ap_loop_exit_ready_pp0_iter4_reg  |    1|   0|    1|          0|
    |ap_loop_exit_ready_pp0_iter5_reg  |    1|   0|    1|          0|
    |ap_loop_exit_ready_pp0_iter6_reg  |    1|   0|    1|          0|
    |ap_loop_exit_ready_pp0_iter7_reg  |    1|   0|    1|          0|
    |ap_loop_exit_ready_pp0_iter8_reg  |    1|   0|    1|          0|
    |indvar_flatten19_fu_122           |   15|   0|   15|          0|
    |indvar_flatten_fu_114             |   11|   0|   11|          0|
    |inout1_addr_read_reg_582          |  256|   0|  256|          0|
    |k_patch_fu_110                    |    8|   0|    8|          0|
    |q_patch_block_fu_118              |    6|   0|    6|          0|
    |q_patch_offset_fu_106             |    3|   0|    3|          0|
    |start_once_reg                    |    1|   0|    1|          0|
    |trunc_ln329_2_reg_566             |    1|   0|    1|          0|
    |trunc_ln329_7_reg_571             |   59|   0|   59|          0|
    |trunc_ln329_reg_557               |    5|   0|    5|          0|
    |trunc_ln329_2_reg_566             |   64|  32|    1|          0|
    |trunc_ln329_reg_557               |   64|  32|    5|          0|
    +----------------------------------+-----+----+-----+-----------+
    |Total                             |  512|  64|  390|          0|
    +----------------------------------+-----+----+-----+-----------+



================================================================
== Interface
================================================================
* Summary: 
+----------------------------+-----+-----+------------+--------------+--------------+
|          RTL Ports         | Dir | Bits|  Protocol  | Source Object|    C Type    |
+----------------------------+-----+-----+------------+--------------+--------------+
|ap_clk                      |   in|    1|  ap_ctrl_hs|     read_attn|  return value|
|ap_rst                      |   in|    1|  ap_ctrl_hs|     read_attn|  return value|
|ap_start                    |   in|    1|  ap_ctrl_hs|     read_attn|  return value|
|start_full_n                |   in|    1|  ap_ctrl_hs|     read_attn|  return value|
|ap_done                     |  out|    1|  ap_ctrl_hs|     read_attn|  return value|
|ap_continue                 |   in|    1|  ap_ctrl_hs|     read_attn|  return value|
|ap_idle                     |  out|    1|  ap_ctrl_hs|     read_attn|  return value|
|ap_ready                    |  out|    1|  ap_ctrl_hs|     read_attn|  return value|
|start_out                   |  out|    1|  ap_ctrl_hs|     read_attn|  return value|
|start_write                 |  out|    1|  ap_ctrl_hs|     read_attn|  return value|
|m_axi_inout1_AWVALID        |  out|    1|       m_axi|        inout1|       pointer|
|m_axi_inout1_AWREADY        |   in|    1|       m_axi|        inout1|       pointer|
|m_axi_inout1_AWADDR         |  out|   64|       m_axi|        inout1|       pointer|
|m_axi_inout1_AWID           |  out|    1|       m_axi|        inout1|       pointer|
|m_axi_inout1_AWLEN          |  out|   32|       m_axi|        inout1|       pointer|
|m_axi_inout1_AWSIZE         |  out|    3|       m_axi|        inout1|       pointer|
|m_axi_inout1_AWBURST        |  out|    2|       m_axi|        inout1|       pointer|
|m_axi_inout1_AWLOCK         |  out|    2|       m_axi|        inout1|       pointer|
|m_axi_inout1_AWCACHE        |  out|    4|       m_axi|        inout1|       pointer|
|m_axi_inout1_AWPROT         |  out|    3|       m_axi|        inout1|       pointer|
|m_axi_inout1_AWQOS          |  out|    4|       m_axi|        inout1|       pointer|
|m_axi_inout1_AWREGION       |  out|    4|       m_axi|        inout1|       pointer|
|m_axi_inout1_AWUSER         |  out|    1|       m_axi|        inout1|       pointer|
|m_axi_inout1_WVALID         |  out|    1|       m_axi|        inout1|       pointer|
|m_axi_inout1_WREADY         |   in|    1|       m_axi|        inout1|       pointer|
|m_axi_inout1_WDATA          |  out|  256|       m_axi|        inout1|       pointer|
|m_axi_inout1_WSTRB          |  out|   32|       m_axi|        inout1|       pointer|
|m_axi_inout1_WLAST          |  out|    1|       m_axi|        inout1|       pointer|
|m_axi_inout1_WID            |  out|    1|       m_axi|        inout1|       pointer|
|m_axi_inout1_WUSER          |  out|    1|       m_axi|        inout1|       pointer|
|m_axi_inout1_ARVALID        |  out|    1|       m_axi|        inout1|       pointer|
|m_axi_inout1_ARREADY        |   in|    1|       m_axi|        inout1|       pointer|
|m_axi_inout1_ARADDR         |  out|   64|       m_axi|        inout1|       pointer|
|m_axi_inout1_ARID           |  out|    1|       m_axi|        inout1|       pointer|
|m_axi_inout1_ARLEN          |  out|   32|       m_axi|        inout1|       pointer|
|m_axi_inout1_ARSIZE         |  out|    3|       m_axi|        inout1|       pointer|
|m_axi_inout1_ARBURST        |  out|    2|       m_axi|        inout1|       pointer|
|m_axi_inout1_ARLOCK         |  out|    2|       m_axi|        inout1|       pointer|
|m_axi_inout1_ARCACHE        |  out|    4|       m_axi|        inout1|       pointer|
|m_axi_inout1_ARPROT         |  out|    3|       m_axi|        inout1|       pointer|
|m_axi_inout1_ARQOS          |  out|    4|       m_axi|        inout1|       pointer|
|m_axi_inout1_ARREGION       |  out|    4|       m_axi|        inout1|       pointer|
|m_axi_inout1_ARUSER         |  out|    1|       m_axi|        inout1|       pointer|
|m_axi_inout1_RVALID         |   in|    1|       m_axi|        inout1|       pointer|
|m_axi_inout1_RREADY         |  out|    1|       m_axi|        inout1|       pointer|
|m_axi_inout1_RDATA          |   in|  256|       m_axi|        inout1|       pointer|
|m_axi_inout1_RLAST          |   in|    1|       m_axi|        inout1|       pointer|
|m_axi_inout1_RID            |   in|    1|       m_axi|        inout1|       pointer|
|m_axi_inout1_RFIFONUM       |   in|    9|       m_axi|        inout1|       pointer|
|m_axi_inout1_RUSER          |   in|    1|       m_axi|        inout1|       pointer|
|m_axi_inout1_RRESP          |   in|    2|       m_axi|        inout1|       pointer|
|m_axi_inout1_BVALID         |   in|    1|       m_axi|        inout1|       pointer|
|m_axi_inout1_BREADY         |  out|    1|       m_axi|        inout1|       pointer|
|m_axi_inout1_BRESP          |   in|    2|       m_axi|        inout1|       pointer|
|m_axi_inout1_BID            |   in|    1|       m_axi|        inout1|       pointer|
|m_axi_inout1_BUSER          |   in|    1|       m_axi|        inout1|       pointer|
|attn_stream_din             |  out|  128|     ap_fifo|   attn_stream|       pointer|
|attn_stream_num_data_valid  |   in|    2|     ap_fifo|   attn_stream|       pointer|
|attn_stream_fifo_cap        |   in|    2|     ap_fifo|   attn_stream|       pointer|
|attn_stream_full_n          |   in|    1|     ap_fifo|   attn_stream|       pointer|
|attn_stream_write           |  out|    1|     ap_fifo|   attn_stream|       pointer|
|attn                        |   in|   64|     ap_none|          attn|        scalar|
+----------------------------+-----+-----+------------+--------------+--------------+

