

================================================================
== Vitis HLS Report for 'read_attn_softmax_info_Pipeline_ln388_for_each_q_patch'
================================================================
* Date:           Wed Jul 31 17:05:31 2024

* Version:        2022.2 (Build 3670227 on Oct 13 2022)
* Project:        Deit_cpp
* Solution:       solution1 (Vivado IP Flow Target)
* Product family: zynquplus
* Target device:  xck26-sfvc784-2LV-c


================================================================
== Performance Estimates
================================================================
+ Timing: 
    * Summary: 
    +--------+----------+----------+------------+
    |  Clock |  Target  | Estimated| Uncertainty|
    +--------+----------+----------+------------+
    |ap_clk  |  10.00 ns|  7.300 ns|     2.70 ns|
    +--------+----------+----------+------------+

+ Latency: 
    * Summary: 
    +---------+---------+----------+----------+-----+-----+---------+
    |  Latency (cycles) |  Latency (absolute) |  Interval | Pipeline|
    |   min   |   max   |    min   |    max   | min | max |   Type  |
    +---------+---------+----------+----------+-----+-----+---------+
    |      132|      132|  1.320 us|  1.320 us|  132|  132|       no|
    +---------+---------+----------+----------+-----+-----+---------+

    + Detail: 
        * Instance: 
        N/A

        * Loop: 
        +---------------------------+---------+---------+----------+-----------+-----------+------+----------+
        |                           |  Latency (cycles) | Iteration|  Initiation Interval  | Trip |          |
        |         Loop Name         |   min   |   max   |  Latency |  achieved |   target  | Count| Pipelined|
        +---------------------------+---------+---------+----------+-----------+-----------+------+----------+
        |- _ln388_for_each_q_patch  |      130|      130|         3|          1|          1|   129|       yes|
        +---------------------------+---------+---------+----------+-----------+-----------+------+----------+



================================================================
== Utilization Estimates
================================================================
* Summary: 
+-----------------+---------+------+--------+--------+-----+
|       Name      | BRAM_18K|  DSP |   FF   |   LUT  | URAM|
+-----------------+---------+------+--------+--------+-----+
|DSP              |        -|     -|       -|       -|    -|
|Expression       |        -|     -|       0|      32|    -|
|FIFO             |        -|     -|       -|       -|    -|
|Instance         |        -|     -|       -|       -|    -|
|Memory           |        -|     -|       -|       -|    -|
|Multiplexer      |        -|     -|       -|      54|    -|
|Register         |        -|     -|     270|       -|    -|
+-----------------+---------+------+--------+--------+-----+
|Total            |        0|     0|     270|      86|    0|
+-----------------+---------+------+--------+--------+-----+
|Available        |      288|  1248|  234240|  117120|   64|
+-----------------+---------+------+--------+--------+-----+
|Utilization (%)  |        0|     0|      ~0|      ~0|    0|
+-----------------+---------+------+--------+--------+-----+

+ Detail: 
    * Instance: 
    N/A

    * DSP: 
    N/A

    * Memory: 
    N/A

    * FIFO: 
    N/A

    * Expression: 
    +----------------------------------+----------+----+---+----+------------+------------+
    |           Variable Name          | Operation| DSP| FF| LUT| Bitwidth P0| Bitwidth P1|
    +----------------------------------+----------+----+---+----+------------+------------+
    |add_ln388_fu_88_p2                |         +|   0|  0|  15|           8|           1|
    |ap_block_state2_pp0_stage0_iter1  |       and|   0|  0|   2|           1|           1|
    |icmp_ln388_fu_82_p2               |      icmp|   0|  0|  11|           8|           8|
    |ap_block_pp0_stage0_01001         |        or|   0|  0|   2|           1|           1|
    |ap_enable_pp0                     |       xor|   0|  0|   2|           1|           2|
    +----------------------------------+----------+----+---+----+------------+------------+
    |Total                             |          |   0|  0|  32|          19|          13|
    +----------------------------------+----------+----+---+----+------------+------------+

    * Multiplexer: 
    +--------------------------------+----+-----------+-----+-----------+
    |              Name              | LUT| Input Size| Bits| Total Bits|
    +--------------------------------+----+-----------+-----+-----------+
    |ap_done_int                     |   9|          2|    1|          2|
    |ap_enable_reg_pp0_iter2         |   9|          2|    1|          2|
    |ap_sig_allocacmp_q_patch_2      |   9|          2|    8|         16|
    |attn_softmax_info_stream_blk_n  |   9|          2|    1|          2|
    |inout4_blk_n_R                  |   9|          2|    1|          2|
    |q_patch_fu_48                   |   9|          2|    8|         16|
    +--------------------------------+----+-----------+-----+-----------+
    |Total                           |  54|         12|   20|         40|
    +--------------------------------+----+-----------+-----+-----------+

    * Register: 
    +----------------------------------+-----+----+-----+-----------+
    |               Name               |  FF | LUT| Bits| Const Bits|
    +----------------------------------+-----+----+-----+-----------+
    |ap_CS_fsm                         |    1|   0|    1|          0|
    |ap_done_reg                       |    1|   0|    1|          0|
    |ap_enable_reg_pp0_iter1           |    1|   0|    1|          0|
    |ap_enable_reg_pp0_iter2           |    1|   0|    1|          0|
    |ap_loop_exit_ready_pp0_iter1_reg  |    1|   0|    1|          0|
    |icmp_ln388_reg_117                |    1|   0|    1|          0|
    |inout4_addr_read_reg_121          |  256|   0|  256|          0|
    |q_patch_fu_48                     |    8|   0|    8|          0|
    +----------------------------------+-----+----+-----+-----------+
    |Total                             |  270|   0|  270|          0|
    +----------------------------------+-----+----+-----+-----------+



================================================================
== Interface
================================================================
* Summary: 
+-----------------------------------------+-----+-----+------------+---------------------------------------------------------+--------------+
|                RTL Ports                | Dir | Bits|  Protocol  |                      Source Object                      |    C Type    |
+-----------------------------------------+-----+-----+------------+---------------------------------------------------------+--------------+
|ap_clk                                   |   in|    1|  ap_ctrl_hs|  read_attn_softmax_info_Pipeline__ln388_for_each_q_patch|  return value|
|ap_rst                                   |   in|    1|  ap_ctrl_hs|  read_attn_softmax_info_Pipeline__ln388_for_each_q_patch|  return value|
|ap_start                                 |   in|    1|  ap_ctrl_hs|  read_attn_softmax_info_Pipeline__ln388_for_each_q_patch|  return value|
|ap_done                                  |  out|    1|  ap_ctrl_hs|  read_attn_softmax_info_Pipeline__ln388_for_each_q_patch|  return value|
|ap_idle                                  |  out|    1|  ap_ctrl_hs|  read_attn_softmax_info_Pipeline__ln388_for_each_q_patch|  return value|
|ap_ready                                 |  out|    1|  ap_ctrl_hs|  read_attn_softmax_info_Pipeline__ln388_for_each_q_patch|  return value|
|m_axi_inout4_AWVALID                     |  out|    1|       m_axi|                                                   inout4|       pointer|
|m_axi_inout4_AWREADY                     |   in|    1|       m_axi|                                                   inout4|       pointer|
|m_axi_inout4_AWADDR                      |  out|   64|       m_axi|                                                   inout4|       pointer|
|m_axi_inout4_AWID                        |  out|    1|       m_axi|                                                   inout4|       pointer|
|m_axi_inout4_AWLEN                       |  out|   32|       m_axi|                                                   inout4|       pointer|
|m_axi_inout4_AWSIZE                      |  out|    3|       m_axi|                                                   inout4|       pointer|
|m_axi_inout4_AWBURST                     |  out|    2|       m_axi|                                                   inout4|       pointer|
|m_axi_inout4_AWLOCK                      |  out|    2|       m_axi|                                                   inout4|       pointer|
|m_axi_inout4_AWCACHE                     |  out|    4|       m_axi|                                                   inout4|       pointer|
|m_axi_inout4_AWPROT                      |  out|    3|       m_axi|                                                   inout4|       pointer|
|m_axi_inout4_AWQOS                       |  out|    4|       m_axi|                                                   inout4|       pointer|
|m_axi_inout4_AWREGION                    |  out|    4|       m_axi|                                                   inout4|       pointer|
|m_axi_inout4_AWUSER                      |  out|    1|       m_axi|                                                   inout4|       pointer|
|m_axi_inout4_WVALID                      |  out|    1|       m_axi|                                                   inout4|       pointer|
|m_axi_inout4_WREADY                      |   in|    1|       m_axi|                                                   inout4|       pointer|
|m_axi_inout4_WDATA                       |  out|  256|       m_axi|                                                   inout4|       pointer|
|m_axi_inout4_WSTRB                       |  out|   32|       m_axi|                                                   inout4|       pointer|
|m_axi_inout4_WLAST                       |  out|    1|       m_axi|                                                   inout4|       pointer|
|m_axi_inout4_WID                         |  out|    1|       m_axi|                                                   inout4|       pointer|
|m_axi_inout4_WUSER                       |  out|    1|       m_axi|                                                   inout4|       pointer|
|m_axi_inout4_ARVALID                     |  out|    1|       m_axi|                                                   inout4|       pointer|
|m_axi_inout4_ARREADY                     |   in|    1|       m_axi|                                                   inout4|       pointer|
|m_axi_inout4_ARADDR                      |  out|   64|       m_axi|                                                   inout4|       pointer|
|m_axi_inout4_ARID                        |  out|    1|       m_axi|                                                   inout4|       pointer|
|m_axi_inout4_ARLEN                       |  out|   32|       m_axi|                                                   inout4|       pointer|
|m_axi_inout4_ARSIZE                      |  out|    3|       m_axi|                                                   inout4|       pointer|
|m_axi_inout4_ARBURST                     |  out|    2|       m_axi|                                                   inout4|       pointer|
|m_axi_inout4_ARLOCK                      |  out|    2|       m_axi|                                                   inout4|       pointer|
|m_axi_inout4_ARCACHE                     |  out|    4|       m_axi|                                                   inout4|       pointer|
|m_axi_inout4_ARPROT                      |  out|    3|       m_axi|                                                   inout4|       pointer|
|m_axi_inout4_ARQOS                       |  out|    4|       m_axi|                                                   inout4|       pointer|
|m_axi_inout4_ARREGION                    |  out|    4|       m_axi|                                                   inout4|       pointer|
|m_axi_inout4_ARUSER                      |  out|    1|       m_axi|                                                   inout4|       pointer|
|m_axi_inout4_RVALID                      |   in|    1|       m_axi|                                                   inout4|       pointer|
|m_axi_inout4_RREADY                      |  out|    1|       m_axi|                                                   inout4|       pointer|
|m_axi_inout4_RDATA                       |   in|  256|       m_axi|                                                   inout4|       pointer|
|m_axi_inout4_RLAST                       |   in|    1|       m_axi|                                                   inout4|       pointer|
|m_axi_inout4_RID                         |   in|    1|       m_axi|                                                   inout4|       pointer|
|m_axi_inout4_RFIFONUM                    |   in|    9|       m_axi|                                                   inout4|       pointer|
|m_axi_inout4_RUSER                       |   in|    1|       m_axi|                                                   inout4|       pointer|
|m_axi_inout4_RRESP                       |   in|    2|       m_axi|                                                   inout4|       pointer|
|m_axi_inout4_BVALID                      |   in|    1|       m_axi|                                                   inout4|       pointer|
|m_axi_inout4_BREADY                      |  out|    1|       m_axi|                                                   inout4|       pointer|
|m_axi_inout4_BRESP                       |   in|    2|       m_axi|                                                   inout4|       pointer|
|m_axi_inout4_BID                         |   in|    1|       m_axi|                                                   inout4|       pointer|
|m_axi_inout4_BUSER                       |   in|    1|       m_axi|                                                   inout4|       pointer|
|attn_softmax_info_stream_din             |  out|  256|     ap_fifo|                                 attn_softmax_info_stream|       pointer|
|attn_softmax_info_stream_num_data_valid  |   in|    2|     ap_fifo|                                 attn_softmax_info_stream|       pointer|
|attn_softmax_info_stream_fifo_cap        |   in|    2|     ap_fifo|                                 attn_softmax_info_stream|       pointer|
|attn_softmax_info_stream_full_n          |   in|    1|     ap_fifo|                                 attn_softmax_info_stream|       pointer|
|attn_softmax_info_stream_write           |  out|    1|     ap_fifo|                                 attn_softmax_info_stream|       pointer|
|sext_ln388                               |   in|   59|     ap_none|                                               sext_ln388|        scalar|
+-----------------------------------------+-----+-----+------------+---------------------------------------------------------+--------------+

