INFO: [COSIM-47] Using XSIM for RTL simulation.
INFO: [COSIM-14] Instrumenting C test bench ...
   Build using "E:/Xilinx/Vitis_HLS/2022.2/tps/win64/msys64/mingw64/bin/g++"
   Compiling layernorm.cpp_pre.cpp.tb.cpp
   Compiling add.cpp_pre.cpp.tb.cpp
   Compiling apatb_ViT_act.cpp
   Compiling testbench.cpp_pre.cpp.tb.cpp
   Compiling gelu.cpp_pre.cpp.tb.cpp
   Compiling conv.cpp_pre.cpp.tb.cpp
   Compiling linear.cpp_pre.cpp.tb.cpp
   Compiling ViT.cpp_pre.cpp.tb.cpp
   Compiling attention.cpp_pre.cpp.tb.cpp
   Compiling apatb_ViT_act_ir.ll
   Generating cosim.tv.exe
INFO: [COSIM-302] Starting C TB testing ... 
INFO: [COSIM-333] Generating C post check test bench ...
INFO: [COSIM-12] Generating RTL test bench ...
ERROR: [COSIM-5] *** C/RTL co-simulation file generation failed. ***
ERROR: [COSIM-4] *** C/RTL co-simulation finished: FAIL ***
INFO: [COSIM-211] II is measurable only when transaction number is greater than 1 in RTL simulation. Otherwise, they will be marked as all NA. If user wants to calculate them, please make sure there are at least 2 transactions in RTL simulation.
