

================================================================
== Vitis HLS Report for 'compute_norm'
================================================================
* Date:           Wed Jul 31 16:59:28 2024

* Version:        2022.2 (Build 3670227 on Oct 13 2022)
* Project:        Deit_cpp
* Solution:       solution1 (Vivado IP Flow Target)
* Product family: zynquplus
* Target device:  xck26-sfvc784-2LV-c


================================================================
== Performance Estimates
================================================================
+ Timing: 
    * Summary: 
    +--------+----------+----------+------------+
    |  Clock |  Target  | Estimated| Uncertainty|
    +--------+----------+----------+------------+
    |ap_clk  |  10.00 ns|  7.300 ns|     2.70 ns|
    +--------+----------+----------+------------+

+ Latency: 
    * Summary: 
    +---------+---------+-----------+-----------+------+------+---------+
    |  Latency (cycles) |   Latency (absolute)  |   Interval  | Pipeline|
    |   min   |   max   |    min    |    max    |  min |  max |   Type  |
    +---------+---------+-----------+-----------+------+------+---------+
    |     3196|     3198|  31.960 us|  31.980 us|  3196|  3198|       no|
    +---------+---------+-----------+-----------+------+------+---------+

    + Detail: 
        * Instance: 
        N/A

        * Loop: 
        +-------------------------+---------+---------+-----------+-----------+-----------+------+----------+
        |                         |  Latency (cycles) | Iteration |  Initiation Interval  | Trip |          |
        |        Loop Name        |   min   |   max   |  Latency  |  achieved |   target  | Count| Pipelined|
        +-------------------------+---------+---------+-----------+-----------+-----------+------+----------+
        |- _ln131_for_each_patch  |     3195|     3197|  124 ~ 126|          -|          -|   129|        no|
        +-------------------------+---------+---------+-----------+-----------+-----------+------+----------+

============================================================
+ Verbose Summary: Synthesis Manager
============================================================
InlineROM: 1
ExposeGlobal: 0
============================================================
+ Verbose Summary: CDFG Model
============================================================
IsTopModel: 0
ResetActiveHigh: 1
IsCombinational: 2
IsDatapathOnly: 0
HasWiredReturn: 1
HasMFsm: 0
HasVarLatency: 1
IsPipeline: 0
IsRtlPipelined: 0
IsInstanceOverlapped: 0
IsDontTouch: 0
HasImplIP: 0
IsGatedGlobalClock: 0


============================================================
+ Verbose Summary: Schedule
============================================================
* Number of FSM states : 3
* Pipeline : 0
* Dataflow Pipeline: 1
  DF-Pipeline-0: Size = 2, States = { 2 3 }

* FSM state transitions: 
1 --> 2 
2 --> 3 
3 --> 2 

* FSM state operations: 

State 1 <SV = 0> <Delay = 0.42>
ST_1 : Operation 4 [1/1] (0.00ns)   --->   "%specinterface_ln0 = specinterface void @_ssdm_op_SpecInterface, i256 %inout2, void @empty_6, i32 0, i32 0, void @empty_24, i32 0, i32 1, void @empty_8, void @empty_7, void @empty_24, i32 16, i32 16, i32 16, i32 16, void @empty_24, void @empty_24, i32 4294967295, i32 0"   --->   Operation 4 'specinterface' 'specinterface_ln0' <Predicate = true> <Delay = 0.00>
ST_1 : Operation 5 [1/1] (0.00ns)   --->   "%specinterface_ln0 = specinterface void @_ssdm_op_SpecInterface, i256 %inout1, void @empty_6, i32 0, i32 0, void @empty_24, i32 0, i32 1, void @empty_14, void @empty_7, void @empty_24, i32 16, i32 16, i32 16, i32 16, void @empty_24, void @empty_24, i32 4294967295, i32 0"   --->   Operation 5 'specinterface' 'specinterface_ln0' <Predicate = true> <Delay = 0.00>
ST_1 : Operation 6 [1/1] (0.00ns)   --->   "%out_read = read i64 @_ssdm_op_Read.ap_auto.i64, i64 %out_r"   --->   Operation 6 'read' 'out_read' <Predicate = true> <Delay = 0.00>
ST_1 : Operation 7 [1/1] (0.00ns)   --->   "%x_read = read i64 @_ssdm_op_Read.ap_auto.i64, i64 %x"   --->   Operation 7 'read' 'x_read' <Predicate = true> <Delay = 0.00>
ST_1 : Operation 8 [1/1] (0.42ns)   --->   "%br_ln0 = br void %for.cond.i.i"   --->   Operation 8 'br' 'br_ln0' <Predicate = true> <Delay = 0.42>

State 2 <SV = 1> <Delay = 6.83>
ST_2 : Operation 9 [1/1] (0.00ns)   --->   "%patch = phi i8 %add_ln131, void %for.inc.i.i, i8 0, void %entry" [Deit_cpp/src/layernorm.cpp:131]   --->   Operation 9 'phi' 'patch' <Predicate = true> <Delay = 0.00>
ST_2 : Operation 10 [1/1] (0.84ns)   --->   "%icmp_ln131 = icmp_eq  i8 %patch, i8 129" [Deit_cpp/src/layernorm.cpp:131]   --->   Operation 10 'icmp' 'icmp_ln131' <Predicate = true> <Delay = 0.84> <CoreInst = "Cmp">   --->   Core 9 'Cmp' <Latency = 0> <II = 1> <Delay = 0.84> <FuncUnit> <Opcode : 'icmp'> <InPorts = 2> <OutPorts = 1>
ST_2 : Operation 11 [1/1] (0.00ns)   --->   "%speclooptripcount_ln0 = speclooptripcount void @_ssdm_op_SpecLoopTripCount, i64 129, i64 129, i64 129"   --->   Operation 11 'speclooptripcount' 'speclooptripcount_ln0' <Predicate = true> <Delay = 0.00>
ST_2 : Operation 12 [1/1] (0.00ns)   --->   "%specdataflowpipeline_ln131 = specdataflowpipeline void @_ssdm_op_SpecDataflowPipeline, i32 4294967295, i32 0, void @dataflow_parent_loop_str, i8 %patch, i8 129, i32 0" [Deit_cpp/src/layernorm.cpp:131]   --->   Operation 12 'specdataflowpipeline' 'specdataflowpipeline_ln131' <Predicate = true> <Delay = 0.00>
ST_2 : Operation 13 [1/1] (0.76ns)   --->   "%add_ln131 = add i8 %patch, i8 1" [Deit_cpp/src/layernorm.cpp:131]   --->   Operation 13 'add' 'add_ln131' <Predicate = true> <Delay = 0.76> <CoreInst = "Adder">   --->   Core 1 'Adder' <Latency = 0> <II = 1> <Delay = 0.76> <FuncUnit> <Opcode : 'add' 'sub'> <InPorts = 2> <OutPorts = 1>
ST_2 : Operation 14 [1/1] (0.00ns)   --->   "%br_ln131 = br i1 %icmp_ln131, void %for.inc.i.i, void %compute_norm_for.cond.i.exit" [Deit_cpp/src/layernorm.cpp:131]   --->   Operation 14 'br' 'br_ln131' <Predicate = true> <Delay = 0.00>
ST_2 : Operation 15 [2/2] (5.98ns)   --->   "%call_ln139 = call void @dataflow_in_loop__ln131_for_each_patch, i256 %inout2, i8 %patch, i64 %x_read, i256 %inout1, i64 %out_read, i128 %weights, i128 %bias, i3 %norm_eps_V" [Deit_cpp/src/layernorm.cpp:139]   --->   Operation 15 'call' 'call_ln139' <Predicate = (!icmp_ln131)> <Delay = 5.98> <CoreType = "Generic">   --->   Core 0 '' <Latency = 0> <II = 1> <Delay = 1.00> <Generic> <Opcode : >
ST_2 : Operation 16 [1/1] (0.00ns)   --->   "%ret_ln142 = ret" [Deit_cpp/src/layernorm.cpp:142]   --->   Operation 16 'ret' 'ret_ln142' <Predicate = (icmp_ln131)> <Delay = 0.00>

State 3 <SV = 2> <Delay = 0.00>
ST_3 : Operation 17 [1/1] (0.00ns)   --->   "%specloopname_ln134 = specloopname void @_ssdm_op_SpecLoopName, void @empty_29" [Deit_cpp/src/layernorm.cpp:134]   --->   Operation 17 'specloopname' 'specloopname_ln134' <Predicate = (!icmp_ln131)> <Delay = 0.00>
ST_3 : Operation 18 [1/2] (0.00ns)   --->   "%call_ln139 = call void @dataflow_in_loop__ln131_for_each_patch, i256 %inout2, i8 %patch, i64 %x_read, i256 %inout1, i64 %out_read, i128 %weights, i128 %bias, i3 %norm_eps_V" [Deit_cpp/src/layernorm.cpp:139]   --->   Operation 18 'call' 'call_ln139' <Predicate = (!icmp_ln131)> <Delay = 0.00> <CoreType = "Generic">   --->   Core 0 '' <Latency = 0> <II = 1> <Delay = 1.00> <Generic> <Opcode : >
ST_3 : Operation 19 [1/1] (0.00ns)   --->   "%br_ln131 = br void %for.cond.i.i" [Deit_cpp/src/layernorm.cpp:131]   --->   Operation 19 'br' 'br_ln131' <Predicate = (!icmp_ln131)> <Delay = 0.00>


============================================================
+ Verbose Summary: Timing violations
============================================================
Target clock period: 10ns, clock uncertainty: 2.7ns.

 <State 1>: 0.427ns
The critical path consists of the following:
	multiplexor before 'phi' operation ('patch', Deit_cpp/src/layernorm.cpp:131) with incoming values : ('add_ln131', Deit_cpp/src/layernorm.cpp:131) [14]  (0.427 ns)

 <State 2>: 6.84ns
The critical path consists of the following:
	'phi' operation ('patch', Deit_cpp/src/layernorm.cpp:131) with incoming values : ('add_ln131', Deit_cpp/src/layernorm.cpp:131) [14]  (0 ns)
	'call' operation ('call_ln139', Deit_cpp/src/layernorm.cpp:139) to 'dataflow_in_loop__ln131_for_each_patch' [22]  (5.99 ns)
	blocking operation 0.849 ns on control path)

 <State 3>: 0ns
The critical path consists of the following:


============================================================
+ Verbose Summary: Binding
============================================================
N/A
* FSMD analyzer results:
  - Output states:
 - Input state : 
  - Chain level:
	State 1
	State 2
	State 3


============================================================
+ Verbose Summary: Datapath Resource usage 
============================================================
N/A
