

================================================================
== Vitis HLS Report for 'compute_attn_matmul_v'
================================================================
* Date:           Wed Jul 31 17:01:26 2024

* Version:        2022.2 (Build 3670227 on Oct 13 2022)
* Project:        Deit_cpp
* Solution:       solution1 (Vivado IP Flow Target)
* Product family: zynquplus
* Target device:  xck26-sfvc784-2LV-c


================================================================
== Performance Estimates
================================================================
+ Timing: 
    * Summary: 
    +--------+----------+----------+------------+
    |  Clock |  Target  | Estimated| Uncertainty|
    +--------+----------+----------+------------+
    |ap_clk  |  10.00 ns|  7.300 ns|     2.70 ns|
    +--------+----------+----------+------------+

+ Latency: 
    * Summary: 
    +---------+---------+----------+----------+--------+--------+----------+
    |  Latency (cycles) |  Latency (absolute) |     Interval    | Pipeline |
    |   min   |   max   |    min   |    max   |   min  |   max  |   Type   |
    +---------+---------+----------+----------+--------+--------+----------+
    |   102188|   102188|  1.022 ms|  1.022 ms|  102180|  102180|  dataflow|
    +---------+---------+----------+----------+--------+--------+----------+

    + Detail: 
        * Instance: 
        N/A

        * Loop: 
        N/A

============================================================
+ Verbose Summary: Synthesis Manager
============================================================
InlineROM: 1
ExposeGlobal: 0
============================================================
+ Verbose Summary: CDFG Model
============================================================
IsTopModel: 0
ResetActiveHigh: 1
IsCombinational: 2
IsDatapathOnly: 0
HasWiredReturn: 1
HasMFsm: 0
HasVarLatency: 1
IsPipeline: 0
IsRtlPipelined: 0
IsInstanceOverlapped: 0
IsDontTouch: 0
HasImplIP: 0
IsGatedGlobalClock: 0


============================================================
+ Verbose Summary: Schedule
============================================================
* Number of FSM states : 8
* Pipeline : 0
* Dataflow Pipeline: 1
  DF-Pipeline-0: Size = 8, States = { 1 2 3 4 5 6 7 8 }

* FSM state transitions: 
1 --> 2 
2 --> 3 
3 --> 4 
4 --> 5 
5 --> 6 
6 --> 7 
7 --> 8 
8 --> 

* FSM state operations: 

State 1 <SV = 0> <Delay = 7.30>
ST_1 : Operation 9 [1/1] (0.00ns)   --->   "%attn_softmax_info_read = read i64 @_ssdm_op_Read.ap_auto.i64, i64 %attn_softmax_info" [Deit_cpp/src/attention.cpp:508]   --->   Operation 9 'read' 'attn_softmax_info_read' <Predicate = true> <Delay = 0.00>
ST_1 : Operation 10 [1/1] (0.00ns)   --->   "%attn_read = read i64 @_ssdm_op_Read.ap_auto.i64, i64 %attn" [Deit_cpp/src/attention.cpp:508]   --->   Operation 10 'read' 'attn_read' <Predicate = true> <Delay = 0.00>
ST_1 : Operation 11 [1/1] (0.00ns)   --->   "%v_read = read i64 @_ssdm_op_Read.ap_auto.i64, i64 %v" [Deit_cpp/src/attention.cpp:508]   --->   Operation 11 'read' 'v_read' <Predicate = true> <Delay = 0.00>
ST_1 : Operation 12 [1/1] (0.00ns)   --->   "%attn_matmul_v_c = alloca i64 1" [Deit_cpp/src/attention.cpp:508]   --->   Operation 12 'alloca' 'attn_matmul_v_c' <Predicate = true> <Delay = 0.00> <CoreInst = "FIFO_SRL">   --->   Core 81 'FIFO_SRL' <Latency = 0> <II = 1> <Delay = 1.86> <Storage> <Opcode : 'read' 'write' 'nbread' 'nbwrite'> <Ports = 0> <Width = 64> <Depth = 5> <FIFO>
ST_1 : Operation 13 [1/1] (0.00ns)   --->   "%attn_matmul_v_stream = alloca i64 1"   --->   Operation 13 'alloca' 'attn_matmul_v_stream' <Predicate = true> <Delay = 0.00> <CoreInst = "FIFO_SRL">   --->   Core 81 'FIFO_SRL' <Latency = 0> <II = 1> <Delay = 1.83> <Storage> <Opcode : 'read' 'write' 'nbread' 'nbwrite'> <Ports = 0> <Width = 256> <Depth = 2> <FIFO>
ST_1 : Operation 14 [1/1] (0.00ns)   --->   "%attn_stream = alloca i64 1"   --->   Operation 14 'alloca' 'attn_stream' <Predicate = true> <Delay = 0.00> <CoreInst = "FIFO_SRL">   --->   Core 81 'FIFO_SRL' <Latency = 0> <II = 1> <Delay = 1.83> <Storage> <Opcode : 'read' 'write' 'nbread' 'nbwrite'> <Ports = 0> <Width = 128> <Depth = 2> <FIFO>
ST_1 : Operation 15 [1/1] (0.00ns)   --->   "%qxk_out_stream = alloca i64 1"   --->   Operation 15 'alloca' 'qxk_out_stream' <Predicate = true> <Delay = 0.00> <CoreInst = "FIFO_SRL">   --->   Core 81 'FIFO_SRL' <Latency = 0> <II = 1> <Delay = 1.83> <Storage> <Opcode : 'read' 'write' 'nbread' 'nbwrite'> <Ports = 0> <Width = 512> <Depth = 2> <FIFO>
ST_1 : Operation 16 [1/1] (0.00ns)   --->   "%attn_softmax_info_stream = alloca i64 1"   --->   Operation 16 'alloca' 'attn_softmax_info_stream' <Predicate = true> <Delay = 0.00> <CoreInst = "FIFO_SRL">   --->   Core 81 'FIFO_SRL' <Latency = 0> <II = 1> <Delay = 1.83> <Storage> <Opcode : 'read' 'write' 'nbread' 'nbwrite'> <Ports = 0> <Width = 256> <Depth = 2> <FIFO>
ST_1 : Operation 17 [1/1] (0.00ns)   --->   "%v_stream = alloca i64 1"   --->   Operation 17 'alloca' 'v_stream' <Predicate = true> <Delay = 0.00> <CoreInst = "FIFO_SRL">   --->   Core 81 'FIFO_SRL' <Latency = 0> <II = 1> <Delay = 1.83> <Storage> <Opcode : 'read' 'write' 'nbread' 'nbwrite'> <Ports = 0> <Width = 256> <Depth = 2> <FIFO>
ST_1 : Operation 18 [2/2] (0.00ns)   --->   "%call_ln516 = call void @read_k_v.6, i256 %v_stream, i256 %inout2, i64 %v_read" [Deit_cpp/src/attention.cpp:516]   --->   Operation 18 'call' 'call_ln516' <Predicate = true> <Delay = 0.00> <CoreType = "Generic">   --->   Core 0 '' <Latency = 0> <II = 1> <Delay = 1.00> <Generic> <Opcode : >
ST_1 : Operation 19 [2/2] (1.08ns)   --->   "%call_ln517 = call void @read_attn, i128 %attn_stream, i256 %inout1, i64 %attn_read" [Deit_cpp/src/attention.cpp:517]   --->   Operation 19 'call' 'call_ln517' <Predicate = true> <Delay = 1.08> <CoreType = "Generic">   --->   Core 0 '' <Latency = 0> <II = 1> <Delay = 1.00> <Generic> <Opcode : >
ST_1 : Operation 20 [2/2] (7.30ns)   --->   "%call_ln518 = call void @read_attn_softmax_info, i256 %attn_softmax_info_stream, i256 %inout4, i64 %attn_softmax_info_read" [Deit_cpp/src/attention.cpp:518]   --->   Operation 20 'call' 'call_ln518' <Predicate = true> <Delay = 7.30> <CoreType = "Generic">   --->   Core 0 '' <Latency = 0> <II = 1> <Delay = 1.00> <Generic> <Opcode : >

State 2 <SV = 1> <Delay = 0.00>
ST_2 : Operation 21 [1/2] (0.00ns)   --->   "%call_ln516 = call void @read_k_v.6, i256 %v_stream, i256 %inout2, i64 %v_read" [Deit_cpp/src/attention.cpp:516]   --->   Operation 21 'call' 'call_ln516' <Predicate = true> <Delay = 0.00> <CoreType = "Generic">   --->   Core 0 '' <Latency = 0> <II = 1> <Delay = 1.00> <Generic> <Opcode : >
ST_2 : Operation 22 [1/2] (0.00ns)   --->   "%call_ln517 = call void @read_attn, i128 %attn_stream, i256 %inout1, i64 %attn_read" [Deit_cpp/src/attention.cpp:517]   --->   Operation 22 'call' 'call_ln517' <Predicate = true> <Delay = 0.00> <CoreType = "Generic">   --->   Core 0 '' <Latency = 0> <II = 1> <Delay = 1.00> <Generic> <Opcode : >
ST_2 : Operation 23 [1/2] (0.00ns)   --->   "%call_ln518 = call void @read_attn_softmax_info, i256 %attn_softmax_info_stream, i256 %inout4, i64 %attn_softmax_info_read" [Deit_cpp/src/attention.cpp:518]   --->   Operation 23 'call' 'call_ln518' <Predicate = true> <Delay = 0.00> <CoreType = "Generic">   --->   Core 0 '' <Latency = 0> <II = 1> <Delay = 1.00> <Generic> <Opcode : >

State 3 <SV = 2> <Delay = 0.00>
ST_3 : Operation 24 [2/2] (0.00ns)   --->   "%call_ln519 = call void @prepare_attn, i128 %attn_stream, i512 %qxk_out_stream" [Deit_cpp/src/attention.cpp:519]   --->   Operation 24 'call' 'call_ln519' <Predicate = true> <Delay = 0.00> <CoreType = "Generic">   --->   Core 0 '' <Latency = 0> <II = 1> <Delay = 1.00> <Generic> <Opcode : >

State 4 <SV = 3> <Delay = 0.00>
ST_4 : Operation 25 [1/2] (0.00ns)   --->   "%call_ln519 = call void @prepare_attn, i128 %attn_stream, i512 %qxk_out_stream" [Deit_cpp/src/attention.cpp:519]   --->   Operation 25 'call' 'call_ln519' <Predicate = true> <Delay = 0.00> <CoreType = "Generic">   --->   Core 0 '' <Latency = 0> <II = 1> <Delay = 1.00> <Generic> <Opcode : >

State 5 <SV = 4> <Delay = 0.00>
ST_5 : Operation 26 [2/2] (0.00ns)   --->   "%call_ln520 = call void @compute_attn_matmul_v.7, i256 %attn_matmul_v_stream, i512 %qxk_out_stream, i256 %attn_softmax_info_stream, i256 %v_stream, i6 %f_x_msb_4_h_table_V, i7 %f_x_msb_4_l_table_V, i8 %f_x_lsb_table_V, i32 %f_x_msb_3_table_V, i46 %f_x_msb_2_table_V, i50 %exp_x_msb_1_table_V" [Deit_cpp/src/attention.cpp:520]   --->   Operation 26 'call' 'call_ln520' <Predicate = true> <Delay = 0.00> <CoreType = "Generic">   --->   Core 0 '' <Latency = 0> <II = 1> <Delay = 1.00> <Generic> <Opcode : >

State 6 <SV = 5> <Delay = 1.86>
ST_6 : Operation 27 [1/1] (0.00ns)   --->   "%attn_matmul_v_read = read i64 @_ssdm_op_Read.ap_auto.i64, i64 %attn_matmul_v" [Deit_cpp/src/attention.cpp:508]   --->   Operation 27 'read' 'attn_matmul_v_read' <Predicate = true> <Delay = 0.00>
ST_6 : Operation 28 [1/1] (1.86ns)   --->   "%call_ln508 = call void @entry_proc25, i64 %attn_matmul_v_read, i64 %attn_matmul_v_c" [Deit_cpp/src/attention.cpp:508]   --->   Operation 28 'call' 'call_ln508' <Predicate = true> <Delay = 1.86> <CoreType = "Generic">   --->   Core 0 '' <Latency = 0> <II = 1> <Delay = 1.00> <Generic> <Opcode : >
ST_6 : Operation 29 [1/2] (0.00ns)   --->   "%call_ln520 = call void @compute_attn_matmul_v.7, i256 %attn_matmul_v_stream, i512 %qxk_out_stream, i256 %attn_softmax_info_stream, i256 %v_stream, i6 %f_x_msb_4_h_table_V, i7 %f_x_msb_4_l_table_V, i8 %f_x_lsb_table_V, i32 %f_x_msb_3_table_V, i46 %f_x_msb_2_table_V, i50 %exp_x_msb_1_table_V" [Deit_cpp/src/attention.cpp:520]   --->   Operation 29 'call' 'call_ln520' <Predicate = true> <Delay = 0.00> <CoreType = "Generic">   --->   Core 0 '' <Latency = 0> <II = 1> <Delay = 1.00> <Generic> <Opcode : >

State 7 <SV = 6> <Delay = 0.00>
ST_7 : Operation 30 [2/2] (0.00ns)   --->   "%call_ln521 = call void @write_attn_matmul_v, i256 %inout1, i64 %attn_matmul_v_c, i256 %attn_matmul_v_stream" [Deit_cpp/src/attention.cpp:521]   --->   Operation 30 'call' 'call_ln521' <Predicate = true> <Delay = 0.00> <CoreType = "Generic">   --->   Core 0 '' <Latency = 0> <II = 1> <Delay = 1.00> <Generic> <Opcode : >

State 8 <SV = 7> <Delay = 0.00>
ST_8 : Operation 31 [1/1] (0.00ns)   --->   "%empty = specchannel i32 @_ssdm_op_SpecChannel, void @attn_matmul_v_c_str, i32 1, void @p_str, void @p_str, i32 5, i32 0, i64 %attn_matmul_v_c, i64 %attn_matmul_v_c" [Deit_cpp/src/attention.cpp:508]   --->   Operation 31 'specchannel' 'empty' <Predicate = true> <Delay = 0.00>
ST_8 : Operation 32 [1/1] (0.00ns)   --->   "%specinterface_ln508 = specinterface void @_ssdm_op_SpecInterface, i64 %attn_matmul_v_c, void @ap_fifo_str, i32 0, i32 0, void @p_str, i32 0, i32 0, void @p_str, void @p_str, void @p_str, i32 2, i32 2, i32 16, i32 16, void @p_str, void @p_str, i32 4294967295, i32 0" [Deit_cpp/src/attention.cpp:508]   --->   Operation 32 'specinterface' 'specinterface_ln508' <Predicate = true> <Delay = 0.00>
ST_8 : Operation 33 [1/1] (0.00ns)   --->   "%specdataflowpipeline_ln508 = specdataflowpipeline void @_ssdm_op_SpecDataflowPipeline, i32 4294967295, i32 0, void @empty_24" [Deit_cpp/src/attention.cpp:508]   --->   Operation 33 'specdataflowpipeline' 'specdataflowpipeline_ln508' <Predicate = true> <Delay = 0.00>
ST_8 : Operation 34 [1/1] (0.00ns)   --->   "%specinterface_ln0 = specinterface void @_ssdm_op_SpecInterface, i256 %inout4, void @empty_6, i32 0, i32 0, void @empty_24, i32 0, i32 1, void @empty_40, void @empty_7, void @empty_24, i32 16, i32 16, i32 16, i32 16, void @empty_24, void @empty_24, i32 4294967295, i32 0"   --->   Operation 34 'specinterface' 'specinterface_ln0' <Predicate = true> <Delay = 0.00>
ST_8 : Operation 35 [1/1] (0.00ns)   --->   "%specinterface_ln0 = specinterface void @_ssdm_op_SpecInterface, i256 %inout2, void @empty_6, i32 0, i32 0, void @empty_24, i32 0, i32 1, void @empty_8, void @empty_7, void @empty_24, i32 16, i32 16, i32 16, i32 16, void @empty_24, void @empty_24, i32 4294967295, i32 0"   --->   Operation 35 'specinterface' 'specinterface_ln0' <Predicate = true> <Delay = 0.00>
ST_8 : Operation 36 [1/1] (0.00ns)   --->   "%specinterface_ln0 = specinterface void @_ssdm_op_SpecInterface, i256 %inout1, void @empty_6, i32 0, i32 0, void @empty_24, i32 0, i32 1, void @empty_14, void @empty_7, void @empty_24, i32 16, i32 16, i32 16, i32 16, void @empty_24, void @empty_24, i32 4294967295, i32 0"   --->   Operation 36 'specinterface' 'specinterface_ln0' <Predicate = true> <Delay = 0.00>
ST_8 : Operation 37 [1/1] (0.00ns)   --->   "%empty_223 = specchannel i32 @_ssdm_op_SpecChannel, void @attn_matmul_v_stream_str, i32 1, void @p_str, void @p_str, i32 2, i32 2, i256 %attn_matmul_v_stream, i256 %attn_matmul_v_stream"   --->   Operation 37 'specchannel' 'empty_223' <Predicate = true> <Delay = 0.00>
ST_8 : Operation 38 [1/1] (0.00ns)   --->   "%specinterface_ln0 = specinterface void @_ssdm_op_SpecInterface, i256 %attn_matmul_v_stream, void @empty_71, i32 0, i32 0, void @empty_24, i32 0, i32 0, void @empty_24, void @empty_24, void @empty_24, i32 0, i32 0, i32 0, i32 0, void @empty_24, void @empty_24, i32 4294967295, i32 0"   --->   Operation 38 'specinterface' 'specinterface_ln0' <Predicate = true> <Delay = 0.00>
ST_8 : Operation 39 [1/1] (0.00ns)   --->   "%empty_224 = specchannel i32 @_ssdm_op_SpecChannel, void @attn_stream_str, i32 1, void @p_str, void @p_str, i32 2, i32 2, i128 %attn_stream, i128 %attn_stream"   --->   Operation 39 'specchannel' 'empty_224' <Predicate = true> <Delay = 0.00>
ST_8 : Operation 40 [1/1] (0.00ns)   --->   "%specinterface_ln0 = specinterface void @_ssdm_op_SpecInterface, i128 %attn_stream, void @empty_71, i32 0, i32 0, void @empty_24, i32 0, i32 0, void @empty_24, void @empty_24, void @empty_24, i32 0, i32 0, i32 0, i32 0, void @empty_24, void @empty_24, i32 4294967295, i32 0"   --->   Operation 40 'specinterface' 'specinterface_ln0' <Predicate = true> <Delay = 0.00>
ST_8 : Operation 41 [1/1] (0.00ns)   --->   "%empty_225 = specchannel i32 @_ssdm_op_SpecChannel, void @qxk_out_stream_str, i32 1, void @p_str, void @p_str, i32 2, i32 2, i512 %qxk_out_stream, i512 %qxk_out_stream"   --->   Operation 41 'specchannel' 'empty_225' <Predicate = true> <Delay = 0.00>
ST_8 : Operation 42 [1/1] (0.00ns)   --->   "%specinterface_ln0 = specinterface void @_ssdm_op_SpecInterface, i512 %qxk_out_stream, void @empty_71, i32 0, i32 0, void @empty_24, i32 0, i32 0, void @empty_24, void @empty_24, void @empty_24, i32 0, i32 0, i32 0, i32 0, void @empty_24, void @empty_24, i32 4294967295, i32 0"   --->   Operation 42 'specinterface' 'specinterface_ln0' <Predicate = true> <Delay = 0.00>
ST_8 : Operation 43 [1/1] (0.00ns)   --->   "%empty_226 = specchannel i32 @_ssdm_op_SpecChannel, void @attn_softmax_info_stream_str, i32 1, void @p_str, void @p_str, i32 2, i32 2, i256 %attn_softmax_info_stream, i256 %attn_softmax_info_stream"   --->   Operation 43 'specchannel' 'empty_226' <Predicate = true> <Delay = 0.00>
ST_8 : Operation 44 [1/1] (0.00ns)   --->   "%specinterface_ln0 = specinterface void @_ssdm_op_SpecInterface, i256 %attn_softmax_info_stream, void @empty_71, i32 0, i32 0, void @empty_24, i32 0, i32 0, void @empty_24, void @empty_24, void @empty_24, i32 0, i32 0, i32 0, i32 0, void @empty_24, void @empty_24, i32 4294967295, i32 0"   --->   Operation 44 'specinterface' 'specinterface_ln0' <Predicate = true> <Delay = 0.00>
ST_8 : Operation 45 [1/1] (0.00ns)   --->   "%empty_227 = specchannel i32 @_ssdm_op_SpecChannel, void @v_stream_str, i32 1, void @p_str, void @p_str, i32 2, i32 2, i256 %v_stream, i256 %v_stream"   --->   Operation 45 'specchannel' 'empty_227' <Predicate = true> <Delay = 0.00>
ST_8 : Operation 46 [1/1] (0.00ns)   --->   "%specinterface_ln0 = specinterface void @_ssdm_op_SpecInterface, i256 %v_stream, void @empty_71, i32 0, i32 0, void @empty_24, i32 0, i32 0, void @empty_24, void @empty_24, void @empty_24, i32 0, i32 0, i32 0, i32 0, void @empty_24, void @empty_24, i32 4294967295, i32 0"   --->   Operation 46 'specinterface' 'specinterface_ln0' <Predicate = true> <Delay = 0.00>
ST_8 : Operation 47 [1/2] (0.00ns)   --->   "%call_ln521 = call void @write_attn_matmul_v, i256 %inout1, i64 %attn_matmul_v_c, i256 %attn_matmul_v_stream" [Deit_cpp/src/attention.cpp:521]   --->   Operation 47 'call' 'call_ln521' <Predicate = true> <Delay = 0.00> <CoreType = "Generic">   --->   Core 0 '' <Latency = 0> <II = 1> <Delay = 1.00> <Generic> <Opcode : >
ST_8 : Operation 48 [1/1] (0.00ns)   --->   "%ret_ln522 = ret" [Deit_cpp/src/attention.cpp:522]   --->   Operation 48 'ret' 'ret_ln522' <Predicate = true> <Delay = 0.00>


============================================================
+ Verbose Summary: Timing violations
============================================================
Target clock period: 10ns, clock uncertainty: 2.7ns.

 <State 1>: 7.3ns
The critical path consists of the following:
	wire read operation ('attn_softmax_info_read', Deit_cpp/src/attention.cpp:508) on port 'attn_softmax_info' (Deit_cpp/src/attention.cpp:508) [15]  (0 ns)
	'call' operation ('call_ln518', Deit_cpp/src/attention.cpp:518) to 'read_attn_softmax_info' [43]  (7.3 ns)

 <State 2>: 0ns
The critical path consists of the following:

 <State 3>: 0ns
The critical path consists of the following:

 <State 4>: 0ns
The critical path consists of the following:

 <State 5>: 0ns
The critical path consists of the following:

 <State 6>: 1.86ns
The critical path consists of the following:
	wire read operation ('attn_matmul_v_read', Deit_cpp/src/attention.cpp:508) on port 'attn_matmul_v' (Deit_cpp/src/attention.cpp:508) [14]  (0 ns)
	'call' operation ('call_ln508', Deit_cpp/src/attention.cpp:508) to 'entry_proc25' [40]  (1.86 ns)

 <State 7>: 0ns
The critical path consists of the following:

 <State 8>: 0ns
The critical path consists of the following:


============================================================
+ Verbose Summary: Binding
============================================================
N/A
* FSMD analyzer results:
  - Output states:
 - Input state : 
  - Chain level:
	State 1
	State 2
	State 3
	State 4
	State 5
	State 6
	State 7
	State 8


============================================================
+ Verbose Summary: Datapath Resource usage 
============================================================
N/A
