

================================================================
== Vitis HLS Report for 'patch_embed_accumulate_16u_128u_8u_s'
================================================================
* Date:           Wed Jul 31 16:58:35 2024

* Version:        2022.2 (Build 3670227 on Oct 13 2022)
* Project:        Deit_cpp
* Solution:       solution1 (Vivado IP Flow Target)
* Product family: zynquplus
* Target device:  xck26-sfvc784-2LV-c


================================================================
== Performance Estimates
================================================================
+ Timing: 
    * Summary: 
    +--------+----------+----------+------------+
    |  Clock |  Target  | Estimated| Uncertainty|
    +--------+----------+----------+------------+
    |ap_clk  |  10.00 ns|  7.300 ns|     2.70 ns|
    +--------+----------+----------+------------+

+ Latency: 
    * Summary: 
    +---------+---------+----------+----------+-------+-------+----------+
    |  Latency (cycles) |  Latency (absolute) |    Interval   | Pipeline |
    |   min   |   max   |    min   |    max   |  min  |  max  |   Type   |
    +---------+---------+----------+----------+-------+-------+----------+
    |    27714|    27714|  0.277 ms|  0.277 ms|  27673|  27673|  dataflow|
    +---------+---------+----------+----------+-------+-------+----------+

    + Detail: 
        * Instance: 
        N/A

        * Loop: 
        N/A

============================================================
+ Verbose Summary: Synthesis Manager
============================================================
InlineROM: 1
ExposeGlobal: 0
============================================================
+ Verbose Summary: CDFG Model
============================================================
IsTopModel: 0
ResetActiveHigh: 1
IsCombinational: 2
IsDatapathOnly: 0
HasWiredReturn: 1
HasMFsm: 0
HasVarLatency: 1
IsPipeline: 0
IsRtlPipelined: 0
IsInstanceOverlapped: 0
IsDontTouch: 0
HasImplIP: 0
IsGatedGlobalClock: 0


============================================================
+ Verbose Summary: Schedule
============================================================
* Number of FSM states : 4
* Pipeline : 0
* Dataflow Pipeline: 1
  DF-Pipeline-0: Size = 4, States = { 1 2 3 4 }

* FSM state transitions: 
1 --> 2 
2 --> 3 
3 --> 4 
4 --> 

* FSM state operations: 

State 1 <SV = 0> <Delay = 3.67>
ST_1 : Operation 5 [1/1] (1.83ns)   --->   "%y_block_read = read i3 @_ssdm_op_Read.ap_auto.i3, i3 %y_block"   --->   Operation 5 'read' 'y_block_read' <Predicate = true> <Delay = 1.83> <CoreInst = "FIFO_SRL">   --->   Core 81 'FIFO_SRL' <Latency = 0> <II = 1> <Delay = 1.83> <Storage> <Opcode : 'read' 'write' 'nbread' 'nbwrite'> <Ports = 0> <Width = -1> <Depth = -1> <FIFO>
ST_1 : Operation 6 [1/1] (0.00ns)   --->   "%x_read = read i64 @_ssdm_op_Read.ap_auto.i64, i64 %x"   --->   Operation 6 'read' 'x_read' <Predicate = true> <Delay = 0.00>
ST_1 : Operation 7 [1/1] (0.00ns)   --->   "%image_stream_i = alloca i64 1"   --->   Operation 7 'alloca' 'image_stream_i' <Predicate = true> <Delay = 0.00> <CoreInst = "FIFO_SRL">   --->   Core 81 'FIFO_SRL' <Latency = 0> <II = 1> <Delay = 1.83> <Storage> <Opcode : 'read' 'write' 'nbread' 'nbwrite'> <Ports = 0> <Width = 256> <Depth = 2> <FIFO>
ST_1 : Operation 8 [1/1] (0.00ns)   --->   "%tmp = call i7 @patch_embed_accumulate<16u, 128u, 8u>_Block_entry2_proc8, i3 %y_block_read"   --->   Operation 8 'call' 'tmp' <Predicate = true> <Delay = 0.00> <CoreInst = "FIFO_SRL">   --->   Core 81 'FIFO_SRL' <Latency = 0> <II = 1> <Delay = 1.83> <Storage> <Opcode : 'read' 'write' 'nbread' 'nbwrite'> <Ports = 0> <Width = 7> <Depth = 2> <FIFO>
ST_1 : Operation 9 [2/2] (1.83ns)   --->   "%call_ln130 = call void @patch_embed_accumulate_read<16u, 128u, 8u>, i256 %inout1, i64 %x_read, i256 %image_stream_i, i7 %tmp" [Deit_cpp/src/conv.cpp:130->Deit_cpp/src/conv.cpp:178]   --->   Operation 9 'call' 'call_ln130' <Predicate = true> <Delay = 1.83> <CoreType = "Generic">   --->   Core 0 '' <Latency = 0> <II = 1> <Delay = 1.00> <Generic> <Opcode : >

State 2 <SV = 1> <Delay = 0.00>
ST_2 : Operation 10 [1/2] (0.00ns)   --->   "%call_ln130 = call void @patch_embed_accumulate_read<16u, 128u, 8u>, i256 %inout1, i64 %x_read, i256 %image_stream_i, i7 %tmp" [Deit_cpp/src/conv.cpp:130->Deit_cpp/src/conv.cpp:178]   --->   Operation 10 'call' 'call_ln130' <Predicate = true> <Delay = 0.00> <CoreType = "Generic">   --->   Core 0 '' <Latency = 0> <II = 1> <Delay = 1.00> <Generic> <Opcode : >

State 3 <SV = 2> <Delay = 0.00>
ST_3 : Operation 11 [2/2] (0.00ns)   --->   "%call_ln131 = call void @patch_embed_accumulate_compute<16u, 128u, 8u>, i256 %image_stream_i, i512 %patches31, i128 %patch_embed_bias, i2048 %patch_embed_weights" [Deit_cpp/src/conv.cpp:131->Deit_cpp/src/conv.cpp:178]   --->   Operation 11 'call' 'call_ln131' <Predicate = true> <Delay = 0.00> <CoreType = "Generic">   --->   Core 0 '' <Latency = 0> <II = 1> <Delay = 1.00> <Generic> <Opcode : >

State 4 <SV = 3> <Delay = 0.00>
ST_4 : Operation 12 [1/1] (0.00ns)   --->   "%specdataflowpipeline_ln0 = specdataflowpipeline void @_ssdm_op_SpecDataflowPipeline, i32 4294967295, i32 0, void @empty_24"   --->   Operation 12 'specdataflowpipeline' 'specdataflowpipeline_ln0' <Predicate = true> <Delay = 0.00>
ST_4 : Operation 13 [1/1] (0.00ns)   --->   "%specinterface_ln0 = specinterface void @_ssdm_op_SpecInterface, i256 %inout1, void @empty_6, i32 0, i32 0, void @empty_24, i32 0, i32 1, void @empty_14, void @empty_7, void @empty_24, i32 16, i32 16, i32 16, i32 16, void @empty_24, void @empty_24, i32 4294967295, i32 0"   --->   Operation 13 'specinterface' 'specinterface_ln0' <Predicate = true> <Delay = 0.00>
ST_4 : Operation 14 [1/1] (0.00ns)   --->   "%empty = specchannel i32 @_ssdm_op_SpecChannel, void @image_stream_str, i32 1, void @p_str, void @p_str, i32 2, i32 2, i256 %image_stream_i, i256 %image_stream_i"   --->   Operation 14 'specchannel' 'empty' <Predicate = true> <Delay = 0.00>
ST_4 : Operation 15 [1/1] (0.00ns)   --->   "%specinterface_ln0 = specinterface void @_ssdm_op_SpecInterface, i256 %image_stream_i, void @empty_71, i32 0, i32 0, void @empty_24, i32 0, i32 0, void @empty_24, void @empty_24, void @empty_24, i32 0, i32 0, i32 0, i32 0, void @empty_24, void @empty_24, i32 4294967295, i32 0"   --->   Operation 15 'specinterface' 'specinterface_ln0' <Predicate = true> <Delay = 0.00>
ST_4 : Operation 16 [1/2] (0.00ns)   --->   "%call_ln131 = call void @patch_embed_accumulate_compute<16u, 128u, 8u>, i256 %image_stream_i, i512 %patches31, i128 %patch_embed_bias, i2048 %patch_embed_weights" [Deit_cpp/src/conv.cpp:131->Deit_cpp/src/conv.cpp:178]   --->   Operation 16 'call' 'call_ln131' <Predicate = true> <Delay = 0.00> <CoreType = "Generic">   --->   Core 0 '' <Latency = 0> <II = 1> <Delay = 1.00> <Generic> <Opcode : >
ST_4 : Operation 17 [1/1] (0.00ns)   --->   "%ret_ln178 = ret" [Deit_cpp/src/conv.cpp:178]   --->   Operation 17 'ret' 'ret_ln178' <Predicate = true> <Delay = 0.00>


============================================================
+ Verbose Summary: Timing violations
============================================================
Target clock period: 10ns, clock uncertainty: 2.7ns.

 <State 1>: 3.68ns
The critical path consists of the following:
	wire read operation ('y_block_read') on port 'y_block' [7]  (1.84 ns)
	'call' operation ('tmp') to 'patch_embed_accumulate<16u, 128u, 8u>_Block_entry2_proc8' [14]  (0 ns)
	'call' operation ('call_ln130', Deit_cpp/src/conv.cpp:130->Deit_cpp/src/conv.cpp:178) to 'patch_embed_accumulate_read<16u, 128u, 8u>' [15]  (1.84 ns)

 <State 2>: 0ns
The critical path consists of the following:

 <State 3>: 0ns
The critical path consists of the following:

 <State 4>: 0ns
The critical path consists of the following:


============================================================
+ Verbose Summary: Binding
============================================================
N/A
* FSMD analyzer results:
  - Output states:
 - Input state : 
  - Chain level:
	State 1
	State 2
	State 3
	State 4


============================================================
+ Verbose Summary: Datapath Resource usage 
============================================================
N/A
