

================================================================
== Vitis HLS Report for 'read_x_Pipeline_ln18_for_each_patch_ln20_for_block_in_dim'
================================================================
* Date:           Wed Jul 31 17:00:39 2024

* Version:        2022.2 (Build 3670227 on Oct 13 2022)
* Project:        Deit_cpp
* Solution:       solution1 (Vivado IP Flow Target)
* Product family: zynquplus
* Target device:  xck26-sfvc784-2LV-c


================================================================
== Performance Estimates
================================================================
+ Timing: 
    * Summary: 
    +--------+----------+----------+------------+
    |  Clock |  Target  | Estimated| Uncertainty|
    +--------+----------+----------+------------+
    |ap_clk  |  10.00 ns|  7.300 ns|     2.70 ns|
    +--------+----------+----------+------------+

+ Latency: 
    * Summary: 
    +---------+---------+-----------+-----------+------+------+---------+
    |  Latency (cycles) |   Latency (absolute)  |   Interval  | Pipeline|
    |   min   |   max   |    min    |    max    |  min |  max |   Type  |
    +---------+---------+-----------+-----------+------+------+---------+
    |     3099|     3099|  30.990 us|  30.990 us|  3099|  3099|       no|
    +---------+---------+-----------+-----------+------+------+---------+

    + Detail: 
        * Instance: 
        N/A

        * Loop: 
        +-----------------------------------------------+---------+---------+----------+-----------+-----------+------+----------+
        |                                               |  Latency (cycles) | Iteration|  Initiation Interval  | Trip |          |
        |                   Loop Name                   |   min   |   max   |  Latency |  achieved |   target  | Count| Pipelined|
        +-----------------------------------------------+---------+---------+----------+-----------+-----------+------+----------+
        |- _ln18_for_each_patch__ln20_for_block_in_dim  |     3097|     3097|         3|          1|          1|  3096|       yes|
        +-----------------------------------------------+---------+---------+----------+-----------+-----------+------+----------+

============================================================
+ Verbose Summary: Synthesis Manager
============================================================
InlineROM: 1
ExposeGlobal: 0
============================================================
+ Verbose Summary: CDFG Model
============================================================
IsTopModel: 0
ResetActiveHigh: 1
IsCombinational: 0
IsDatapathOnly: 0
HasWiredReturn: 1
HasMFsm: 2
HasVarLatency: 1
IsPipeline: 0
IsRtlPipelined: 0
IsInstanceOverlapped: 0
IsDontTouch: 0
HasImplIP: 0
IsGatedGlobalClock: 0

+ Individual pipeline summary: 
  * Pipeline-0: initiation interval (II) = 1, depth = 3


============================================================
+ Verbose Summary: Schedule
============================================================
* Number of FSM states : 3
* Pipeline : 1
  Pipeline-0 : II = 1, D = 3, States = { 1 2 3 }
* Dataflow Pipeline: 0

* FSM state transitions: 
1 --> 2 
2 --> 3 
3 --> 

* FSM state operations: 

State 1 <SV = 0> <Delay = 1.40>
ST_1 : Operation 6 [1/1] (0.00ns)   --->   "%indvar_flatten = alloca i32 1"   --->   Operation 6 'alloca' 'indvar_flatten' <Predicate = true> <Delay = 0.00>
ST_1 : Operation 7 [1/1] (0.00ns)   --->   "%sext_ln18_read = read i59 @_ssdm_op_Read.ap_auto.i59, i59 %sext_ln18"   --->   Operation 7 'read' 'sext_ln18_read' <Predicate = true> <Delay = 0.00>
ST_1 : Operation 8 [1/1] (0.00ns)   --->   "%sext_ln18_cast = sext i59 %sext_ln18_read"   --->   Operation 8 'sext' 'sext_ln18_cast' <Predicate = true> <Delay = 0.00>
ST_1 : Operation 9 [1/1] (0.00ns)   --->   "%specinterface_ln0 = specinterface void @_ssdm_op_SpecInterface, i256 %inout2, void @empty_6, i32 0, i32 0, void @empty_24, i32 0, i32 1, void @empty_8, void @empty_7, void @empty_24, i32 16, i32 16, i32 16, i32 16, void @empty_24, void @empty_24, i32 4294967295, i32 0"   --->   Operation 9 'specinterface' 'specinterface_ln0' <Predicate = true> <Delay = 0.00>
ST_1 : Operation 10 [1/1] (0.00ns)   --->   "%specinterface_ln0 = specinterface void @_ssdm_op_SpecInterface, i256 %q_stream, void @empty_71, i32 0, i32 0, void @empty_24, i32 0, i32 0, void @empty_24, void @empty_24, void @empty_24, i32 0, i32 0, i32 0, i32 0, void @empty_24, void @empty_24, i32 4294967295, i32 0"   --->   Operation 10 'specinterface' 'specinterface_ln0' <Predicate = true> <Delay = 0.00>
ST_1 : Operation 11 [1/1] (0.42ns)   --->   "%store_ln0 = store i12 0, i12 %indvar_flatten"   --->   Operation 11 'store' 'store_ln0' <Predicate = true> <Delay = 0.42>
ST_1 : Operation 12 [1/1] (0.00ns)   --->   "%br_ln0 = br void %for.inc"   --->   Operation 12 'br' 'br_ln0' <Predicate = true> <Delay = 0.00>
ST_1 : Operation 13 [1/1] (0.00ns)   --->   "%indvar_flatten_load = load i12 %indvar_flatten" [Deit_cpp/src/attention.cpp:18]   --->   Operation 13 'load' 'indvar_flatten_load' <Predicate = true> <Delay = 0.00>
ST_1 : Operation 14 [1/1] (0.97ns)   --->   "%icmp_ln18 = icmp_eq  i12 %indvar_flatten_load, i12 3096" [Deit_cpp/src/attention.cpp:18]   --->   Operation 14 'icmp' 'icmp_ln18' <Predicate = true> <Delay = 0.97> <CoreInst = "Cmp">   --->   Core 9 'Cmp' <Latency = 0> <II = 1> <Delay = 0.97> <FuncUnit> <Opcode : 'icmp'> <InPorts = 2> <OutPorts = 1>
ST_1 : Operation 15 [1/1] (0.80ns)   --->   "%add_ln18 = add i12 %indvar_flatten_load, i12 1" [Deit_cpp/src/attention.cpp:18]   --->   Operation 15 'add' 'add_ln18' <Predicate = true> <Delay = 0.80> <CoreInst = "Adder">   --->   Core 1 'Adder' <Latency = 0> <II = 1> <Delay = 0.80> <FuncUnit> <Opcode : 'add' 'sub'> <InPorts = 2> <OutPorts = 1>
ST_1 : Operation 16 [1/1] (0.00ns)   --->   "%br_ln18 = br i1 %icmp_ln18, void %for.inc7, void %for.end9.exitStub" [Deit_cpp/src/attention.cpp:18]   --->   Operation 16 'br' 'br_ln18' <Predicate = true> <Delay = 0.00>
ST_1 : Operation 17 [1/1] (0.42ns)   --->   "%store_ln20 = store i12 %add_ln18, i12 %indvar_flatten" [Deit_cpp/src/attention.cpp:20]   --->   Operation 17 'store' 'store_ln20' <Predicate = (!icmp_ln18)> <Delay = 0.42>

State 2 <SV = 1> <Delay = 7.30>
ST_2 : Operation 18 [1/1] (0.00ns)   --->   "%inout2_addr = getelementptr i256 %inout2, i64 %sext_ln18_cast" [Deit_cpp/src/attention.cpp:18]   --->   Operation 18 'getelementptr' 'inout2_addr' <Predicate = true> <Delay = 0.00>
ST_2 : Operation 19 [1/1] (7.30ns)   --->   "%inout2_addr_read = read i256 @_ssdm_op_Read.m_axi.p1i256, i256 %inout2_addr" [Deit_cpp/src/attention.cpp:24]   --->   Operation 19 'read' 'inout2_addr_read' <Predicate = (!icmp_ln18)> <Delay = 7.30> <CoreInst = "m_axi">   --->   Core 121 'm_axi' <Latency = 0> <II = 1> <Delay = 1.00> <Adapter> <Opcode : 'read' 'write' 'readreq' 'writereq' 'writeresp'>
ST_2 : Operation 26 [1/1] (0.00ns)   --->   "%ret_ln0 = ret"   --->   Operation 26 'ret' 'ret_ln0' <Predicate = (icmp_ln18)> <Delay = 0.00>

State 3 <SV = 2> <Delay = 1.83>
ST_3 : Operation 20 [1/1] (0.00ns)   --->   "%specloopname_ln0 = specloopname void @_ssdm_op_SpecLoopName, void @p_ln18_for_each_patch_ln20_for_block_in_dim_str"   --->   Operation 20 'specloopname' 'specloopname_ln0' <Predicate = true> <Delay = 0.00>
ST_3 : Operation 21 [1/1] (0.00ns)   --->   "%speclooptripcount_ln0 = speclooptripcount void @_ssdm_op_SpecLoopTripCount, i64 3096, i64 3096, i64 3096"   --->   Operation 21 'speclooptripcount' 'speclooptripcount_ln0' <Predicate = true> <Delay = 0.00>
ST_3 : Operation 22 [1/1] (0.00ns)   --->   "%specpipeline_ln22 = specpipeline void @_ssdm_op_SpecPipeline, i32 4294967295, i32 0, i32 0, i32 0, void @empty_24" [Deit_cpp/src/attention.cpp:22]   --->   Operation 22 'specpipeline' 'specpipeline_ln22' <Predicate = true> <Delay = 0.00>
ST_3 : Operation 23 [1/1] (0.00ns)   --->   "%specloopname_ln20 = specloopname void @_ssdm_op_SpecLoopName, void @empty_39" [Deit_cpp/src/attention.cpp:20]   --->   Operation 23 'specloopname' 'specloopname_ln20' <Predicate = true> <Delay = 0.00>
ST_3 : Operation 24 [1/1] (1.83ns)   --->   "%write_ln24 = write void @_ssdm_op_Write.ap_fifo.volatile.i256P0A, i256 %q_stream, i256 %inout2_addr_read" [Deit_cpp/src/attention.cpp:24]   --->   Operation 24 'write' 'write_ln24' <Predicate = true> <Delay = 1.83> <CoreInst = "FIFO_SRL">   --->   Core 81 'FIFO_SRL' <Latency = 0> <II = 1> <Delay = 1.83> <Storage> <Opcode : 'read' 'write' 'nbread' 'nbwrite'> <Ports = 0> <Width = 256> <Depth = 2> <FIFO>
ST_3 : Operation 25 [1/1] (0.00ns)   --->   "%br_ln20 = br void %for.inc" [Deit_cpp/src/attention.cpp:20]   --->   Operation 25 'br' 'br_ln20' <Predicate = true> <Delay = 0.00>


============================================================
+ Verbose Summary: Binding
============================================================
STG Binding: 
---------------- STG Properties BEGIN ----------------
- Is combinational: 0
- Is one-state seq: 0
- Is datapath-only: 0
- Is pipelined: 0
- Is top level: 0
Port [ Return ] is wired: 1; IO mode=ap_ctrl_hs:ce=0
Port [ inout2]:  wired=1; compound=1; hidden=0; nouse=0; global=0; static=0; extern=0; dir=0; type=4; pingpong=0; private_global=0; IO mode=m_axi:ce=0
Port [ sext_ln18]:  wired=1; compound=0; hidden=0; nouse=0; global=0; static=0; extern=0; dir=0; type=0; pingpong=0; private_global=0; IO mode=ap_none:ce=0
Port [ q_stream]:  wired=1; compound=1; hidden=0; nouse=0; global=0; static=0; extern=0; dir=1; type=3; pingpong=0; private_global=0; IO mode=ap_fifo:ce=0
---------------- STG Properties END ------------------

---------------- Datapath Model BEGIN ----------------

<LifeTime>
<method=bitvector/>
indvar_flatten        (alloca           ) [ 0100]
sext_ln18_read        (read             ) [ 0000]
sext_ln18_cast        (sext             ) [ 0110]
specinterface_ln0     (specinterface    ) [ 0000]
specinterface_ln0     (specinterface    ) [ 0000]
store_ln0             (store            ) [ 0000]
br_ln0                (br               ) [ 0000]
indvar_flatten_load   (load             ) [ 0000]
icmp_ln18             (icmp             ) [ 0110]
add_ln18              (add              ) [ 0000]
br_ln18               (br               ) [ 0000]
store_ln20            (store            ) [ 0000]
inout2_addr           (getelementptr    ) [ 0000]
inout2_addr_read      (read             ) [ 0101]
specloopname_ln0      (specloopname     ) [ 0000]
speclooptripcount_ln0 (speclooptripcount) [ 0000]
specpipeline_ln22     (specpipeline     ) [ 0000]
specloopname_ln20     (specloopname     ) [ 0000]
write_ln24            (write            ) [ 0000]
br_ln20               (br               ) [ 0000]
ret_ln0               (ret              ) [ 0000]
</LifeTime>

<model>

<comp_list>
<comp id="0" class="1000" name="inout2">
<pin_list>
<pin id="1" dir="1" index="0" bw="1" slack="0"/>
</pin_list>
<bind>
<StgValue><ssdm name="inout2"/></StgValue>
</bind>
</comp>

<comp id="2" class="1000" name="sext_ln18">
<pin_list>
<pin id="3" dir="1" index="0" bw="1" slack="0"/>
</pin_list>
<bind>
<StgValue><ssdm name="sext_ln18"/></StgValue>
</bind>
</comp>

<comp id="4" class="1000" name="q_stream">
<pin_list>
<pin id="5" dir="1" index="0" bw="1" slack="0"/>
</pin_list>
<bind>
<StgValue><ssdm name="q_stream"/></StgValue>
</bind>
</comp>

<comp id="6" class="1001" name="const_6">
<pin_list>
<pin id="7" dir="1" index="0" bw="1" slack="0"/>
</pin_list>
<bind>
<StgValue><ssdm name=""/></StgValue>
</bind>
</comp>

<comp id="8" class="1001" name="const_8">
<pin_list>
<pin id="9" dir="1" index="0" bw="1" slack="0"/>
</pin_list>
<bind>
<StgValue><ssdm name="_ssdm_op_Read.ap_auto.i59"/></StgValue>
</bind>
</comp>

<comp id="10" class="1001" name="const_10">
<pin_list>
<pin id="11" dir="1" index="0" bw="1" slack="2147483647"/>
</pin_list>
<bind>
<StgValue><ssdm name="_ssdm_op_SpecInterface"/></StgValue>
</bind>
</comp>

<comp id="12" class="1001" name="const_12">
<pin_list>
<pin id="13" dir="1" index="0" bw="1" slack="2147483647"/>
</pin_list>
<bind>
<StgValue><ssdm name="empty_6"/></StgValue>
</bind>
</comp>

<comp id="14" class="1001" name="const_14">
<pin_list>
<pin id="15" dir="1" index="0" bw="1" slack="2147483647"/>
</pin_list>
<bind>
<StgValue><ssdm name=""/></StgValue>
</bind>
</comp>

<comp id="16" class="1001" name="const_16">
<pin_list>
<pin id="17" dir="1" index="0" bw="1" slack="2147483647"/>
</pin_list>
<bind>
<StgValue><ssdm name="empty_24"/></StgValue>
</bind>
</comp>

<comp id="18" class="1001" name="const_18">
<pin_list>
<pin id="19" dir="1" index="0" bw="1" slack="2147483647"/>
</pin_list>
<bind>
<StgValue><ssdm name="empty_8"/></StgValue>
</bind>
</comp>

<comp id="20" class="1001" name="const_20">
<pin_list>
<pin id="21" dir="1" index="0" bw="1" slack="2147483647"/>
</pin_list>
<bind>
<StgValue><ssdm name="empty_7"/></StgValue>
</bind>
</comp>

<comp id="22" class="1001" name="const_22">
<pin_list>
<pin id="23" dir="1" index="0" bw="1" slack="2147483647"/>
</pin_list>
<bind>
<StgValue><ssdm name=""/></StgValue>
</bind>
</comp>

<comp id="24" class="1001" name="const_24">
<pin_list>
<pin id="25" dir="1" index="0" bw="1" slack="2147483647"/>
</pin_list>
<bind>
<StgValue><ssdm name=""/></StgValue>
</bind>
</comp>

<comp id="26" class="1001" name="const_26">
<pin_list>
<pin id="27" dir="1" index="0" bw="1" slack="2147483647"/>
</pin_list>
<bind>
<StgValue><ssdm name="empty_71"/></StgValue>
</bind>
</comp>

<comp id="28" class="1001" name="const_28">
<pin_list>
<pin id="29" dir="1" index="0" bw="1" slack="0"/>
</pin_list>
<bind>
<StgValue><ssdm name=""/></StgValue>
</bind>
</comp>

<comp id="30" class="1001" name="const_30">
<pin_list>
<pin id="31" dir="1" index="0" bw="1" slack="0"/>
</pin_list>
<bind>
<StgValue><ssdm name=""/></StgValue>
</bind>
</comp>

<comp id="32" class="1001" name="const_32">
<pin_list>
<pin id="33" dir="1" index="0" bw="1" slack="0"/>
</pin_list>
<bind>
<StgValue><ssdm name=""/></StgValue>
</bind>
</comp>

<comp id="34" class="1001" name="const_34">
<pin_list>
<pin id="35" dir="1" index="0" bw="1" slack="0"/>
</pin_list>
<bind>
<StgValue><ssdm name="_ssdm_op_Read.m_axi.p1i256"/></StgValue>
</bind>
</comp>

<comp id="36" class="1001" name="const_36">
<pin_list>
<pin id="37" dir="1" index="0" bw="1" slack="2147483647"/>
</pin_list>
<bind>
<StgValue><ssdm name="_ssdm_op_SpecLoopName"/></StgValue>
</bind>
</comp>

<comp id="38" class="1001" name="const_38">
<pin_list>
<pin id="39" dir="1" index="0" bw="1" slack="2147483647"/>
</pin_list>
<bind>
<StgValue><ssdm name="p_ln18_for_each_patch_ln20_for_block_in_dim_str"/></StgValue>
</bind>
</comp>

<comp id="40" class="1001" name="const_40">
<pin_list>
<pin id="41" dir="1" index="0" bw="1" slack="2147483647"/>
</pin_list>
<bind>
<StgValue><ssdm name="_ssdm_op_SpecLoopTripCount"/></StgValue>
</bind>
</comp>

<comp id="42" class="1001" name="const_42">
<pin_list>
<pin id="43" dir="1" index="0" bw="1" slack="2147483647"/>
</pin_list>
<bind>
<StgValue><ssdm name=""/></StgValue>
</bind>
</comp>

<comp id="44" class="1001" name="const_44">
<pin_list>
<pin id="45" dir="1" index="0" bw="1" slack="2147483647"/>
</pin_list>
<bind>
<StgValue><ssdm name="_ssdm_op_SpecPipeline"/></StgValue>
</bind>
</comp>

<comp id="46" class="1001" name="const_46">
<pin_list>
<pin id="47" dir="1" index="0" bw="1" slack="2147483647"/>
</pin_list>
<bind>
<StgValue><ssdm name="empty_39"/></StgValue>
</bind>
</comp>

<comp id="48" class="1001" name="const_48">
<pin_list>
<pin id="49" dir="1" index="0" bw="1" slack="0"/>
</pin_list>
<bind>
<StgValue><ssdm name="_ssdm_op_Write.ap_fifo.volatile.i256P0A"/></StgValue>
</bind>
</comp>

<comp id="50" class="1004" name="indvar_flatten_fu_50">
<pin_list>
<pin id="51" dir="0" index="0" bw="1" slack="0"/>
<pin id="52" dir="1" index="1" bw="12" slack="0"/>
</pin_list>
<bind>
<opcode="alloca(26) " fcode="alloca"/>
<opset="indvar_flatten/1 "/>
</bind>
</comp>

<comp id="54" class="1004" name="sext_ln18_read_read_fu_54">
<pin_list>
<pin id="55" dir="0" index="0" bw="59" slack="0"/>
<pin id="56" dir="0" index="1" bw="59" slack="0"/>
<pin id="57" dir="1" index="2" bw="59" slack="0"/>
</pin_list>
<bind>
<opcode="read(1150) " fcode="read"/>
<opset="sext_ln18_read/1 "/>
</bind>
</comp>

<comp id="60" class="1004" name="inout2_addr_read_read_fu_60">
<pin_list>
<pin id="61" dir="0" index="0" bw="256" slack="0"/>
<pin id="62" dir="0" index="1" bw="256" slack="0"/>
<pin id="63" dir="1" index="2" bw="256" slack="1"/>
</pin_list>
<bind>
<opcode="read(1150) " fcode="read"/>
<opset="inout2_addr_read/2 "/>
</bind>
</comp>

<comp id="65" class="1004" name="write_ln24_write_fu_65">
<pin_list>
<pin id="66" dir="0" index="0" bw="0" slack="0"/>
<pin id="67" dir="0" index="1" bw="256" slack="0"/>
<pin id="68" dir="0" index="2" bw="256" slack="1"/>
<pin id="69" dir="1" index="3" bw="0" slack="2147483647"/>
</pin_list>
<bind>
<opcode="write(1151) " fcode="write"/>
<opset="write_ln24/3 "/>
</bind>
</comp>

<comp id="72" class="1004" name="sext_ln18_cast_fu_72">
<pin_list>
<pin id="73" dir="0" index="0" bw="59" slack="0"/>
<pin id="74" dir="1" index="1" bw="64" slack="1"/>
</pin_list>
<bind>
<opcode="sext(35) " fcode="sext"/>
<opset="sext_ln18_cast/1 "/>
</bind>
</comp>

<comp id="76" class="1004" name="store_ln0_store_fu_76">
<pin_list>
<pin id="77" dir="0" index="0" bw="1" slack="0"/>
<pin id="78" dir="0" index="1" bw="12" slack="0"/>
<pin id="79" dir="1" index="2" bw="0" slack="2147483647"/>
</pin_list>
<bind>
<opcode="store(28) " fcode="store"/>
<opset="store_ln0/1 "/>
</bind>
</comp>

<comp id="81" class="1004" name="indvar_flatten_load_load_fu_81">
<pin_list>
<pin id="82" dir="0" index="0" bw="12" slack="0"/>
<pin id="83" dir="1" index="1" bw="12" slack="0"/>
</pin_list>
<bind>
<opcode="load(27) " fcode="load"/>
<opset="indvar_flatten_load/1 "/>
</bind>
</comp>

<comp id="84" class="1004" name="icmp_ln18_fu_84">
<pin_list>
<pin id="85" dir="0" index="0" bw="12" slack="0"/>
<pin id="86" dir="0" index="1" bw="11" slack="0"/>
<pin id="87" dir="1" index="2" bw="1" slack="1"/>
</pin_list>
<bind>
<opcode="icmp(45) " fcode="icmp"/>
<opset="icmp_ln18/1 "/>
</bind>
</comp>

<comp id="90" class="1004" name="add_ln18_fu_90">
<pin_list>
<pin id="91" dir="0" index="0" bw="12" slack="0"/>
<pin id="92" dir="0" index="1" bw="1" slack="0"/>
<pin id="93" dir="1" index="2" bw="12" slack="0"/>
</pin_list>
<bind>
<opcode="add(8) " fcode="add"/>
<opset="add_ln18/1 "/>
</bind>
</comp>

<comp id="96" class="1004" name="store_ln20_store_fu_96">
<pin_list>
<pin id="97" dir="0" index="0" bw="12" slack="0"/>
<pin id="98" dir="0" index="1" bw="12" slack="0"/>
<pin id="99" dir="1" index="2" bw="0" slack="2147483647"/>
</pin_list>
<bind>
<opcode="store(28) " fcode="store"/>
<opset="store_ln20/1 "/>
</bind>
</comp>

<comp id="101" class="1004" name="inout2_addr_fu_101">
<pin_list>
<pin id="102" dir="0" index="0" bw="256" slack="0"/>
<pin id="103" dir="0" index="1" bw="59" slack="1"/>
<pin id="104" dir="1" index="2" bw="256" slack="0"/>
</pin_list>
<bind>
<opcode="getelementptr(29) " fcode="getelementptr"/>
<opset="inout2_addr/2 "/>
</bind>
</comp>

<comp id="107" class="1005" name="indvar_flatten_reg_107">
<pin_list>
<pin id="108" dir="0" index="0" bw="12" slack="0"/>
<pin id="109" dir="1" index="1" bw="12" slack="0"/>
</pin_list>
<bind>
<opset="indvar_flatten "/>
</bind>
</comp>

<comp id="114" class="1005" name="sext_ln18_cast_reg_114">
<pin_list>
<pin id="115" dir="0" index="0" bw="64" slack="1"/>
<pin id="116" dir="1" index="1" bw="64" slack="1"/>
</pin_list>
<bind>
<opset="sext_ln18_cast "/>
</bind>
</comp>

<comp id="119" class="1005" name="icmp_ln18_reg_119">
<pin_list>
<pin id="120" dir="0" index="0" bw="1" slack="1"/>
<pin id="121" dir="1" index="1" bw="1" slack="2147483647"/>
</pin_list>
<bind>
<opset="icmp_ln18 "/>
</bind>
</comp>

<comp id="123" class="1005" name="inout2_addr_read_reg_123">
<pin_list>
<pin id="124" dir="0" index="0" bw="256" slack="1"/>
<pin id="125" dir="1" index="1" bw="256" slack="1"/>
</pin_list>
<bind>
<opset="inout2_addr_read "/>
</bind>
</comp>

</comp_list>

<net_list>
<net id="53"><net_src comp="6" pin="0"/><net_sink comp="50" pin=0"/></net>

<net id="58"><net_src comp="8" pin="0"/><net_sink comp="54" pin=0"/></net>

<net id="59"><net_src comp="2" pin="0"/><net_sink comp="54" pin=1"/></net>

<net id="64"><net_src comp="34" pin="0"/><net_sink comp="60" pin=0"/></net>

<net id="70"><net_src comp="48" pin="0"/><net_sink comp="65" pin=0"/></net>

<net id="71"><net_src comp="4" pin="0"/><net_sink comp="65" pin=1"/></net>

<net id="75"><net_src comp="54" pin="2"/><net_sink comp="72" pin=0"/></net>

<net id="80"><net_src comp="28" pin="0"/><net_sink comp="76" pin=0"/></net>

<net id="88"><net_src comp="81" pin="1"/><net_sink comp="84" pin=0"/></net>

<net id="89"><net_src comp="30" pin="0"/><net_sink comp="84" pin=1"/></net>

<net id="94"><net_src comp="81" pin="1"/><net_sink comp="90" pin=0"/></net>

<net id="95"><net_src comp="32" pin="0"/><net_sink comp="90" pin=1"/></net>

<net id="100"><net_src comp="90" pin="2"/><net_sink comp="96" pin=0"/></net>

<net id="105"><net_src comp="0" pin="0"/><net_sink comp="101" pin=0"/></net>

<net id="106"><net_src comp="101" pin="2"/><net_sink comp="60" pin=1"/></net>

<net id="110"><net_src comp="50" pin="1"/><net_sink comp="107" pin=0"/></net>

<net id="111"><net_src comp="107" pin="1"/><net_sink comp="76" pin=1"/></net>

<net id="112"><net_src comp="107" pin="1"/><net_sink comp="81" pin=0"/></net>

<net id="113"><net_src comp="107" pin="1"/><net_sink comp="96" pin=1"/></net>

<net id="117"><net_src comp="72" pin="1"/><net_sink comp="114" pin=0"/></net>

<net id="118"><net_src comp="114" pin="1"/><net_sink comp="101" pin=1"/></net>

<net id="122"><net_src comp="84" pin="2"/><net_sink comp="119" pin=0"/></net>

<net id="126"><net_src comp="60" pin="2"/><net_sink comp="123" pin=0"/></net>

<net id="127"><net_src comp="123" pin="1"/><net_sink comp="65" pin=2"/></net>

</net_list>

</model> 
---------------- Datapath Model END ------------------

* FSMD analyzer results:
  - Output states:
	Port: q_stream | {3 }
 - Input state : 
	Port: read_x_Pipeline__ln18_for_each_patch__ln20_for_block_in_dim : inout2 | {2 }
	Port: read_x_Pipeline__ln18_for_each_patch__ln20_for_block_in_dim : sext_ln18 | {1 }
  - Chain level:
	State 1
		store_ln0 : 1
		indvar_flatten_load : 1
		icmp_ln18 : 2
		add_ln18 : 2
		br_ln18 : 3
		store_ln20 : 3
	State 2
		inout2_addr_read : 1
	State 3


============================================================
+ Verbose Summary: Datapath Resource usage 
============================================================

* Functional unit list:
|----------|-----------------------------|---------|---------|
| Operation|       Functional Unit       |    FF   |   LUT   |
|----------|-----------------------------|---------|---------|
|    add   |        add_ln18_fu_90       |    0    |    19   |
|----------|-----------------------------|---------|---------|
|   icmp   |       icmp_ln18_fu_84       |    0    |    12   |
|----------|-----------------------------|---------|---------|
|   read   |  sext_ln18_read_read_fu_54  |    0    |    0    |
|          | inout2_addr_read_read_fu_60 |    0    |    0    |
|----------|-----------------------------|---------|---------|
|   write  |    write_ln24_write_fu_65   |    0    |    0    |
|----------|-----------------------------|---------|---------|
|   sext   |     sext_ln18_cast_fu_72    |    0    |    0    |
|----------|-----------------------------|---------|---------|
|   Total  |                             |    0    |    31   |
|----------|-----------------------------|---------|---------|

Memories:
N/A

* Register list:
+------------------------+--------+
|                        |   FF   |
+------------------------+--------+
|    icmp_ln18_reg_119   |    1   |
| indvar_flatten_reg_107 |   12   |
|inout2_addr_read_reg_123|   256  |
| sext_ln18_cast_reg_114 |   64   |
+------------------------+--------+
|          Total         |   333  |
+------------------------+--------+

* Multiplexer (MUX) list: 
|--------|------|------|------|--------|
|  Comp  |  Pin | Size |  BW  | S x BW |
|--------|------|------|------|--------|
|  Total |      |      |      |    0   |
|--------|------|------|------|--------|



* Summary:
+-----------+--------+--------+
|           |   FF   |   LUT  |
+-----------+--------+--------+
|  Function |    0   |   31   |
|   Memory  |    -   |    -   |
|Multiplexer|    -   |    -   |
|  Register |   333  |    -   |
+-----------+--------+--------+
|   Total   |   333  |   31   |
+-----------+--------+--------+
