

================================================================
== Vitis HLS Report for 'read_in_stream_direct'
================================================================
* Date:           Wed Jul 31 17:00:03 2024

* Version:        2022.2 (Build 3670227 on Oct 13 2022)
* Project:        Deit_cpp
* Solution:       solution1 (Vivado IP Flow Target)
* Product family: zynquplus
* Target device:  xck26-sfvc784-2LV-c


================================================================
== Performance Estimates
================================================================
+ Timing: 
    * Summary: 
    +--------+----------+----------+------------+
    |  Clock |  Target  | Estimated| Uncertainty|
    +--------+----------+----------+------------+
    |ap_clk  |  10.00 ns|  7.300 ns|     2.70 ns|
    +--------+----------+----------+------------+

+ Latency: 
    * Summary: 
    +---------+---------+----------+----------+-----+-----+---------+
    |  Latency (cycles) |  Latency (absolute) |  Interval | Pipeline|
    |   min   |   max   |    min   |    max   | min | max |   Type  |
    +---------+---------+----------+----------+-----+-----+---------+
    |        ?|        ?|         ?|         ?|    ?|    ?|       no|
    +---------+---------+----------+----------+-----+-----+---------+

    + Detail: 
        * Instance: 
        N/A

        * Loop: 
        N/A

============================================================
+ Verbose Summary: Synthesis Manager
============================================================
InlineROM: 1
ExposeGlobal: 0
============================================================
+ Verbose Summary: CDFG Model
============================================================
IsTopModel: 0
ResetActiveHigh: 1
IsCombinational: 2
IsDatapathOnly: 0
HasWiredReturn: 1
HasMFsm: 0
HasVarLatency: 1
IsPipeline: 0
IsRtlPipelined: 0
IsInstanceOverlapped: 0
IsDontTouch: 0
HasImplIP: 0
IsGatedGlobalClock: 0


============================================================
+ Verbose Summary: Schedule
============================================================
* Number of FSM states : 10
* Pipeline : 0
* Dataflow Pipeline: 0

* FSM state transitions: 
1 --> 2 
2 --> 3 
3 --> 4 
4 --> 5 
5 --> 6 
6 --> 7 
7 --> 8 
8 --> 9 
9 --> 10 
10 --> 

* FSM state operations: 

State 1 <SV = 0> <Delay = 3.46>
ST_1 : Operation 11 [1/1] (1.83ns)   --->   "%in_dim_offset_read = read i10 @_ssdm_op_Read.ap_auto.i10, i10 %in_dim_offset"   --->   Operation 11 'read' 'in_dim_offset_read' <Predicate = true> <Delay = 1.83> <CoreInst = "FIFO_SRL">   --->   Core 81 'FIFO_SRL' <Latency = 0> <II = 1> <Delay = 1.83> <Storage> <Opcode : 'read' 'write' 'nbread' 'nbwrite'> <Ports = 0> <Width = -1> <Depth = -1> <FIFO>
ST_1 : Operation 12 [1/1] (0.00ns)   --->   "%in_dim_cast_i_i = zext i10 %in_dim_offset_read"   --->   Operation 12 'zext' 'in_dim_cast_i_i' <Predicate = true> <Delay = 0.00>
ST_1 : Operation 13 [1/1] (0.78ns)   --->   "%add_ln70 = add i11 %in_dim_cast_i_i, i11 7" [Deit_cpp/src/../include/util.hpp:70->Deit_cpp/src/linear.cpp:352]   --->   Operation 13 'add' 'add_ln70' <Predicate = true> <Delay = 0.78> <CoreInst = "Adder">   --->   Core 1 'Adder' <Latency = 0> <II = 1> <Delay = 0.78> <FuncUnit> <Opcode : 'add' 'sub'> <InPorts = 2> <OutPorts = 1>
ST_1 : Operation 14 [1/1] (0.00ns)   --->   "%lshr_ln_i = partselect i8 @_ssdm_op_PartSelect.i8.i11.i32.i32, i11 %add_ln70, i32 3, i32 10" [Deit_cpp/src/../include/util.hpp:70->Deit_cpp/src/linear.cpp:352]   --->   Operation 14 'partselect' 'lshr_ln_i' <Predicate = true> <Delay = 0.00>
ST_1 : Operation 15 [1/1] (0.00ns)   --->   "%zext_ln179 = zext i8 %lshr_ln_i" [Deit_cpp/src/linear.cpp:179->Deit_cpp/src/linear.cpp:352->Deit_cpp/src/linear.cpp:352]   --->   Operation 15 'zext' 'zext_ln179' <Predicate = true> <Delay = 0.00>
ST_1 : Operation 16 [1/1] (0.00ns)   --->   "%and_ln_i = bitconcatenate i15 @_ssdm_op_BitConcatenate.i15.i8.i7, i8 %lshr_ln_i, i7 0" [Deit_cpp/src/linear.cpp:179->Deit_cpp/src/linear.cpp:352->Deit_cpp/src/linear.cpp:352]   --->   Operation 16 'bitconcatenate' 'and_ln_i' <Predicate = true> <Delay = 0.00>
ST_1 : Operation 17 [1/1] (0.00ns)   --->   "%zext_ln179_1 = zext i15 %and_ln_i" [Deit_cpp/src/linear.cpp:179->Deit_cpp/src/linear.cpp:352->Deit_cpp/src/linear.cpp:352]   --->   Operation 17 'zext' 'zext_ln179_1' <Predicate = true> <Delay = 0.00>
ST_1 : Operation 18 [1/1] (0.84ns)   --->   "%iters = add i16 %zext_ln179_1, i16 %zext_ln179" [Deit_cpp/src/linear.cpp:179->Deit_cpp/src/linear.cpp:352->Deit_cpp/src/linear.cpp:352]   --->   Operation 18 'add' 'iters' <Predicate = true> <Delay = 0.84> <CoreInst = "Adder">   --->   Core 1 'Adder' <Latency = 0> <II = 1> <Delay = 0.84> <FuncUnit> <Opcode : 'add' 'sub'> <InPorts = 2> <OutPorts = 1>

State 2 <SV = 1> <Delay = 7.30>
ST_2 : Operation 19 [1/1] (0.00ns)   --->   "%src_read = read i64 @_ssdm_op_Read.ap_auto.i64, i64 %src"   --->   Operation 19 'read' 'src_read' <Predicate = true> <Delay = 0.00>
ST_2 : Operation 20 [1/1] (0.00ns)   --->   "%zext_ln179_2 = zext i16 %iters" [Deit_cpp/src/linear.cpp:179->Deit_cpp/src/linear.cpp:352->Deit_cpp/src/linear.cpp:352]   --->   Operation 20 'zext' 'zext_ln179_2' <Predicate = true> <Delay = 0.00>
ST_2 : Operation 21 [1/1] (0.00ns)   --->   "%trunc_ln_i = partselect i59 @_ssdm_op_PartSelect.i59.i64.i32.i32, i64 %src_read, i32 5, i32 63" [Deit_cpp/src/linear.cpp:181->Deit_cpp/src/linear.cpp:352->Deit_cpp/src/linear.cpp:352]   --->   Operation 21 'partselect' 'trunc_ln_i' <Predicate = true> <Delay = 0.00>
ST_2 : Operation 22 [1/1] (0.00ns)   --->   "%sext_ln181 = sext i59 %trunc_ln_i" [Deit_cpp/src/linear.cpp:181->Deit_cpp/src/linear.cpp:352->Deit_cpp/src/linear.cpp:352]   --->   Operation 22 'sext' 'sext_ln181' <Predicate = true> <Delay = 0.00>
ST_2 : Operation 23 [1/1] (0.00ns)   --->   "%inout1_addr = getelementptr i256 %inout1, i64 %sext_ln181" [Deit_cpp/src/linear.cpp:181->Deit_cpp/src/linear.cpp:352->Deit_cpp/src/linear.cpp:352]   --->   Operation 23 'getelementptr' 'inout1_addr' <Predicate = true> <Delay = 0.00>
ST_2 : Operation 24 [7/7] (7.30ns)   --->   "%empty = readreq i1 @_ssdm_op_ReadReq.m_axi.p1i256, i256 %inout1_addr, i32 %zext_ln179_2" [Deit_cpp/src/linear.cpp:181->Deit_cpp/src/linear.cpp:352->Deit_cpp/src/linear.cpp:352]   --->   Operation 24 'readreq' 'empty' <Predicate = true> <Delay = 7.30> <CoreInst = "m_axi">   --->   Core 121 'm_axi' <Latency = 0> <II = 1> <Delay = 1.00> <Adapter> <Opcode : 'read' 'write' 'readreq' 'writereq' 'writeresp'>

State 3 <SV = 2> <Delay = 7.30>
ST_3 : Operation 25 [6/7] (7.30ns)   --->   "%empty = readreq i1 @_ssdm_op_ReadReq.m_axi.p1i256, i256 %inout1_addr, i32 %zext_ln179_2" [Deit_cpp/src/linear.cpp:181->Deit_cpp/src/linear.cpp:352->Deit_cpp/src/linear.cpp:352]   --->   Operation 25 'readreq' 'empty' <Predicate = true> <Delay = 7.30> <CoreInst = "m_axi">   --->   Core 121 'm_axi' <Latency = 0> <II = 1> <Delay = 1.00> <Adapter> <Opcode : 'read' 'write' 'readreq' 'writereq' 'writeresp'>

State 4 <SV = 3> <Delay = 7.30>
ST_4 : Operation 26 [5/7] (7.30ns)   --->   "%empty = readreq i1 @_ssdm_op_ReadReq.m_axi.p1i256, i256 %inout1_addr, i32 %zext_ln179_2" [Deit_cpp/src/linear.cpp:181->Deit_cpp/src/linear.cpp:352->Deit_cpp/src/linear.cpp:352]   --->   Operation 26 'readreq' 'empty' <Predicate = true> <Delay = 7.30> <CoreInst = "m_axi">   --->   Core 121 'm_axi' <Latency = 0> <II = 1> <Delay = 1.00> <Adapter> <Opcode : 'read' 'write' 'readreq' 'writereq' 'writeresp'>

State 5 <SV = 4> <Delay = 7.30>
ST_5 : Operation 27 [4/7] (7.30ns)   --->   "%empty = readreq i1 @_ssdm_op_ReadReq.m_axi.p1i256, i256 %inout1_addr, i32 %zext_ln179_2" [Deit_cpp/src/linear.cpp:181->Deit_cpp/src/linear.cpp:352->Deit_cpp/src/linear.cpp:352]   --->   Operation 27 'readreq' 'empty' <Predicate = true> <Delay = 7.30> <CoreInst = "m_axi">   --->   Core 121 'm_axi' <Latency = 0> <II = 1> <Delay = 1.00> <Adapter> <Opcode : 'read' 'write' 'readreq' 'writereq' 'writeresp'>

State 6 <SV = 5> <Delay = 7.30>
ST_6 : Operation 28 [3/7] (7.30ns)   --->   "%empty = readreq i1 @_ssdm_op_ReadReq.m_axi.p1i256, i256 %inout1_addr, i32 %zext_ln179_2" [Deit_cpp/src/linear.cpp:181->Deit_cpp/src/linear.cpp:352->Deit_cpp/src/linear.cpp:352]   --->   Operation 28 'readreq' 'empty' <Predicate = true> <Delay = 7.30> <CoreInst = "m_axi">   --->   Core 121 'm_axi' <Latency = 0> <II = 1> <Delay = 1.00> <Adapter> <Opcode : 'read' 'write' 'readreq' 'writereq' 'writeresp'>

State 7 <SV = 6> <Delay = 7.30>
ST_7 : Operation 29 [2/7] (7.30ns)   --->   "%empty = readreq i1 @_ssdm_op_ReadReq.m_axi.p1i256, i256 %inout1_addr, i32 %zext_ln179_2" [Deit_cpp/src/linear.cpp:181->Deit_cpp/src/linear.cpp:352->Deit_cpp/src/linear.cpp:352]   --->   Operation 29 'readreq' 'empty' <Predicate = true> <Delay = 7.30> <CoreInst = "m_axi">   --->   Core 121 'm_axi' <Latency = 0> <II = 1> <Delay = 1.00> <Adapter> <Opcode : 'read' 'write' 'readreq' 'writereq' 'writeresp'>

State 8 <SV = 7> <Delay = 7.30>
ST_8 : Operation 30 [1/7] (7.30ns)   --->   "%empty = readreq i1 @_ssdm_op_ReadReq.m_axi.p1i256, i256 %inout1_addr, i32 %zext_ln179_2" [Deit_cpp/src/linear.cpp:181->Deit_cpp/src/linear.cpp:352->Deit_cpp/src/linear.cpp:352]   --->   Operation 30 'readreq' 'empty' <Predicate = true> <Delay = 7.30> <CoreInst = "m_axi">   --->   Core 121 'm_axi' <Latency = 0> <II = 1> <Delay = 1.00> <Adapter> <Opcode : 'read' 'write' 'readreq' 'writereq' 'writeresp'>

State 9 <SV = 8> <Delay = 1.52>
ST_9 : Operation 31 [1/1] (0.00ns)   --->   "%empty_183 = wait i32 @_ssdm_op_Wait"   --->   Operation 31 'wait' 'empty_183' <Predicate = true> <Delay = 0.00>
ST_9 : Operation 32 [2/2] (1.52ns)   --->   "%call_ln181 = call void @read_in_stream_direct_Pipeline__ln181_for_each_i, i256 %inout1, i59 %trunc_ln_i, i16 %iters, i512 %in_stream" [Deit_cpp/src/linear.cpp:181->Deit_cpp/src/linear.cpp:352->Deit_cpp/src/linear.cpp:352]   --->   Operation 32 'call' 'call_ln181' <Predicate = true> <Delay = 1.52> <CoreType = "Generic">   --->   Core 0 '' <Latency = 0> <II = 1> <Delay = 1.00> <Generic> <Opcode : >

State 10 <SV = 9> <Delay = 0.00>
ST_10 : Operation 33 [1/1] (0.00ns)   --->   "%specinterface_ln0 = specinterface void @_ssdm_op_SpecInterface, i512 %in_stream, void @empty_71, i32 0, i32 0, void @empty_24, i32 0, i32 0, void @empty_24, void @empty_24, void @empty_24, i32 0, i32 0, i32 0, i32 0, void @empty_24, void @empty_24, i32 4294967295, i32 0"   --->   Operation 33 'specinterface' 'specinterface_ln0' <Predicate = true> <Delay = 0.00>
ST_10 : Operation 34 [1/1] (0.00ns)   --->   "%specinterface_ln0 = specinterface void @_ssdm_op_SpecInterface, i256 %inout1, void @empty_6, i32 0, i32 0, void @empty_24, i32 0, i32 1, void @empty_14, void @empty_7, void @empty_24, i32 16, i32 16, i32 16, i32 16, void @empty_24, void @empty_24, i32 4294967295, i32 0"   --->   Operation 34 'specinterface' 'specinterface_ln0' <Predicate = true> <Delay = 0.00>
ST_10 : Operation 35 [1/2] (0.00ns)   --->   "%call_ln181 = call void @read_in_stream_direct_Pipeline__ln181_for_each_i, i256 %inout1, i59 %trunc_ln_i, i16 %iters, i512 %in_stream" [Deit_cpp/src/linear.cpp:181->Deit_cpp/src/linear.cpp:352->Deit_cpp/src/linear.cpp:352]   --->   Operation 35 'call' 'call_ln181' <Predicate = true> <Delay = 0.00> <CoreType = "Generic">   --->   Core 0 '' <Latency = 0> <II = 1> <Delay = 1.00> <Generic> <Opcode : >
ST_10 : Operation 36 [1/1] (0.00ns)   --->   "%ret_ln352 = ret" [Deit_cpp/src/linear.cpp:352]   --->   Operation 36 'ret' 'ret_ln352' <Predicate = true> <Delay = 0.00>


============================================================
+ Verbose Summary: Timing violations
============================================================
Target clock period: 10ns, clock uncertainty: 2.7ns.

 <State 1>: 3.47ns
The critical path consists of the following:
	wire read operation ('in_dim_offset_read') on port 'in_dim_offset' [5]  (1.84 ns)
	'add' operation ('add_ln70', Deit_cpp/src/../include/util.hpp:70->Deit_cpp/src/linear.cpp:352) [10]  (0.787 ns)
	'add' operation ('iters', Deit_cpp/src/linear.cpp:179->Deit_cpp/src/linear.cpp:352->Deit_cpp/src/linear.cpp:352) [15]  (0.842 ns)

 <State 2>: 7.3ns
The critical path consists of the following:
	wire read operation ('src_read') on port 'src' [6]  (0 ns)
	'getelementptr' operation ('inout1_addr', Deit_cpp/src/linear.cpp:181->Deit_cpp/src/linear.cpp:352->Deit_cpp/src/linear.cpp:352) [19]  (0 ns)
	bus request operation ('empty', Deit_cpp/src/linear.cpp:181->Deit_cpp/src/linear.cpp:352->Deit_cpp/src/linear.cpp:352) on port 'inout1' (Deit_cpp/src/linear.cpp:181->Deit_cpp/src/linear.cpp:352->Deit_cpp/src/linear.cpp:352) [20]  (7.3 ns)

 <State 3>: 7.3ns
The critical path consists of the following:
	bus request operation ('empty', Deit_cpp/src/linear.cpp:181->Deit_cpp/src/linear.cpp:352->Deit_cpp/src/linear.cpp:352) on port 'inout1' (Deit_cpp/src/linear.cpp:181->Deit_cpp/src/linear.cpp:352->Deit_cpp/src/linear.cpp:352) [20]  (7.3 ns)

 <State 4>: 7.3ns
The critical path consists of the following:
	bus request operation ('empty', Deit_cpp/src/linear.cpp:181->Deit_cpp/src/linear.cpp:352->Deit_cpp/src/linear.cpp:352) on port 'inout1' (Deit_cpp/src/linear.cpp:181->Deit_cpp/src/linear.cpp:352->Deit_cpp/src/linear.cpp:352) [20]  (7.3 ns)

 <State 5>: 7.3ns
The critical path consists of the following:
	bus request operation ('empty', Deit_cpp/src/linear.cpp:181->Deit_cpp/src/linear.cpp:352->Deit_cpp/src/linear.cpp:352) on port 'inout1' (Deit_cpp/src/linear.cpp:181->Deit_cpp/src/linear.cpp:352->Deit_cpp/src/linear.cpp:352) [20]  (7.3 ns)

 <State 6>: 7.3ns
The critical path consists of the following:
	bus request operation ('empty', Deit_cpp/src/linear.cpp:181->Deit_cpp/src/linear.cpp:352->Deit_cpp/src/linear.cpp:352) on port 'inout1' (Deit_cpp/src/linear.cpp:181->Deit_cpp/src/linear.cpp:352->Deit_cpp/src/linear.cpp:352) [20]  (7.3 ns)

 <State 7>: 7.3ns
The critical path consists of the following:
	bus request operation ('empty', Deit_cpp/src/linear.cpp:181->Deit_cpp/src/linear.cpp:352->Deit_cpp/src/linear.cpp:352) on port 'inout1' (Deit_cpp/src/linear.cpp:181->Deit_cpp/src/linear.cpp:352->Deit_cpp/src/linear.cpp:352) [20]  (7.3 ns)

 <State 8>: 7.3ns
The critical path consists of the following:
	bus request operation ('empty', Deit_cpp/src/linear.cpp:181->Deit_cpp/src/linear.cpp:352->Deit_cpp/src/linear.cpp:352) on port 'inout1' (Deit_cpp/src/linear.cpp:181->Deit_cpp/src/linear.cpp:352->Deit_cpp/src/linear.cpp:352) [20]  (7.3 ns)

 <State 9>: 1.53ns
The critical path consists of the following:
	'call' operation ('call_ln181', Deit_cpp/src/linear.cpp:181->Deit_cpp/src/linear.cpp:352->Deit_cpp/src/linear.cpp:352) to 'read_in_stream_direct_Pipeline__ln181_for_each_i' [22]  (1.53 ns)

 <State 10>: 0ns
The critical path consists of the following:


============================================================
+ Verbose Summary: Binding
============================================================
N/A
* FSMD analyzer results:
  - Output states:
 - Input state : 
  - Chain level:
	State 1
	State 2
	State 3
	State 4
	State 5
	State 6
	State 7
	State 8
	State 9
	State 10


============================================================
+ Verbose Summary: Datapath Resource usage 
============================================================
N/A
